2019-07-10 09:45:07,988 - root - ERROR - utils  - 170 - Amazon(B07N6NRS8Q)报错信息：None
Traceback (most recent call last):
  File "C:/Users/hhh/Desktop/Demo/reviews/amazon/new_amazon.py", line 94, in comment_data
    c.execute(sql)
UnicodeEncodeError: 'gbk' codec can't encode character '\u301c' in position 256: illegal multibyte sequence
2019-07-10 09:45:07,999 - root - ERROR - utils  - 170 - Amazon(B07N6NRS8Q)报错信息：None
Traceback (most recent call last):
  File "C:/Users/hhh/Desktop/Demo/reviews/amazon/new_amazon.py", line 94, in comment_data
    c.execute(sql)
cx_Oracle.IntegrityError: ORA-00001: 违反唯一约束条件 (EIP.ECOMMERCE_REVIEW_PIX3)
2019-07-10 09:45:09,388 - root - ERROR - utils  - 170 - Amazon(B075SSLKDB)报错信息：None
Traceback (most recent call last):
  File "C:/Users/hhh/Desktop/Demo/reviews/amazon/new_amazon.py", line 94, in comment_data
    c.execute(sql)
cx_Oracle.IntegrityError: ORA-00001: 违反唯一约束条件 (EIP.ECOMMERCE_REVIEW_PIX3)
2019-07-10 09:45:09,407 - root - ERROR - utils  - 170 - Amazon(B075SSLKDB)报错信息：None
Traceback (most recent call last):
  File "C:/Users/hhh/Desktop/Demo/reviews/amazon/new_amazon.py", line 94, in comment_data
    c.execute(sql)
cx_Oracle.IntegrityError: ORA-00001: 违反唯一约束条件 (EIP.ECOMMERCE_REVIEW_PIX3)
2019-07-10 09:45:09,417 - root - ERROR - utils  - 170 - Amazon(B075SSLKDB)报错信息：None
Traceback (most recent call last):
  File "C:/Users/hhh/Desktop/Demo/reviews/amazon/new_amazon.py", line 94, in comment_data
    c.execute(sql)
cx_Oracle.IntegrityError: ORA-00001: 违反唯一约束条件 (EIP.ECOMMERCE_REVIEW_PIX3)
2019-07-10 09:45:12,652 - root - ERROR - utils  - 170 - Amazon(B07KNK8XCP)报错信息：None
Traceback (most recent call last):
  File "C:/Users/hhh/Desktop/Demo/reviews/amazon/new_amazon.py", line 94, in comment_data
    c.execute(sql)
cx_Oracle.IntegrityError: ORA-00001: 违反唯一约束条件 (EIP.ECOMMERCE_REVIEW_PIX3)
