2019-06-27 10:21:01,374 - root - ERROR - utils  - 150 - Teuful(cage-p16427)报错信息：保存失败
Traceback (most recent call last):
  File "C:\Users\BruceChen\Desktop\Demo\reviews\utils.py", line 159, in save_db
    c.execute(sql)
cx_Oracle.DatabaseError: ORA-01830: 日期格式图片在转换整个输入字符串之前结束
2019-06-27 10:21:01,453 - root - ERROR - utils  - 150 - Teuful(cage-p16427)报错信息：保存失败
Traceback (most recent call last):
  File "C:\Users\BruceChen\Desktop\Demo\reviews\utils.py", line 159, in save_db
    c.execute(sql)
cx_Oracle.DatabaseError: ORA-01830: 日期格式图片在转换整个输入字符串之前结束
2019-06-27 10:21:01,537 - root - ERROR - utils  - 150 - Teuful(cage-p16427)报错信息：保存失败
Traceback (most recent call last):
  File "C:\Users\BruceChen\Desktop\Demo\reviews\utils.py", line 159, in save_db
    c.execute(sql)
cx_Oracle.DatabaseError: ORA-01830: 日期格式图片在转换整个输入字符串之前结束
2019-06-27 10:21:01,614 - root - ERROR - utils  - 150 - Teuful(cage-p16427)报错信息：保存失败
Traceback (most recent call last):
  File "C:\Users\BruceChen\Desktop\Demo\reviews\utils.py", line 159, in save_db
    c.execute(sql)
UnicodeEncodeError: 'gbk' codec can't encode character '\xdc' in position 268: illegal multibyte sequence
2019-06-27 10:21:01,692 - root - ERROR - utils  - 150 - Teuful(cage-p16427)报错信息：保存失败
Traceback (most recent call last):
  File "C:\Users\BruceChen\Desktop\Demo\reviews\utils.py", line 159, in save_db
    c.execute(sql)
cx_Oracle.DatabaseError: ORA-01830: 日期格式图片在转换整个输入字符串之前结束
2019-06-27 10:21:02,897 - root - ERROR - utils  - 150 - Teuful(cage-p16427)报错信息：保存失败
Traceback (most recent call last):
  File "C:\Users\BruceChen\Desktop\Demo\reviews\utils.py", line 159, in save_db
    c.execute(sql)
cx_Oracle.DatabaseError: ORA-01830: 日期格式图片在转换整个输入字符串之前结束
2019-06-27 10:21:02,971 - root - ERROR - utils  - 150 - Teuful(cage-p16427)报错信息：保存失败
Traceback (most recent call last):
  File "C:\Users\BruceChen\Desktop\Demo\reviews\utils.py", line 159, in save_db
    c.execute(sql)
cx_Oracle.DatabaseError: ORA-01830: 日期格式图片在转换整个输入字符串之前结束
2019-06-27 10:21:03,051 - root - ERROR - utils  - 150 - Teuful(cage-p16427)报错信息：保存失败
Traceback (most recent call last):
  File "C:\Users\BruceChen\Desktop\Demo\reviews\utils.py", line 159, in save_db
    c.execute(sql)
cx_Oracle.DatabaseError: ORA-01830: 日期格式图片在转换整个输入字符串之前结束
2019-06-27 10:21:03,122 - root - ERROR - utils  - 150 - Teuful(cage-p16427)报错信息：保存失败
Traceback (most recent call last):
  File "C:\Users\BruceChen\Desktop\Demo\reviews\utils.py", line 159, in save_db
    c.execute(sql)
cx_Oracle.DatabaseError: ORA-01830: 日期格式图片在转换整个输入字符串之前结束
2019-06-27 10:21:03,195 - root - ERROR - utils  - 150 - Teuful(cage-p16427)报错信息：保存失败
Traceback (most recent call last):
  File "C:\Users\BruceChen\Desktop\Demo\reviews\utils.py", line 159, in save_db
    c.execute(sql)
cx_Oracle.DatabaseError: ORA-01830: 日期格式图片在转换整个输入字符串之前结束
2019-06-27 10:21:04,391 - root - ERROR - utils  - 150 - Teuful(cage-p16427)报错信息：保存失败
Traceback (most recent call last):
  File "C:\Users\BruceChen\Desktop\Demo\reviews\utils.py", line 159, in save_db
    c.execute(sql)
cx_Oracle.DatabaseError: ORA-01830: 日期格式图片在转换整个输入字符串之前结束
2019-06-27 10:21:04,463 - root - ERROR - utils  - 150 - Teuful(cage-p16427)报错信息：保存失败
Traceback (most recent call last):
  File "C:\Users\BruceChen\Desktop\Demo\reviews\utils.py", line 159, in save_db
    c.execute(sql)
cx_Oracle.DatabaseError: ORA-01830: 日期格式图片在转换整个输入字符串之前结束
2019-06-27 10:21:04,536 - root - ERROR - utils  - 150 - Teuful(cage-p16427)报错信息：保存失败
Traceback (most recent call last):
  File "C:\Users\BruceChen\Desktop\Demo\reviews\utils.py", line 159, in save_db
    c.execute(sql)
UnicodeEncodeError: 'gbk' codec can't encode character '\xf6' in position 280: illegal multibyte sequence
2019-06-27 10:21:04,614 - root - ERROR - utils  - 150 - Teuful(cage-p16427)报错信息：保存失败
Traceback (most recent call last):
  File "C:\Users\BruceChen\Desktop\Demo\reviews\utils.py", line 159, in save_db
    c.execute(sql)
cx_Oracle.DatabaseError: ORA-01830: 日期格式图片在转换整个输入字符串之前结束
2019-06-27 10:21:04,681 - root - ERROR - utils  - 150 - Teuful(cage-p16427)报错信息：保存失败
Traceback (most recent call last):
  File "C:\Users\BruceChen\Desktop\Demo\reviews\utils.py", line 159, in save_db
    c.execute(sql)
UnicodeEncodeError: 'gbk' codec can't encode character '\xf6' in position 262: illegal multibyte sequence
2019-06-27 10:21:05,856 - root - ERROR - utils  - 150 - Teuful(cage-p16427)报错信息：保存失败
Traceback (most recent call last):
  File "C:\Users\BruceChen\Desktop\Demo\reviews\utils.py", line 159, in save_db
    c.execute(sql)
UnicodeEncodeError: 'gbk' codec can't encode character '\xf6' in position 264: illegal multibyte sequence
2019-06-27 10:21:05,931 - root - ERROR - utils  - 150 - Teuful(cage-p16427)报错信息：保存失败
Traceback (most recent call last):
  File "C:\Users\BruceChen\Desktop\Demo\reviews\utils.py", line 159, in save_db
    c.execute(sql)
cx_Oracle.DatabaseError: ORA-01830: 日期格式图片在转换整个输入字符串之前结束
2019-06-27 10:21:05,998 - root - ERROR - utils  - 150 - Teuful(cage-p16427)报错信息：保存失败
Traceback (most recent call last):
  File "C:\Users\BruceChen\Desktop\Demo\reviews\utils.py", line 159, in save_db
    c.execute(sql)
UnicodeEncodeError: 'gbk' codec can't encode character '\xe4' in position 281: illegal multibyte sequence
2019-06-27 10:21:06,075 - root - ERROR - utils  - 150 - Teuful(cage-p16427)报错信息：保存失败
Traceback (most recent call last):
  File "C:\Users\BruceChen\Desktop\Demo\reviews\utils.py", line 159, in save_db
    c.execute(sql)
cx_Oracle.DatabaseError: ORA-01830: 日期格式图片在转换整个输入字符串之前结束
2019-06-27 10:21:06,157 - root - ERROR - utils  - 150 - Teuful(cage-p16427)报错信息：保存失败
Traceback (most recent call last):
  File "C:\Users\BruceChen\Desktop\Demo\reviews\utils.py", line 159, in save_db
    c.execute(sql)
cx_Oracle.DatabaseError: ORA-01830: 日期格式图片在转换整个输入字符串之前结束
2019-06-27 10:21:07,364 - root - ERROR - utils  - 150 - Teuful(cage-p16427)报错信息：保存失败
Traceback (most recent call last):
  File "C:\Users\BruceChen\Desktop\Demo\reviews\utils.py", line 159, in save_db
    c.execute(sql)
UnicodeEncodeError: 'gbk' codec can't encode character '\xf6' in position 279: illegal multibyte sequence
2019-06-27 10:21:07,438 - root - ERROR - utils  - 150 - Teuful(cage-p16427)报错信息：保存失败
Traceback (most recent call last):
  File "C:\Users\BruceChen\Desktop\Demo\reviews\utils.py", line 159, in save_db
    c.execute(sql)
cx_Oracle.DatabaseError: ORA-01830: 日期格式图片在转换整个输入字符串之前结束
2019-06-27 10:21:07,511 - root - ERROR - utils  - 150 - Teuful(cage-p16427)报错信息：保存失败
Traceback (most recent call last):
  File "C:\Users\BruceChen\Desktop\Demo\reviews\utils.py", line 159, in save_db
    c.execute(sql)
cx_Oracle.DatabaseError: ORA-01830: 日期格式图片在转换整个输入字符串之前结束
2019-06-27 10:21:07,591 - root - ERROR - utils  - 150 - Teuful(cage-p16427)报错信息：保存失败
Traceback (most recent call last):
  File "C:\Users\BruceChen\Desktop\Demo\reviews\utils.py", line 159, in save_db
    c.execute(sql)
cx_Oracle.DatabaseError: ORA-01830: 日期格式图片在转换整个输入字符串之前结束
2019-06-27 10:21:07,664 - root - ERROR - utils  - 150 - Teuful(cage-p16427)报错信息：保存失败
Traceback (most recent call last):
  File "C:\Users\BruceChen\Desktop\Demo\reviews\utils.py", line 159, in save_db
    c.execute(sql)
cx_Oracle.DatabaseError: ORA-01830: 日期格式图片在转换整个输入字符串之前结束
2019-06-27 10:21:08,883 - root - ERROR - utils  - 150 - Teuful(cage-p16427)报错信息：保存失败
Traceback (most recent call last):
  File "C:\Users\BruceChen\Desktop\Demo\reviews\utils.py", line 159, in save_db
    c.execute(sql)
cx_Oracle.DatabaseError: ORA-01830: 日期格式图片在转换整个输入字符串之前结束
2019-06-27 10:21:08,954 - root - ERROR - utils  - 150 - Teuful(cage-p16427)报错信息：保存失败
Traceback (most recent call last):
  File "C:\Users\BruceChen\Desktop\Demo\reviews\utils.py", line 159, in save_db
    c.execute(sql)
cx_Oracle.DatabaseError: ORA-01830: 日期格式图片在转换整个输入字符串之前结束
2019-06-27 10:21:09,026 - root - ERROR - utils  - 150 - Teuful(cage-p16427)报错信息：保存失败
Traceback (most recent call last):
  File "C:\Users\BruceChen\Desktop\Demo\reviews\utils.py", line 159, in save_db
    c.execute(sql)
cx_Oracle.DatabaseError: ORA-01830: 日期格式图片在转换整个输入字符串之前结束
2019-06-27 10:21:09,100 - root - ERROR - utils  - 150 - Teuful(cage-p16427)报错信息：保存失败
Traceback (most recent call last):
  File "C:\Users\BruceChen\Desktop\Demo\reviews\utils.py", line 159, in save_db
    c.execute(sql)
cx_Oracle.DatabaseError: ORA-01830: 日期格式图片在转换整个输入字符串之前结束
2019-06-27 10:21:09,186 - root - ERROR - utils  - 150 - Teuful(cage-p16427)报错信息：保存失败
Traceback (most recent call last):
  File "C:\Users\BruceChen\Desktop\Demo\reviews\utils.py", line 159, in save_db
    c.execute(sql)
cx_Oracle.DatabaseError: ORA-01830: 日期格式图片在转换整个输入字符串之前结束
2019-06-27 10:21:10,380 - root - ERROR - utils  - 150 - Teuful(cage-p16427)报错信息：保存失败
Traceback (most recent call last):
  File "C:\Users\BruceChen\Desktop\Demo\reviews\utils.py", line 159, in save_db
    c.execute(sql)
UnicodeEncodeError: 'gbk' codec can't encode character '\xe4' in position 278: illegal multibyte sequence
2019-06-27 10:21:10,452 - root - ERROR - utils  - 150 - Teuful(cage-p16427)报错信息：保存失败
Traceback (most recent call last):
  File "C:\Users\BruceChen\Desktop\Demo\reviews\utils.py", line 159, in save_db
    c.execute(sql)
cx_Oracle.DatabaseError: ORA-01830: 日期格式图片在转换整个输入字符串之前结束
2019-06-27 10:21:10,523 - root - ERROR - utils  - 150 - Teuful(cage-p16427)报错信息：保存失败
Traceback (most recent call last):
  File "C:\Users\BruceChen\Desktop\Demo\reviews\utils.py", line 159, in save_db
    c.execute(sql)
cx_Oracle.DatabaseError: ORA-01830: 日期格式图片在转换整个输入字符串之前结束
2019-06-27 10:21:10,594 - root - ERROR - utils  - 150 - Teuful(cage-p16427)报错信息：保存失败
Traceback (most recent call last):
  File "C:\Users\BruceChen\Desktop\Demo\reviews\utils.py", line 159, in save_db
    c.execute(sql)
cx_Oracle.DatabaseError: ORA-01830: 日期格式图片在转换整个输入字符串之前结束
2019-06-27 10:21:10,668 - root - ERROR - utils  - 150 - Teuful(cage-p16427)报错信息：保存失败
Traceback (most recent call last):
  File "C:\Users\BruceChen\Desktop\Demo\reviews\utils.py", line 159, in save_db
    c.execute(sql)
cx_Oracle.DatabaseError: ORA-01830: 日期格式图片在转换整个输入字符串之前结束
2019-06-27 10:21:11,888 - root - ERROR - utils  - 150 - Teuful(cage-p16427)报错信息：保存失败
Traceback (most recent call last):
  File "C:\Users\BruceChen\Desktop\Demo\reviews\utils.py", line 159, in save_db
    c.execute(sql)
UnicodeEncodeError: 'gbk' codec can't encode character '\xd6' in position 251: illegal multibyte sequence
2019-06-27 10:21:11,957 - root - ERROR - utils  - 150 - Teuful(cage-p16427)报错信息：保存失败
Traceback (most recent call last):
  File "C:\Users\BruceChen\Desktop\Demo\reviews\utils.py", line 159, in save_db
    c.execute(sql)
cx_Oracle.DatabaseError: ORA-01830: 日期格式图片在转换整个输入字符串之前结束
2019-06-27 10:21:12,028 - root - ERROR - utils  - 150 - Teuful(cage-p16427)报错信息：保存失败
Traceback (most recent call last):
  File "C:\Users\BruceChen\Desktop\Demo\reviews\utils.py", line 159, in save_db
    c.execute(sql)
cx_Oracle.DatabaseError: ORA-01830: 日期格式图片在转换整个输入字符串之前结束
2019-06-27 10:21:12,097 - root - ERROR - utils  - 150 - Teuful(cage-p16427)报错信息：保存失败
Traceback (most recent call last):
  File "C:\Users\BruceChen\Desktop\Demo\reviews\utils.py", line 159, in save_db
    c.execute(sql)
cx_Oracle.DatabaseError: ORA-01830: 日期格式图片在转换整个输入字符串之前结束
2019-06-27 10:21:12,169 - root - ERROR - utils  - 150 - Teuful(cage-p16427)报错信息：保存失败
Traceback (most recent call last):
  File "C:\Users\BruceChen\Desktop\Demo\reviews\utils.py", line 159, in save_db
    c.execute(sql)
cx_Oracle.DatabaseError: ORA-01830: 日期格式图片在转换整个输入字符串之前结束
2019-06-27 10:21:13,367 - root - ERROR - utils  - 150 - Teuful(cage-p16427)报错信息：保存失败
Traceback (most recent call last):
  File "C:\Users\BruceChen\Desktop\Demo\reviews\utils.py", line 159, in save_db
    c.execute(sql)
cx_Oracle.DatabaseError: ORA-01830: 日期格式图片在转换整个输入字符串之前结束
2019-06-27 10:21:13,441 - root - ERROR - utils  - 150 - Teuful(cage-p16427)报错信息：保存失败
Traceback (most recent call last):
  File "C:\Users\BruceChen\Desktop\Demo\reviews\utils.py", line 159, in save_db
    c.execute(sql)
cx_Oracle.DatabaseError: ORA-01830: 日期格式图片在转换整个输入字符串之前结束
2019-06-27 10:21:13,514 - root - ERROR - utils  - 150 - Teuful(cage-p16427)报错信息：保存失败
Traceback (most recent call last):
  File "C:\Users\BruceChen\Desktop\Demo\reviews\utils.py", line 159, in save_db
    c.execute(sql)
cx_Oracle.DatabaseError: ORA-01830: 日期格式图片在转换整个输入字符串之前结束
2019-06-27 10:21:13,597 - root - ERROR - utils  - 150 - Teuful(cage-p16427)报错信息：保存失败
Traceback (most recent call last):
  File "C:\Users\BruceChen\Desktop\Demo\reviews\utils.py", line 159, in save_db
    c.execute(sql)
UnicodeEncodeError: 'gbk' codec can't encode character '\xe4' in position 302: illegal multibyte sequence
2019-06-27 10:21:13,669 - root - ERROR - utils  - 150 - Teuful(cage-p16427)报错信息：保存失败
Traceback (most recent call last):
  File "C:\Users\BruceChen\Desktop\Demo\reviews\utils.py", line 159, in save_db
    c.execute(sql)
cx_Oracle.DatabaseError: ORA-01830: 日期格式图片在转换整个输入字符串之前结束
2019-06-27 10:21:14,876 - root - ERROR - utils  - 150 - Teuful(cage-p16427)报错信息：保存失败
Traceback (most recent call last):
  File "C:\Users\BruceChen\Desktop\Demo\reviews\utils.py", line 159, in save_db
    c.execute(sql)
UnicodeEncodeError: 'gbk' codec can't encode character '\xf6' in position 268: illegal multibyte sequence
2019-06-27 10:21:14,951 - root - ERROR - utils  - 150 - Teuful(cage-p16427)报错信息：保存失败
Traceback (most recent call last):
  File "C:\Users\BruceChen\Desktop\Demo\reviews\utils.py", line 159, in save_db
    c.execute(sql)
cx_Oracle.DatabaseError: ORA-01830: 日期格式图片在转换整个输入字符串之前结束
2019-06-27 10:21:15,028 - root - ERROR - utils  - 150 - Teuful(cage-p16427)报错信息：保存失败
Traceback (most recent call last):
  File "C:\Users\BruceChen\Desktop\Demo\reviews\utils.py", line 159, in save_db
    c.execute(sql)
UnicodeEncodeError: 'gbk' codec can't encode character '\xf6' in position 280: illegal multibyte sequence
2019-06-27 10:21:15,103 - root - ERROR - utils  - 150 - Teuful(cage-p16427)报错信息：保存失败
Traceback (most recent call last):
  File "C:\Users\BruceChen\Desktop\Demo\reviews\utils.py", line 159, in save_db
    c.execute(sql)
cx_Oracle.DatabaseError: ORA-01830: 日期格式图片在转换整个输入字符串之前结束
2019-06-27 10:21:15,175 - root - ERROR - utils  - 150 - Teuful(cage-p16427)报错信息：保存失败
Traceback (most recent call last):
  File "C:\Users\BruceChen\Desktop\Demo\reviews\utils.py", line 159, in save_db
    c.execute(sql)
cx_Oracle.DatabaseError: ORA-01830: 日期格式图片在转换整个输入字符串之前结束
2019-06-27 10:21:16,385 - root - ERROR - utils  - 150 - Teuful(cage-p16427)报错信息：保存失败
Traceback (most recent call last):
  File "C:\Users\BruceChen\Desktop\Demo\reviews\utils.py", line 159, in save_db
    c.execute(sql)
cx_Oracle.DatabaseError: ORA-01830: 日期格式图片在转换整个输入字符串之前结束
2019-06-27 10:21:16,466 - root - ERROR - utils  - 150 - Teuful(cage-p16427)报错信息：保存失败
Traceback (most recent call last):
  File "C:\Users\BruceChen\Desktop\Demo\reviews\utils.py", line 159, in save_db
    c.execute(sql)
cx_Oracle.DatabaseError: ORA-01830: 日期格式图片在转换整个输入字符串之前结束
2019-06-27 10:21:16,544 - root - ERROR - utils  - 150 - Teuful(cage-p16427)报错信息：保存失败
Traceback (most recent call last):
  File "C:\Users\BruceChen\Desktop\Demo\reviews\utils.py", line 159, in save_db
    c.execute(sql)
UnicodeEncodeError: 'gbk' codec can't encode character '\xe4' in position 255: illegal multibyte sequence
2019-06-27 10:21:16,611 - root - ERROR - utils  - 150 - Teuful(cage-p16427)报错信息：保存失败
Traceback (most recent call last):
  File "C:\Users\BruceChen\Desktop\Demo\reviews\utils.py", line 159, in save_db
    c.execute(sql)
UnicodeEncodeError: 'gbk' codec can't encode character '\xf6' in position 262: illegal multibyte sequence
2019-06-27 10:21:16,682 - root - ERROR - utils  - 150 - Teuful(cage-p16427)报错信息：保存失败
Traceback (most recent call last):
  File "C:\Users\BruceChen\Desktop\Demo\reviews\utils.py", line 159, in save_db
    c.execute(sql)
cx_Oracle.DatabaseError: ORA-01830: 日期格式图片在转换整个输入字符串之前结束
2019-06-27 10:21:17,877 - root - ERROR - utils  - 150 - Teuful(cage-p16427)报错信息：保存失败
Traceback (most recent call last):
  File "C:\Users\BruceChen\Desktop\Demo\reviews\utils.py", line 159, in save_db
    c.execute(sql)
cx_Oracle.DatabaseError: ORA-01830: 日期格式图片在转换整个输入字符串之前结束
2019-06-27 10:21:17,949 - root - ERROR - utils  - 150 - Teuful(cage-p16427)报错信息：保存失败
Traceback (most recent call last):
  File "C:\Users\BruceChen\Desktop\Demo\reviews\utils.py", line 159, in save_db
    c.execute(sql)
cx_Oracle.DatabaseError: ORA-01830: 日期格式图片在转换整个输入字符串之前结束
2019-06-27 10:21:18,030 - root - ERROR - utils  - 150 - Teuful(cage-p16427)报错信息：保存失败
Traceback (most recent call last):
  File "C:\Users\BruceChen\Desktop\Demo\reviews\utils.py", line 159, in save_db
    c.execute(sql)
cx_Oracle.DatabaseError: ORA-01830: 日期格式图片在转换整个输入字符串之前结束
2019-06-27 10:21:18,101 - root - ERROR - utils  - 150 - Teuful(cage-p16427)报错信息：保存失败
Traceback (most recent call last):
  File "C:\Users\BruceChen\Desktop\Demo\reviews\utils.py", line 159, in save_db
    c.execute(sql)
cx_Oracle.DatabaseError: ORA-01830: 日期格式图片在转换整个输入字符串之前结束
2019-06-27 10:21:18,188 - root - ERROR - utils  - 150 - Teuful(cage-p16427)报错信息：保存失败
Traceback (most recent call last):
  File "C:\Users\BruceChen\Desktop\Demo\reviews\utils.py", line 159, in save_db
    c.execute(sql)
cx_Oracle.DatabaseError: ORA-01830: 日期格式图片在转换整个输入字符串之前结束
2019-06-27 10:21:19,368 - root - ERROR - utils  - 150 - Teuful(cage-p16427)报错信息：保存失败
Traceback (most recent call last):
  File "C:\Users\BruceChen\Desktop\Demo\reviews\utils.py", line 159, in save_db
    c.execute(sql)
cx_Oracle.DatabaseError: ORA-01830: 日期格式图片在转换整个输入字符串之前结束
2019-06-27 10:21:19,441 - root - ERROR - utils  - 150 - Teuful(cage-p16427)报错信息：保存失败
Traceback (most recent call last):
  File "C:\Users\BruceChen\Desktop\Demo\reviews\utils.py", line 159, in save_db
    c.execute(sql)
cx_Oracle.DatabaseError: ORA-01830: 日期格式图片在转换整个输入字符串之前结束
2019-06-27 10:21:19,521 - root - ERROR - utils  - 150 - Teuful(cage-p16427)报错信息：保存失败
Traceback (most recent call last):
  File "C:\Users\BruceChen\Desktop\Demo\reviews\utils.py", line 159, in save_db
    c.execute(sql)
UnicodeEncodeError: 'gbk' codec can't encode character '\xf6' in position 268: illegal multibyte sequence
2019-06-27 10:21:19,593 - root - ERROR - utils  - 150 - Teuful(cage-p16427)报错信息：保存失败
Traceback (most recent call last):
  File "C:\Users\BruceChen\Desktop\Demo\reviews\utils.py", line 159, in save_db
    c.execute(sql)
cx_Oracle.DatabaseError: ORA-01830: 日期格式图片在转换整个输入字符串之前结束
2019-06-27 10:21:19,666 - root - ERROR - utils  - 150 - Teuful(cage-p16427)报错信息：保存失败
Traceback (most recent call last):
  File "C:\Users\BruceChen\Desktop\Demo\reviews\utils.py", line 159, in save_db
    c.execute(sql)
cx_Oracle.DatabaseError: ORA-01830: 日期格式图片在转换整个输入字符串之前结束
2019-06-27 10:21:20,886 - root - ERROR - utils  - 150 - Teuful(cage-p16427)报错信息：保存失败
Traceback (most recent call last):
  File "C:\Users\BruceChen\Desktop\Demo\reviews\utils.py", line 159, in save_db
    c.execute(sql)
cx_Oracle.DatabaseError: ORA-01830: 日期格式图片在转换整个输入字符串之前结束
2019-06-27 10:21:20,958 - root - ERROR - utils  - 150 - Teuful(cage-p16427)报错信息：保存失败
Traceback (most recent call last):
  File "C:\Users\BruceChen\Desktop\Demo\reviews\utils.py", line 159, in save_db
    c.execute(sql)
cx_Oracle.DatabaseError: ORA-01830: 日期格式图片在转换整个输入字符串之前结束
2019-06-27 10:21:21,040 - root - ERROR - utils  - 150 - Teuful(cage-p16427)报错信息：保存失败
Traceback (most recent call last):
  File "C:\Users\BruceChen\Desktop\Demo\reviews\utils.py", line 159, in save_db
    c.execute(sql)
cx_Oracle.DatabaseError: ORA-01830: 日期格式图片在转换整个输入字符串之前结束
2019-06-27 10:21:21,113 - root - ERROR - utils  - 150 - Teuful(cage-p16427)报错信息：保存失败
Traceback (most recent call last):
  File "C:\Users\BruceChen\Desktop\Demo\reviews\utils.py", line 159, in save_db
    c.execute(sql)
cx_Oracle.DatabaseError: ORA-01830: 日期格式图片在转换整个输入字符串之前结束
2019-06-27 10:21:21,186 - root - ERROR - utils  - 150 - Teuful(cage-p16427)报错信息：保存失败
Traceback (most recent call last):
  File "C:\Users\BruceChen\Desktop\Demo\reviews\utils.py", line 159, in save_db
    c.execute(sql)
cx_Oracle.DatabaseError: ORA-01830: 日期格式图片在转换整个输入字符串之前结束
2019-06-27 10:21:22,356 - root - ERROR - utils  - 150 - Teuful(cage-p16427)报错信息：保存失败
Traceback (most recent call last):
  File "C:\Users\BruceChen\Desktop\Demo\reviews\utils.py", line 159, in save_db
    c.execute(sql)
cx_Oracle.DatabaseError: ORA-01830: 日期格式图片在转换整个输入字符串之前结束
2019-06-27 10:21:22,432 - root - ERROR - utils  - 150 - Teuful(cage-p16427)报错信息：保存失败
Traceback (most recent call last):
  File "C:\Users\BruceChen\Desktop\Demo\reviews\utils.py", line 159, in save_db
    c.execute(sql)
cx_Oracle.DatabaseError: ORA-01830: 日期格式图片在转换整个输入字符串之前结束
2019-06-27 10:21:22,506 - root - ERROR - utils  - 150 - Teuful(cage-p16427)报错信息：保存失败
Traceback (most recent call last):
  File "C:\Users\BruceChen\Desktop\Demo\reviews\utils.py", line 159, in save_db
    c.execute(sql)
cx_Oracle.DatabaseError: ORA-01830: 日期格式图片在转换整个输入字符串之前结束
2019-06-27 10:21:22,584 - root - ERROR - utils  - 150 - Teuful(cage-p16427)报错信息：保存失败
Traceback (most recent call last):
  File "C:\Users\BruceChen\Desktop\Demo\reviews\utils.py", line 159, in save_db
    c.execute(sql)
UnicodeEncodeError: 'gbk' codec can't encode character '\xf6' in position 264: illegal multibyte sequence
2019-06-27 10:21:22,671 - root - ERROR - utils  - 150 - Teuful(cage-p16427)报错信息：保存失败
Traceback (most recent call last):
  File "C:\Users\BruceChen\Desktop\Demo\reviews\utils.py", line 159, in save_db
    c.execute(sql)
cx_Oracle.DatabaseError: ORA-01830: 日期格式图片在转换整个输入字符串之前结束
2019-06-27 10:21:23,881 - root - ERROR - utils  - 150 - Teuful(cage-p16427)报错信息：保存失败
Traceback (most recent call last):
  File "C:\Users\BruceChen\Desktop\Demo\reviews\utils.py", line 159, in save_db
    c.execute(sql)
cx_Oracle.DatabaseError: ORA-01830: 日期格式图片在转换整个输入字符串之前结束
2019-06-27 10:21:23,955 - root - ERROR - utils  - 150 - Teuful(cage-p16427)报错信息：保存失败
Traceback (most recent call last):
  File "C:\Users\BruceChen\Desktop\Demo\reviews\utils.py", line 159, in save_db
    c.execute(sql)
cx_Oracle.DatabaseError: ORA-01830: 日期格式图片在转换整个输入字符串之前结束
2019-06-27 10:21:24,033 - root - ERROR - utils  - 150 - Teuful(cage-p16427)报错信息：保存失败
Traceback (most recent call last):
  File "C:\Users\BruceChen\Desktop\Demo\reviews\utils.py", line 159, in save_db
    c.execute(sql)
UnicodeEncodeError: 'gbk' codec can't encode character '\u201e' in position 258: illegal multibyte sequence
2019-06-27 10:21:24,107 - root - ERROR - utils  - 150 - Teuful(cage-p16427)报错信息：保存失败
Traceback (most recent call last):
  File "C:\Users\BruceChen\Desktop\Demo\reviews\utils.py", line 159, in save_db
    c.execute(sql)
cx_Oracle.DatabaseError: ORA-01830: 日期格式图片在转换整个输入字符串之前结束
2019-06-27 10:21:24,181 - root - ERROR - utils  - 150 - Teuful(cage-p16427)报错信息：保存失败
Traceback (most recent call last):
  File "C:\Users\BruceChen\Desktop\Demo\reviews\utils.py", line 159, in save_db
    c.execute(sql)
cx_Oracle.DatabaseError: ORA-01830: 日期格式图片在转换整个输入字符串之前结束
2019-06-27 10:21:25,386 - root - ERROR - utils  - 150 - Teuful(cage-p16427)报错信息：保存失败
Traceback (most recent call last):
  File "C:\Users\BruceChen\Desktop\Demo\reviews\utils.py", line 159, in save_db
    c.execute(sql)
cx_Oracle.DatabaseError: ORA-01830: 日期格式图片在转换整个输入字符串之前结束
2019-06-27 10:21:25,471 - root - ERROR - utils  - 150 - Teuful(cage-p16427)报错信息：保存失败
Traceback (most recent call last):
  File "C:\Users\BruceChen\Desktop\Demo\reviews\utils.py", line 159, in save_db
    c.execute(sql)
cx_Oracle.DatabaseError: ORA-01830: 日期格式图片在转换整个输入字符串之前结束
2019-06-27 10:21:25,543 - root - ERROR - utils  - 150 - Teuful(cage-p16427)报错信息：保存失败
Traceback (most recent call last):
  File "C:\Users\BruceChen\Desktop\Demo\reviews\utils.py", line 159, in save_db
    c.execute(sql)
cx_Oracle.DatabaseError: ORA-01830: 日期格式图片在转换整个输入字符串之前结束
2019-06-27 10:21:25,616 - root - ERROR - utils  - 150 - Teuful(cage-p16427)报错信息：保存失败
Traceback (most recent call last):
  File "C:\Users\BruceChen\Desktop\Demo\reviews\utils.py", line 159, in save_db
    c.execute(sql)
cx_Oracle.DatabaseError: ORA-01830: 日期格式图片在转换整个输入字符串之前结束
2019-06-27 10:21:25,700 - root - ERROR - utils  - 150 - Teuful(cage-p16427)报错信息：保存失败
Traceback (most recent call last):
  File "C:\Users\BruceChen\Desktop\Demo\reviews\utils.py", line 159, in save_db
    c.execute(sql)
cx_Oracle.DatabaseError: ORA-01830: 日期格式图片在转换整个输入字符串之前结束
2019-06-27 10:21:26,926 - root - ERROR - utils  - 150 - Teuful(cage-p16427)报错信息：保存失败
Traceback (most recent call last):
  File "C:\Users\BruceChen\Desktop\Demo\reviews\utils.py", line 159, in save_db
    c.execute(sql)
cx_Oracle.DatabaseError: ORA-01830: 日期格式图片在转换整个输入字符串之前结束
2019-06-27 10:21:27,002 - root - ERROR - utils  - 150 - Teuful(cage-p16427)报错信息：保存失败
Traceback (most recent call last):
  File "C:\Users\BruceChen\Desktop\Demo\reviews\utils.py", line 159, in save_db
    c.execute(sql)
cx_Oracle.DatabaseError: ORA-01830: 日期格式图片在转换整个输入字符串之前结束
2019-06-27 10:21:27,079 - root - ERROR - utils  - 150 - Teuful(cage-p16427)报错信息：保存失败
Traceback (most recent call last):
  File "C:\Users\BruceChen\Desktop\Demo\reviews\utils.py", line 159, in save_db
    c.execute(sql)
cx_Oracle.DatabaseError: ORA-01830: 日期格式图片在转换整个输入字符串之前结束
2019-06-27 10:21:27,163 - root - ERROR - utils  - 150 - Teuful(cage-p16427)报错信息：保存失败
Traceback (most recent call last):
  File "C:\Users\BruceChen\Desktop\Demo\reviews\utils.py", line 159, in save_db
    c.execute(sql)
cx_Oracle.DatabaseError: ORA-01830: 日期格式图片在转换整个输入字符串之前结束
2019-06-27 10:21:27,241 - root - ERROR - utils  - 150 - Teuful(cage-p16427)报错信息：保存失败
Traceback (most recent call last):
  File "C:\Users\BruceChen\Desktop\Demo\reviews\utils.py", line 159, in save_db
    c.execute(sql)
cx_Oracle.DatabaseError: ORA-01830: 日期格式图片在转换整个输入字符串之前结束
2019-06-27 10:21:28,453 - root - ERROR - utils  - 150 - Teuful(cage-p16427)报错信息：保存失败
Traceback (most recent call last):
  File "C:\Users\BruceChen\Desktop\Demo\reviews\utils.py", line 159, in save_db
    c.execute(sql)
cx_Oracle.DatabaseError: ORA-01830: 日期格式图片在转换整个输入字符串之前结束
2019-06-27 10:21:28,526 - root - ERROR - utils  - 150 - Teuful(cage-p16427)报错信息：保存失败
Traceback (most recent call last):
  File "C:\Users\BruceChen\Desktop\Demo\reviews\utils.py", line 159, in save_db
    c.execute(sql)
cx_Oracle.DatabaseError: ORA-01830: 日期格式图片在转换整个输入字符串之前结束
2019-06-27 10:21:28,598 - root - ERROR - utils  - 150 - Teuful(cage-p16427)报错信息：保存失败
Traceback (most recent call last):
  File "C:\Users\BruceChen\Desktop\Demo\reviews\utils.py", line 159, in save_db
    c.execute(sql)
cx_Oracle.DatabaseError: ORA-01830: 日期格式图片在转换整个输入字符串之前结束
2019-06-27 10:21:28,670 - root - ERROR - utils  - 150 - Teuful(cage-p16427)报错信息：保存失败
Traceback (most recent call last):
  File "C:\Users\BruceChen\Desktop\Demo\reviews\utils.py", line 159, in save_db
    c.execute(sql)
cx_Oracle.DatabaseError: ORA-01830: 日期格式图片在转换整个输入字符串之前结束
2019-06-27 10:21:28,745 - root - ERROR - utils  - 150 - Teuful(cage-p16427)报错信息：保存失败
Traceback (most recent call last):
  File "C:\Users\BruceChen\Desktop\Demo\reviews\utils.py", line 159, in save_db
    c.execute(sql)
cx_Oracle.DatabaseError: ORA-01830: 日期格式图片在转换整个输入字符串之前结束
2019-06-27 10:21:29,925 - root - ERROR - utils  - 150 - Teuful(cage-p16427)报错信息：保存失败
Traceback (most recent call last):
  File "C:\Users\BruceChen\Desktop\Demo\reviews\utils.py", line 159, in save_db
    c.execute(sql)
cx_Oracle.DatabaseError: ORA-01830: 日期格式图片在转换整个输入字符串之前结束
2019-06-27 10:21:30,007 - root - ERROR - utils  - 150 - Teuful(cage-p16427)报错信息：保存失败
Traceback (most recent call last):
  File "C:\Users\BruceChen\Desktop\Demo\reviews\utils.py", line 159, in save_db
    c.execute(sql)
cx_Oracle.DatabaseError: ORA-01830: 日期格式图片在转换整个输入字符串之前结束
2019-06-27 10:21:30,082 - root - ERROR - utils  - 150 - Teuful(cage-p16427)报错信息：保存失败
Traceback (most recent call last):
  File "C:\Users\BruceChen\Desktop\Demo\reviews\utils.py", line 159, in save_db
    c.execute(sql)
UnicodeEncodeError: 'gbk' codec can't encode character '\xf6' in position 246: illegal multibyte sequence
2019-06-27 10:21:30,151 - root - ERROR - utils  - 150 - Teuful(cage-p16427)报错信息：保存失败
Traceback (most recent call last):
  File "C:\Users\BruceChen\Desktop\Demo\reviews\utils.py", line 159, in save_db
    c.execute(sql)
UnicodeEncodeError: 'gbk' codec can't encode character '\xf6' in position 264: illegal multibyte sequence
2019-06-27 10:21:30,225 - root - ERROR - utils  - 150 - Teuful(cage-p16427)报错信息：保存失败
Traceback (most recent call last):
  File "C:\Users\BruceChen\Desktop\Demo\reviews\utils.py", line 159, in save_db
    c.execute(sql)
cx_Oracle.DatabaseError: ORA-01830: 日期格式图片在转换整个输入字符串之前结束
2019-06-27 10:21:31,416 - root - ERROR - utils  - 150 - Teuful(cage-p16427)报错信息：保存失败
Traceback (most recent call last):
  File "C:\Users\BruceChen\Desktop\Demo\reviews\utils.py", line 159, in save_db
    c.execute(sql)
cx_Oracle.DatabaseError: ORA-01830: 日期格式图片在转换整个输入字符串之前结束
2019-06-27 10:21:31,492 - root - ERROR - utils  - 150 - Teuful(cage-p16427)报错信息：保存失败
Traceback (most recent call last):
  File "C:\Users\BruceChen\Desktop\Demo\reviews\utils.py", line 159, in save_db
    c.execute(sql)
cx_Oracle.DatabaseError: ORA-01830: 日期格式图片在转换整个输入字符串之前结束
2019-06-27 10:21:31,568 - root - ERROR - utils  - 150 - Teuful(cage-p16427)报错信息：保存失败
Traceback (most recent call last):
  File "C:\Users\BruceChen\Desktop\Demo\reviews\utils.py", line 159, in save_db
    c.execute(sql)
cx_Oracle.DatabaseError: ORA-01830: 日期格式图片在转换整个输入字符串之前结束
2019-06-27 10:21:31,641 - root - ERROR - utils  - 150 - Teuful(cage-p16427)报错信息：保存失败
Traceback (most recent call last):
  File "C:\Users\BruceChen\Desktop\Demo\reviews\utils.py", line 159, in save_db
    c.execute(sql)
cx_Oracle.DatabaseError: ORA-01830: 日期格式图片在转换整个输入字符串之前结束
2019-06-27 10:21:31,712 - root - ERROR - utils  - 150 - Teuful(cage-p16427)报错信息：保存失败
Traceback (most recent call last):
  File "C:\Users\BruceChen\Desktop\Demo\reviews\utils.py", line 159, in save_db
    c.execute(sql)
UnicodeEncodeError: 'gbk' codec can't encode character '\xf6' in position 264: illegal multibyte sequence
2019-06-27 10:21:32,910 - root - ERROR - utils  - 150 - Teuful(cage-p16427)报错信息：保存失败
Traceback (most recent call last):
  File "C:\Users\BruceChen\Desktop\Demo\reviews\utils.py", line 159, in save_db
    c.execute(sql)
cx_Oracle.DatabaseError: ORA-01830: 日期格式图片在转换整个输入字符串之前结束
2019-06-27 10:21:32,984 - root - ERROR - utils  - 150 - Teuful(cage-p16427)报错信息：保存失败
Traceback (most recent call last):
  File "C:\Users\BruceChen\Desktop\Demo\reviews\utils.py", line 159, in save_db
    c.execute(sql)
cx_Oracle.DatabaseError: ORA-01830: 日期格式图片在转换整个输入字符串之前结束
2019-06-27 10:21:33,066 - root - ERROR - utils  - 150 - Teuful(cage-p16427)报错信息：保存失败
Traceback (most recent call last):
  File "C:\Users\BruceChen\Desktop\Demo\reviews\utils.py", line 159, in save_db
    c.execute(sql)
cx_Oracle.DatabaseError: ORA-01830: 日期格式图片在转换整个输入字符串之前结束
2019-06-27 10:21:33,140 - root - ERROR - utils  - 150 - Teuful(cage-p16427)报错信息：保存失败
Traceback (most recent call last):
  File "C:\Users\BruceChen\Desktop\Demo\reviews\utils.py", line 159, in save_db
    c.execute(sql)
cx_Oracle.DatabaseError: ORA-01830: 日期格式图片在转换整个输入字符串之前结束
2019-06-27 10:21:33,217 - root - ERROR - utils  - 150 - Teuful(cage-p16427)报错信息：保存失败
Traceback (most recent call last):
  File "C:\Users\BruceChen\Desktop\Demo\reviews\utils.py", line 159, in save_db
    c.execute(sql)
cx_Oracle.DatabaseError: ORA-01830: 日期格式图片在转换整个输入字符串之前结束
2019-06-27 10:21:34,408 - root - ERROR - utils  - 150 - Teuful(cage-p16427)报错信息：保存失败
Traceback (most recent call last):
  File "C:\Users\BruceChen\Desktop\Demo\reviews\utils.py", line 159, in save_db
    c.execute(sql)
cx_Oracle.DatabaseError: ORA-01830: 日期格式图片在转换整个输入字符串之前结束
2019-06-27 10:21:34,486 - root - ERROR - utils  - 150 - Teuful(cage-p16427)报错信息：保存失败
Traceback (most recent call last):
  File "C:\Users\BruceChen\Desktop\Demo\reviews\utils.py", line 159, in save_db
    c.execute(sql)
cx_Oracle.DatabaseError: ORA-01830: 日期格式图片在转换整个输入字符串之前结束
2019-06-27 10:21:34,556 - root - ERROR - utils  - 150 - Teuful(cage-p16427)报错信息：保存失败
Traceback (most recent call last):
  File "C:\Users\BruceChen\Desktop\Demo\reviews\utils.py", line 159, in save_db
    c.execute(sql)
UnicodeEncodeError: 'gbk' codec can't encode character '\xe4' in position 284: illegal multibyte sequence
2019-06-27 10:21:34,630 - root - ERROR - utils  - 150 - Teuful(cage-p16427)报错信息：保存失败
Traceback (most recent call last):
  File "C:\Users\BruceChen\Desktop\Demo\reviews\utils.py", line 159, in save_db
    c.execute(sql)
cx_Oracle.DatabaseError: ORA-01830: 日期格式图片在转换整个输入字符串之前结束
2019-06-27 10:21:35,845 - root - ERROR - utils  - 150 - Teuful(cage-p16427)报错信息：保存失败
Traceback (most recent call last):
  File "C:\Users\BruceChen\Desktop\Demo\reviews\utils.py", line 159, in save_db
    c.execute(sql)
cx_Oracle.DatabaseError: ORA-01830: 日期格式图片在转换整个输入字符串之前结束
2019-06-27 10:21:35,914 - root - ERROR - utils  - 150 - Teuful(cage-p16427)报错信息：保存失败
Traceback (most recent call last):
  File "C:\Users\BruceChen\Desktop\Demo\reviews\utils.py", line 159, in save_db
    c.execute(sql)
UnicodeEncodeError: 'gbk' codec can't encode character '\xf6' in position 269: illegal multibyte sequence
2019-06-27 10:21:35,984 - root - ERROR - utils  - 150 - Teuful(cage-p16427)报错信息：保存失败
Traceback (most recent call last):
  File "C:\Users\BruceChen\Desktop\Demo\reviews\utils.py", line 159, in save_db
    c.execute(sql)
UnicodeEncodeError: 'gbk' codec can't encode character '\xe4' in position 288: illegal multibyte sequence
2019-06-27 10:21:36,056 - root - ERROR - utils  - 150 - Teuful(cage-p16427)报错信息：保存失败
Traceback (most recent call last):
  File "C:\Users\BruceChen\Desktop\Demo\reviews\utils.py", line 159, in save_db
    c.execute(sql)
cx_Oracle.DatabaseError: ORA-01830: 日期格式图片在转换整个输入字符串之前结束
2019-06-27 10:21:36,130 - root - ERROR - utils  - 150 - Teuful(cage-p16427)报错信息：保存失败
Traceback (most recent call last):
  File "C:\Users\BruceChen\Desktop\Demo\reviews\utils.py", line 159, in save_db
    c.execute(sql)
cx_Oracle.DatabaseError: ORA-01830: 日期格式图片在转换整个输入字符串之前结束
2019-06-27 10:21:37,353 - root - ERROR - utils  - 150 - Teuful(cage-p16427)报错信息：保存失败
Traceback (most recent call last):
  File "C:\Users\BruceChen\Desktop\Demo\reviews\utils.py", line 159, in save_db
    c.execute(sql)
UnicodeEncodeError: 'gbk' codec can't encode character '\xe4' in position 286: illegal multibyte sequence
2019-06-27 10:21:37,434 - root - ERROR - utils  - 150 - Teuful(cage-p16427)报错信息：保存失败
Traceback (most recent call last):
  File "C:\Users\BruceChen\Desktop\Demo\reviews\utils.py", line 159, in save_db
    c.execute(sql)
cx_Oracle.DatabaseError: ORA-01830: 日期格式图片在转换整个输入字符串之前结束
2019-06-27 10:21:37,519 - root - ERROR - utils  - 150 - Teuful(cage-p16427)报错信息：保存失败
Traceback (most recent call last):
  File "C:\Users\BruceChen\Desktop\Demo\reviews\utils.py", line 159, in save_db
    c.execute(sql)
cx_Oracle.DatabaseError: ORA-01830: 日期格式图片在转换整个输入字符串之前结束
2019-06-27 10:21:37,597 - root - ERROR - utils  - 150 - Teuful(cage-p16427)报错信息：保存失败
Traceback (most recent call last):
  File "C:\Users\BruceChen\Desktop\Demo\reviews\utils.py", line 159, in save_db
    c.execute(sql)
cx_Oracle.DatabaseError: ORA-01830: 日期格式图片在转换整个输入字符串之前结束
2019-06-27 10:21:37,674 - root - ERROR - utils  - 150 - Teuful(cage-p16427)报错信息：保存失败
Traceback (most recent call last):
  File "C:\Users\BruceChen\Desktop\Demo\reviews\utils.py", line 159, in save_db
    c.execute(sql)
cx_Oracle.DatabaseError: ORA-01830: 日期格式图片在转换整个输入字符串之前结束
2019-06-27 10:21:38,865 - root - ERROR - utils  - 150 - Teuful(cage-p16427)报错信息：保存失败
Traceback (most recent call last):
  File "C:\Users\BruceChen\Desktop\Demo\reviews\utils.py", line 159, in save_db
    c.execute(sql)
cx_Oracle.DatabaseError: ORA-01830: 日期格式图片在转换整个输入字符串之前结束
2019-06-27 10:21:38,943 - root - ERROR - utils  - 150 - Teuful(cage-p16427)报错信息：保存失败
Traceback (most recent call last):
  File "C:\Users\BruceChen\Desktop\Demo\reviews\utils.py", line 159, in save_db
    c.execute(sql)
cx_Oracle.DatabaseError: ORA-01830: 日期格式图片在转换整个输入字符串之前结束
2019-06-27 10:21:39,014 - root - ERROR - utils  - 150 - Teuful(cage-p16427)报错信息：保存失败
Traceback (most recent call last):
  File "C:\Users\BruceChen\Desktop\Demo\reviews\utils.py", line 159, in save_db
    c.execute(sql)
UnicodeEncodeError: 'gbk' codec can't encode character '\xf6' in position 267: illegal multibyte sequence
2019-06-27 10:21:39,088 - root - ERROR - utils  - 150 - Teuful(cage-p16427)报错信息：保存失败
Traceback (most recent call last):
  File "C:\Users\BruceChen\Desktop\Demo\reviews\utils.py", line 159, in save_db
    c.execute(sql)
cx_Oracle.DatabaseError: ORA-01830: 日期格式图片在转换整个输入字符串之前结束
2019-06-27 10:21:39,170 - root - ERROR - utils  - 150 - Teuful(cage-p16427)报错信息：保存失败
Traceback (most recent call last):
  File "C:\Users\BruceChen\Desktop\Demo\reviews\utils.py", line 159, in save_db
    c.execute(sql)
cx_Oracle.DatabaseError: ORA-01830: 日期格式图片在转换整个输入字符串之前结束
2019-06-27 10:21:40,393 - root - ERROR - utils  - 150 - Teuful(cage-p16427)报错信息：保存失败
Traceback (most recent call last):
  File "C:\Users\BruceChen\Desktop\Demo\reviews\utils.py", line 159, in save_db
    c.execute(sql)
cx_Oracle.DatabaseError: ORA-01830: 日期格式图片在转换整个输入字符串之前结束
2019-06-27 10:21:40,477 - root - ERROR - utils  - 150 - Teuful(cage-p16427)报错信息：保存失败
Traceback (most recent call last):
  File "C:\Users\BruceChen\Desktop\Demo\reviews\utils.py", line 159, in save_db
    c.execute(sql)
cx_Oracle.DatabaseError: ORA-01830: 日期格式图片在转换整个输入字符串之前结束
2019-06-27 10:21:40,559 - root - ERROR - utils  - 150 - Teuful(cage-p16427)报错信息：保存失败
Traceback (most recent call last):
  File "C:\Users\BruceChen\Desktop\Demo\reviews\utils.py", line 159, in save_db
    c.execute(sql)
UnicodeEncodeError: 'gbk' codec can't encode character '\xf6' in position 268: illegal multibyte sequence
2019-06-27 10:21:40,634 - root - ERROR - utils  - 150 - Teuful(cage-p16427)报错信息：保存失败
Traceback (most recent call last):
  File "C:\Users\BruceChen\Desktop\Demo\reviews\utils.py", line 159, in save_db
    c.execute(sql)
cx_Oracle.DatabaseError: ORA-01830: 日期格式图片在转换整个输入字符串之前结束
2019-06-27 10:21:40,711 - root - ERROR - utils  - 150 - Teuful(cage-p16427)报错信息：保存失败
Traceback (most recent call last):
  File "C:\Users\BruceChen\Desktop\Demo\reviews\utils.py", line 159, in save_db
    c.execute(sql)
cx_Oracle.DatabaseError: ORA-01830: 日期格式图片在转换整个输入字符串之前结束
2019-06-27 10:21:41,891 - root - ERROR - utils  - 150 - Teuful(cage-p16427)报错信息：保存失败
Traceback (most recent call last):
  File "C:\Users\BruceChen\Desktop\Demo\reviews\utils.py", line 159, in save_db
    c.execute(sql)
cx_Oracle.DatabaseError: ORA-01830: 日期格式图片在转换整个输入字符串之前结束
2019-06-27 10:21:41,982 - root - ERROR - utils  - 150 - Teuful(cage-p16427)报错信息：保存失败
Traceback (most recent call last):
  File "C:\Users\BruceChen\Desktop\Demo\reviews\utils.py", line 159, in save_db
    c.execute(sql)
cx_Oracle.DatabaseError: ORA-01830: 日期格式图片在转换整个输入字符串之前结束
2019-06-27 10:21:42,056 - root - ERROR - utils  - 150 - Teuful(cage-p16427)报错信息：保存失败
Traceback (most recent call last):
  File "C:\Users\BruceChen\Desktop\Demo\reviews\utils.py", line 159, in save_db
    c.execute(sql)
cx_Oracle.DatabaseError: ORA-01830: 日期格式图片在转换整个输入字符串之前结束
2019-06-27 10:21:42,131 - root - ERROR - utils  - 150 - Teuful(cage-p16427)报错信息：保存失败
Traceback (most recent call last):
  File "C:\Users\BruceChen\Desktop\Demo\reviews\utils.py", line 159, in save_db
    c.execute(sql)
cx_Oracle.DatabaseError: ORA-01830: 日期格式图片在转换整个输入字符串之前结束
2019-06-27 10:21:43,318 - root - ERROR - utils  - 150 - Teuful(cage-p16427)报错信息：保存失败
Traceback (most recent call last):
  File "C:\Users\BruceChen\Desktop\Demo\reviews\utils.py", line 159, in save_db
    c.execute(sql)
cx_Oracle.DatabaseError: ORA-01830: 日期格式图片在转换整个输入字符串之前结束
2019-06-27 10:21:43,393 - root - ERROR - utils  - 150 - Teuful(cage-p16427)报错信息：保存失败
Traceback (most recent call last):
  File "C:\Users\BruceChen\Desktop\Demo\reviews\utils.py", line 159, in save_db
    c.execute(sql)
cx_Oracle.DatabaseError: ORA-01830: 日期格式图片在转换整个输入字符串之前结束
2019-06-27 10:21:43,466 - root - ERROR - utils  - 150 - Teuful(cage-p16427)报错信息：保存失败
Traceback (most recent call last):
  File "C:\Users\BruceChen\Desktop\Demo\reviews\utils.py", line 159, in save_db
    c.execute(sql)
cx_Oracle.DatabaseError: ORA-01830: 日期格式图片在转换整个输入字符串之前结束
2019-06-27 10:21:43,545 - root - ERROR - utils  - 150 - Teuful(cage-p16427)报错信息：保存失败
Traceback (most recent call last):
  File "C:\Users\BruceChen\Desktop\Demo\reviews\utils.py", line 159, in save_db
    c.execute(sql)
cx_Oracle.DatabaseError: ORA-01830: 日期格式图片在转换整个输入字符串之前结束
2019-06-27 10:21:43,630 - root - ERROR - utils  - 150 - Teuful(cage-p16427)报错信息：保存失败
Traceback (most recent call last):
  File "C:\Users\BruceChen\Desktop\Demo\reviews\utils.py", line 159, in save_db
    c.execute(sql)
cx_Oracle.DatabaseError: ORA-01830: 日期格式图片在转换整个输入字符串之前结束
2019-06-27 10:21:44,820 - root - ERROR - utils  - 150 - Teuful(cage-p16427)报错信息：保存失败
Traceback (most recent call last):
  File "C:\Users\BruceChen\Desktop\Demo\reviews\utils.py", line 159, in save_db
    c.execute(sql)
cx_Oracle.DatabaseError: ORA-01830: 日期格式图片在转换整个输入字符串之前结束
2019-06-27 10:21:44,904 - root - ERROR - utils  - 150 - Teuful(cage-p16427)报错信息：保存失败
Traceback (most recent call last):
  File "C:\Users\BruceChen\Desktop\Demo\reviews\utils.py", line 159, in save_db
    c.execute(sql)
cx_Oracle.DatabaseError: ORA-01830: 日期格式图片在转换整个输入字符串之前结束
2019-06-27 10:21:44,978 - root - ERROR - utils  - 150 - Teuful(cage-p16427)报错信息：保存失败
Traceback (most recent call last):
  File "C:\Users\BruceChen\Desktop\Demo\reviews\utils.py", line 159, in save_db
    c.execute(sql)
cx_Oracle.DatabaseError: ORA-01830: 日期格式图片在转换整个输入字符串之前结束
2019-06-27 10:21:45,054 - root - ERROR - utils  - 150 - Teuful(cage-p16427)报错信息：保存失败
Traceback (most recent call last):
  File "C:\Users\BruceChen\Desktop\Demo\reviews\utils.py", line 159, in save_db
    c.execute(sql)
cx_Oracle.DatabaseError: ORA-01830: 日期格式图片在转换整个输入字符串之前结束
2019-06-27 10:21:46,263 - root - ERROR - utils  - 150 - Teuful(cage-p16427)报错信息：保存失败
Traceback (most recent call last):
  File "C:\Users\BruceChen\Desktop\Demo\reviews\utils.py", line 159, in save_db
    c.execute(sql)
cx_Oracle.DatabaseError: ORA-01830: 日期格式图片在转换整个输入字符串之前结束
2019-06-27 10:21:46,338 - root - ERROR - utils  - 150 - Teuful(cage-p16427)报错信息：保存失败
Traceback (most recent call last):
  File "C:\Users\BruceChen\Desktop\Demo\reviews\utils.py", line 159, in save_db
    c.execute(sql)
cx_Oracle.DatabaseError: ORA-01830: 日期格式图片在转换整个输入字符串之前结束
2019-06-27 10:21:46,410 - root - ERROR - utils  - 150 - Teuful(cage-p16427)报错信息：保存失败
Traceback (most recent call last):
  File "C:\Users\BruceChen\Desktop\Demo\reviews\utils.py", line 159, in save_db
    c.execute(sql)
cx_Oracle.DatabaseError: ORA-01830: 日期格式图片在转换整个输入字符串之前结束
2019-06-27 10:21:46,485 - root - ERROR - utils  - 150 - Teuful(cage-p16427)报错信息：保存失败
Traceback (most recent call last):
  File "C:\Users\BruceChen\Desktop\Demo\reviews\utils.py", line 159, in save_db
    c.execute(sql)
cx_Oracle.DatabaseError: ORA-01830: 日期格式图片在转换整个输入字符串之前结束
2019-06-27 10:21:46,561 - root - ERROR - utils  - 150 - Teuful(cage-p16427)报错信息：保存失败
Traceback (most recent call last):
  File "C:\Users\BruceChen\Desktop\Demo\reviews\utils.py", line 159, in save_db
    c.execute(sql)
cx_Oracle.DatabaseError: ORA-01830: 日期格式图片在转换整个输入字符串之前结束
2019-06-27 10:21:47,794 - root - ERROR - utils  - 150 - Teuful(cage-p16427)报错信息：保存失败
Traceback (most recent call last):
  File "C:\Users\BruceChen\Desktop\Demo\reviews\utils.py", line 159, in save_db
    c.execute(sql)
cx_Oracle.DatabaseError: ORA-01830: 日期格式图片在转换整个输入字符串之前结束
2019-06-27 10:21:47,865 - root - ERROR - utils  - 150 - Teuful(cage-p16427)报错信息：保存失败
Traceback (most recent call last):
  File "C:\Users\BruceChen\Desktop\Demo\reviews\utils.py", line 159, in save_db
    c.execute(sql)
UnicodeEncodeError: 'gbk' codec can't encode character '\xe4' in position 284: illegal multibyte sequence
2019-06-27 10:21:47,939 - root - ERROR - utils  - 150 - Teuful(cage-p16427)报错信息：保存失败
Traceback (most recent call last):
  File "C:\Users\BruceChen\Desktop\Demo\reviews\utils.py", line 159, in save_db
    c.execute(sql)
cx_Oracle.DatabaseError: ORA-01830: 日期格式图片在转换整个输入字符串之前结束
2019-06-27 10:21:48,012 - root - ERROR - utils  - 150 - Teuful(cage-p16427)报错信息：保存失败
Traceback (most recent call last):
  File "C:\Users\BruceChen\Desktop\Demo\reviews\utils.py", line 159, in save_db
    c.execute(sql)
cx_Oracle.DatabaseError: ORA-01830: 日期格式图片在转换整个输入字符串之前结束
2019-06-27 10:21:48,090 - root - ERROR - utils  - 150 - Teuful(cage-p16427)报错信息：保存失败
Traceback (most recent call last):
  File "C:\Users\BruceChen\Desktop\Demo\reviews\utils.py", line 159, in save_db
    c.execute(sql)
cx_Oracle.DatabaseError: ORA-01830: 日期格式图片在转换整个输入字符串之前结束
2019-06-27 10:21:49,295 - root - ERROR - utils  - 150 - Teuful(cage-p16427)报错信息：保存失败
Traceback (most recent call last):
  File "C:\Users\BruceChen\Desktop\Demo\reviews\utils.py", line 159, in save_db
    c.execute(sql)
cx_Oracle.DatabaseError: ORA-01830: 日期格式图片在转换整个输入字符串之前结束
2019-06-27 10:21:49,389 - root - ERROR - utils  - 150 - Teuful(cage-p16427)报错信息：保存失败
Traceback (most recent call last):
  File "C:\Users\BruceChen\Desktop\Demo\reviews\utils.py", line 159, in save_db
    c.execute(sql)
cx_Oracle.DatabaseError: ORA-01830: 日期格式图片在转换整个输入字符串之前结束
2019-06-27 10:21:49,475 - root - ERROR - utils  - 150 - Teuful(cage-p16427)报错信息：保存失败
Traceback (most recent call last):
  File "C:\Users\BruceChen\Desktop\Demo\reviews\utils.py", line 159, in save_db
    c.execute(sql)
cx_Oracle.DatabaseError: ORA-01830: 日期格式图片在转换整个输入字符串之前结束
2019-06-27 10:21:49,561 - root - ERROR - utils  - 150 - Teuful(cage-p16427)报错信息：保存失败
Traceback (most recent call last):
  File "C:\Users\BruceChen\Desktop\Demo\reviews\utils.py", line 159, in save_db
    c.execute(sql)
cx_Oracle.DatabaseError: ORA-01830: 日期格式图片在转换整个输入字符串之前结束
2019-06-27 10:21:49,637 - root - ERROR - utils  - 150 - Teuful(cage-p16427)报错信息：保存失败
Traceback (most recent call last):
  File "C:\Users\BruceChen\Desktop\Demo\reviews\utils.py", line 159, in save_db
    c.execute(sql)
cx_Oracle.DatabaseError: ORA-01830: 日期格式图片在转换整个输入字符串之前结束
2019-06-27 10:21:51,505 - root - ERROR - utils  - 150 - Teuful(cage-p16427)报错信息：保存失败
Traceback (most recent call last):
  File "C:\Users\BruceChen\Desktop\Demo\reviews\utils.py", line 159, in save_db
    c.execute(sql)
cx_Oracle.DatabaseError: ORA-01830: 日期格式图片在转换整个输入字符串之前结束
