2019-07-01 21:10:45,808 - root - ERROR - utils  - 178 - JD(8031600)报错信息：数据库保存/更新失败
Traceback (most recent call last):
  File "C:\Users\BruceChen\Desktop\Demo\reviews\JD\jd_review.py", line 171, in save_data
    c.execute(sql)
cx_Oracle.DatabaseError: ORA-01830: 日期格式图片在转换整个输入字符串之前结束
2019-07-01 21:10:56,062 - root - ERROR - utils  - 178 - JD(100001470134)报错信息：数据库保存/更新失败
Traceback (most recent call last):
  File "C:\Users\BruceChen\Desktop\Demo\reviews\JD\jd_review.py", line 171, in save_data
    c.execute(sql)
cx_Oracle.DatabaseError: ORA-01830: 日期格式图片在转换整个输入字符串之前结束
2019-07-01 21:10:56,070 - root - ERROR - utils  - 178 - JD(100001470134)报错信息：数据库保存/更新失败
Traceback (most recent call last):
  File "C:\Users\BruceChen\Desktop\Demo\reviews\JD\jd_review.py", line 171, in save_data
    c.execute(sql)
cx_Oracle.DatabaseError: ORA-01830: 日期格式图片在转换整个输入字符串之前结束
2019-07-01 21:10:56,076 - root - ERROR - utils  - 178 - JD(100001470134)报错信息：数据库保存/更新失败
Traceback (most recent call last):
  File "C:\Users\BruceChen\Desktop\Demo\reviews\JD\jd_review.py", line 171, in save_data
    c.execute(sql)
cx_Oracle.DatabaseError: ORA-01830: 日期格式图片在转换整个输入字符串之前结束
2019-07-01 21:10:56,083 - root - ERROR - utils  - 178 - JD(100001470134)报错信息：数据库保存/更新失败
Traceback (most recent call last):
  File "C:\Users\BruceChen\Desktop\Demo\reviews\JD\jd_review.py", line 171, in save_data
    c.execute(sql)
cx_Oracle.DatabaseError: ORA-01830: 日期格式图片在转换整个输入字符串之前结束
2019-07-01 21:10:56,088 - root - ERROR - utils  - 178 - JD(100001470134)报错信息：数据库保存/更新失败
Traceback (most recent call last):
  File "C:\Users\BruceChen\Desktop\Demo\reviews\JD\jd_review.py", line 171, in save_data
    c.execute(sql)
cx_Oracle.DatabaseError: ORA-01830: 日期格式图片在转换整个输入字符串之前结束
2019-07-01 21:10:56,093 - root - ERROR - utils  - 178 - JD(100001470134)报错信息：数据库保存/更新失败
Traceback (most recent call last):
  File "C:\Users\BruceChen\Desktop\Demo\reviews\JD\jd_review.py", line 171, in save_data
    c.execute(sql)
cx_Oracle.DatabaseError: ORA-01830: 日期格式图片在转换整个输入字符串之前结束
2019-07-01 21:10:56,099 - root - ERROR - utils  - 178 - JD(100001470134)报错信息：数据库保存/更新失败
Traceback (most recent call last):
  File "C:\Users\BruceChen\Desktop\Demo\reviews\JD\jd_review.py", line 171, in save_data
    c.execute(sql)
cx_Oracle.DatabaseError: ORA-01830: 日期格式图片在转换整个输入字符串之前结束
2019-07-01 21:10:56,104 - root - ERROR - utils  - 178 - JD(100001470134)报错信息：数据库保存/更新失败
Traceback (most recent call last):
  File "C:\Users\BruceChen\Desktop\Demo\reviews\JD\jd_review.py", line 171, in save_data
    c.execute(sql)
cx_Oracle.DatabaseError: ORA-01830: 日期格式图片在转换整个输入字符串之前结束
2019-07-01 21:10:56,110 - root - ERROR - utils  - 178 - JD(100001470134)报错信息：数据库保存/更新失败
Traceback (most recent call last):
  File "C:\Users\BruceChen\Desktop\Demo\reviews\JD\jd_review.py", line 171, in save_data
    c.execute(sql)
cx_Oracle.DatabaseError: ORA-01830: 日期格式图片在转换整个输入字符串之前结束
2019-07-01 21:10:56,115 - root - ERROR - utils  - 178 - JD(100001470134)报错信息：数据库保存/更新失败
Traceback (most recent call last):
  File "C:\Users\BruceChen\Desktop\Demo\reviews\JD\jd_review.py", line 171, in save_data
    c.execute(sql)
cx_Oracle.DatabaseError: ORA-01830: 日期格式图片在转换整个输入字符串之前结束
2019-07-01 21:10:56,120 - root - ERROR - utils  - 178 - JD(100001470134)报错信息：数据库保存/更新失败
Traceback (most recent call last):
  File "C:\Users\BruceChen\Desktop\Demo\reviews\JD\jd_review.py", line 171, in save_data
    c.execute(sql)
cx_Oracle.DatabaseError: ORA-01830: 日期格式图片在转换整个输入字符串之前结束
2019-07-01 21:10:56,125 - root - ERROR - utils  - 178 - JD(100001470134)报错信息：数据库保存/更新失败
Traceback (most recent call last):
  File "C:\Users\BruceChen\Desktop\Demo\reviews\JD\jd_review.py", line 171, in save_data
    c.execute(sql)
cx_Oracle.DatabaseError: ORA-01830: 日期格式图片在转换整个输入字符串之前结束
2019-07-01 21:10:56,130 - root - ERROR - utils  - 178 - JD(100001470134)报错信息：数据库保存/更新失败
Traceback (most recent call last):
  File "C:\Users\BruceChen\Desktop\Demo\reviews\JD\jd_review.py", line 171, in save_data
    c.execute(sql)
cx_Oracle.DatabaseError: ORA-01830: 日期格式图片在转换整个输入字符串之前结束
2019-07-01 21:10:56,136 - root - ERROR - utils  - 178 - JD(100001470134)报错信息：数据库保存/更新失败
Traceback (most recent call last):
  File "C:\Users\BruceChen\Desktop\Demo\reviews\JD\jd_review.py", line 171, in save_data
    c.execute(sql)
cx_Oracle.DatabaseError: ORA-01830: 日期格式图片在转换整个输入字符串之前结束
2019-07-01 21:10:56,141 - root - ERROR - utils  - 178 - JD(100001470134)报错信息：数据库保存/更新失败
Traceback (most recent call last):
  File "C:\Users\BruceChen\Desktop\Demo\reviews\JD\jd_review.py", line 171, in save_data
    c.execute(sql)
cx_Oracle.DatabaseError: ORA-01830: 日期格式图片在转换整个输入字符串之前结束
2019-07-01 21:10:56,146 - root - ERROR - utils  - 178 - JD(100001470134)报错信息：数据库保存/更新失败
Traceback (most recent call last):
  File "C:\Users\BruceChen\Desktop\Demo\reviews\JD\jd_review.py", line 171, in save_data
    c.execute(sql)
cx_Oracle.DatabaseError: ORA-01830: 日期格式图片在转换整个输入字符串之前结束
2019-07-01 21:10:56,151 - root - ERROR - utils  - 178 - JD(100001470134)报错信息：数据库保存/更新失败
Traceback (most recent call last):
  File "C:\Users\BruceChen\Desktop\Demo\reviews\JD\jd_review.py", line 171, in save_data
    c.execute(sql)
cx_Oracle.DatabaseError: ORA-01830: 日期格式图片在转换整个输入字符串之前结束
2019-07-01 21:10:56,155 - root - ERROR - utils  - 178 - JD(100001470134)报错信息：数据库保存/更新失败
Traceback (most recent call last):
  File "C:\Users\BruceChen\Desktop\Demo\reviews\JD\jd_review.py", line 171, in save_data
    c.execute(sql)
cx_Oracle.DatabaseError: ORA-01830: 日期格式图片在转换整个输入字符串之前结束
2019-07-01 21:10:56,159 - root - ERROR - utils  - 178 - JD(100001470134)报错信息：数据库保存/更新失败
Traceback (most recent call last):
  File "C:\Users\BruceChen\Desktop\Demo\reviews\JD\jd_review.py", line 171, in save_data
    c.execute(sql)
cx_Oracle.DatabaseError: ORA-01830: 日期格式图片在转换整个输入字符串之前结束
2019-07-01 21:10:56,163 - root - ERROR - utils  - 178 - JD(100001470134)报错信息：数据库保存/更新失败
Traceback (most recent call last):
  File "C:\Users\BruceChen\Desktop\Demo\reviews\JD\jd_review.py", line 171, in save_data
    c.execute(sql)
cx_Oracle.DatabaseError: ORA-01830: 日期格式图片在转换整个输入字符串之前结束
2019-07-01 21:10:56,167 - root - ERROR - utils  - 178 - JD(100001470134)报错信息：数据库保存/更新失败
Traceback (most recent call last):
  File "C:\Users\BruceChen\Desktop\Demo\reviews\JD\jd_review.py", line 171, in save_data
    c.execute(sql)
cx_Oracle.DatabaseError: ORA-01830: 日期格式图片在转换整个输入字符串之前结束
2019-07-01 21:10:57,031 - root - ERROR - utils  - 178 - JD(2245024)报错信息：数据库保存/更新失败
Traceback (most recent call last):
  File "C:\Users\BruceChen\Desktop\Demo\reviews\JD\jd_review.py", line 171, in save_data
    c.execute(sql)
cx_Oracle.DatabaseError: ORA-01830: 日期格式图片在转换整个输入字符串之前结束
2019-07-01 21:10:57,035 - root - ERROR - utils  - 178 - JD(2245024)报错信息：数据库保存/更新失败
Traceback (most recent call last):
  File "C:\Users\BruceChen\Desktop\Demo\reviews\JD\jd_review.py", line 171, in save_data
    c.execute(sql)
cx_Oracle.DatabaseError: ORA-01830: 日期格式图片在转换整个输入字符串之前结束
2019-07-01 21:10:57,039 - root - ERROR - utils  - 178 - JD(2245024)报错信息：数据库保存/更新失败
Traceback (most recent call last):
  File "C:\Users\BruceChen\Desktop\Demo\reviews\JD\jd_review.py", line 171, in save_data
    c.execute(sql)
cx_Oracle.DatabaseError: ORA-01830: 日期格式图片在转换整个输入字符串之前结束
2019-07-01 21:10:57,042 - root - ERROR - utils  - 178 - JD(2245024)报错信息：数据库保存/更新失败
Traceback (most recent call last):
  File "C:\Users\BruceChen\Desktop\Demo\reviews\JD\jd_review.py", line 171, in save_data
    c.execute(sql)
cx_Oracle.DatabaseError: ORA-01830: 日期格式图片在转换整个输入字符串之前结束
2019-07-01 21:10:57,047 - root - ERROR - utils  - 178 - JD(2245024)报错信息：数据库保存/更新失败
Traceback (most recent call last):
  File "C:\Users\BruceChen\Desktop\Demo\reviews\JD\jd_review.py", line 171, in save_data
    c.execute(sql)
cx_Oracle.DatabaseError: ORA-01830: 日期格式图片在转换整个输入字符串之前结束
2019-07-01 21:11:25,593 - root - ERROR - utils  - 178 - JD(100001667527)报错信息：数据库保存/更新失败
Traceback (most recent call last):
  File "C:\Users\BruceChen\Desktop\Demo\reviews\JD\jd_review.py", line 171, in save_data
    c.execute(sql)
cx_Oracle.DatabaseError: ORA-01830: 日期格式图片在转换整个输入字符串之前结束
2019-07-01 21:11:25,597 - root - ERROR - utils  - 178 - JD(100001667527)报错信息：数据库保存/更新失败
Traceback (most recent call last):
  File "C:\Users\BruceChen\Desktop\Demo\reviews\JD\jd_review.py", line 171, in save_data
    c.execute(sql)
cx_Oracle.DatabaseError: ORA-01830: 日期格式图片在转换整个输入字符串之前结束
2019-07-01 21:11:25,601 - root - ERROR - utils  - 178 - JD(100001667527)报错信息：数据库保存/更新失败
Traceback (most recent call last):
  File "C:\Users\BruceChen\Desktop\Demo\reviews\JD\jd_review.py", line 171, in save_data
    c.execute(sql)
cx_Oracle.DatabaseError: ORA-01830: 日期格式图片在转换整个输入字符串之前结束
2019-07-01 21:11:25,605 - root - ERROR - utils  - 178 - JD(100001667527)报错信息：数据库保存/更新失败
Traceback (most recent call last):
  File "C:\Users\BruceChen\Desktop\Demo\reviews\JD\jd_review.py", line 171, in save_data
    c.execute(sql)
cx_Oracle.DatabaseError: ORA-01830: 日期格式图片在转换整个输入字符串之前结束
2019-07-01 21:11:25,609 - root - ERROR - utils  - 178 - JD(100001667527)报错信息：数据库保存/更新失败
Traceback (most recent call last):
  File "C:\Users\BruceChen\Desktop\Demo\reviews\JD\jd_review.py", line 171, in save_data
    c.execute(sql)
cx_Oracle.DatabaseError: ORA-01830: 日期格式图片在转换整个输入字符串之前结束
2019-07-01 21:11:25,613 - root - ERROR - utils  - 178 - JD(100001667527)报错信息：数据库保存/更新失败
Traceback (most recent call last):
  File "C:\Users\BruceChen\Desktop\Demo\reviews\JD\jd_review.py", line 171, in save_data
    c.execute(sql)
cx_Oracle.DatabaseError: ORA-01830: 日期格式图片在转换整个输入字符串之前结束
2019-07-01 21:11:25,618 - root - ERROR - utils  - 178 - JD(100001667527)报错信息：数据库保存/更新失败
Traceback (most recent call last):
  File "C:\Users\BruceChen\Desktop\Demo\reviews\JD\jd_review.py", line 171, in save_data
    c.execute(sql)
cx_Oracle.DatabaseError: ORA-01830: 日期格式图片在转换整个输入字符串之前结束
2019-07-01 21:11:25,622 - root - ERROR - utils  - 178 - JD(100001667527)报错信息：数据库保存/更新失败
Traceback (most recent call last):
  File "C:\Users\BruceChen\Desktop\Demo\reviews\JD\jd_review.py", line 171, in save_data
    c.execute(sql)
cx_Oracle.DatabaseError: ORA-01830: 日期格式图片在转换整个输入字符串之前结束
2019-07-01 21:11:25,626 - root - ERROR - utils  - 178 - JD(100001667527)报错信息：数据库保存/更新失败
Traceback (most recent call last):
  File "C:\Users\BruceChen\Desktop\Demo\reviews\JD\jd_review.py", line 171, in save_data
    c.execute(sql)
cx_Oracle.DatabaseError: ORA-01830: 日期格式图片在转换整个输入字符串之前结束
2019-07-01 21:11:25,630 - root - ERROR - utils  - 178 - JD(100001667527)报错信息：数据库保存/更新失败
Traceback (most recent call last):
  File "C:\Users\BruceChen\Desktop\Demo\reviews\JD\jd_review.py", line 171, in save_data
    c.execute(sql)
cx_Oracle.DatabaseError: ORA-01830: 日期格式图片在转换整个输入字符串之前结束
2019-07-01 21:11:25,634 - root - ERROR - utils  - 178 - JD(100001667527)报错信息：数据库保存/更新失败
Traceback (most recent call last):
  File "C:\Users\BruceChen\Desktop\Demo\reviews\JD\jd_review.py", line 171, in save_data
    c.execute(sql)
cx_Oracle.DatabaseError: ORA-01830: 日期格式图片在转换整个输入字符串之前结束
2019-07-01 21:11:25,639 - root - ERROR - utils  - 178 - JD(100001667527)报错信息：数据库保存/更新失败
Traceback (most recent call last):
  File "C:\Users\BruceChen\Desktop\Demo\reviews\JD\jd_review.py", line 171, in save_data
    c.execute(sql)
cx_Oracle.DatabaseError: ORA-01830: 日期格式图片在转换整个输入字符串之前结束
2019-07-01 21:11:25,643 - root - ERROR - utils  - 178 - JD(100001667527)报错信息：数据库保存/更新失败
Traceback (most recent call last):
  File "C:\Users\BruceChen\Desktop\Demo\reviews\JD\jd_review.py", line 171, in save_data
    c.execute(sql)
cx_Oracle.DatabaseError: ORA-01830: 日期格式图片在转换整个输入字符串之前结束
2019-07-01 21:11:25,647 - root - ERROR - utils  - 178 - JD(100001667527)报错信息：数据库保存/更新失败
Traceback (most recent call last):
  File "C:\Users\BruceChen\Desktop\Demo\reviews\JD\jd_review.py", line 171, in save_data
    c.execute(sql)
cx_Oracle.DatabaseError: ORA-01830: 日期格式图片在转换整个输入字符串之前结束
2019-07-01 21:11:25,651 - root - ERROR - utils  - 178 - JD(100001667527)报错信息：数据库保存/更新失败
Traceback (most recent call last):
  File "C:\Users\BruceChen\Desktop\Demo\reviews\JD\jd_review.py", line 171, in save_data
    c.execute(sql)
cx_Oracle.DatabaseError: ORA-01830: 日期格式图片在转换整个输入字符串之前结束
2019-07-01 21:11:25,655 - root - ERROR - utils  - 178 - JD(100001667527)报错信息：数据库保存/更新失败
Traceback (most recent call last):
  File "C:\Users\BruceChen\Desktop\Demo\reviews\JD\jd_review.py", line 171, in save_data
    c.execute(sql)
cx_Oracle.DatabaseError: ORA-01830: 日期格式图片在转换整个输入字符串之前结束
2019-07-01 21:11:25,659 - root - ERROR - utils  - 178 - JD(100001667527)报错信息：数据库保存/更新失败
Traceback (most recent call last):
  File "C:\Users\BruceChen\Desktop\Demo\reviews\JD\jd_review.py", line 171, in save_data
    c.execute(sql)
cx_Oracle.DatabaseError: ORA-01830: 日期格式图片在转换整个输入字符串之前结束
2019-07-01 21:11:25,663 - root - ERROR - utils  - 178 - JD(100001667527)报错信息：数据库保存/更新失败
Traceback (most recent call last):
  File "C:\Users\BruceChen\Desktop\Demo\reviews\JD\jd_review.py", line 171, in save_data
    c.execute(sql)
cx_Oracle.DatabaseError: ORA-01830: 日期格式图片在转换整个输入字符串之前结束
2019-07-01 21:11:25,668 - root - ERROR - utils  - 178 - JD(100001667527)报错信息：数据库保存/更新失败
Traceback (most recent call last):
  File "C:\Users\BruceChen\Desktop\Demo\reviews\JD\jd_review.py", line 171, in save_data
    c.execute(sql)
cx_Oracle.DatabaseError: ORA-01830: 日期格式图片在转换整个输入字符串之前结束
2019-07-01 21:11:25,672 - root - ERROR - utils  - 178 - JD(100001667527)报错信息：数据库保存/更新失败
Traceback (most recent call last):
  File "C:\Users\BruceChen\Desktop\Demo\reviews\JD\jd_review.py", line 171, in save_data
    c.execute(sql)
cx_Oracle.DatabaseError: ORA-01830: 日期格式图片在转换整个输入字符串之前结束
2019-07-01 21:11:25,677 - root - ERROR - utils  - 178 - JD(100001667527)报错信息：数据库保存/更新失败
Traceback (most recent call last):
  File "C:\Users\BruceChen\Desktop\Demo\reviews\JD\jd_review.py", line 171, in save_data
    c.execute(sql)
cx_Oracle.DatabaseError: ORA-01830: 日期格式图片在转换整个输入字符串之前结束
2019-07-01 21:11:25,681 - root - ERROR - utils  - 178 - JD(100001667527)报错信息：数据库保存/更新失败
Traceback (most recent call last):
  File "C:\Users\BruceChen\Desktop\Demo\reviews\JD\jd_review.py", line 171, in save_data
    c.execute(sql)
cx_Oracle.DatabaseError: ORA-01830: 日期格式图片在转换整个输入字符串之前结束
2019-07-01 21:11:25,685 - root - ERROR - utils  - 178 - JD(100001667527)报错信息：数据库保存/更新失败
Traceback (most recent call last):
  File "C:\Users\BruceChen\Desktop\Demo\reviews\JD\jd_review.py", line 171, in save_data
    c.execute(sql)
cx_Oracle.DatabaseError: ORA-01830: 日期格式图片在转换整个输入字符串之前结束
2019-07-01 21:11:25,689 - root - ERROR - utils  - 178 - JD(100001667527)报错信息：数据库保存/更新失败
Traceback (most recent call last):
  File "C:\Users\BruceChen\Desktop\Demo\reviews\JD\jd_review.py", line 171, in save_data
    c.execute(sql)
cx_Oracle.DatabaseError: ORA-01830: 日期格式图片在转换整个输入字符串之前结束
2019-07-01 21:11:25,693 - root - ERROR - utils  - 178 - JD(100001667527)报错信息：数据库保存/更新失败
Traceback (most recent call last):
  File "C:\Users\BruceChen\Desktop\Demo\reviews\JD\jd_review.py", line 171, in save_data
    c.execute(sql)
cx_Oracle.DatabaseError: ORA-01830: 日期格式图片在转换整个输入字符串之前结束
2019-07-01 21:11:25,697 - root - ERROR - utils  - 178 - JD(100001667527)报错信息：数据库保存/更新失败
Traceback (most recent call last):
  File "C:\Users\BruceChen\Desktop\Demo\reviews\JD\jd_review.py", line 171, in save_data
    c.execute(sql)
cx_Oracle.DatabaseError: ORA-01830: 日期格式图片在转换整个输入字符串之前结束
2019-07-01 21:11:25,701 - root - ERROR - utils  - 178 - JD(100001667527)报错信息：数据库保存/更新失败
Traceback (most recent call last):
  File "C:\Users\BruceChen\Desktop\Demo\reviews\JD\jd_review.py", line 171, in save_data
    c.execute(sql)
cx_Oracle.DatabaseError: ORA-01830: 日期格式图片在转换整个输入字符串之前结束
2019-07-01 21:11:25,705 - root - ERROR - utils  - 178 - JD(100001667527)报错信息：数据库保存/更新失败
Traceback (most recent call last):
  File "C:\Users\BruceChen\Desktop\Demo\reviews\JD\jd_review.py", line 171, in save_data
    c.execute(sql)
cx_Oracle.DatabaseError: ORA-01830: 日期格式图片在转换整个输入字符串之前结束
2019-07-01 21:11:25,709 - root - ERROR - utils  - 178 - JD(100001667527)报错信息：数据库保存/更新失败
Traceback (most recent call last):
  File "C:\Users\BruceChen\Desktop\Demo\reviews\JD\jd_review.py", line 171, in save_data
    c.execute(sql)
cx_Oracle.DatabaseError: ORA-01830: 日期格式图片在转换整个输入字符串之前结束
2019-07-01 21:11:25,713 - root - ERROR - utils  - 178 - JD(100001667527)报错信息：数据库保存/更新失败
Traceback (most recent call last):
  File "C:\Users\BruceChen\Desktop\Demo\reviews\JD\jd_review.py", line 171, in save_data
    c.execute(sql)
cx_Oracle.DatabaseError: ORA-01830: 日期格式图片在转换整个输入字符串之前结束
2019-07-01 21:11:25,717 - root - ERROR - utils  - 178 - JD(100001667527)报错信息：数据库保存/更新失败
Traceback (most recent call last):
  File "C:\Users\BruceChen\Desktop\Demo\reviews\JD\jd_review.py", line 171, in save_data
    c.execute(sql)
cx_Oracle.DatabaseError: ORA-01830: 日期格式图片在转换整个输入字符串之前结束
2019-07-01 21:11:25,722 - root - ERROR - utils  - 178 - JD(100001667527)报错信息：数据库保存/更新失败
Traceback (most recent call last):
  File "C:\Users\BruceChen\Desktop\Demo\reviews\JD\jd_review.py", line 171, in save_data
    c.execute(sql)
cx_Oracle.DatabaseError: ORA-01830: 日期格式图片在转换整个输入字符串之前结束
2019-07-01 21:11:25,726 - root - ERROR - utils  - 178 - JD(100001667527)报错信息：数据库保存/更新失败
Traceback (most recent call last):
  File "C:\Users\BruceChen\Desktop\Demo\reviews\JD\jd_review.py", line 171, in save_data
    c.execute(sql)
cx_Oracle.DatabaseError: ORA-01830: 日期格式图片在转换整个输入字符串之前结束
2019-07-01 21:11:25,730 - root - ERROR - utils  - 178 - JD(100001667527)报错信息：数据库保存/更新失败
Traceback (most recent call last):
  File "C:\Users\BruceChen\Desktop\Demo\reviews\JD\jd_review.py", line 171, in save_data
    c.execute(sql)
cx_Oracle.DatabaseError: ORA-01830: 日期格式图片在转换整个输入字符串之前结束
2019-07-01 21:11:25,734 - root - ERROR - utils  - 178 - JD(100001667527)报错信息：数据库保存/更新失败
Traceback (most recent call last):
  File "C:\Users\BruceChen\Desktop\Demo\reviews\JD\jd_review.py", line 171, in save_data
    c.execute(sql)
cx_Oracle.DatabaseError: ORA-01830: 日期格式图片在转换整个输入字符串之前结束
2019-07-01 21:11:25,738 - root - ERROR - utils  - 178 - JD(100001667527)报错信息：数据库保存/更新失败
Traceback (most recent call last):
  File "C:\Users\BruceChen\Desktop\Demo\reviews\JD\jd_review.py", line 171, in save_data
    c.execute(sql)
cx_Oracle.DatabaseError: ORA-01830: 日期格式图片在转换整个输入字符串之前结束
2019-07-01 21:11:25,742 - root - ERROR - utils  - 178 - JD(100001667527)报错信息：数据库保存/更新失败
Traceback (most recent call last):
  File "C:\Users\BruceChen\Desktop\Demo\reviews\JD\jd_review.py", line 171, in save_data
    c.execute(sql)
cx_Oracle.DatabaseError: ORA-01830: 日期格式图片在转换整个输入字符串之前结束
2019-07-01 21:11:25,747 - root - ERROR - utils  - 178 - JD(100001667527)报错信息：数据库保存/更新失败
Traceback (most recent call last):
  File "C:\Users\BruceChen\Desktop\Demo\reviews\JD\jd_review.py", line 171, in save_data
    c.execute(sql)
cx_Oracle.DatabaseError: ORA-01830: 日期格式图片在转换整个输入字符串之前结束
2019-07-01 21:11:25,751 - root - ERROR - utils  - 178 - JD(100001667527)报错信息：数据库保存/更新失败
Traceback (most recent call last):
  File "C:\Users\BruceChen\Desktop\Demo\reviews\JD\jd_review.py", line 171, in save_data
    c.execute(sql)
cx_Oracle.DatabaseError: ORA-01830: 日期格式图片在转换整个输入字符串之前结束
2019-07-01 21:11:25,755 - root - ERROR - utils  - 178 - JD(100001667527)报错信息：数据库保存/更新失败
Traceback (most recent call last):
  File "C:\Users\BruceChen\Desktop\Demo\reviews\JD\jd_review.py", line 171, in save_data
    c.execute(sql)
cx_Oracle.DatabaseError: ORA-01830: 日期格式图片在转换整个输入字符串之前结束
2019-07-01 21:11:25,758 - root - ERROR - utils  - 178 - JD(100001667527)报错信息：数据库保存/更新失败
Traceback (most recent call last):
  File "C:\Users\BruceChen\Desktop\Demo\reviews\JD\jd_review.py", line 171, in save_data
    c.execute(sql)
cx_Oracle.DatabaseError: ORA-01830: 日期格式图片在转换整个输入字符串之前结束
2019-07-01 21:11:25,763 - root - ERROR - utils  - 178 - JD(100001667527)报错信息：数据库保存/更新失败
Traceback (most recent call last):
  File "C:\Users\BruceChen\Desktop\Demo\reviews\JD\jd_review.py", line 171, in save_data
    c.execute(sql)
cx_Oracle.DatabaseError: ORA-01830: 日期格式图片在转换整个输入字符串之前结束
2019-07-01 21:11:25,766 - root - ERROR - utils  - 178 - JD(100001667527)报错信息：数据库保存/更新失败
Traceback (most recent call last):
  File "C:\Users\BruceChen\Desktop\Demo\reviews\JD\jd_review.py", line 171, in save_data
    c.execute(sql)
cx_Oracle.DatabaseError: ORA-01830: 日期格式图片在转换整个输入字符串之前结束
2019-07-01 21:11:25,771 - root - ERROR - utils  - 178 - JD(100001667527)报错信息：数据库保存/更新失败
Traceback (most recent call last):
  File "C:\Users\BruceChen\Desktop\Demo\reviews\JD\jd_review.py", line 171, in save_data
    c.execute(sql)
cx_Oracle.DatabaseError: ORA-01830: 日期格式图片在转换整个输入字符串之前结束
2019-07-01 21:11:25,774 - root - ERROR - utils  - 178 - JD(100001667527)报错信息：数据库保存/更新失败
Traceback (most recent call last):
  File "C:\Users\BruceChen\Desktop\Demo\reviews\JD\jd_review.py", line 171, in save_data
    c.execute(sql)
cx_Oracle.DatabaseError: ORA-01830: 日期格式图片在转换整个输入字符串之前结束
2019-07-01 21:11:25,779 - root - ERROR - utils  - 178 - JD(100001667527)报错信息：数据库保存/更新失败
Traceback (most recent call last):
  File "C:\Users\BruceChen\Desktop\Demo\reviews\JD\jd_review.py", line 171, in save_data
    c.execute(sql)
cx_Oracle.DatabaseError: ORA-01830: 日期格式图片在转换整个输入字符串之前结束
2019-07-01 21:11:25,783 - root - ERROR - utils  - 178 - JD(100001667527)报错信息：数据库保存/更新失败
Traceback (most recent call last):
  File "C:\Users\BruceChen\Desktop\Demo\reviews\JD\jd_review.py", line 171, in save_data
    c.execute(sql)
cx_Oracle.DatabaseError: ORA-01830: 日期格式图片在转换整个输入字符串之前结束
2019-07-01 21:11:25,787 - root - ERROR - utils  - 178 - JD(100001667527)报错信息：数据库保存/更新失败
Traceback (most recent call last):
  File "C:\Users\BruceChen\Desktop\Demo\reviews\JD\jd_review.py", line 171, in save_data
    c.execute(sql)
cx_Oracle.DatabaseError: ORA-01830: 日期格式图片在转换整个输入字符串之前结束
2019-07-01 21:11:25,790 - root - ERROR - utils  - 178 - JD(100001667527)报错信息：数据库保存/更新失败
Traceback (most recent call last):
  File "C:\Users\BruceChen\Desktop\Demo\reviews\JD\jd_review.py", line 171, in save_data
    c.execute(sql)
cx_Oracle.DatabaseError: ORA-01830: 日期格式图片在转换整个输入字符串之前结束
2019-07-01 21:11:25,795 - root - ERROR - utils  - 178 - JD(100001667527)报错信息：数据库保存/更新失败
Traceback (most recent call last):
  File "C:\Users\BruceChen\Desktop\Demo\reviews\JD\jd_review.py", line 171, in save_data
    c.execute(sql)
cx_Oracle.DatabaseError: ORA-01830: 日期格式图片在转换整个输入字符串之前结束
2019-07-01 21:11:25,800 - root - ERROR - utils  - 178 - JD(100001667527)报错信息：数据库保存/更新失败
Traceback (most recent call last):
  File "C:\Users\BruceChen\Desktop\Demo\reviews\JD\jd_review.py", line 171, in save_data
    c.execute(sql)
cx_Oracle.DatabaseError: ORA-01830: 日期格式图片在转换整个输入字符串之前结束
2019-07-01 21:11:25,804 - root - ERROR - utils  - 178 - JD(100001667527)报错信息：数据库保存/更新失败
Traceback (most recent call last):
  File "C:\Users\BruceChen\Desktop\Demo\reviews\JD\jd_review.py", line 171, in save_data
    c.execute(sql)
cx_Oracle.DatabaseError: ORA-01830: 日期格式图片在转换整个输入字符串之前结束
2019-07-01 21:11:25,807 - root - ERROR - utils  - 178 - JD(100001667527)报错信息：数据库保存/更新失败
Traceback (most recent call last):
  File "C:\Users\BruceChen\Desktop\Demo\reviews\JD\jd_review.py", line 171, in save_data
    c.execute(sql)
cx_Oracle.DatabaseError: ORA-01830: 日期格式图片在转换整个输入字符串之前结束
2019-07-01 21:11:25,810 - root - ERROR - utils  - 178 - JD(100001667527)报错信息：数据库保存/更新失败
Traceback (most recent call last):
  File "C:\Users\BruceChen\Desktop\Demo\reviews\JD\jd_review.py", line 171, in save_data
    c.execute(sql)
cx_Oracle.DatabaseError: ORA-01830: 日期格式图片在转换整个输入字符串之前结束
2019-07-01 21:11:25,815 - root - ERROR - utils  - 178 - JD(100001667527)报错信息：数据库保存/更新失败
Traceback (most recent call last):
  File "C:\Users\BruceChen\Desktop\Demo\reviews\JD\jd_review.py", line 171, in save_data
    c.execute(sql)
cx_Oracle.DatabaseError: ORA-01830: 日期格式图片在转换整个输入字符串之前结束
2019-07-01 21:11:25,819 - root - ERROR - utils  - 178 - JD(100001667527)报错信息：数据库保存/更新失败
Traceback (most recent call last):
  File "C:\Users\BruceChen\Desktop\Demo\reviews\JD\jd_review.py", line 171, in save_data
    c.execute(sql)
cx_Oracle.DatabaseError: ORA-01830: 日期格式图片在转换整个输入字符串之前结束
2019-07-01 21:11:25,823 - root - ERROR - utils  - 178 - JD(100001667527)报错信息：数据库保存/更新失败
Traceback (most recent call last):
  File "C:\Users\BruceChen\Desktop\Demo\reviews\JD\jd_review.py", line 171, in save_data
    c.execute(sql)
cx_Oracle.DatabaseError: ORA-01830: 日期格式图片在转换整个输入字符串之前结束
2019-07-01 21:11:25,827 - root - ERROR - utils  - 178 - JD(100001667527)报错信息：数据库保存/更新失败
Traceback (most recent call last):
  File "C:\Users\BruceChen\Desktop\Demo\reviews\JD\jd_review.py", line 171, in save_data
    c.execute(sql)
cx_Oracle.DatabaseError: ORA-01830: 日期格式图片在转换整个输入字符串之前结束
2019-07-01 21:11:25,831 - root - ERROR - utils  - 178 - JD(100001667527)报错信息：数据库保存/更新失败
Traceback (most recent call last):
  File "C:\Users\BruceChen\Desktop\Demo\reviews\JD\jd_review.py", line 171, in save_data
    c.execute(sql)
cx_Oracle.DatabaseError: ORA-01830: 日期格式图片在转换整个输入字符串之前结束
2019-07-01 21:11:25,835 - root - ERROR - utils  - 178 - JD(100001667527)报错信息：数据库保存/更新失败
Traceback (most recent call last):
  File "C:\Users\BruceChen\Desktop\Demo\reviews\JD\jd_review.py", line 171, in save_data
    c.execute(sql)
cx_Oracle.DatabaseError: ORA-01830: 日期格式图片在转换整个输入字符串之前结束
2019-07-01 21:11:25,839 - root - ERROR - utils  - 178 - JD(100001667527)报错信息：数据库保存/更新失败
Traceback (most recent call last):
  File "C:\Users\BruceChen\Desktop\Demo\reviews\JD\jd_review.py", line 171, in save_data
    c.execute(sql)
cx_Oracle.DatabaseError: ORA-01830: 日期格式图片在转换整个输入字符串之前结束
2019-07-01 21:11:25,843 - root - ERROR - utils  - 178 - JD(100001667527)报错信息：数据库保存/更新失败
Traceback (most recent call last):
  File "C:\Users\BruceChen\Desktop\Demo\reviews\JD\jd_review.py", line 171, in save_data
    c.execute(sql)
cx_Oracle.DatabaseError: ORA-01830: 日期格式图片在转换整个输入字符串之前结束
2019-07-01 21:11:25,848 - root - ERROR - utils  - 178 - JD(100001667527)报错信息：数据库保存/更新失败
Traceback (most recent call last):
  File "C:\Users\BruceChen\Desktop\Demo\reviews\JD\jd_review.py", line 171, in save_data
    c.execute(sql)
cx_Oracle.DatabaseError: ORA-01830: 日期格式图片在转换整个输入字符串之前结束
2019-07-01 21:11:25,852 - root - ERROR - utils  - 178 - JD(100001667527)报错信息：数据库保存/更新失败
Traceback (most recent call last):
  File "C:\Users\BruceChen\Desktop\Demo\reviews\JD\jd_review.py", line 171, in save_data
    c.execute(sql)
cx_Oracle.DatabaseError: ORA-01830: 日期格式图片在转换整个输入字符串之前结束
2019-07-01 21:11:25,855 - root - ERROR - utils  - 178 - JD(100001667527)报错信息：数据库保存/更新失败
Traceback (most recent call last):
  File "C:\Users\BruceChen\Desktop\Demo\reviews\JD\jd_review.py", line 171, in save_data
    c.execute(sql)
cx_Oracle.DatabaseError: ORA-01830: 日期格式图片在转换整个输入字符串之前结束
2019-07-01 21:11:25,859 - root - ERROR - utils  - 178 - JD(100001667527)报错信息：数据库保存/更新失败
Traceback (most recent call last):
  File "C:\Users\BruceChen\Desktop\Demo\reviews\JD\jd_review.py", line 171, in save_data
    c.execute(sql)
cx_Oracle.DatabaseError: ORA-01830: 日期格式图片在转换整个输入字符串之前结束
2019-07-01 21:11:25,864 - root - ERROR - utils  - 178 - JD(100001667527)报错信息：数据库保存/更新失败
Traceback (most recent call last):
  File "C:\Users\BruceChen\Desktop\Demo\reviews\JD\jd_review.py", line 171, in save_data
    c.execute(sql)
cx_Oracle.DatabaseError: ORA-01830: 日期格式图片在转换整个输入字符串之前结束
2019-07-01 21:11:25,868 - root - ERROR - utils  - 178 - JD(100001667527)报错信息：数据库保存/更新失败
Traceback (most recent call last):
  File "C:\Users\BruceChen\Desktop\Demo\reviews\JD\jd_review.py", line 171, in save_data
    c.execute(sql)
cx_Oracle.DatabaseError: ORA-01830: 日期格式图片在转换整个输入字符串之前结束
2019-07-01 21:11:25,872 - root - ERROR - utils  - 178 - JD(100001667527)报错信息：数据库保存/更新失败
Traceback (most recent call last):
  File "C:\Users\BruceChen\Desktop\Demo\reviews\JD\jd_review.py", line 171, in save_data
    c.execute(sql)
cx_Oracle.DatabaseError: ORA-01830: 日期格式图片在转换整个输入字符串之前结束
2019-07-01 21:11:25,876 - root - ERROR - utils  - 178 - JD(100001667527)报错信息：数据库保存/更新失败
Traceback (most recent call last):
  File "C:\Users\BruceChen\Desktop\Demo\reviews\JD\jd_review.py", line 171, in save_data
    c.execute(sql)
cx_Oracle.DatabaseError: ORA-01830: 日期格式图片在转换整个输入字符串之前结束
2019-07-01 21:11:25,880 - root - ERROR - utils  - 178 - JD(100001667527)报错信息：数据库保存/更新失败
Traceback (most recent call last):
  File "C:\Users\BruceChen\Desktop\Demo\reviews\JD\jd_review.py", line 171, in save_data
    c.execute(sql)
cx_Oracle.DatabaseError: ORA-01830: 日期格式图片在转换整个输入字符串之前结束
2019-07-01 21:11:25,883 - root - ERROR - utils  - 178 - JD(100001667527)报错信息：数据库保存/更新失败
Traceback (most recent call last):
  File "C:\Users\BruceChen\Desktop\Demo\reviews\JD\jd_review.py", line 171, in save_data
    c.execute(sql)
cx_Oracle.DatabaseError: ORA-01830: 日期格式图片在转换整个输入字符串之前结束
2019-07-01 21:11:25,888 - root - ERROR - utils  - 178 - JD(100001667527)报错信息：数据库保存/更新失败
Traceback (most recent call last):
  File "C:\Users\BruceChen\Desktop\Demo\reviews\JD\jd_review.py", line 171, in save_data
    c.execute(sql)
cx_Oracle.DatabaseError: ORA-01830: 日期格式图片在转换整个输入字符串之前结束
2019-07-01 21:11:25,891 - root - ERROR - utils  - 178 - JD(100001667527)报错信息：数据库保存/更新失败
Traceback (most recent call last):
  File "C:\Users\BruceChen\Desktop\Demo\reviews\JD\jd_review.py", line 171, in save_data
    c.execute(sql)
cx_Oracle.DatabaseError: ORA-01830: 日期格式图片在转换整个输入字符串之前结束
2019-07-01 21:11:25,896 - root - ERROR - utils  - 178 - JD(100001667527)报错信息：数据库保存/更新失败
Traceback (most recent call last):
  File "C:\Users\BruceChen\Desktop\Demo\reviews\JD\jd_review.py", line 171, in save_data
    c.execute(sql)
cx_Oracle.DatabaseError: ORA-01830: 日期格式图片在转换整个输入字符串之前结束
2019-07-01 21:11:25,900 - root - ERROR - utils  - 178 - JD(100001667527)报错信息：数据库保存/更新失败
Traceback (most recent call last):
  File "C:\Users\BruceChen\Desktop\Demo\reviews\JD\jd_review.py", line 171, in save_data
    c.execute(sql)
cx_Oracle.DatabaseError: ORA-01830: 日期格式图片在转换整个输入字符串之前结束
2019-07-01 21:11:25,904 - root - ERROR - utils  - 178 - JD(100001667527)报错信息：数据库保存/更新失败
Traceback (most recent call last):
  File "C:\Users\BruceChen\Desktop\Demo\reviews\JD\jd_review.py", line 171, in save_data
    c.execute(sql)
cx_Oracle.DatabaseError: ORA-01830: 日期格式图片在转换整个输入字符串之前结束
2019-07-01 21:11:25,908 - root - ERROR - utils  - 178 - JD(100001667527)报错信息：数据库保存/更新失败
Traceback (most recent call last):
  File "C:\Users\BruceChen\Desktop\Demo\reviews\JD\jd_review.py", line 171, in save_data
    c.execute(sql)
cx_Oracle.DatabaseError: ORA-01830: 日期格式图片在转换整个输入字符串之前结束
2019-07-01 21:11:25,912 - root - ERROR - utils  - 178 - JD(100001667527)报错信息：数据库保存/更新失败
Traceback (most recent call last):
  File "C:\Users\BruceChen\Desktop\Demo\reviews\JD\jd_review.py", line 171, in save_data
    c.execute(sql)
cx_Oracle.DatabaseError: ORA-01830: 日期格式图片在转换整个输入字符串之前结束
2019-07-01 21:11:25,916 - root - ERROR - utils  - 178 - JD(100001667527)报错信息：数据库保存/更新失败
Traceback (most recent call last):
  File "C:\Users\BruceChen\Desktop\Demo\reviews\JD\jd_review.py", line 171, in save_data
    c.execute(sql)
cx_Oracle.DatabaseError: ORA-01830: 日期格式图片在转换整个输入字符串之前结束
2019-07-01 21:11:25,920 - root - ERROR - utils  - 178 - JD(100001667527)报错信息：数据库保存/更新失败
Traceback (most recent call last):
  File "C:\Users\BruceChen\Desktop\Demo\reviews\JD\jd_review.py", line 171, in save_data
    c.execute(sql)
cx_Oracle.DatabaseError: ORA-01830: 日期格式图片在转换整个输入字符串之前结束
2019-07-01 21:11:25,924 - root - ERROR - utils  - 178 - JD(100001667527)报错信息：数据库保存/更新失败
Traceback (most recent call last):
  File "C:\Users\BruceChen\Desktop\Demo\reviews\JD\jd_review.py", line 171, in save_data
    c.execute(sql)
cx_Oracle.DatabaseError: ORA-01830: 日期格式图片在转换整个输入字符串之前结束
2019-07-01 21:11:25,928 - root - ERROR - utils  - 178 - JD(100001667527)报错信息：数据库保存/更新失败
Traceback (most recent call last):
  File "C:\Users\BruceChen\Desktop\Demo\reviews\JD\jd_review.py", line 171, in save_data
    c.execute(sql)
cx_Oracle.DatabaseError: ORA-01830: 日期格式图片在转换整个输入字符串之前结束
2019-07-01 21:11:25,931 - root - ERROR - utils  - 178 - JD(100001667527)报错信息：数据库保存/更新失败
Traceback (most recent call last):
  File "C:\Users\BruceChen\Desktop\Demo\reviews\JD\jd_review.py", line 171, in save_data
    c.execute(sql)
cx_Oracle.DatabaseError: ORA-01830: 日期格式图片在转换整个输入字符串之前结束
2019-07-01 21:11:25,936 - root - ERROR - utils  - 178 - JD(100001667527)报错信息：数据库保存/更新失败
Traceback (most recent call last):
  File "C:\Users\BruceChen\Desktop\Demo\reviews\JD\jd_review.py", line 171, in save_data
    c.execute(sql)
cx_Oracle.DatabaseError: ORA-01830: 日期格式图片在转换整个输入字符串之前结束
2019-07-01 21:11:25,940 - root - ERROR - utils  - 178 - JD(100001667527)报错信息：数据库保存/更新失败
Traceback (most recent call last):
  File "C:\Users\BruceChen\Desktop\Demo\reviews\JD\jd_review.py", line 171, in save_data
    c.execute(sql)
cx_Oracle.DatabaseError: ORA-01830: 日期格式图片在转换整个输入字符串之前结束
2019-07-01 21:11:25,944 - root - ERROR - utils  - 178 - JD(100001667527)报错信息：数据库保存/更新失败
Traceback (most recent call last):
  File "C:\Users\BruceChen\Desktop\Demo\reviews\JD\jd_review.py", line 171, in save_data
    c.execute(sql)
cx_Oracle.DatabaseError: ORA-01830: 日期格式图片在转换整个输入字符串之前结束
2019-07-01 21:11:25,950 - root - ERROR - utils  - 178 - JD(100001667527)报错信息：数据库保存/更新失败
Traceback (most recent call last):
  File "C:\Users\BruceChen\Desktop\Demo\reviews\JD\jd_review.py", line 171, in save_data
    c.execute(sql)
cx_Oracle.DatabaseError: ORA-01830: 日期格式图片在转换整个输入字符串之前结束
2019-07-01 21:11:25,954 - root - ERROR - utils  - 178 - JD(100001667527)报错信息：数据库保存/更新失败
Traceback (most recent call last):
  File "C:\Users\BruceChen\Desktop\Demo\reviews\JD\jd_review.py", line 171, in save_data
    c.execute(sql)
cx_Oracle.DatabaseError: ORA-01830: 日期格式图片在转换整个输入字符串之前结束
2019-07-01 21:11:25,957 - root - ERROR - utils  - 178 - JD(100001667527)报错信息：数据库保存/更新失败
Traceback (most recent call last):
  File "C:\Users\BruceChen\Desktop\Demo\reviews\JD\jd_review.py", line 171, in save_data
    c.execute(sql)
cx_Oracle.DatabaseError: ORA-01830: 日期格式图片在转换整个输入字符串之前结束
2019-07-01 21:11:25,961 - root - ERROR - utils  - 178 - JD(100001667527)报错信息：数据库保存/更新失败
Traceback (most recent call last):
  File "C:\Users\BruceChen\Desktop\Demo\reviews\JD\jd_review.py", line 171, in save_data
    c.execute(sql)
cx_Oracle.DatabaseError: ORA-01830: 日期格式图片在转换整个输入字符串之前结束
2019-07-01 21:11:25,965 - root - ERROR - utils  - 178 - JD(100001667527)报错信息：数据库保存/更新失败
Traceback (most recent call last):
  File "C:\Users\BruceChen\Desktop\Demo\reviews\JD\jd_review.py", line 171, in save_data
    c.execute(sql)
cx_Oracle.DatabaseError: ORA-01830: 日期格式图片在转换整个输入字符串之前结束
2019-07-01 21:11:25,969 - root - ERROR - utils  - 178 - JD(100001667527)报错信息：数据库保存/更新失败
Traceback (most recent call last):
  File "C:\Users\BruceChen\Desktop\Demo\reviews\JD\jd_review.py", line 171, in save_data
    c.execute(sql)
cx_Oracle.DatabaseError: ORA-01830: 日期格式图片在转换整个输入字符串之前结束
2019-07-01 21:11:25,973 - root - ERROR - utils  - 178 - JD(100001667527)报错信息：数据库保存/更新失败
Traceback (most recent call last):
  File "C:\Users\BruceChen\Desktop\Demo\reviews\JD\jd_review.py", line 171, in save_data
    c.execute(sql)
cx_Oracle.DatabaseError: ORA-01830: 日期格式图片在转换整个输入字符串之前结束
2019-07-01 21:11:25,976 - root - ERROR - utils  - 178 - JD(100001667527)报错信息：数据库保存/更新失败
Traceback (most recent call last):
  File "C:\Users\BruceChen\Desktop\Demo\reviews\JD\jd_review.py", line 171, in save_data
    c.execute(sql)
cx_Oracle.DatabaseError: ORA-01830: 日期格式图片在转换整个输入字符串之前结束
2019-07-01 21:11:25,980 - root - ERROR - utils  - 178 - JD(100001667527)报错信息：数据库保存/更新失败
Traceback (most recent call last):
  File "C:\Users\BruceChen\Desktop\Demo\reviews\JD\jd_review.py", line 171, in save_data
    c.execute(sql)
cx_Oracle.DatabaseError: ORA-01830: 日期格式图片在转换整个输入字符串之前结束
2019-07-01 21:11:25,984 - root - ERROR - utils  - 178 - JD(100001667527)报错信息：数据库保存/更新失败
Traceback (most recent call last):
  File "C:\Users\BruceChen\Desktop\Demo\reviews\JD\jd_review.py", line 171, in save_data
    c.execute(sql)
cx_Oracle.DatabaseError: ORA-01830: 日期格式图片在转换整个输入字符串之前结束
2019-07-01 21:11:25,988 - root - ERROR - utils  - 178 - JD(100001667527)报错信息：数据库保存/更新失败
Traceback (most recent call last):
  File "C:\Users\BruceChen\Desktop\Demo\reviews\JD\jd_review.py", line 171, in save_data
    c.execute(sql)
cx_Oracle.DatabaseError: ORA-01830: 日期格式图片在转换整个输入字符串之前结束
2019-07-01 21:11:25,992 - root - ERROR - utils  - 178 - JD(100001667527)报错信息：数据库保存/更新失败
Traceback (most recent call last):
  File "C:\Users\BruceChen\Desktop\Demo\reviews\JD\jd_review.py", line 171, in save_data
    c.execute(sql)
cx_Oracle.DatabaseError: ORA-01830: 日期格式图片在转换整个输入字符串之前结束
2019-07-01 21:11:25,995 - root - ERROR - utils  - 178 - JD(100001667527)报错信息：数据库保存/更新失败
Traceback (most recent call last):
  File "C:\Users\BruceChen\Desktop\Demo\reviews\JD\jd_review.py", line 171, in save_data
    c.execute(sql)
cx_Oracle.DatabaseError: ORA-01830: 日期格式图片在转换整个输入字符串之前结束
2019-07-01 21:11:26,000 - root - ERROR - utils  - 178 - JD(100001667527)报错信息：数据库保存/更新失败
Traceback (most recent call last):
  File "C:\Users\BruceChen\Desktop\Demo\reviews\JD\jd_review.py", line 171, in save_data
    c.execute(sql)
cx_Oracle.DatabaseError: ORA-01830: 日期格式图片在转换整个输入字符串之前结束
2019-07-01 21:11:26,006 - root - ERROR - utils  - 178 - JD(100001667527)报错信息：数据库保存/更新失败
Traceback (most recent call last):
  File "C:\Users\BruceChen\Desktop\Demo\reviews\JD\jd_review.py", line 171, in save_data
    c.execute(sql)
cx_Oracle.DatabaseError: ORA-01830: 日期格式图片在转换整个输入字符串之前结束
2019-07-01 21:11:26,011 - root - ERROR - utils  - 178 - JD(100001667527)报错信息：数据库保存/更新失败
Traceback (most recent call last):
  File "C:\Users\BruceChen\Desktop\Demo\reviews\JD\jd_review.py", line 171, in save_data
    c.execute(sql)
cx_Oracle.DatabaseError: ORA-01830: 日期格式图片在转换整个输入字符串之前结束
2019-07-01 21:11:26,015 - root - ERROR - utils  - 178 - JD(100001667527)报错信息：数据库保存/更新失败
Traceback (most recent call last):
  File "C:\Users\BruceChen\Desktop\Demo\reviews\JD\jd_review.py", line 171, in save_data
    c.execute(sql)
cx_Oracle.DatabaseError: ORA-01830: 日期格式图片在转换整个输入字符串之前结束
2019-07-01 21:11:26,019 - root - ERROR - utils  - 178 - JD(100001667527)报错信息：数据库保存/更新失败
Traceback (most recent call last):
  File "C:\Users\BruceChen\Desktop\Demo\reviews\JD\jd_review.py", line 171, in save_data
    c.execute(sql)
cx_Oracle.DatabaseError: ORA-01830: 日期格式图片在转换整个输入字符串之前结束
2019-07-01 21:11:26,023 - root - ERROR - utils  - 178 - JD(100001667527)报错信息：数据库保存/更新失败
Traceback (most recent call last):
  File "C:\Users\BruceChen\Desktop\Demo\reviews\JD\jd_review.py", line 171, in save_data
    c.execute(sql)
cx_Oracle.DatabaseError: ORA-01830: 日期格式图片在转换整个输入字符串之前结束
2019-07-01 21:11:36,034 - root - ERROR - utils  - 178 - JD(100002361195)报错信息：数据库保存/更新失败
Traceback (most recent call last):
  File "C:\Users\BruceChen\Desktop\Demo\reviews\JD\jd_review.py", line 171, in save_data
    c.execute(sql)
cx_Oracle.DatabaseError: ORA-01830: 日期格式图片在转换整个输入字符串之前结束
2019-07-01 21:11:36,041 - root - ERROR - utils  - 178 - JD(100002361195)报错信息：数据库保存/更新失败
Traceback (most recent call last):
  File "C:\Users\BruceChen\Desktop\Demo\reviews\JD\jd_review.py", line 171, in save_data
    c.execute(sql)
cx_Oracle.DatabaseError: ORA-01830: 日期格式图片在转换整个输入字符串之前结束
2019-07-01 21:11:36,048 - root - ERROR - utils  - 178 - JD(100002361195)报错信息：数据库保存/更新失败
Traceback (most recent call last):
  File "C:\Users\BruceChen\Desktop\Demo\reviews\JD\jd_review.py", line 171, in save_data
    c.execute(sql)
cx_Oracle.DatabaseError: ORA-01830: 日期格式图片在转换整个输入字符串之前结束
2019-07-01 21:11:36,055 - root - ERROR - utils  - 178 - JD(100002361195)报错信息：数据库保存/更新失败
Traceback (most recent call last):
  File "C:\Users\BruceChen\Desktop\Demo\reviews\JD\jd_review.py", line 171, in save_data
    c.execute(sql)
cx_Oracle.DatabaseError: ORA-01830: 日期格式图片在转换整个输入字符串之前结束
2019-07-01 21:11:36,062 - root - ERROR - utils  - 178 - JD(100002361195)报错信息：数据库保存/更新失败
Traceback (most recent call last):
  File "C:\Users\BruceChen\Desktop\Demo\reviews\JD\jd_review.py", line 171, in save_data
    c.execute(sql)
cx_Oracle.DatabaseError: ORA-01830: 日期格式图片在转换整个输入字符串之前结束
2019-07-01 21:11:36,069 - root - ERROR - utils  - 178 - JD(100002361195)报错信息：数据库保存/更新失败
Traceback (most recent call last):
  File "C:\Users\BruceChen\Desktop\Demo\reviews\JD\jd_review.py", line 171, in save_data
    c.execute(sql)
cx_Oracle.DatabaseError: ORA-01830: 日期格式图片在转换整个输入字符串之前结束
2019-07-01 21:11:36,076 - root - ERROR - utils  - 178 - JD(100002361195)报错信息：数据库保存/更新失败
Traceback (most recent call last):
  File "C:\Users\BruceChen\Desktop\Demo\reviews\JD\jd_review.py", line 171, in save_data
    c.execute(sql)
cx_Oracle.DatabaseError: ORA-01830: 日期格式图片在转换整个输入字符串之前结束
2019-07-01 21:11:36,083 - root - ERROR - utils  - 178 - JD(100002361195)报错信息：数据库保存/更新失败
Traceback (most recent call last):
  File "C:\Users\BruceChen\Desktop\Demo\reviews\JD\jd_review.py", line 171, in save_data
    c.execute(sql)
cx_Oracle.DatabaseError: ORA-01830: 日期格式图片在转换整个输入字符串之前结束
2019-07-01 21:11:36,089 - root - ERROR - utils  - 178 - JD(100002361195)报错信息：数据库保存/更新失败
Traceback (most recent call last):
  File "C:\Users\BruceChen\Desktop\Demo\reviews\JD\jd_review.py", line 171, in save_data
    c.execute(sql)
cx_Oracle.DatabaseError: ORA-01830: 日期格式图片在转换整个输入字符串之前结束
2019-07-01 21:11:36,096 - root - ERROR - utils  - 178 - JD(100002361195)报错信息：数据库保存/更新失败
Traceback (most recent call last):
  File "C:\Users\BruceChen\Desktop\Demo\reviews\JD\jd_review.py", line 171, in save_data
    c.execute(sql)
cx_Oracle.DatabaseError: ORA-01830: 日期格式图片在转换整个输入字符串之前结束
2019-07-01 21:11:36,103 - root - ERROR - utils  - 178 - JD(100002361195)报错信息：数据库保存/更新失败
Traceback (most recent call last):
  File "C:\Users\BruceChen\Desktop\Demo\reviews\JD\jd_review.py", line 171, in save_data
    c.execute(sql)
cx_Oracle.DatabaseError: ORA-01830: 日期格式图片在转换整个输入字符串之前结束
2019-07-01 21:11:36,109 - root - ERROR - utils  - 178 - JD(100002361195)报错信息：数据库保存/更新失败
Traceback (most recent call last):
  File "C:\Users\BruceChen\Desktop\Demo\reviews\JD\jd_review.py", line 171, in save_data
    c.execute(sql)
cx_Oracle.DatabaseError: ORA-01830: 日期格式图片在转换整个输入字符串之前结束
2019-07-01 21:11:36,116 - root - ERROR - utils  - 178 - JD(100002361195)报错信息：数据库保存/更新失败
Traceback (most recent call last):
  File "C:\Users\BruceChen\Desktop\Demo\reviews\JD\jd_review.py", line 171, in save_data
    c.execute(sql)
cx_Oracle.DatabaseError: ORA-01830: 日期格式图片在转换整个输入字符串之前结束
2019-07-01 21:11:36,123 - root - ERROR - utils  - 178 - JD(100002361195)报错信息：数据库保存/更新失败
Traceback (most recent call last):
  File "C:\Users\BruceChen\Desktop\Demo\reviews\JD\jd_review.py", line 171, in save_data
    c.execute(sql)
cx_Oracle.DatabaseError: ORA-01830: 日期格式图片在转换整个输入字符串之前结束
2019-07-01 21:11:36,128 - root - ERROR - utils  - 178 - JD(100002361195)报错信息：数据库保存/更新失败
Traceback (most recent call last):
  File "C:\Users\BruceChen\Desktop\Demo\reviews\JD\jd_review.py", line 171, in save_data
    c.execute(sql)
cx_Oracle.DatabaseError: ORA-01830: 日期格式图片在转换整个输入字符串之前结束
2019-07-01 21:11:36,134 - root - ERROR - utils  - 178 - JD(100002361195)报错信息：数据库保存/更新失败
Traceback (most recent call last):
  File "C:\Users\BruceChen\Desktop\Demo\reviews\JD\jd_review.py", line 171, in save_data
    c.execute(sql)
cx_Oracle.DatabaseError: ORA-01830: 日期格式图片在转换整个输入字符串之前结束
2019-07-01 21:11:36,139 - root - ERROR - utils  - 178 - JD(100002361195)报错信息：数据库保存/更新失败
Traceback (most recent call last):
  File "C:\Users\BruceChen\Desktop\Demo\reviews\JD\jd_review.py", line 171, in save_data
    c.execute(sql)
cx_Oracle.DatabaseError: ORA-01830: 日期格式图片在转换整个输入字符串之前结束
2019-07-01 21:11:36,144 - root - ERROR - utils  - 178 - JD(100002361195)报错信息：数据库保存/更新失败
Traceback (most recent call last):
  File "C:\Users\BruceChen\Desktop\Demo\reviews\JD\jd_review.py", line 171, in save_data
    c.execute(sql)
cx_Oracle.DatabaseError: ORA-01830: 日期格式图片在转换整个输入字符串之前结束
2019-07-01 21:11:36,149 - root - ERROR - utils  - 178 - JD(100002361195)报错信息：数据库保存/更新失败
Traceback (most recent call last):
  File "C:\Users\BruceChen\Desktop\Demo\reviews\JD\jd_review.py", line 171, in save_data
    c.execute(sql)
cx_Oracle.DatabaseError: ORA-01830: 日期格式图片在转换整个输入字符串之前结束
2019-07-01 21:11:36,154 - root - ERROR - utils  - 178 - JD(100002361195)报错信息：数据库保存/更新失败
Traceback (most recent call last):
  File "C:\Users\BruceChen\Desktop\Demo\reviews\JD\jd_review.py", line 171, in save_data
    c.execute(sql)
cx_Oracle.DatabaseError: ORA-01830: 日期格式图片在转换整个输入字符串之前结束
2019-07-01 21:11:36,159 - root - ERROR - utils  - 178 - JD(100002361195)报错信息：数据库保存/更新失败
Traceback (most recent call last):
  File "C:\Users\BruceChen\Desktop\Demo\reviews\JD\jd_review.py", line 171, in save_data
    c.execute(sql)
cx_Oracle.DatabaseError: ORA-01830: 日期格式图片在转换整个输入字符串之前结束
2019-07-01 21:11:36,164 - root - ERROR - utils  - 178 - JD(100002361195)报错信息：数据库保存/更新失败
Traceback (most recent call last):
  File "C:\Users\BruceChen\Desktop\Demo\reviews\JD\jd_review.py", line 171, in save_data
    c.execute(sql)
cx_Oracle.DatabaseError: ORA-01830: 日期格式图片在转换整个输入字符串之前结束
2019-07-01 21:11:36,169 - root - ERROR - utils  - 178 - JD(100002361195)报错信息：数据库保存/更新失败
Traceback (most recent call last):
  File "C:\Users\BruceChen\Desktop\Demo\reviews\JD\jd_review.py", line 171, in save_data
    c.execute(sql)
cx_Oracle.DatabaseError: ORA-01830: 日期格式图片在转换整个输入字符串之前结束
2019-07-01 21:11:36,175 - root - ERROR - utils  - 178 - JD(100002361195)报错信息：数据库保存/更新失败
Traceback (most recent call last):
  File "C:\Users\BruceChen\Desktop\Demo\reviews\JD\jd_review.py", line 171, in save_data
    c.execute(sql)
cx_Oracle.DatabaseError: ORA-01830: 日期格式图片在转换整个输入字符串之前结束
2019-07-01 21:11:36,180 - root - ERROR - utils  - 178 - JD(100002361195)报错信息：数据库保存/更新失败
Traceback (most recent call last):
  File "C:\Users\BruceChen\Desktop\Demo\reviews\JD\jd_review.py", line 171, in save_data
    c.execute(sql)
cx_Oracle.DatabaseError: ORA-01830: 日期格式图片在转换整个输入字符串之前结束
2019-07-01 21:11:36,184 - root - ERROR - utils  - 178 - JD(100002361195)报错信息：数据库保存/更新失败
Traceback (most recent call last):
  File "C:\Users\BruceChen\Desktop\Demo\reviews\JD\jd_review.py", line 171, in save_data
    c.execute(sql)
cx_Oracle.DatabaseError: ORA-01830: 日期格式图片在转换整个输入字符串之前结束
2019-07-01 21:11:36,190 - root - ERROR - utils  - 178 - JD(100002361195)报错信息：数据库保存/更新失败
Traceback (most recent call last):
  File "C:\Users\BruceChen\Desktop\Demo\reviews\JD\jd_review.py", line 171, in save_data
    c.execute(sql)
cx_Oracle.DatabaseError: ORA-01830: 日期格式图片在转换整个输入字符串之前结束
