2019-06-27 10:41:57,876 - root - ERROR - utils  - 150 - Teuful(cage-p16427)报错信息：保存失败
Traceback (most recent call last):
  File "C:\Users\BruceChen\Desktop\Demo\reviews\utils.py", line 159, in save_db
    c.execute(sql)
cx_Oracle.DatabaseError: ORA-01830: 日期格式图片在转换整个输入字符串之前结束
2019-06-27 10:41:57,968 - root - ERROR - utils  - 150 - Teuful(cage-p16427)报错信息：保存失败
Traceback (most recent call last):
  File "C:\Users\BruceChen\Desktop\Demo\reviews\utils.py", line 159, in save_db
    c.execute(sql)
cx_Oracle.DatabaseError: ORA-01830: 日期格式图片在转换整个输入字符串之前结束
2019-06-27 10:41:58,125 - root - ERROR - utils  - 150 - Teuful(cage-p16427)报错信息：保存失败
Traceback (most recent call last):
  File "C:\Users\BruceChen\Desktop\Demo\reviews\utils.py", line 159, in save_db
    c.execute(sql)
cx_Oracle.DatabaseError: ORA-01830: 日期格式图片在转换整个输入字符串之前结束
2019-06-27 10:41:58,275 - root - ERROR - utils  - 150 - Teuful(cage-p16427)报错信息：保存失败
Traceback (most recent call last):
  File "C:\Users\BruceChen\Desktop\Demo\reviews\utils.py", line 159, in save_db
    c.execute(sql)
UnicodeEncodeError: 'gbk' codec can't encode character '\xdc' in position 268: illegal multibyte sequence
2019-06-27 10:41:58,414 - root - ERROR - utils  - 150 - Teuful(cage-p16427)报错信息：保存失败
Traceback (most recent call last):
  File "C:\Users\BruceChen\Desktop\Demo\reviews\utils.py", line 159, in save_db
    c.execute(sql)
cx_Oracle.DatabaseError: ORA-01830: 日期格式图片在转换整个输入字符串之前结束
2019-06-27 10:41:59,683 - root - ERROR - utils  - 150 - Teuful(cage-p16427)报错信息：保存失败
Traceback (most recent call last):
  File "C:\Users\BruceChen\Desktop\Demo\reviews\utils.py", line 159, in save_db
    c.execute(sql)
cx_Oracle.DatabaseError: ORA-01830: 日期格式图片在转换整个输入字符串之前结束
2019-06-27 10:41:59,817 - root - ERROR - utils  - 150 - Teuful(cage-p16427)报错信息：保存失败
Traceback (most recent call last):
  File "C:\Users\BruceChen\Desktop\Demo\reviews\utils.py", line 159, in save_db
    c.execute(sql)
cx_Oracle.DatabaseError: ORA-01830: 日期格式图片在转换整个输入字符串之前结束
2019-06-27 10:41:59,998 - root - ERROR - utils  - 150 - Teuful(cage-p16427)报错信息：保存失败
Traceback (most recent call last):
  File "C:\Users\BruceChen\Desktop\Demo\reviews\utils.py", line 159, in save_db
    c.execute(sql)
cx_Oracle.DatabaseError: ORA-01830: 日期格式图片在转换整个输入字符串之前结束
2019-06-27 10:42:00,134 - root - ERROR - utils  - 150 - Teuful(cage-p16427)报错信息：保存失败
Traceback (most recent call last):
  File "C:\Users\BruceChen\Desktop\Demo\reviews\utils.py", line 159, in save_db
    c.execute(sql)
cx_Oracle.DatabaseError: ORA-01830: 日期格式图片在转换整个输入字符串之前结束
2019-06-27 10:42:00,218 - root - ERROR - utils  - 150 - Teuful(cage-p16427)报错信息：保存失败
Traceback (most recent call last):
  File "C:\Users\BruceChen\Desktop\Demo\reviews\utils.py", line 159, in save_db
    c.execute(sql)
cx_Oracle.DatabaseError: ORA-01830: 日期格式图片在转换整个输入字符串之前结束
2019-06-27 10:42:01,485 - root - ERROR - utils  - 150 - Teuful(cage-p16427)报错信息：保存失败
Traceback (most recent call last):
  File "C:\Users\BruceChen\Desktop\Demo\reviews\utils.py", line 159, in save_db
    c.execute(sql)
cx_Oracle.DatabaseError: ORA-01830: 日期格式图片在转换整个输入字符串之前结束
2019-06-27 10:42:01,629 - root - ERROR - utils  - 150 - Teuful(cage-p16427)报错信息：保存失败
Traceback (most recent call last):
  File "C:\Users\BruceChen\Desktop\Demo\reviews\utils.py", line 159, in save_db
    c.execute(sql)
cx_Oracle.DatabaseError: ORA-01830: 日期格式图片在转换整个输入字符串之前结束
2019-06-27 10:42:01,707 - root - ERROR - utils  - 150 - Teuful(cage-p16427)报错信息：保存失败
Traceback (most recent call last):
  File "C:\Users\BruceChen\Desktop\Demo\reviews\utils.py", line 159, in save_db
    c.execute(sql)
UnicodeEncodeError: 'gbk' codec can't encode character '\xf6' in position 280: illegal multibyte sequence
2019-06-27 10:42:01,835 - root - ERROR - utils  - 150 - Teuful(cage-p16427)报错信息：保存失败
Traceback (most recent call last):
  File "C:\Users\BruceChen\Desktop\Demo\reviews\utils.py", line 159, in save_db
    c.execute(sql)
cx_Oracle.DatabaseError: ORA-01830: 日期格式图片在转换整个输入字符串之前结束
2019-06-27 10:42:01,915 - root - ERROR - utils  - 150 - Teuful(cage-p16427)报错信息：保存失败
Traceback (most recent call last):
  File "C:\Users\BruceChen\Desktop\Demo\reviews\utils.py", line 159, in save_db
    c.execute(sql)
UnicodeEncodeError: 'gbk' codec can't encode character '\xf6' in position 262: illegal multibyte sequence
2019-06-27 10:42:03,104 - root - ERROR - utils  - 150 - Teuful(cage-p16427)报错信息：保存失败
Traceback (most recent call last):
  File "C:\Users\BruceChen\Desktop\Demo\reviews\utils.py", line 159, in save_db
    c.execute(sql)
UnicodeEncodeError: 'gbk' codec can't encode character '\xf6' in position 264: illegal multibyte sequence
2019-06-27 10:42:03,247 - root - ERROR - utils  - 150 - Teuful(cage-p16427)报错信息：保存失败
Traceback (most recent call last):
  File "C:\Users\BruceChen\Desktop\Demo\reviews\utils.py", line 159, in save_db
    c.execute(sql)
cx_Oracle.DatabaseError: ORA-01830: 日期格式图片在转换整个输入字符串之前结束
2019-06-27 10:42:03,358 - root - ERROR - utils  - 150 - Teuful(cage-p16427)报错信息：保存失败
Traceback (most recent call last):
  File "C:\Users\BruceChen\Desktop\Demo\reviews\utils.py", line 159, in save_db
    c.execute(sql)
UnicodeEncodeError: 'gbk' codec can't encode character '\xe4' in position 281: illegal multibyte sequence
2019-06-27 10:42:03,445 - root - ERROR - utils  - 150 - Teuful(cage-p16427)报错信息：保存失败
Traceback (most recent call last):
  File "C:\Users\BruceChen\Desktop\Demo\reviews\utils.py", line 159, in save_db
    c.execute(sql)
cx_Oracle.DatabaseError: ORA-01830: 日期格式图片在转换整个输入字符串之前结束
2019-06-27 10:42:03,540 - root - ERROR - utils  - 150 - Teuful(cage-p16427)报错信息：保存失败
Traceback (most recent call last):
  File "C:\Users\BruceChen\Desktop\Demo\reviews\utils.py", line 159, in save_db
    c.execute(sql)
cx_Oracle.DatabaseError: ORA-01830: 日期格式图片在转换整个输入字符串之前结束
2019-06-27 10:42:04,800 - root - ERROR - utils  - 150 - Teuful(cage-p16427)报错信息：保存失败
Traceback (most recent call last):
  File "C:\Users\BruceChen\Desktop\Demo\reviews\utils.py", line 159, in save_db
    c.execute(sql)
UnicodeEncodeError: 'gbk' codec can't encode character '\xf6' in position 279: illegal multibyte sequence
2019-06-27 10:42:04,882 - root - ERROR - utils  - 150 - Teuful(cage-p16427)报错信息：保存失败
Traceback (most recent call last):
  File "C:\Users\BruceChen\Desktop\Demo\reviews\utils.py", line 159, in save_db
    c.execute(sql)
cx_Oracle.DatabaseError: ORA-01830: 日期格式图片在转换整个输入字符串之前结束
2019-06-27 10:42:04,973 - root - ERROR - utils  - 150 - Teuful(cage-p16427)报错信息：保存失败
Traceback (most recent call last):
  File "C:\Users\BruceChen\Desktop\Demo\reviews\utils.py", line 159, in save_db
    c.execute(sql)
cx_Oracle.DatabaseError: ORA-01830: 日期格式图片在转换整个输入字符串之前结束
2019-06-27 10:42:05,073 - root - ERROR - utils  - 150 - Teuful(cage-p16427)报错信息：保存失败
Traceback (most recent call last):
  File "C:\Users\BruceChen\Desktop\Demo\reviews\utils.py", line 159, in save_db
    c.execute(sql)
cx_Oracle.DatabaseError: ORA-01830: 日期格式图片在转换整个输入字符串之前结束
2019-06-27 10:42:05,218 - root - ERROR - utils  - 150 - Teuful(cage-p16427)报错信息：保存失败
Traceback (most recent call last):
  File "C:\Users\BruceChen\Desktop\Demo\reviews\utils.py", line 159, in save_db
    c.execute(sql)
cx_Oracle.DatabaseError: ORA-01830: 日期格式图片在转换整个输入字符串之前结束
2019-06-27 10:42:06,473 - root - ERROR - utils  - 150 - Teuful(cage-p16427)报错信息：保存失败
Traceback (most recent call last):
  File "C:\Users\BruceChen\Desktop\Demo\reviews\utils.py", line 159, in save_db
    c.execute(sql)
cx_Oracle.DatabaseError: ORA-01830: 日期格式图片在转换整个输入字符串之前结束
2019-06-27 10:42:06,558 - root - ERROR - utils  - 150 - Teuful(cage-p16427)报错信息：保存失败
Traceback (most recent call last):
  File "C:\Users\BruceChen\Desktop\Demo\reviews\utils.py", line 159, in save_db
    c.execute(sql)
cx_Oracle.DatabaseError: ORA-01830: 日期格式图片在转换整个输入字符串之前结束
2019-06-27 10:42:06,689 - root - ERROR - utils  - 150 - Teuful(cage-p16427)报错信息：保存失败
Traceback (most recent call last):
  File "C:\Users\BruceChen\Desktop\Demo\reviews\utils.py", line 159, in save_db
    c.execute(sql)
cx_Oracle.DatabaseError: ORA-01830: 日期格式图片在转换整个输入字符串之前结束
2019-06-27 10:42:06,827 - root - ERROR - utils  - 150 - Teuful(cage-p16427)报错信息：保存失败
Traceback (most recent call last):
  File "C:\Users\BruceChen\Desktop\Demo\reviews\utils.py", line 159, in save_db
    c.execute(sql)
cx_Oracle.DatabaseError: ORA-01830: 日期格式图片在转换整个输入字符串之前结束
2019-06-27 10:42:06,919 - root - ERROR - utils  - 150 - Teuful(cage-p16427)报错信息：保存失败
Traceback (most recent call last):
  File "C:\Users\BruceChen\Desktop\Demo\reviews\utils.py", line 159, in save_db
    c.execute(sql)
cx_Oracle.DatabaseError: ORA-01830: 日期格式图片在转换整个输入字符串之前结束
2019-06-27 10:42:08,167 - root - ERROR - utils  - 150 - Teuful(cage-p16427)报错信息：保存失败
Traceback (most recent call last):
  File "C:\Users\BruceChen\Desktop\Demo\reviews\utils.py", line 159, in save_db
    c.execute(sql)
UnicodeEncodeError: 'gbk' codec can't encode character '\xe4' in position 278: illegal multibyte sequence
2019-06-27 10:42:08,290 - root - ERROR - utils  - 150 - Teuful(cage-p16427)报错信息：保存失败
Traceback (most recent call last):
  File "C:\Users\BruceChen\Desktop\Demo\reviews\utils.py", line 159, in save_db
    c.execute(sql)
cx_Oracle.DatabaseError: ORA-01830: 日期格式图片在转换整个输入字符串之前结束
2019-06-27 10:42:08,418 - root - ERROR - utils  - 150 - Teuful(cage-p16427)报错信息：保存失败
Traceback (most recent call last):
  File "C:\Users\BruceChen\Desktop\Demo\reviews\utils.py", line 159, in save_db
    c.execute(sql)
cx_Oracle.DatabaseError: ORA-01830: 日期格式图片在转换整个输入字符串之前结束
2019-06-27 10:42:08,563 - root - ERROR - utils  - 150 - Teuful(cage-p16427)报错信息：保存失败
Traceback (most recent call last):
  File "C:\Users\BruceChen\Desktop\Demo\reviews\utils.py", line 159, in save_db
    c.execute(sql)
cx_Oracle.DatabaseError: ORA-01830: 日期格式图片在转换整个输入字符串之前结束
2019-06-27 10:42:08,653 - root - ERROR - utils  - 150 - Teuful(cage-p16427)报错信息：保存失败
Traceback (most recent call last):
  File "C:\Users\BruceChen\Desktop\Demo\reviews\utils.py", line 159, in save_db
    c.execute(sql)
cx_Oracle.DatabaseError: ORA-01830: 日期格式图片在转换整个输入字符串之前结束
2019-06-27 10:42:09,860 - root - ERROR - utils  - 150 - Teuful(cage-p16427)报错信息：保存失败
Traceback (most recent call last):
  File "C:\Users\BruceChen\Desktop\Demo\reviews\utils.py", line 159, in save_db
    c.execute(sql)
UnicodeEncodeError: 'gbk' codec can't encode character '\xd6' in position 251: illegal multibyte sequence
2019-06-27 10:42:09,941 - root - ERROR - utils  - 150 - Teuful(cage-p16427)报错信息：保存失败
Traceback (most recent call last):
  File "C:\Users\BruceChen\Desktop\Demo\reviews\utils.py", line 159, in save_db
    c.execute(sql)
cx_Oracle.DatabaseError: ORA-01830: 日期格式图片在转换整个输入字符串之前结束
2019-06-27 10:42:10,071 - root - ERROR - utils  - 150 - Teuful(cage-p16427)报错信息：保存失败
Traceback (most recent call last):
  File "C:\Users\BruceChen\Desktop\Demo\reviews\utils.py", line 159, in save_db
    c.execute(sql)
cx_Oracle.DatabaseError: ORA-01830: 日期格式图片在转换整个输入字符串之前结束
2019-06-27 10:42:10,193 - root - ERROR - utils  - 150 - Teuful(cage-p16427)报错信息：保存失败
Traceback (most recent call last):
  File "C:\Users\BruceChen\Desktop\Demo\reviews\utils.py", line 159, in save_db
    c.execute(sql)
cx_Oracle.DatabaseError: ORA-01830: 日期格式图片在转换整个输入字符串之前结束
2019-06-27 10:42:10,326 - root - ERROR - utils  - 150 - Teuful(cage-p16427)报错信息：保存失败
Traceback (most recent call last):
  File "C:\Users\BruceChen\Desktop\Demo\reviews\utils.py", line 159, in save_db
    c.execute(sql)
cx_Oracle.DatabaseError: ORA-01830: 日期格式图片在转换整个输入字符串之前结束
2019-06-27 10:42:11,599 - root - ERROR - utils  - 150 - Teuful(cage-p16427)报错信息：保存失败
Traceback (most recent call last):
  File "C:\Users\BruceChen\Desktop\Demo\reviews\utils.py", line 159, in save_db
    c.execute(sql)
cx_Oracle.DatabaseError: ORA-01830: 日期格式图片在转换整个输入字符串之前结束
2019-06-27 10:42:11,775 - root - ERROR - utils  - 150 - Teuful(cage-p16427)报错信息：保存失败
Traceback (most recent call last):
  File "C:\Users\BruceChen\Desktop\Demo\reviews\utils.py", line 159, in save_db
    c.execute(sql)
cx_Oracle.DatabaseError: ORA-01830: 日期格式图片在转换整个输入字符串之前结束
2019-06-27 10:42:11,857 - root - ERROR - utils  - 150 - Teuful(cage-p16427)报错信息：保存失败
Traceback (most recent call last):
  File "C:\Users\BruceChen\Desktop\Demo\reviews\utils.py", line 159, in save_db
    c.execute(sql)
cx_Oracle.DatabaseError: ORA-01830: 日期格式图片在转换整个输入字符串之前结束
2019-06-27 10:42:11,970 - root - ERROR - utils  - 150 - Teuful(cage-p16427)报错信息：保存失败
Traceback (most recent call last):
  File "C:\Users\BruceChen\Desktop\Demo\reviews\utils.py", line 159, in save_db
    c.execute(sql)
UnicodeEncodeError: 'gbk' codec can't encode character '\xe4' in position 302: illegal multibyte sequence
2019-06-27 10:42:12,095 - root - ERROR - utils  - 150 - Teuful(cage-p16427)报错信息：保存失败
Traceback (most recent call last):
  File "C:\Users\BruceChen\Desktop\Demo\reviews\utils.py", line 159, in save_db
    c.execute(sql)
cx_Oracle.DatabaseError: ORA-01830: 日期格式图片在转换整个输入字符串之前结束
2019-06-27 10:42:13,344 - root - ERROR - utils  - 150 - Teuful(cage-p16427)报错信息：保存失败
Traceback (most recent call last):
  File "C:\Users\BruceChen\Desktop\Demo\reviews\utils.py", line 159, in save_db
    c.execute(sql)
UnicodeEncodeError: 'gbk' codec can't encode character '\xf6' in position 268: illegal multibyte sequence
2019-06-27 10:42:13,478 - root - ERROR - utils  - 150 - Teuful(cage-p16427)报错信息：保存失败
Traceback (most recent call last):
  File "C:\Users\BruceChen\Desktop\Demo\reviews\utils.py", line 159, in save_db
    c.execute(sql)
cx_Oracle.DatabaseError: ORA-01830: 日期格式图片在转换整个输入字符串之前结束
2019-06-27 10:42:13,612 - root - ERROR - utils  - 150 - Teuful(cage-p16427)报错信息：保存失败
Traceback (most recent call last):
  File "C:\Users\BruceChen\Desktop\Demo\reviews\utils.py", line 159, in save_db
    c.execute(sql)
UnicodeEncodeError: 'gbk' codec can't encode character '\xf6' in position 280: illegal multibyte sequence
2019-06-27 10:42:13,695 - root - ERROR - utils  - 150 - Teuful(cage-p16427)报错信息：保存失败
Traceback (most recent call last):
  File "C:\Users\BruceChen\Desktop\Demo\reviews\utils.py", line 159, in save_db
    c.execute(sql)
cx_Oracle.DatabaseError: ORA-01830: 日期格式图片在转换整个输入字符串之前结束
2019-06-27 10:42:13,846 - root - ERROR - utils  - 150 - Teuful(cage-p16427)报错信息：保存失败
Traceback (most recent call last):
  File "C:\Users\BruceChen\Desktop\Demo\reviews\utils.py", line 159, in save_db
    c.execute(sql)
cx_Oracle.DatabaseError: ORA-01830: 日期格式图片在转换整个输入字符串之前结束
2019-06-27 10:42:15,115 - root - ERROR - utils  - 150 - Teuful(cage-p16427)报错信息：保存失败
Traceback (most recent call last):
  File "C:\Users\BruceChen\Desktop\Demo\reviews\utils.py", line 159, in save_db
    c.execute(sql)
cx_Oracle.DatabaseError: ORA-01830: 日期格式图片在转换整个输入字符串之前结束
2019-06-27 10:42:15,255 - root - ERROR - utils  - 150 - Teuful(cage-p16427)报错信息：保存失败
Traceback (most recent call last):
  File "C:\Users\BruceChen\Desktop\Demo\reviews\utils.py", line 159, in save_db
    c.execute(sql)
cx_Oracle.DatabaseError: ORA-01830: 日期格式图片在转换整个输入字符串之前结束
2019-06-27 10:42:15,373 - root - ERROR - utils  - 150 - Teuful(cage-p16427)报错信息：保存失败
Traceback (most recent call last):
  File "C:\Users\BruceChen\Desktop\Demo\reviews\utils.py", line 159, in save_db
    c.execute(sql)
UnicodeEncodeError: 'gbk' codec can't encode character '\xe4' in position 255: illegal multibyte sequence
2019-06-27 10:42:15,497 - root - ERROR - utils  - 150 - Teuful(cage-p16427)报错信息：保存失败
Traceback (most recent call last):
  File "C:\Users\BruceChen\Desktop\Demo\reviews\utils.py", line 159, in save_db
    c.execute(sql)
UnicodeEncodeError: 'gbk' codec can't encode character '\xf6' in position 262: illegal multibyte sequence
2019-06-27 10:42:15,636 - root - ERROR - utils  - 150 - Teuful(cage-p16427)报错信息：保存失败
Traceback (most recent call last):
  File "C:\Users\BruceChen\Desktop\Demo\reviews\utils.py", line 159, in save_db
    c.execute(sql)
cx_Oracle.DatabaseError: ORA-01830: 日期格式图片在转换整个输入字符串之前结束
2019-06-27 10:42:16,853 - root - ERROR - utils  - 150 - Teuful(cage-p16427)报错信息：保存失败
Traceback (most recent call last):
  File "C:\Users\BruceChen\Desktop\Demo\reviews\utils.py", line 159, in save_db
    c.execute(sql)
cx_Oracle.DatabaseError: ORA-01830: 日期格式图片在转换整个输入字符串之前结束
2019-06-27 10:42:16,982 - root - ERROR - utils  - 150 - Teuful(cage-p16427)报错信息：保存失败
Traceback (most recent call last):
  File "C:\Users\BruceChen\Desktop\Demo\reviews\utils.py", line 159, in save_db
    c.execute(sql)
cx_Oracle.DatabaseError: ORA-01830: 日期格式图片在转换整个输入字符串之前结束
2019-06-27 10:42:17,076 - root - ERROR - utils  - 150 - Teuful(cage-p16427)报错信息：保存失败
Traceback (most recent call last):
  File "C:\Users\BruceChen\Desktop\Demo\reviews\utils.py", line 159, in save_db
    c.execute(sql)
cx_Oracle.DatabaseError: ORA-01830: 日期格式图片在转换整个输入字符串之前结束
2019-06-27 10:42:17,160 - root - ERROR - utils  - 150 - Teuful(cage-p16427)报错信息：保存失败
Traceback (most recent call last):
  File "C:\Users\BruceChen\Desktop\Demo\reviews\utils.py", line 159, in save_db
    c.execute(sql)
cx_Oracle.DatabaseError: ORA-01830: 日期格式图片在转换整个输入字符串之前结束
2019-06-27 10:42:17,280 - root - ERROR - utils  - 150 - Teuful(cage-p16427)报错信息：保存失败
Traceback (most recent call last):
  File "C:\Users\BruceChen\Desktop\Demo\reviews\utils.py", line 159, in save_db
    c.execute(sql)
cx_Oracle.DatabaseError: ORA-01830: 日期格式图片在转换整个输入字符串之前结束
2019-06-27 10:42:18,569 - root - ERROR - utils  - 150 - Teuful(cage-p16427)报错信息：保存失败
Traceback (most recent call last):
  File "C:\Users\BruceChen\Desktop\Demo\reviews\utils.py", line 159, in save_db
    c.execute(sql)
cx_Oracle.DatabaseError: ORA-01830: 日期格式图片在转换整个输入字符串之前结束
2019-06-27 10:42:18,702 - root - ERROR - utils  - 150 - Teuful(cage-p16427)报错信息：保存失败
Traceback (most recent call last):
  File "C:\Users\BruceChen\Desktop\Demo\reviews\utils.py", line 159, in save_db
    c.execute(sql)
cx_Oracle.DatabaseError: ORA-01830: 日期格式图片在转换整个输入字符串之前结束
2019-06-27 10:42:18,790 - root - ERROR - utils  - 150 - Teuful(cage-p16427)报错信息：保存失败
Traceback (most recent call last):
  File "C:\Users\BruceChen\Desktop\Demo\reviews\utils.py", line 159, in save_db
    c.execute(sql)
UnicodeEncodeError: 'gbk' codec can't encode character '\xf6' in position 268: illegal multibyte sequence
2019-06-27 10:42:18,873 - root - ERROR - utils  - 150 - Teuful(cage-p16427)报错信息：保存失败
Traceback (most recent call last):
  File "C:\Users\BruceChen\Desktop\Demo\reviews\utils.py", line 159, in save_db
    c.execute(sql)
cx_Oracle.DatabaseError: ORA-01830: 日期格式图片在转换整个输入字符串之前结束
2019-06-27 10:42:19,003 - root - ERROR - utils  - 150 - Teuful(cage-p16427)报错信息：保存失败
Traceback (most recent call last):
  File "C:\Users\BruceChen\Desktop\Demo\reviews\utils.py", line 159, in save_db
    c.execute(sql)
cx_Oracle.DatabaseError: ORA-01830: 日期格式图片在转换整个输入字符串之前结束
2019-06-27 10:42:20,194 - root - ERROR - utils  - 150 - Teuful(cage-p16427)报错信息：保存失败
Traceback (most recent call last):
  File "C:\Users\BruceChen\Desktop\Demo\reviews\utils.py", line 159, in save_db
    c.execute(sql)
cx_Oracle.DatabaseError: ORA-01830: 日期格式图片在转换整个输入字符串之前结束
2019-06-27 10:42:20,280 - root - ERROR - utils  - 150 - Teuful(cage-p16427)报错信息：保存失败
Traceback (most recent call last):
  File "C:\Users\BruceChen\Desktop\Demo\reviews\utils.py", line 159, in save_db
    c.execute(sql)
cx_Oracle.DatabaseError: ORA-01830: 日期格式图片在转换整个输入字符串之前结束
2019-06-27 10:42:20,414 - root - ERROR - utils  - 150 - Teuful(cage-p16427)报错信息：保存失败
Traceback (most recent call last):
  File "C:\Users\BruceChen\Desktop\Demo\reviews\utils.py", line 159, in save_db
    c.execute(sql)
cx_Oracle.DatabaseError: ORA-01830: 日期格式图片在转换整个输入字符串之前结束
2019-06-27 10:42:20,558 - root - ERROR - utils  - 150 - Teuful(cage-p16427)报错信息：保存失败
Traceback (most recent call last):
  File "C:\Users\BruceChen\Desktop\Demo\reviews\utils.py", line 159, in save_db
    c.execute(sql)
cx_Oracle.DatabaseError: ORA-01830: 日期格式图片在转换整个输入字符串之前结束
2019-06-27 10:42:20,656 - root - ERROR - utils  - 150 - Teuful(cage-p16427)报错信息：保存失败
Traceback (most recent call last):
  File "C:\Users\BruceChen\Desktop\Demo\reviews\utils.py", line 159, in save_db
    c.execute(sql)
cx_Oracle.DatabaseError: ORA-01830: 日期格式图片在转换整个输入字符串之前结束
2019-06-27 10:42:21,883 - root - ERROR - utils  - 150 - Teuful(cage-p16427)报错信息：保存失败
Traceback (most recent call last):
  File "C:\Users\BruceChen\Desktop\Demo\reviews\utils.py", line 159, in save_db
    c.execute(sql)
cx_Oracle.DatabaseError: ORA-01830: 日期格式图片在转换整个输入字符串之前结束
2019-06-27 10:42:21,969 - root - ERROR - utils  - 150 - Teuful(cage-p16427)报错信息：保存失败
Traceback (most recent call last):
  File "C:\Users\BruceChen\Desktop\Demo\reviews\utils.py", line 159, in save_db
    c.execute(sql)
cx_Oracle.DatabaseError: ORA-01830: 日期格式图片在转换整个输入字符串之前结束
2019-06-27 10:42:22,109 - root - ERROR - utils  - 150 - Teuful(cage-p16427)报错信息：保存失败
Traceback (most recent call last):
  File "C:\Users\BruceChen\Desktop\Demo\reviews\utils.py", line 159, in save_db
    c.execute(sql)
cx_Oracle.DatabaseError: ORA-01830: 日期格式图片在转换整个输入字符串之前结束
2019-06-27 10:42:22,190 - root - ERROR - utils  - 150 - Teuful(cage-p16427)报错信息：保存失败
Traceback (most recent call last):
  File "C:\Users\BruceChen\Desktop\Demo\reviews\utils.py", line 159, in save_db
    c.execute(sql)
UnicodeEncodeError: 'gbk' codec can't encode character '\xf6' in position 264: illegal multibyte sequence
2019-06-27 10:42:22,328 - root - ERROR - utils  - 150 - Teuful(cage-p16427)报错信息：保存失败
Traceback (most recent call last):
  File "C:\Users\BruceChen\Desktop\Demo\reviews\utils.py", line 159, in save_db
    c.execute(sql)
cx_Oracle.DatabaseError: ORA-01830: 日期格式图片在转换整个输入字符串之前结束
2019-06-27 10:42:23,556 - root - ERROR - utils  - 150 - Teuful(cage-p16427)报错信息：保存失败
Traceback (most recent call last):
  File "C:\Users\BruceChen\Desktop\Demo\reviews\utils.py", line 159, in save_db
    c.execute(sql)
cx_Oracle.DatabaseError: ORA-01830: 日期格式图片在转换整个输入字符串之前结束
2019-06-27 10:42:23,641 - root - ERROR - utils  - 150 - Teuful(cage-p16427)报错信息：保存失败
Traceback (most recent call last):
  File "C:\Users\BruceChen\Desktop\Demo\reviews\utils.py", line 159, in save_db
    c.execute(sql)
cx_Oracle.DatabaseError: ORA-01830: 日期格式图片在转换整个输入字符串之前结束
2019-06-27 10:42:23,778 - root - ERROR - utils  - 150 - Teuful(cage-p16427)报错信息：保存失败
Traceback (most recent call last):
  File "C:\Users\BruceChen\Desktop\Demo\reviews\utils.py", line 159, in save_db
    c.execute(sql)
UnicodeEncodeError: 'gbk' codec can't encode character '\u201e' in position 258: illegal multibyte sequence
2019-06-27 10:42:23,914 - root - ERROR - utils  - 150 - Teuful(cage-p16427)报错信息：保存失败
Traceback (most recent call last):
  File "C:\Users\BruceChen\Desktop\Demo\reviews\utils.py", line 159, in save_db
    c.execute(sql)
cx_Oracle.DatabaseError: ORA-01830: 日期格式图片在转换整个输入字符串之前结束
2019-06-27 10:42:23,997 - root - ERROR - utils  - 150 - Teuful(cage-p16427)报错信息：保存失败
Traceback (most recent call last):
  File "C:\Users\BruceChen\Desktop\Demo\reviews\utils.py", line 159, in save_db
    c.execute(sql)
cx_Oracle.DatabaseError: ORA-01830: 日期格式图片在转换整个输入字符串之前结束
2019-06-27 10:42:25,216 - root - ERROR - utils  - 150 - Teuful(cage-p16427)报错信息：保存失败
Traceback (most recent call last):
  File "C:\Users\BruceChen\Desktop\Demo\reviews\utils.py", line 159, in save_db
    c.execute(sql)
cx_Oracle.DatabaseError: ORA-01830: 日期格式图片在转换整个输入字符串之前结束
2019-06-27 10:42:25,359 - root - ERROR - utils  - 150 - Teuful(cage-p16427)报错信息：保存失败
Traceback (most recent call last):
  File "C:\Users\BruceChen\Desktop\Demo\reviews\utils.py", line 159, in save_db
    c.execute(sql)
cx_Oracle.DatabaseError: ORA-01830: 日期格式图片在转换整个输入字符串之前结束
2019-06-27 10:42:25,502 - root - ERROR - utils  - 150 - Teuful(cage-p16427)报错信息：保存失败
Traceback (most recent call last):
  File "C:\Users\BruceChen\Desktop\Demo\reviews\utils.py", line 159, in save_db
    c.execute(sql)
cx_Oracle.DatabaseError: ORA-01830: 日期格式图片在转换整个输入字符串之前结束
2019-06-27 10:42:25,639 - root - ERROR - utils  - 150 - Teuful(cage-p16427)报错信息：保存失败
Traceback (most recent call last):
  File "C:\Users\BruceChen\Desktop\Demo\reviews\utils.py", line 159, in save_db
    c.execute(sql)
cx_Oracle.DatabaseError: ORA-01830: 日期格式图片在转换整个输入字符串之前结束
2019-06-27 10:42:25,721 - root - ERROR - utils  - 150 - Teuful(cage-p16427)报错信息：保存失败
Traceback (most recent call last):
  File "C:\Users\BruceChen\Desktop\Demo\reviews\utils.py", line 159, in save_db
    c.execute(sql)
cx_Oracle.DatabaseError: ORA-01830: 日期格式图片在转换整个输入字符串之前结束
2019-06-27 10:42:26,933 - root - ERROR - utils  - 150 - Teuful(cage-p16427)报错信息：保存失败
Traceback (most recent call last):
  File "C:\Users\BruceChen\Desktop\Demo\reviews\utils.py", line 159, in save_db
    c.execute(sql)
cx_Oracle.DatabaseError: ORA-01830: 日期格式图片在转换整个输入字符串之前结束
2019-06-27 10:42:27,018 - root - ERROR - utils  - 150 - Teuful(cage-p16427)报错信息：保存失败
Traceback (most recent call last):
  File "C:\Users\BruceChen\Desktop\Demo\reviews\utils.py", line 159, in save_db
    c.execute(sql)
cx_Oracle.DatabaseError: ORA-01830: 日期格式图片在转换整个输入字符串之前结束
2019-06-27 10:42:27,112 - root - ERROR - utils  - 150 - Teuful(cage-p16427)报错信息：保存失败
Traceback (most recent call last):
  File "C:\Users\BruceChen\Desktop\Demo\reviews\utils.py", line 159, in save_db
    c.execute(sql)
cx_Oracle.DatabaseError: ORA-01830: 日期格式图片在转换整个输入字符串之前结束
2019-06-27 10:42:27,251 - root - ERROR - utils  - 150 - Teuful(cage-p16427)报错信息：保存失败
Traceback (most recent call last):
  File "C:\Users\BruceChen\Desktop\Demo\reviews\utils.py", line 159, in save_db
    c.execute(sql)
cx_Oracle.DatabaseError: ORA-01830: 日期格式图片在转换整个输入字符串之前结束
2019-06-27 10:42:27,339 - root - ERROR - utils  - 150 - Teuful(cage-p16427)报错信息：保存失败
Traceback (most recent call last):
  File "C:\Users\BruceChen\Desktop\Demo\reviews\utils.py", line 159, in save_db
    c.execute(sql)
cx_Oracle.DatabaseError: ORA-01830: 日期格式图片在转换整个输入字符串之前结束
2019-06-27 10:42:28,554 - root - ERROR - utils  - 150 - Teuful(cage-p16427)报错信息：保存失败
Traceback (most recent call last):
  File "C:\Users\BruceChen\Desktop\Demo\reviews\utils.py", line 159, in save_db
    c.execute(sql)
cx_Oracle.DatabaseError: ORA-01830: 日期格式图片在转换整个输入字符串之前结束
2019-06-27 10:42:28,677 - root - ERROR - utils  - 150 - Teuful(cage-p16427)报错信息：保存失败
Traceback (most recent call last):
  File "C:\Users\BruceChen\Desktop\Demo\reviews\utils.py", line 159, in save_db
    c.execute(sql)
cx_Oracle.DatabaseError: ORA-01830: 日期格式图片在转换整个输入字符串之前结束
2019-06-27 10:42:28,826 - root - ERROR - utils  - 150 - Teuful(cage-p16427)报错信息：保存失败
Traceback (most recent call last):
  File "C:\Users\BruceChen\Desktop\Demo\reviews\utils.py", line 159, in save_db
    c.execute(sql)
cx_Oracle.DatabaseError: ORA-01830: 日期格式图片在转换整个输入字符串之前结束
2019-06-27 10:42:28,973 - root - ERROR - utils  - 150 - Teuful(cage-p16427)报错信息：保存失败
Traceback (most recent call last):
  File "C:\Users\BruceChen\Desktop\Demo\reviews\utils.py", line 159, in save_db
    c.execute(sql)
cx_Oracle.DatabaseError: ORA-01830: 日期格式图片在转换整个输入字符串之前结束
2019-06-27 10:42:29,112 - root - ERROR - utils  - 150 - Teuful(cage-p16427)报错信息：保存失败
Traceback (most recent call last):
  File "C:\Users\BruceChen\Desktop\Demo\reviews\utils.py", line 159, in save_db
    c.execute(sql)
cx_Oracle.DatabaseError: ORA-01830: 日期格式图片在转换整个输入字符串之前结束
2019-06-27 10:42:30,317 - root - ERROR - utils  - 150 - Teuful(cage-p16427)报错信息：保存失败
Traceback (most recent call last):
  File "C:\Users\BruceChen\Desktop\Demo\reviews\utils.py", line 159, in save_db
    c.execute(sql)
cx_Oracle.DatabaseError: ORA-01830: 日期格式图片在转换整个输入字符串之前结束
2019-06-27 10:42:30,404 - root - ERROR - utils  - 150 - Teuful(cage-p16427)报错信息：保存失败
Traceback (most recent call last):
  File "C:\Users\BruceChen\Desktop\Demo\reviews\utils.py", line 159, in save_db
    c.execute(sql)
cx_Oracle.DatabaseError: ORA-01830: 日期格式图片在转换整个输入字符串之前结束
2019-06-27 10:42:30,488 - root - ERROR - utils  - 150 - Teuful(cage-p16427)报错信息：保存失败
Traceback (most recent call last):
  File "C:\Users\BruceChen\Desktop\Demo\reviews\utils.py", line 159, in save_db
    c.execute(sql)
UnicodeEncodeError: 'gbk' codec can't encode character '\xf6' in position 246: illegal multibyte sequence
2019-06-27 10:42:30,573 - root - ERROR - utils  - 150 - Teuful(cage-p16427)报错信息：保存失败
Traceback (most recent call last):
  File "C:\Users\BruceChen\Desktop\Demo\reviews\utils.py", line 159, in save_db
    c.execute(sql)
UnicodeEncodeError: 'gbk' codec can't encode character '\xf6' in position 264: illegal multibyte sequence
2019-06-27 10:42:30,661 - root - ERROR - utils  - 150 - Teuful(cage-p16427)报错信息：保存失败
Traceback (most recent call last):
  File "C:\Users\BruceChen\Desktop\Demo\reviews\utils.py", line 159, in save_db
    c.execute(sql)
cx_Oracle.DatabaseError: ORA-01830: 日期格式图片在转换整个输入字符串之前结束
2019-06-27 10:42:31,866 - root - ERROR - utils  - 150 - Teuful(cage-p16427)报错信息：保存失败
Traceback (most recent call last):
  File "C:\Users\BruceChen\Desktop\Demo\reviews\utils.py", line 159, in save_db
    c.execute(sql)
cx_Oracle.DatabaseError: ORA-01830: 日期格式图片在转换整个输入字符串之前结束
2019-06-27 10:42:31,999 - root - ERROR - utils  - 150 - Teuful(cage-p16427)报错信息：保存失败
Traceback (most recent call last):
  File "C:\Users\BruceChen\Desktop\Demo\reviews\utils.py", line 159, in save_db
    c.execute(sql)
cx_Oracle.DatabaseError: ORA-01830: 日期格式图片在转换整个输入字符串之前结束
2019-06-27 10:42:32,163 - root - ERROR - utils  - 150 - Teuful(cage-p16427)报错信息：保存失败
Traceback (most recent call last):
  File "C:\Users\BruceChen\Desktop\Demo\reviews\utils.py", line 159, in save_db
    c.execute(sql)
cx_Oracle.DatabaseError: ORA-01830: 日期格式图片在转换整个输入字符串之前结束
2019-06-27 10:42:32,249 - root - ERROR - utils  - 150 - Teuful(cage-p16427)报错信息：保存失败
Traceback (most recent call last):
  File "C:\Users\BruceChen\Desktop\Demo\reviews\utils.py", line 159, in save_db
    c.execute(sql)
cx_Oracle.DatabaseError: ORA-01830: 日期格式图片在转换整个输入字符串之前结束
2019-06-27 10:42:32,339 - root - ERROR - utils  - 150 - Teuful(cage-p16427)报错信息：保存失败
Traceback (most recent call last):
  File "C:\Users\BruceChen\Desktop\Demo\reviews\utils.py", line 159, in save_db
    c.execute(sql)
UnicodeEncodeError: 'gbk' codec can't encode character '\xf6' in position 264: illegal multibyte sequence
2019-06-27 10:42:33,573 - root - ERROR - utils  - 150 - Teuful(cage-p16427)报错信息：保存失败
Traceback (most recent call last):
  File "C:\Users\BruceChen\Desktop\Demo\reviews\utils.py", line 159, in save_db
    c.execute(sql)
cx_Oracle.DatabaseError: ORA-01830: 日期格式图片在转换整个输入字符串之前结束
2019-06-27 10:42:33,660 - root - ERROR - utils  - 150 - Teuful(cage-p16427)报错信息：保存失败
Traceback (most recent call last):
  File "C:\Users\BruceChen\Desktop\Demo\reviews\utils.py", line 159, in save_db
    c.execute(sql)
cx_Oracle.DatabaseError: ORA-01830: 日期格式图片在转换整个输入字符串之前结束
2019-06-27 10:42:33,748 - root - ERROR - utils  - 150 - Teuful(cage-p16427)报错信息：保存失败
Traceback (most recent call last):
  File "C:\Users\BruceChen\Desktop\Demo\reviews\utils.py", line 159, in save_db
    c.execute(sql)
cx_Oracle.DatabaseError: ORA-01830: 日期格式图片在转换整个输入字符串之前结束
2019-06-27 10:42:33,838 - root - ERROR - utils  - 150 - Teuful(cage-p16427)报错信息：保存失败
Traceback (most recent call last):
  File "C:\Users\BruceChen\Desktop\Demo\reviews\utils.py", line 159, in save_db
    c.execute(sql)
cx_Oracle.DatabaseError: ORA-01830: 日期格式图片在转换整个输入字符串之前结束
2019-06-27 10:42:33,940 - root - ERROR - utils  - 150 - Teuful(cage-p16427)报错信息：保存失败
Traceback (most recent call last):
  File "C:\Users\BruceChen\Desktop\Demo\reviews\utils.py", line 159, in save_db
    c.execute(sql)
cx_Oracle.DatabaseError: ORA-01830: 日期格式图片在转换整个输入字符串之前结束
2019-06-27 10:42:35,220 - root - ERROR - utils  - 150 - Teuful(cage-p16427)报错信息：保存失败
Traceback (most recent call last):
  File "C:\Users\BruceChen\Desktop\Demo\reviews\utils.py", line 159, in save_db
    c.execute(sql)
cx_Oracle.DatabaseError: ORA-01830: 日期格式图片在转换整个输入字符串之前结束
2019-06-27 10:42:35,306 - root - ERROR - utils  - 150 - Teuful(cage-p16427)报错信息：保存失败
Traceback (most recent call last):
  File "C:\Users\BruceChen\Desktop\Demo\reviews\utils.py", line 159, in save_db
    c.execute(sql)
cx_Oracle.DatabaseError: ORA-01830: 日期格式图片在转换整个输入字符串之前结束
2019-06-27 10:42:35,431 - root - ERROR - utils  - 150 - Teuful(cage-p16427)报错信息：保存失败
Traceback (most recent call last):
  File "C:\Users\BruceChen\Desktop\Demo\reviews\utils.py", line 159, in save_db
    c.execute(sql)
UnicodeEncodeError: 'gbk' codec can't encode character '\xe4' in position 284: illegal multibyte sequence
2019-06-27 10:42:35,582 - root - ERROR - utils  - 150 - Teuful(cage-p16427)报错信息：保存失败
Traceback (most recent call last):
  File "C:\Users\BruceChen\Desktop\Demo\reviews\utils.py", line 159, in save_db
    c.execute(sql)
cx_Oracle.DatabaseError: ORA-01830: 日期格式图片在转换整个输入字符串之前结束
2019-06-27 10:42:36,789 - root - ERROR - utils  - 150 - Teuful(cage-p16427)报错信息：保存失败
Traceback (most recent call last):
  File "C:\Users\BruceChen\Desktop\Demo\reviews\utils.py", line 159, in save_db
    c.execute(sql)
cx_Oracle.DatabaseError: ORA-01830: 日期格式图片在转换整个输入字符串之前结束
2019-06-27 10:42:36,915 - root - ERROR - utils  - 150 - Teuful(cage-p16427)报错信息：保存失败
Traceback (most recent call last):
  File "C:\Users\BruceChen\Desktop\Demo\reviews\utils.py", line 159, in save_db
    c.execute(sql)
UnicodeEncodeError: 'gbk' codec can't encode character '\xf6' in position 269: illegal multibyte sequence
2019-06-27 10:42:37,048 - root - ERROR - utils  - 150 - Teuful(cage-p16427)报错信息：保存失败
Traceback (most recent call last):
  File "C:\Users\BruceChen\Desktop\Demo\reviews\utils.py", line 159, in save_db
    c.execute(sql)
UnicodeEncodeError: 'gbk' codec can't encode character '\xe4' in position 288: illegal multibyte sequence
2019-06-27 10:42:37,193 - root - ERROR - utils  - 150 - Teuful(cage-p16427)报错信息：保存失败
Traceback (most recent call last):
  File "C:\Users\BruceChen\Desktop\Demo\reviews\utils.py", line 159, in save_db
    c.execute(sql)
cx_Oracle.DatabaseError: ORA-01830: 日期格式图片在转换整个输入字符串之前结束
2019-06-27 10:42:37,322 - root - ERROR - utils  - 150 - Teuful(cage-p16427)报错信息：保存失败
Traceback (most recent call last):
  File "C:\Users\BruceChen\Desktop\Demo\reviews\utils.py", line 159, in save_db
    c.execute(sql)
cx_Oracle.DatabaseError: ORA-01830: 日期格式图片在转换整个输入字符串之前结束
2019-06-27 10:42:38,620 - root - ERROR - utils  - 150 - Teuful(cage-p16427)报错信息：保存失败
Traceback (most recent call last):
  File "C:\Users\BruceChen\Desktop\Demo\reviews\utils.py", line 159, in save_db
    c.execute(sql)
UnicodeEncodeError: 'gbk' codec can't encode character '\xe4' in position 286: illegal multibyte sequence
2019-06-27 10:42:38,757 - root - ERROR - utils  - 150 - Teuful(cage-p16427)报错信息：保存失败
Traceback (most recent call last):
  File "C:\Users\BruceChen\Desktop\Demo\reviews\utils.py", line 159, in save_db
    c.execute(sql)
cx_Oracle.DatabaseError: ORA-01830: 日期格式图片在转换整个输入字符串之前结束
2019-06-27 10:42:38,888 - root - ERROR - utils  - 150 - Teuful(cage-p16427)报错信息：保存失败
Traceback (most recent call last):
  File "C:\Users\BruceChen\Desktop\Demo\reviews\utils.py", line 159, in save_db
    c.execute(sql)
cx_Oracle.DatabaseError: ORA-01830: 日期格式图片在转换整个输入字符串之前结束
2019-06-27 10:42:38,983 - root - ERROR - utils  - 150 - Teuful(cage-p16427)报错信息：保存失败
Traceback (most recent call last):
  File "C:\Users\BruceChen\Desktop\Demo\reviews\utils.py", line 159, in save_db
    c.execute(sql)
cx_Oracle.DatabaseError: ORA-01830: 日期格式图片在转换整个输入字符串之前结束
2019-06-27 10:42:39,076 - root - ERROR - utils  - 150 - Teuful(cage-p16427)报错信息：保存失败
Traceback (most recent call last):
  File "C:\Users\BruceChen\Desktop\Demo\reviews\utils.py", line 159, in save_db
    c.execute(sql)
cx_Oracle.DatabaseError: ORA-01830: 日期格式图片在转换整个输入字符串之前结束
2019-06-27 10:42:40,355 - root - ERROR - utils  - 150 - Teuful(cage-p16427)报错信息：保存失败
Traceback (most recent call last):
  File "C:\Users\BruceChen\Desktop\Demo\reviews\utils.py", line 159, in save_db
    c.execute(sql)
cx_Oracle.DatabaseError: ORA-01830: 日期格式图片在转换整个输入字符串之前结束
2019-06-27 10:42:40,489 - root - ERROR - utils  - 150 - Teuful(cage-p16427)报错信息：保存失败
Traceback (most recent call last):
  File "C:\Users\BruceChen\Desktop\Demo\reviews\utils.py", line 159, in save_db
    c.execute(sql)
cx_Oracle.DatabaseError: ORA-01830: 日期格式图片在转换整个输入字符串之前结束
2019-06-27 10:42:40,629 - root - ERROR - utils  - 150 - Teuful(cage-p16427)报错信息：保存失败
Traceback (most recent call last):
  File "C:\Users\BruceChen\Desktop\Demo\reviews\utils.py", line 159, in save_db
    c.execute(sql)
UnicodeEncodeError: 'gbk' codec can't encode character '\xf6' in position 267: illegal multibyte sequence
2019-06-27 10:42:40,778 - root - ERROR - utils  - 150 - Teuful(cage-p16427)报错信息：保存失败
Traceback (most recent call last):
  File "C:\Users\BruceChen\Desktop\Demo\reviews\utils.py", line 159, in save_db
    c.execute(sql)
cx_Oracle.DatabaseError: ORA-01830: 日期格式图片在转换整个输入字符串之前结束
2019-06-27 10:42:40,905 - root - ERROR - utils  - 150 - Teuful(cage-p16427)报错信息：保存失败
Traceback (most recent call last):
  File "C:\Users\BruceChen\Desktop\Demo\reviews\utils.py", line 159, in save_db
    c.execute(sql)
cx_Oracle.DatabaseError: ORA-01830: 日期格式图片在转换整个输入字符串之前结束
2019-06-27 10:42:42,113 - root - ERROR - utils  - 150 - Teuful(cage-p16427)报错信息：保存失败
Traceback (most recent call last):
  File "C:\Users\BruceChen\Desktop\Demo\reviews\utils.py", line 159, in save_db
    c.execute(sql)
cx_Oracle.DatabaseError: ORA-01830: 日期格式图片在转换整个输入字符串之前结束
2019-06-27 10:42:42,202 - root - ERROR - utils  - 150 - Teuful(cage-p16427)报错信息：保存失败
Traceback (most recent call last):
  File "C:\Users\BruceChen\Desktop\Demo\reviews\utils.py", line 159, in save_db
    c.execute(sql)
cx_Oracle.DatabaseError: ORA-01830: 日期格式图片在转换整个输入字符串之前结束
2019-06-27 10:42:42,346 - root - ERROR - utils  - 150 - Teuful(cage-p16427)报错信息：保存失败
Traceback (most recent call last):
  File "C:\Users\BruceChen\Desktop\Demo\reviews\utils.py", line 159, in save_db
    c.execute(sql)
UnicodeEncodeError: 'gbk' codec can't encode character '\xf6' in position 268: illegal multibyte sequence
2019-06-27 10:42:42,489 - root - ERROR - utils  - 150 - Teuful(cage-p16427)报错信息：保存失败
Traceback (most recent call last):
  File "C:\Users\BruceChen\Desktop\Demo\reviews\utils.py", line 159, in save_db
    c.execute(sql)
cx_Oracle.DatabaseError: ORA-01830: 日期格式图片在转换整个输入字符串之前结束
2019-06-27 10:42:42,574 - root - ERROR - utils  - 150 - Teuful(cage-p16427)报错信息：保存失败
Traceback (most recent call last):
  File "C:\Users\BruceChen\Desktop\Demo\reviews\utils.py", line 159, in save_db
    c.execute(sql)
cx_Oracle.DatabaseError: ORA-01830: 日期格式图片在转换整个输入字符串之前结束
2019-06-27 10:42:43,848 - root - ERROR - utils  - 150 - Teuful(cage-p16427)报错信息：保存失败
Traceback (most recent call last):
  File "C:\Users\BruceChen\Desktop\Demo\reviews\utils.py", line 159, in save_db
    c.execute(sql)
cx_Oracle.DatabaseError: ORA-01830: 日期格式图片在转换整个输入字符串之前结束
2019-06-27 10:42:43,935 - root - ERROR - utils  - 150 - Teuful(cage-p16427)报错信息：保存失败
Traceback (most recent call last):
  File "C:\Users\BruceChen\Desktop\Demo\reviews\utils.py", line 159, in save_db
    c.execute(sql)
cx_Oracle.DatabaseError: ORA-01830: 日期格式图片在转换整个输入字符串之前结束
2019-06-27 10:42:44,081 - root - ERROR - utils  - 150 - Teuful(cage-p16427)报错信息：保存失败
Traceback (most recent call last):
  File "C:\Users\BruceChen\Desktop\Demo\reviews\utils.py", line 159, in save_db
    c.execute(sql)
cx_Oracle.DatabaseError: ORA-01830: 日期格式图片在转换整个输入字符串之前结束
2019-06-27 10:42:44,220 - root - ERROR - utils  - 150 - Teuful(cage-p16427)报错信息：保存失败
Traceback (most recent call last):
  File "C:\Users\BruceChen\Desktop\Demo\reviews\utils.py", line 159, in save_db
    c.execute(sql)
cx_Oracle.DatabaseError: ORA-01830: 日期格式图片在转换整个输入字符串之前结束
2019-06-27 10:42:45,530 - root - ERROR - utils  - 150 - Teuful(cage-p16427)报错信息：保存失败
Traceback (most recent call last):
  File "C:\Users\BruceChen\Desktop\Demo\reviews\utils.py", line 159, in save_db
    c.execute(sql)
cx_Oracle.DatabaseError: ORA-01830: 日期格式图片在转换整个输入字符串之前结束
2019-06-27 10:42:45,618 - root - ERROR - utils  - 150 - Teuful(cage-p16427)报错信息：保存失败
Traceback (most recent call last):
  File "C:\Users\BruceChen\Desktop\Demo\reviews\utils.py", line 159, in save_db
    c.execute(sql)
cx_Oracle.DatabaseError: ORA-01830: 日期格式图片在转换整个输入字符串之前结束
2019-06-27 10:42:45,764 - root - ERROR - utils  - 150 - Teuful(cage-p16427)报错信息：保存失败
Traceback (most recent call last):
  File "C:\Users\BruceChen\Desktop\Demo\reviews\utils.py", line 159, in save_db
    c.execute(sql)
cx_Oracle.DatabaseError: ORA-01830: 日期格式图片在转换整个输入字符串之前结束
2019-06-27 10:42:45,916 - root - ERROR - utils  - 150 - Teuful(cage-p16427)报错信息：保存失败
Traceback (most recent call last):
  File "C:\Users\BruceChen\Desktop\Demo\reviews\utils.py", line 159, in save_db
    c.execute(sql)
cx_Oracle.DatabaseError: ORA-01830: 日期格式图片在转换整个输入字符串之前结束
2019-06-27 10:42:46,101 - root - ERROR - utils  - 150 - Teuful(cage-p16427)报错信息：保存失败
Traceback (most recent call last):
  File "C:\Users\BruceChen\Desktop\Demo\reviews\utils.py", line 159, in save_db
    c.execute(sql)
cx_Oracle.DatabaseError: ORA-01830: 日期格式图片在转换整个输入字符串之前结束
2019-06-27 10:42:47,360 - root - ERROR - utils  - 150 - Teuful(cage-p16427)报错信息：保存失败
Traceback (most recent call last):
  File "C:\Users\BruceChen\Desktop\Demo\reviews\utils.py", line 159, in save_db
    c.execute(sql)
cx_Oracle.DatabaseError: ORA-01830: 日期格式图片在转换整个输入字符串之前结束
2019-06-27 10:42:47,446 - root - ERROR - utils  - 150 - Teuful(cage-p16427)报错信息：保存失败
Traceback (most recent call last):
  File "C:\Users\BruceChen\Desktop\Demo\reviews\utils.py", line 159, in save_db
    c.execute(sql)
cx_Oracle.DatabaseError: ORA-01830: 日期格式图片在转换整个输入字符串之前结束
2019-06-27 10:42:47,628 - root - ERROR - utils  - 150 - Teuful(cage-p16427)报错信息：保存失败
Traceback (most recent call last):
  File "C:\Users\BruceChen\Desktop\Demo\reviews\utils.py", line 159, in save_db
    c.execute(sql)
cx_Oracle.DatabaseError: ORA-01830: 日期格式图片在转换整个输入字符串之前结束
2019-06-27 10:42:47,779 - root - ERROR - utils  - 150 - Teuful(cage-p16427)报错信息：保存失败
Traceback (most recent call last):
  File "C:\Users\BruceChen\Desktop\Demo\reviews\utils.py", line 159, in save_db
    c.execute(sql)
cx_Oracle.DatabaseError: ORA-01830: 日期格式图片在转换整个输入字符串之前结束
2019-06-27 10:42:49,055 - root - ERROR - utils  - 150 - Teuful(cage-p16427)报错信息：保存失败
Traceback (most recent call last):
  File "C:\Users\BruceChen\Desktop\Demo\reviews\utils.py", line 159, in save_db
    c.execute(sql)
cx_Oracle.DatabaseError: ORA-01830: 日期格式图片在转换整个输入字符串之前结束
2019-06-27 10:42:49,138 - root - ERROR - utils  - 150 - Teuful(cage-p16427)报错信息：保存失败
Traceback (most recent call last):
  File "C:\Users\BruceChen\Desktop\Demo\reviews\utils.py", line 159, in save_db
    c.execute(sql)
cx_Oracle.DatabaseError: ORA-01830: 日期格式图片在转换整个输入字符串之前结束
2019-06-27 10:42:49,294 - root - ERROR - utils  - 150 - Teuful(cage-p16427)报错信息：保存失败
Traceback (most recent call last):
  File "C:\Users\BruceChen\Desktop\Demo\reviews\utils.py", line 159, in save_db
    c.execute(sql)
cx_Oracle.DatabaseError: ORA-01830: 日期格式图片在转换整个输入字符串之前结束
2019-06-27 10:42:49,379 - root - ERROR - utils  - 150 - Teuful(cage-p16427)报错信息：保存失败
Traceback (most recent call last):
  File "C:\Users\BruceChen\Desktop\Demo\reviews\utils.py", line 159, in save_db
    c.execute(sql)
cx_Oracle.DatabaseError: ORA-01830: 日期格式图片在转换整个输入字符串之前结束
2019-06-27 10:42:49,523 - root - ERROR - utils  - 150 - Teuful(cage-p16427)报错信息：保存失败
Traceback (most recent call last):
  File "C:\Users\BruceChen\Desktop\Demo\reviews\utils.py", line 159, in save_db
    c.execute(sql)
cx_Oracle.DatabaseError: ORA-01830: 日期格式图片在转换整个输入字符串之前结束
2019-06-27 10:42:50,821 - root - ERROR - utils  - 150 - Teuful(cage-p16427)报错信息：保存失败
Traceback (most recent call last):
  File "C:\Users\BruceChen\Desktop\Demo\reviews\utils.py", line 159, in save_db
    c.execute(sql)
cx_Oracle.DatabaseError: ORA-01830: 日期格式图片在转换整个输入字符串之前结束
2019-06-27 10:42:50,955 - root - ERROR - utils  - 150 - Teuful(cage-p16427)报错信息：保存失败
Traceback (most recent call last):
  File "C:\Users\BruceChen\Desktop\Demo\reviews\utils.py", line 159, in save_db
    c.execute(sql)
UnicodeEncodeError: 'gbk' codec can't encode character '\xe4' in position 284: illegal multibyte sequence
2019-06-27 10:42:51,041 - root - ERROR - utils  - 150 - Teuful(cage-p16427)报错信息：保存失败
Traceback (most recent call last):
  File "C:\Users\BruceChen\Desktop\Demo\reviews\utils.py", line 159, in save_db
    c.execute(sql)
cx_Oracle.DatabaseError: ORA-01830: 日期格式图片在转换整个输入字符串之前结束
2019-06-27 10:42:51,185 - root - ERROR - utils  - 150 - Teuful(cage-p16427)报错信息：保存失败
Traceback (most recent call last):
  File "C:\Users\BruceChen\Desktop\Demo\reviews\utils.py", line 159, in save_db
    c.execute(sql)
cx_Oracle.DatabaseError: ORA-01830: 日期格式图片在转换整个输入字符串之前结束
2019-06-27 10:42:51,317 - root - ERROR - utils  - 150 - Teuful(cage-p16427)报错信息：保存失败
Traceback (most recent call last):
  File "C:\Users\BruceChen\Desktop\Demo\reviews\utils.py", line 159, in save_db
    c.execute(sql)
cx_Oracle.DatabaseError: ORA-01830: 日期格式图片在转换整个输入字符串之前结束
2019-06-27 10:42:52,589 - root - ERROR - utils  - 150 - Teuful(cage-p16427)报错信息：保存失败
Traceback (most recent call last):
  File "C:\Users\BruceChen\Desktop\Demo\reviews\utils.py", line 159, in save_db
    c.execute(sql)
cx_Oracle.DatabaseError: ORA-01830: 日期格式图片在转换整个输入字符串之前结束
2019-06-27 10:42:52,732 - root - ERROR - utils  - 150 - Teuful(cage-p16427)报错信息：保存失败
Traceback (most recent call last):
  File "C:\Users\BruceChen\Desktop\Demo\reviews\utils.py", line 159, in save_db
    c.execute(sql)
cx_Oracle.DatabaseError: ORA-01830: 日期格式图片在转换整个输入字符串之前结束
2019-06-27 10:42:52,873 - root - ERROR - utils  - 150 - Teuful(cage-p16427)报错信息：保存失败
Traceback (most recent call last):
  File "C:\Users\BruceChen\Desktop\Demo\reviews\utils.py", line 159, in save_db
    c.execute(sql)
cx_Oracle.DatabaseError: ORA-01830: 日期格式图片在转换整个输入字符串之前结束
2019-06-27 10:42:53,005 - root - ERROR - utils  - 150 - Teuful(cage-p16427)报错信息：保存失败
Traceback (most recent call last):
  File "C:\Users\BruceChen\Desktop\Demo\reviews\utils.py", line 159, in save_db
    c.execute(sql)
cx_Oracle.DatabaseError: ORA-01830: 日期格式图片在转换整个输入字符串之前结束
2019-06-27 10:42:53,147 - root - ERROR - utils  - 150 - Teuful(cage-p16427)报错信息：保存失败
Traceback (most recent call last):
  File "C:\Users\BruceChen\Desktop\Demo\reviews\utils.py", line 159, in save_db
    c.execute(sql)
cx_Oracle.DatabaseError: ORA-01830: 日期格式图片在转换整个输入字符串之前结束
2019-06-27 10:42:55,124 - root - ERROR - utils  - 150 - Teuful(cage-p16427)报错信息：保存失败
Traceback (most recent call last):
  File "C:\Users\BruceChen\Desktop\Demo\reviews\utils.py", line 159, in save_db
    c.execute(sql)
cx_Oracle.DatabaseError: ORA-01830: 日期格式图片在转换整个输入字符串之前结束
