2019-07-04 16:33:28,582 - root - ERROR - utils  - 161 - Amazon(B07N6NRS8Q)报错信息：https://www.amazon.co.jp
Traceback (most recent call last):
  File "C:/Users/hhh/Desktop/Demo/reviews/amazon/amazon_review.py", line 144, in comment_data
    re_date = datetime.strptime(dataStr, "%Y/%m/%d")
  File "C:\Users\hhh\AppData\Local\Programs\Python\Python37\lib\_strptime.py", line 577, in _strptime_datetime
    tt, fraction, gmtoff_fraction = _strptime(data_string, format)
  File "C:\Users\hhh\AppData\Local\Programs\Python\Python37\lib\_strptime.py", line 359, in _strptime
    (data_string, format))
ValueError: time data '2019/2/0' does not match format '%Y/%m/%d'
2019-07-04 16:33:28,622 - root - ERROR - utils  - 161 - Amazon(B07N6NRS8Q)报错信息：https://www.amazon.co.jp
Traceback (most recent call last):
  File "C:/Users/hhh/Desktop/Demo/reviews/amazon/amazon_review.py", line 119, in comment_data
    print(comment_dict['comment_title'])
UnicodeEncodeError: 'gbk' codec can't encode character '\U0001f62d' in position 11: illegal multibyte sequence
2019-07-04 16:33:29,456 - root - ERROR - utils  - 161 - Amazon(B07N6NRS8Q)报错信息：https://www.amazon.co.jp
Traceback (most recent call last):
  File "C:/Users/hhh/Desktop/Demo/reviews/amazon/amazon_review.py", line 144, in comment_data
    re_date = datetime.strptime(dataStr, "%Y/%m/%d")
  File "C:\Users\hhh\AppData\Local\Programs\Python\Python37\lib\_strptime.py", line 577, in _strptime_datetime
    tt, fraction, gmtoff_fraction = _strptime(data_string, format)
  File "C:\Users\hhh\AppData\Local\Programs\Python\Python37\lib\_strptime.py", line 359, in _strptime
    (data_string, format))
ValueError: time data '2019/3/0' does not match format '%Y/%m/%d'
2019-07-04 16:33:29,468 - root - ERROR - utils  - 161 - Amazon(B07N6NRS8Q)报错信息：https://www.amazon.co.jp
Traceback (most recent call last):
  File "C:/Users/hhh/Desktop/Demo/reviews/amazon/amazon_review.py", line 119, in comment_data
    print(comment_dict['comment_title'])
UnicodeEncodeError: 'gbk' codec can't encode character '\u30fb' in position 11: illegal multibyte sequence
