2019-07-03 17:24:56,648 - root - ERROR - utils  - 161 - JD(4298564)报错信息：数据库保存/更新失败
Traceback (most recent call last):
  File "C:/Users/hhh/Desktop/Demo/reviews/JD/jd_review.py", line 157, in save_data
    c.execute(sql)
cx_Oracle.IntegrityError: ORA-00001: 违反唯一约束条件 (EIP.ECOMMERCE_REVIEW_PIX3)
2019-07-03 17:24:56,671 - root - ERROR - utils  - 161 - JD(4298564)报错信息：数据库保存/更新失败
Traceback (most recent call last):
  File "C:/Users/hhh/Desktop/Demo/reviews/JD/jd_review.py", line 157, in save_data
    c.execute(sql)
cx_Oracle.IntegrityError: ORA-00001: 违反唯一约束条件 (EIP.ECOMMERCE_REVIEW_PIX3)
2019-07-03 17:24:56,683 - root - ERROR - utils  - 161 - JD(4298564)报错信息：数据库保存/更新失败
Traceback (most recent call last):
  File "C:/Users/hhh/Desktop/Demo/reviews/JD/jd_review.py", line 157, in save_data
    c.execute(sql)
cx_Oracle.IntegrityError: ORA-00001: 违反唯一约束条件 (EIP.ECOMMERCE_REVIEW_PIX3)
2019-07-03 17:24:56,702 - root - ERROR - utils  - 161 - JD(4298564)报错信息：数据库保存/更新失败
Traceback (most recent call last):
  File "C:/Users/hhh/Desktop/Demo/reviews/JD/jd_review.py", line 157, in save_data
    c.execute(sql)
cx_Oracle.IntegrityError: ORA-00001: 违反唯一约束条件 (EIP.ECOMMERCE_REVIEW_PIX3)
2019-07-03 17:24:56,706 - root - ERROR - utils  - 161 - JD(4298564)报错信息：数据库保存/更新失败
Traceback (most recent call last):
  File "C:/Users/hhh/Desktop/Demo/reviews/JD/jd_review.py", line 157, in save_data
    c.execute(sql)
cx_Oracle.IntegrityError: ORA-00001: 违反唯一约束条件 (EIP.ECOMMERCE_REVIEW_PIX3)
2019-07-03 17:24:56,712 - root - ERROR - utils  - 161 - JD(4298564)报错信息：数据库保存/更新失败
Traceback (most recent call last):
  File "C:/Users/hhh/Desktop/Demo/reviews/JD/jd_review.py", line 157, in save_data
    c.execute(sql)
cx_Oracle.IntegrityError: ORA-00001: 违反唯一约束条件 (EIP.ECOMMERCE_REVIEW_PIX3)
2019-07-03 17:24:56,718 - root - ERROR - utils  - 161 - JD(4298564)报错信息：数据库保存/更新失败
Traceback (most recent call last):
  File "C:/Users/hhh/Desktop/Demo/reviews/JD/jd_review.py", line 157, in save_data
    c.execute(sql)
cx_Oracle.IntegrityError: ORA-00001: 违反唯一约束条件 (EIP.ECOMMERCE_REVIEW_PIX3)
2019-07-03 17:24:56,741 - root - ERROR - utils  - 161 - JD(4298564)报错信息：数据库保存/更新失败
Traceback (most recent call last):
  File "C:/Users/hhh/Desktop/Demo/reviews/JD/jd_review.py", line 157, in save_data
    c.execute(sql)
cx_Oracle.IntegrityError: ORA-00001: 违反唯一约束条件 (EIP.ECOMMERCE_REVIEW_PIX3)
2019-07-03 17:24:56,746 - root - ERROR - utils  - 161 - JD(4298564)报错信息：数据库保存/更新失败
Traceback (most recent call last):
  File "C:/Users/hhh/Desktop/Demo/reviews/JD/jd_review.py", line 157, in save_data
    c.execute(sql)
cx_Oracle.IntegrityError: ORA-00001: 违反唯一约束条件 (EIP.ECOMMERCE_REVIEW_PIX3)
2019-07-03 17:24:56,752 - root - ERROR - utils  - 161 - JD(4298564)报错信息：数据库保存/更新失败
Traceback (most recent call last):
  File "C:/Users/hhh/Desktop/Demo/reviews/JD/jd_review.py", line 157, in save_data
    c.execute(sql)
cx_Oracle.IntegrityError: ORA-00001: 违反唯一约束条件 (EIP.ECOMMERCE_REVIEW_PIX3)
2019-07-03 17:24:56,758 - root - ERROR - utils  - 161 - JD(4298564)报错信息：数据库保存/更新失败
Traceback (most recent call last):
  File "C:/Users/hhh/Desktop/Demo/reviews/JD/jd_review.py", line 157, in save_data
    c.execute(sql)
cx_Oracle.IntegrityError: ORA-00001: 违反唯一约束条件 (EIP.ECOMMERCE_REVIEW_PIX3)
2019-07-03 17:24:56,764 - root - ERROR - utils  - 161 - JD(4298564)报错信息：数据库保存/更新失败
Traceback (most recent call last):
  File "C:/Users/hhh/Desktop/Demo/reviews/JD/jd_review.py", line 157, in save_data
    c.execute(sql)
cx_Oracle.IntegrityError: ORA-00001: 违反唯一约束条件 (EIP.ECOMMERCE_REVIEW_PIX3)
2019-07-03 17:24:56,776 - root - ERROR - utils  - 161 - JD(4298564)报错信息：数据库保存/更新失败
Traceback (most recent call last):
  File "C:/Users/hhh/Desktop/Demo/reviews/JD/jd_review.py", line 157, in save_data
    c.execute(sql)
cx_Oracle.IntegrityError: ORA-00001: 违反唯一约束条件 (EIP.ECOMMERCE_REVIEW_PIX3)
2019-07-03 17:24:56,788 - root - ERROR - utils  - 161 - JD(4298564)报错信息：数据库保存/更新失败
Traceback (most recent call last):
  File "C:/Users/hhh/Desktop/Demo/reviews/JD/jd_review.py", line 157, in save_data
    c.execute(sql)
cx_Oracle.IntegrityError: ORA-00001: 违反唯一约束条件 (EIP.ECOMMERCE_REVIEW_PIX3)
2019-07-03 17:24:56,822 - root - ERROR - utils  - 161 - JD(4298564)报错信息：数据库保存/更新失败
Traceback (most recent call last):
  File "C:/Users/hhh/Desktop/Demo/reviews/JD/jd_review.py", line 157, in save_data
    c.execute(sql)
cx_Oracle.IntegrityError: ORA-00001: 违反唯一约束条件 (EIP.ECOMMERCE_REVIEW_PIX3)
2019-07-03 17:24:56,839 - root - ERROR - utils  - 161 - JD(4298564)报错信息：数据库保存/更新失败
Traceback (most recent call last):
  File "C:/Users/hhh/Desktop/Demo/reviews/JD/jd_review.py", line 157, in save_data
    c.execute(sql)
cx_Oracle.IntegrityError: ORA-00001: 违反唯一约束条件 (EIP.ECOMMERCE_REVIEW_PIX3)
2019-07-03 17:24:56,874 - root - ERROR - utils  - 161 - JD(4298564)报错信息：数据库保存/更新失败
Traceback (most recent call last):
  File "C:/Users/hhh/Desktop/Demo/reviews/JD/jd_review.py", line 157, in save_data
    c.execute(sql)
cx_Oracle.IntegrityError: ORA-00001: 违反唯一约束条件 (EIP.ECOMMERCE_REVIEW_PIX3)
2019-07-03 17:24:56,880 - root - ERROR - utils  - 161 - JD(4298564)报错信息：数据库保存/更新失败
Traceback (most recent call last):
  File "C:/Users/hhh/Desktop/Demo/reviews/JD/jd_review.py", line 157, in save_data
    c.execute(sql)
cx_Oracle.IntegrityError: ORA-00001: 违反唯一约束条件 (EIP.ECOMMERCE_REVIEW_PIX3)
2019-07-03 17:24:56,885 - root - ERROR - utils  - 161 - JD(4298564)报错信息：数据库保存/更新失败
Traceback (most recent call last):
  File "C:/Users/hhh/Desktop/Demo/reviews/JD/jd_review.py", line 157, in save_data
    c.execute(sql)
cx_Oracle.IntegrityError: ORA-00001: 违反唯一约束条件 (EIP.ECOMMERCE_REVIEW_PIX3)
2019-07-03 17:24:56,909 - root - ERROR - utils  - 161 - JD(4298564)报错信息：数据库保存/更新失败
Traceback (most recent call last):
  File "C:/Users/hhh/Desktop/Demo/reviews/JD/jd_review.py", line 157, in save_data
    c.execute(sql)
cx_Oracle.IntegrityError: ORA-00001: 违反唯一约束条件 (EIP.ECOMMERCE_REVIEW_PIX3)
2019-07-03 17:24:56,916 - root - ERROR - utils  - 161 - JD(4298564)报错信息：数据库保存/更新失败
Traceback (most recent call last):
  File "C:/Users/hhh/Desktop/Demo/reviews/JD/jd_review.py", line 157, in save_data
    c.execute(sql)
cx_Oracle.IntegrityError: ORA-00001: 违反唯一约束条件 (EIP.ECOMMERCE_REVIEW_PIX3)
2019-07-03 17:24:56,937 - root - ERROR - utils  - 161 - JD(4298564)报错信息：数据库保存/更新失败
Traceback (most recent call last):
  File "C:/Users/hhh/Desktop/Demo/reviews/JD/jd_review.py", line 157, in save_data
    c.execute(sql)
cx_Oracle.IntegrityError: ORA-00001: 违反唯一约束条件 (EIP.ECOMMERCE_REVIEW_PIX3)
2019-07-03 17:24:56,952 - root - ERROR - utils  - 161 - JD(4298564)报错信息：数据库保存/更新失败
Traceback (most recent call last):
  File "C:/Users/hhh/Desktop/Demo/reviews/JD/jd_review.py", line 157, in save_data
    c.execute(sql)
cx_Oracle.IntegrityError: ORA-00001: 违反唯一约束条件 (EIP.ECOMMERCE_REVIEW_PIX3)
2019-07-03 17:24:56,958 - root - ERROR - utils  - 161 - JD(4298564)报错信息：数据库保存/更新失败
Traceback (most recent call last):
  File "C:/Users/hhh/Desktop/Demo/reviews/JD/jd_review.py", line 157, in save_data
    c.execute(sql)
cx_Oracle.IntegrityError: ORA-00001: 违反唯一约束条件 (EIP.ECOMMERCE_REVIEW_PIX3)
2019-07-03 17:24:56,973 - root - ERROR - utils  - 161 - JD(4298564)报错信息：数据库保存/更新失败
Traceback (most recent call last):
  File "C:/Users/hhh/Desktop/Demo/reviews/JD/jd_review.py", line 157, in save_data
    c.execute(sql)
cx_Oracle.IntegrityError: ORA-00001: 违反唯一约束条件 (EIP.ECOMMERCE_REVIEW_PIX3)
2019-07-03 17:24:56,987 - root - ERROR - utils  - 161 - JD(4298564)报错信息：数据库保存/更新失败
Traceback (most recent call last):
  File "C:/Users/hhh/Desktop/Demo/reviews/JD/jd_review.py", line 157, in save_data
    c.execute(sql)
cx_Oracle.IntegrityError: ORA-00001: 违反唯一约束条件 (EIP.ECOMMERCE_REVIEW_PIX3)
2019-07-03 17:24:56,992 - root - ERROR - utils  - 161 - JD(4298564)报错信息：数据库保存/更新失败
Traceback (most recent call last):
  File "C:/Users/hhh/Desktop/Demo/reviews/JD/jd_review.py", line 157, in save_data
    c.execute(sql)
cx_Oracle.IntegrityError: ORA-00001: 违反唯一约束条件 (EIP.ECOMMERCE_REVIEW_PIX3)
2019-07-03 17:24:56,999 - root - ERROR - utils  - 161 - JD(4298564)报错信息：数据库保存/更新失败
Traceback (most recent call last):
  File "C:/Users/hhh/Desktop/Demo/reviews/JD/jd_review.py", line 157, in save_data
    c.execute(sql)
cx_Oracle.IntegrityError: ORA-00001: 违反唯一约束条件 (EIP.ECOMMERCE_REVIEW_PIX3)
2019-07-03 17:24:57,016 - root - ERROR - utils  - 161 - JD(4298564)报错信息：数据库保存/更新失败
Traceback (most recent call last):
  File "C:/Users/hhh/Desktop/Demo/reviews/JD/jd_review.py", line 157, in save_data
    c.execute(sql)
cx_Oracle.IntegrityError: ORA-00001: 违反唯一约束条件 (EIP.ECOMMERCE_REVIEW_PIX3)
2019-07-03 17:24:57,028 - root - ERROR - utils  - 161 - JD(4298564)报错信息：数据库保存/更新失败
Traceback (most recent call last):
  File "C:/Users/hhh/Desktop/Demo/reviews/JD/jd_review.py", line 157, in save_data
    c.execute(sql)
cx_Oracle.IntegrityError: ORA-00001: 违反唯一约束条件 (EIP.ECOMMERCE_REVIEW_PIX3)
2019-07-03 17:24:57,033 - root - ERROR - utils  - 161 - JD(4298564)报错信息：数据库保存/更新失败
Traceback (most recent call last):
  File "C:/Users/hhh/Desktop/Demo/reviews/JD/jd_review.py", line 157, in save_data
    c.execute(sql)
cx_Oracle.IntegrityError: ORA-00001: 违反唯一约束条件 (EIP.ECOMMERCE_REVIEW_PIX3)
2019-07-03 17:24:57,039 - root - ERROR - utils  - 161 - JD(4298564)报错信息：数据库保存/更新失败
Traceback (most recent call last):
  File "C:/Users/hhh/Desktop/Demo/reviews/JD/jd_review.py", line 157, in save_data
    c.execute(sql)
cx_Oracle.IntegrityError: ORA-00001: 违反唯一约束条件 (EIP.ECOMMERCE_REVIEW_PIX3)
2019-07-03 17:24:57,045 - root - ERROR - utils  - 161 - JD(4298564)报错信息：数据库保存/更新失败
Traceback (most recent call last):
  File "C:/Users/hhh/Desktop/Demo/reviews/JD/jd_review.py", line 157, in save_data
    c.execute(sql)
cx_Oracle.IntegrityError: ORA-00001: 违反唯一约束条件 (EIP.ECOMMERCE_REVIEW_PIX3)
2019-07-03 17:24:57,051 - root - ERROR - utils  - 161 - JD(4298564)报错信息：数据库保存/更新失败
Traceback (most recent call last):
  File "C:/Users/hhh/Desktop/Demo/reviews/JD/jd_review.py", line 157, in save_data
    c.execute(sql)
cx_Oracle.IntegrityError: ORA-00001: 违反唯一约束条件 (EIP.ECOMMERCE_REVIEW_PIX3)
2019-07-03 17:24:57,072 - root - ERROR - utils  - 161 - JD(4298564)报错信息：数据库保存/更新失败
Traceback (most recent call last):
  File "C:/Users/hhh/Desktop/Demo/reviews/JD/jd_review.py", line 157, in save_data
    c.execute(sql)
cx_Oracle.IntegrityError: ORA-00001: 违反唯一约束条件 (EIP.ECOMMERCE_REVIEW_PIX3)
2019-07-03 17:24:57,097 - root - ERROR - utils  - 161 - JD(4298564)报错信息：数据库保存/更新失败
Traceback (most recent call last):
  File "C:/Users/hhh/Desktop/Demo/reviews/JD/jd_review.py", line 157, in save_data
    c.execute(sql)
cx_Oracle.IntegrityError: ORA-00001: 违反唯一约束条件 (EIP.ECOMMERCE_REVIEW_PIX3)
2019-07-03 17:24:57,102 - root - ERROR - utils  - 161 - JD(4298564)报错信息：数据库保存/更新失败
Traceback (most recent call last):
  File "C:/Users/hhh/Desktop/Demo/reviews/JD/jd_review.py", line 157, in save_data
    c.execute(sql)
cx_Oracle.IntegrityError: ORA-00001: 违反唯一约束条件 (EIP.ECOMMERCE_REVIEW_PIX3)
2019-07-03 17:24:57,108 - root - ERROR - utils  - 161 - JD(4298564)报错信息：数据库保存/更新失败
Traceback (most recent call last):
  File "C:/Users/hhh/Desktop/Demo/reviews/JD/jd_review.py", line 157, in save_data
    c.execute(sql)
cx_Oracle.IntegrityError: ORA-00001: 违反唯一约束条件 (EIP.ECOMMERCE_REVIEW_PIX3)
2019-07-03 17:24:57,120 - root - ERROR - utils  - 161 - JD(4298564)报错信息：数据库保存/更新失败
Traceback (most recent call last):
  File "C:/Users/hhh/Desktop/Demo/reviews/JD/jd_review.py", line 157, in save_data
    c.execute(sql)
cx_Oracle.IntegrityError: ORA-00001: 违反唯一约束条件 (EIP.ECOMMERCE_REVIEW_PIX3)
2019-07-03 17:24:57,125 - root - ERROR - utils  - 161 - JD(4298564)报错信息：数据库保存/更新失败
Traceback (most recent call last):
  File "C:/Users/hhh/Desktop/Demo/reviews/JD/jd_review.py", line 157, in save_data
    c.execute(sql)
cx_Oracle.IntegrityError: ORA-00001: 违反唯一约束条件 (EIP.ECOMMERCE_REVIEW_PIX3)
2019-07-03 17:24:57,195 - root - ERROR - utils  - 161 - JD(4298564)报错信息：数据库保存/更新失败
Traceback (most recent call last):
  File "C:/Users/hhh/Desktop/Demo/reviews/JD/jd_review.py", line 157, in save_data
    c.execute(sql)
cx_Oracle.IntegrityError: ORA-00001: 违反唯一约束条件 (EIP.ECOMMERCE_REVIEW_PIX3)
2019-07-03 17:24:57,206 - root - ERROR - utils  - 161 - JD(4298564)报错信息：数据库保存/更新失败
Traceback (most recent call last):
  File "C:/Users/hhh/Desktop/Demo/reviews/JD/jd_review.py", line 157, in save_data
    c.execute(sql)
cx_Oracle.IntegrityError: ORA-00001: 违反唯一约束条件 (EIP.ECOMMERCE_REVIEW_PIX3)
2019-07-03 17:24:57,261 - root - ERROR - utils  - 161 - JD(4298564)报错信息：数据库保存/更新失败
Traceback (most recent call last):
  File "C:/Users/hhh/Desktop/Demo/reviews/JD/jd_review.py", line 157, in save_data
    c.execute(sql)
cx_Oracle.IntegrityError: ORA-00001: 违反唯一约束条件 (EIP.ECOMMERCE_REVIEW_PIX3)
2019-07-03 17:24:57,268 - root - ERROR - utils  - 161 - JD(4298564)报错信息：数据库保存/更新失败
Traceback (most recent call last):
  File "C:/Users/hhh/Desktop/Demo/reviews/JD/jd_review.py", line 157, in save_data
    c.execute(sql)
cx_Oracle.IntegrityError: ORA-00001: 违反唯一约束条件 (EIP.ECOMMERCE_REVIEW_PIX3)
2019-07-03 17:24:57,273 - root - ERROR - utils  - 161 - JD(4298564)报错信息：数据库保存/更新失败
Traceback (most recent call last):
  File "C:/Users/hhh/Desktop/Demo/reviews/JD/jd_review.py", line 157, in save_data
    c.execute(sql)
cx_Oracle.IntegrityError: ORA-00001: 违反唯一约束条件 (EIP.ECOMMERCE_REVIEW_PIX3)
2019-07-03 17:24:57,313 - root - ERROR - utils  - 161 - JD(4298564)报错信息：数据库保存/更新失败
Traceback (most recent call last):
  File "C:/Users/hhh/Desktop/Demo/reviews/JD/jd_review.py", line 157, in save_data
    c.execute(sql)
cx_Oracle.IntegrityError: ORA-00001: 违反唯一约束条件 (EIP.ECOMMERCE_REVIEW_PIX3)
2019-07-03 17:24:57,319 - root - ERROR - utils  - 161 - JD(4298564)报错信息：数据库保存/更新失败
Traceback (most recent call last):
  File "C:/Users/hhh/Desktop/Demo/reviews/JD/jd_review.py", line 157, in save_data
    c.execute(sql)
cx_Oracle.IntegrityError: ORA-00001: 违反唯一约束条件 (EIP.ECOMMERCE_REVIEW_PIX3)
2019-07-03 17:24:57,330 - root - ERROR - utils  - 161 - JD(4298564)报错信息：数据库保存/更新失败
Traceback (most recent call last):
  File "C:/Users/hhh/Desktop/Demo/reviews/JD/jd_review.py", line 157, in save_data
    c.execute(sql)
cx_Oracle.IntegrityError: ORA-00001: 违反唯一约束条件 (EIP.ECOMMERCE_REVIEW_PIX3)
2019-07-03 17:24:57,343 - root - ERROR - utils  - 161 - JD(4298564)报错信息：数据库保存/更新失败
Traceback (most recent call last):
  File "C:/Users/hhh/Desktop/Demo/reviews/JD/jd_review.py", line 157, in save_data
    c.execute(sql)
cx_Oracle.IntegrityError: ORA-00001: 违反唯一约束条件 (EIP.ECOMMERCE_REVIEW_PIX3)
2019-07-03 17:24:57,354 - root - ERROR - utils  - 161 - JD(4298564)报错信息：数据库保存/更新失败
Traceback (most recent call last):
  File "C:/Users/hhh/Desktop/Demo/reviews/JD/jd_review.py", line 157, in save_data
    c.execute(sql)
cx_Oracle.IntegrityError: ORA-00001: 违反唯一约束条件 (EIP.ECOMMERCE_REVIEW_PIX3)
2019-07-03 17:24:57,380 - root - ERROR - utils  - 161 - JD(4298564)报错信息：数据库保存/更新失败
Traceback (most recent call last):
  File "C:/Users/hhh/Desktop/Demo/reviews/JD/jd_review.py", line 157, in save_data
    c.execute(sql)
cx_Oracle.IntegrityError: ORA-00001: 违反唯一约束条件 (EIP.ECOMMERCE_REVIEW_PIX3)
2019-07-03 17:24:57,393 - root - ERROR - utils  - 161 - JD(4298564)报错信息：数据库保存/更新失败
Traceback (most recent call last):
  File "C:/Users/hhh/Desktop/Demo/reviews/JD/jd_review.py", line 157, in save_data
    c.execute(sql)
cx_Oracle.IntegrityError: ORA-00001: 违反唯一约束条件 (EIP.ECOMMERCE_REVIEW_PIX3)
2019-07-03 17:24:57,405 - root - ERROR - utils  - 161 - JD(4298564)报错信息：数据库保存/更新失败
Traceback (most recent call last):
  File "C:/Users/hhh/Desktop/Demo/reviews/JD/jd_review.py", line 157, in save_data
    c.execute(sql)
cx_Oracle.IntegrityError: ORA-00001: 违反唯一约束条件 (EIP.ECOMMERCE_REVIEW_PIX3)
2019-07-03 17:24:57,411 - root - ERROR - utils  - 161 - JD(4298564)报错信息：数据库保存/更新失败
Traceback (most recent call last):
  File "C:/Users/hhh/Desktop/Demo/reviews/JD/jd_review.py", line 157, in save_data
    c.execute(sql)
cx_Oracle.IntegrityError: ORA-00001: 违反唯一约束条件 (EIP.ECOMMERCE_REVIEW_PIX3)
2019-07-03 17:24:57,416 - root - ERROR - utils  - 161 - JD(4298564)报错信息：数据库保存/更新失败
Traceback (most recent call last):
  File "C:/Users/hhh/Desktop/Demo/reviews/JD/jd_review.py", line 157, in save_data
    c.execute(sql)
cx_Oracle.IntegrityError: ORA-00001: 违反唯一约束条件 (EIP.ECOMMERCE_REVIEW_PIX3)
2019-07-03 17:24:57,440 - root - ERROR - utils  - 161 - JD(4298564)报错信息：数据库保存/更新失败
Traceback (most recent call last):
  File "C:/Users/hhh/Desktop/Demo/reviews/JD/jd_review.py", line 157, in save_data
    c.execute(sql)
cx_Oracle.IntegrityError: ORA-00001: 违反唯一约束条件 (EIP.ECOMMERCE_REVIEW_PIX3)
2019-07-03 17:24:57,445 - root - ERROR - utils  - 161 - JD(4298564)报错信息：数据库保存/更新失败
Traceback (most recent call last):
  File "C:/Users/hhh/Desktop/Demo/reviews/JD/jd_review.py", line 157, in save_data
    c.execute(sql)
cx_Oracle.IntegrityError: ORA-00001: 违反唯一约束条件 (EIP.ECOMMERCE_REVIEW_PIX3)
2019-07-03 17:24:57,451 - root - ERROR - utils  - 161 - JD(4298564)报错信息：数据库保存/更新失败
Traceback (most recent call last):
  File "C:/Users/hhh/Desktop/Demo/reviews/JD/jd_review.py", line 157, in save_data
    c.execute(sql)
cx_Oracle.IntegrityError: ORA-00001: 违反唯一约束条件 (EIP.ECOMMERCE_REVIEW_PIX3)
2019-07-03 17:24:57,460 - root - ERROR - utils  - 161 - JD(4298564)报错信息：数据库保存/更新失败
Traceback (most recent call last):
  File "C:/Users/hhh/Desktop/Demo/reviews/JD/jd_review.py", line 157, in save_data
    c.execute(sql)
cx_Oracle.IntegrityError: ORA-00001: 违反唯一约束条件 (EIP.ECOMMERCE_REVIEW_PIX3)
2019-07-03 17:24:57,485 - root - ERROR - utils  - 161 - JD(4298564)报错信息：数据库保存/更新失败
Traceback (most recent call last):
  File "C:/Users/hhh/Desktop/Demo/reviews/JD/jd_review.py", line 157, in save_data
    c.execute(sql)
cx_Oracle.IntegrityError: ORA-00001: 违反唯一约束条件 (EIP.ECOMMERCE_REVIEW_PIX3)
2019-07-03 17:24:57,497 - root - ERROR - utils  - 161 - JD(4298564)报错信息：数据库保存/更新失败
Traceback (most recent call last):
  File "C:/Users/hhh/Desktop/Demo/reviews/JD/jd_review.py", line 157, in save_data
    c.execute(sql)
cx_Oracle.IntegrityError: ORA-00001: 违反唯一约束条件 (EIP.ECOMMERCE_REVIEW_PIX3)
2019-07-03 17:24:57,503 - root - ERROR - utils  - 161 - JD(4298564)报错信息：数据库保存/更新失败
Traceback (most recent call last):
  File "C:/Users/hhh/Desktop/Demo/reviews/JD/jd_review.py", line 157, in save_data
    c.execute(sql)
cx_Oracle.IntegrityError: ORA-00001: 违反唯一约束条件 (EIP.ECOMMERCE_REVIEW_PIX3)
2019-07-03 17:24:57,618 - root - ERROR - utils  - 161 - JD(4298564)报错信息：数据库保存/更新失败
Traceback (most recent call last):
  File "C:/Users/hhh/Desktop/Demo/reviews/JD/jd_review.py", line 157, in save_data
    c.execute(sql)
cx_Oracle.IntegrityError: ORA-00001: 违反唯一约束条件 (EIP.ECOMMERCE_REVIEW_PIX3)
2019-07-03 17:24:57,635 - root - ERROR - utils  - 161 - JD(4298564)报错信息：数据库保存/更新失败
Traceback (most recent call last):
  File "C:/Users/hhh/Desktop/Demo/reviews/JD/jd_review.py", line 157, in save_data
    c.execute(sql)
cx_Oracle.IntegrityError: ORA-00001: 违反唯一约束条件 (EIP.ECOMMERCE_REVIEW_PIX3)
2019-07-03 17:24:57,669 - root - ERROR - utils  - 161 - JD(4298564)报错信息：数据库保存/更新失败
Traceback (most recent call last):
  File "C:/Users/hhh/Desktop/Demo/reviews/JD/jd_review.py", line 157, in save_data
    c.execute(sql)
cx_Oracle.IntegrityError: ORA-00001: 违反唯一约束条件 (EIP.ECOMMERCE_REVIEW_PIX3)
2019-07-03 17:24:57,676 - root - ERROR - utils  - 161 - JD(4298564)报错信息：数据库保存/更新失败
Traceback (most recent call last):
  File "C:/Users/hhh/Desktop/Demo/reviews/JD/jd_review.py", line 157, in save_data
    c.execute(sql)
cx_Oracle.IntegrityError: ORA-00001: 违反唯一约束条件 (EIP.ECOMMERCE_REVIEW_PIX3)
2019-07-03 17:24:57,680 - root - ERROR - utils  - 161 - JD(4298564)报错信息：数据库保存/更新失败
Traceback (most recent call last):
  File "C:/Users/hhh/Desktop/Demo/reviews/JD/jd_review.py", line 157, in save_data
    c.execute(sql)
cx_Oracle.IntegrityError: ORA-00001: 违反唯一约束条件 (EIP.ECOMMERCE_REVIEW_PIX3)
2019-07-03 17:24:57,703 - root - ERROR - utils  - 161 - JD(4298564)报错信息：数据库保存/更新失败
Traceback (most recent call last):
  File "C:/Users/hhh/Desktop/Demo/reviews/JD/jd_review.py", line 157, in save_data
    c.execute(sql)
cx_Oracle.IntegrityError: ORA-00001: 违反唯一约束条件 (EIP.ECOMMERCE_REVIEW_PIX3)
2019-07-03 17:24:57,725 - root - ERROR - utils  - 161 - JD(4298564)报错信息：数据库保存/更新失败
Traceback (most recent call last):
  File "C:/Users/hhh/Desktop/Demo/reviews/JD/jd_review.py", line 157, in save_data
    c.execute(sql)
cx_Oracle.IntegrityError: ORA-00001: 违反唯一约束条件 (EIP.ECOMMERCE_REVIEW_PIX3)
2019-07-03 17:24:57,733 - root - ERROR - utils  - 161 - JD(4298564)报错信息：数据库保存/更新失败
Traceback (most recent call last):
  File "C:/Users/hhh/Desktop/Demo/reviews/JD/jd_review.py", line 157, in save_data
    c.execute(sql)
cx_Oracle.IntegrityError: ORA-00001: 违反唯一约束条件 (EIP.ECOMMERCE_REVIEW_PIX3)
2019-07-03 17:24:57,739 - root - ERROR - utils  - 161 - JD(4298564)报错信息：数据库保存/更新失败
Traceback (most recent call last):
  File "C:/Users/hhh/Desktop/Demo/reviews/JD/jd_review.py", line 157, in save_data
    c.execute(sql)
cx_Oracle.IntegrityError: ORA-00001: 违反唯一约束条件 (EIP.ECOMMERCE_REVIEW_PIX3)
2019-07-03 17:24:57,761 - root - ERROR - utils  - 161 - JD(4298564)报错信息：数据库保存/更新失败
Traceback (most recent call last):
  File "C:/Users/hhh/Desktop/Demo/reviews/JD/jd_review.py", line 157, in save_data
    c.execute(sql)
cx_Oracle.IntegrityError: ORA-00001: 违反唯一约束条件 (EIP.ECOMMERCE_REVIEW_PIX3)
2019-07-03 17:24:57,807 - root - ERROR - utils  - 161 - JD(4298564)报错信息：数据库保存/更新失败
Traceback (most recent call last):
  File "C:/Users/hhh/Desktop/Demo/reviews/JD/jd_review.py", line 157, in save_data
    c.execute(sql)
cx_Oracle.IntegrityError: ORA-00001: 违反唯一约束条件 (EIP.ECOMMERCE_REVIEW_PIX3)
2019-07-03 17:24:57,870 - root - ERROR - utils  - 161 - JD(4298564)报错信息：数据库保存/更新失败
Traceback (most recent call last):
  File "C:/Users/hhh/Desktop/Demo/reviews/JD/jd_review.py", line 157, in save_data
    c.execute(sql)
cx_Oracle.IntegrityError: ORA-00001: 违反唯一约束条件 (EIP.ECOMMERCE_REVIEW_PIX3)
2019-07-03 17:24:57,882 - root - ERROR - utils  - 161 - JD(4298564)报错信息：数据库保存/更新失败
Traceback (most recent call last):
  File "C:/Users/hhh/Desktop/Demo/reviews/JD/jd_review.py", line 157, in save_data
    c.execute(sql)
cx_Oracle.IntegrityError: ORA-00001: 违反唯一约束条件 (EIP.ECOMMERCE_REVIEW_PIX3)
2019-07-03 17:24:57,910 - root - ERROR - utils  - 161 - JD(4298564)报错信息：数据库保存/更新失败
Traceback (most recent call last):
  File "C:/Users/hhh/Desktop/Demo/reviews/JD/jd_review.py", line 157, in save_data
    c.execute(sql)
cx_Oracle.IntegrityError: ORA-00001: 违反唯一约束条件 (EIP.ECOMMERCE_REVIEW_PIX3)
2019-07-03 17:24:57,916 - root - ERROR - utils  - 161 - JD(4298564)报错信息：数据库保存/更新失败
Traceback (most recent call last):
  File "C:/Users/hhh/Desktop/Demo/reviews/JD/jd_review.py", line 157, in save_data
    c.execute(sql)
cx_Oracle.IntegrityError: ORA-00001: 违反唯一约束条件 (EIP.ECOMMERCE_REVIEW_PIX3)
2019-07-03 17:24:57,921 - root - ERROR - utils  - 161 - JD(4298564)报错信息：数据库保存/更新失败
Traceback (most recent call last):
  File "C:/Users/hhh/Desktop/Demo/reviews/JD/jd_review.py", line 157, in save_data
    c.execute(sql)
cx_Oracle.IntegrityError: ORA-00001: 违反唯一约束条件 (EIP.ECOMMERCE_REVIEW_PIX3)
2019-07-03 17:24:57,938 - root - ERROR - utils  - 161 - JD(4298564)报错信息：数据库保存/更新失败
Traceback (most recent call last):
  File "C:/Users/hhh/Desktop/Demo/reviews/JD/jd_review.py", line 157, in save_data
    c.execute(sql)
cx_Oracle.IntegrityError: ORA-00001: 违反唯一约束条件 (EIP.ECOMMERCE_REVIEW_PIX3)
2019-07-03 17:24:57,944 - root - ERROR - utils  - 161 - JD(4298564)报错信息：数据库保存/更新失败
Traceback (most recent call last):
  File "C:/Users/hhh/Desktop/Demo/reviews/JD/jd_review.py", line 157, in save_data
    c.execute(sql)
cx_Oracle.IntegrityError: ORA-00001: 违反唯一约束条件 (EIP.ECOMMERCE_REVIEW_PIX3)
2019-07-03 17:24:58,110 - root - ERROR - utils  - 161 - JD(4298564)报错信息：数据库保存/更新失败
Traceback (most recent call last):
  File "C:/Users/hhh/Desktop/Demo/reviews/JD/jd_review.py", line 157, in save_data
    c.execute(sql)
cx_Oracle.IntegrityError: ORA-00001: 违反唯一约束条件 (EIP.ECOMMERCE_REVIEW_PIX3)
2019-07-03 17:24:58,122 - root - ERROR - utils  - 161 - JD(4298564)报错信息：数据库保存/更新失败
Traceback (most recent call last):
  File "C:/Users/hhh/Desktop/Demo/reviews/JD/jd_review.py", line 157, in save_data
    c.execute(sql)
cx_Oracle.IntegrityError: ORA-00001: 违反唯一约束条件 (EIP.ECOMMERCE_REVIEW_PIX3)
2019-07-03 17:24:58,204 - root - ERROR - utils  - 161 - JD(4298564)报错信息：数据库保存/更新失败
Traceback (most recent call last):
  File "C:/Users/hhh/Desktop/Demo/reviews/JD/jd_review.py", line 157, in save_data
    c.execute(sql)
cx_Oracle.IntegrityError: ORA-00001: 违反唯一约束条件 (EIP.ECOMMERCE_REVIEW_PIX3)
2019-07-03 17:24:58,210 - root - ERROR - utils  - 161 - JD(4298564)报错信息：数据库保存/更新失败
Traceback (most recent call last):
  File "C:/Users/hhh/Desktop/Demo/reviews/JD/jd_review.py", line 157, in save_data
    c.execute(sql)
cx_Oracle.IntegrityError: ORA-00001: 违反唯一约束条件 (EIP.ECOMMERCE_REVIEW_PIX3)
2019-07-03 17:24:58,215 - root - ERROR - utils  - 161 - JD(4298564)报错信息：数据库保存/更新失败
Traceback (most recent call last):
  File "C:/Users/hhh/Desktop/Demo/reviews/JD/jd_review.py", line 157, in save_data
    c.execute(sql)
cx_Oracle.IntegrityError: ORA-00001: 违反唯一约束条件 (EIP.ECOMMERCE_REVIEW_PIX3)
2019-07-03 17:24:58,284 - root - ERROR - utils  - 161 - JD(4298564)报错信息：数据库保存/更新失败
Traceback (most recent call last):
  File "C:/Users/hhh/Desktop/Demo/reviews/JD/jd_review.py", line 157, in save_data
    c.execute(sql)
cx_Oracle.IntegrityError: ORA-00001: 违反唯一约束条件 (EIP.ECOMMERCE_REVIEW_PIX3)
2019-07-03 17:24:58,296 - root - ERROR - utils  - 161 - JD(4298564)报错信息：数据库保存/更新失败
Traceback (most recent call last):
  File "C:/Users/hhh/Desktop/Demo/reviews/JD/jd_review.py", line 157, in save_data
    c.execute(sql)
cx_Oracle.IntegrityError: ORA-00001: 违反唯一约束条件 (EIP.ECOMMERCE_REVIEW_PIX3)
2019-07-03 17:24:58,301 - root - ERROR - utils  - 161 - JD(4298564)报错信息：数据库保存/更新失败
Traceback (most recent call last):
  File "C:/Users/hhh/Desktop/Demo/reviews/JD/jd_review.py", line 157, in save_data
    c.execute(sql)
cx_Oracle.IntegrityError: ORA-00001: 违反唯一约束条件 (EIP.ECOMMERCE_REVIEW_PIX3)
2019-07-03 17:24:58,434 - root - ERROR - utils  - 161 - JD(4298564)报错信息：数据库保存/更新失败
Traceback (most recent call last):
  File "C:/Users/hhh/Desktop/Demo/reviews/JD/jd_review.py", line 157, in save_data
    c.execute(sql)
cx_Oracle.IntegrityError: ORA-00001: 违反唯一约束条件 (EIP.ECOMMERCE_REVIEW_PIX3)
2019-07-03 17:24:58,576 - root - ERROR - utils  - 161 - JD(4298564)报错信息：数据库保存/更新失败
Traceback (most recent call last):
  File "C:/Users/hhh/Desktop/Demo/reviews/JD/jd_review.py", line 157, in save_data
    c.execute(sql)
cx_Oracle.IntegrityError: ORA-00001: 违反唯一约束条件 (EIP.ECOMMERCE_REVIEW_PIX3)
2019-07-03 17:24:58,605 - root - ERROR - utils  - 161 - JD(4298564)报错信息：数据库保存/更新失败
Traceback (most recent call last):
  File "C:/Users/hhh/Desktop/Demo/reviews/JD/jd_review.py", line 157, in save_data
    c.execute(sql)
cx_Oracle.IntegrityError: ORA-00001: 违反唯一约束条件 (EIP.ECOMMERCE_REVIEW_PIX3)
2019-07-03 17:24:58,645 - root - ERROR - utils  - 161 - JD(4298564)报错信息：数据库保存/更新失败
Traceback (most recent call last):
  File "C:/Users/hhh/Desktop/Demo/reviews/JD/jd_review.py", line 157, in save_data
    c.execute(sql)
cx_Oracle.IntegrityError: ORA-00001: 违反唯一约束条件 (EIP.ECOMMERCE_REVIEW_PIX3)
2019-07-03 17:24:58,679 - root - ERROR - utils  - 161 - JD(4298564)报错信息：数据库保存/更新失败
Traceback (most recent call last):
  File "C:/Users/hhh/Desktop/Demo/reviews/JD/jd_review.py", line 157, in save_data
    c.execute(sql)
cx_Oracle.IntegrityError: ORA-00001: 违反唯一约束条件 (EIP.ECOMMERCE_REVIEW_PIX3)
2019-07-03 17:24:58,809 - root - ERROR - utils  - 161 - JD(4298564)报错信息：数据库保存/更新失败
Traceback (most recent call last):
  File "C:/Users/hhh/Desktop/Demo/reviews/JD/jd_review.py", line 157, in save_data
    c.execute(sql)
cx_Oracle.IntegrityError: ORA-00001: 违反唯一约束条件 (EIP.ECOMMERCE_REVIEW_PIX3)
2019-07-03 17:24:58,832 - root - ERROR - utils  - 161 - JD(4298564)报错信息：数据库保存/更新失败
Traceback (most recent call last):
  File "C:/Users/hhh/Desktop/Demo/reviews/JD/jd_review.py", line 157, in save_data
    c.execute(sql)
cx_Oracle.IntegrityError: ORA-00001: 违反唯一约束条件 (EIP.ECOMMERCE_REVIEW_PIX3)
2019-07-03 17:24:59,028 - root - ERROR - utils  - 161 - JD(4298564)报错信息：数据库保存/更新失败
Traceback (most recent call last):
  File "C:/Users/hhh/Desktop/Demo/reviews/JD/jd_review.py", line 157, in save_data
    c.execute(sql)
cx_Oracle.IntegrityError: ORA-00001: 违反唯一约束条件 (EIP.ECOMMERCE_REVIEW_PIX3)
2019-07-03 17:24:59,045 - root - ERROR - utils  - 161 - JD(4298564)报错信息：数据库保存/更新失败
Traceback (most recent call last):
  File "C:/Users/hhh/Desktop/Demo/reviews/JD/jd_review.py", line 157, in save_data
    c.execute(sql)
cx_Oracle.IntegrityError: ORA-00001: 违反唯一约束条件 (EIP.ECOMMERCE_REVIEW_PIX3)
2019-07-03 17:24:59,056 - root - ERROR - utils  - 161 - JD(4298564)报错信息：数据库保存/更新失败
Traceback (most recent call last):
  File "C:/Users/hhh/Desktop/Demo/reviews/JD/jd_review.py", line 157, in save_data
    c.execute(sql)
cx_Oracle.IntegrityError: ORA-00001: 违反唯一约束条件 (EIP.ECOMMERCE_REVIEW_PIX3)
2019-07-03 17:24:59,091 - root - ERROR - utils  - 161 - JD(4298564)报错信息：数据库保存/更新失败
Traceback (most recent call last):
  File "C:/Users/hhh/Desktop/Demo/reviews/JD/jd_review.py", line 157, in save_data
    c.execute(sql)
cx_Oracle.IntegrityError: ORA-00001: 违反唯一约束条件 (EIP.ECOMMERCE_REVIEW_PIX3)
2019-07-03 17:24:59,120 - root - ERROR - utils  - 161 - JD(4298564)报错信息：数据库保存/更新失败
Traceback (most recent call last):
  File "C:/Users/hhh/Desktop/Demo/reviews/JD/jd_review.py", line 157, in save_data
    c.execute(sql)
cx_Oracle.IntegrityError: ORA-00001: 违反唯一约束条件 (EIP.ECOMMERCE_REVIEW_PIX3)
2019-07-03 17:24:59,125 - root - ERROR - utils  - 161 - JD(4298564)报错信息：数据库保存/更新失败
Traceback (most recent call last):
  File "C:/Users/hhh/Desktop/Demo/reviews/JD/jd_review.py", line 157, in save_data
    c.execute(sql)
cx_Oracle.IntegrityError: ORA-00001: 违反唯一约束条件 (EIP.ECOMMERCE_REVIEW_PIX3)
2019-07-03 17:24:59,155 - root - ERROR - utils  - 161 - JD(4298564)报错信息：数据库保存/更新失败
Traceback (most recent call last):
  File "C:/Users/hhh/Desktop/Demo/reviews/JD/jd_review.py", line 157, in save_data
    c.execute(sql)
cx_Oracle.IntegrityError: ORA-00001: 违反唯一约束条件 (EIP.ECOMMERCE_REVIEW_PIX3)
2019-07-03 17:24:59,159 - root - ERROR - utils  - 161 - JD(4298564)报错信息：数据库保存/更新失败
Traceback (most recent call last):
  File "C:/Users/hhh/Desktop/Demo/reviews/JD/jd_review.py", line 157, in save_data
    c.execute(sql)
cx_Oracle.IntegrityError: ORA-00001: 违反唯一约束条件 (EIP.ECOMMERCE_REVIEW_PIX3)
2019-07-03 17:24:59,164 - root - ERROR - utils  - 161 - JD(4298564)报错信息：数据库保存/更新失败
Traceback (most recent call last):
  File "C:/Users/hhh/Desktop/Demo/reviews/JD/jd_review.py", line 157, in save_data
    c.execute(sql)
cx_Oracle.IntegrityError: ORA-00001: 违反唯一约束条件 (EIP.ECOMMERCE_REVIEW_PIX3)
2019-07-03 17:24:59,227 - root - ERROR - utils  - 161 - JD(4298564)报错信息：数据库保存/更新失败
Traceback (most recent call last):
  File "C:/Users/hhh/Desktop/Demo/reviews/JD/jd_review.py", line 157, in save_data
    c.execute(sql)
cx_Oracle.IntegrityError: ORA-00001: 违反唯一约束条件 (EIP.ECOMMERCE_REVIEW_PIX3)
2019-07-03 17:24:59,233 - root - ERROR - utils  - 161 - JD(4298564)报错信息：数据库保存/更新失败
Traceback (most recent call last):
  File "C:/Users/hhh/Desktop/Demo/reviews/JD/jd_review.py", line 157, in save_data
    c.execute(sql)
cx_Oracle.IntegrityError: ORA-00001: 违反唯一约束条件 (EIP.ECOMMERCE_REVIEW_PIX3)
2019-07-03 17:24:59,267 - root - ERROR - utils  - 161 - JD(4298564)报错信息：数据库保存/更新失败
Traceback (most recent call last):
  File "C:/Users/hhh/Desktop/Demo/reviews/JD/jd_review.py", line 157, in save_data
    c.execute(sql)
cx_Oracle.IntegrityError: ORA-00001: 违反唯一约束条件 (EIP.ECOMMERCE_REVIEW_PIX3)
2019-07-03 17:24:59,308 - root - ERROR - utils  - 161 - JD(4298564)报错信息：数据库保存/更新失败
Traceback (most recent call last):
  File "C:/Users/hhh/Desktop/Demo/reviews/JD/jd_review.py", line 157, in save_data
    c.execute(sql)
cx_Oracle.IntegrityError: ORA-00001: 违反唯一约束条件 (EIP.ECOMMERCE_REVIEW_PIX3)
2019-07-03 17:24:59,325 - root - ERROR - utils  - 161 - JD(4298564)报错信息：数据库保存/更新失败
Traceback (most recent call last):
  File "C:/Users/hhh/Desktop/Demo/reviews/JD/jd_review.py", line 157, in save_data
    c.execute(sql)
cx_Oracle.IntegrityError: ORA-00001: 违反唯一约束条件 (EIP.ECOMMERCE_REVIEW_PIX3)
2019-07-03 17:24:59,330 - root - ERROR - utils  - 161 - JD(4298564)报错信息：数据库保存/更新失败
Traceback (most recent call last):
  File "C:/Users/hhh/Desktop/Demo/reviews/JD/jd_review.py", line 157, in save_data
    c.execute(sql)
cx_Oracle.IntegrityError: ORA-00001: 违反唯一约束条件 (EIP.ECOMMERCE_REVIEW_PIX3)
2019-07-03 17:24:59,344 - root - ERROR - utils  - 161 - JD(4298564)报错信息：数据库保存/更新失败
Traceback (most recent call last):
  File "C:/Users/hhh/Desktop/Demo/reviews/JD/jd_review.py", line 157, in save_data
    c.execute(sql)
cx_Oracle.IntegrityError: ORA-00001: 违反唯一约束条件 (EIP.ECOMMERCE_REVIEW_PIX3)
2019-07-03 17:24:59,353 - root - ERROR - utils  - 161 - JD(4298564)报错信息：数据库保存/更新失败
Traceback (most recent call last):
  File "C:/Users/hhh/Desktop/Demo/reviews/JD/jd_review.py", line 157, in save_data
    c.execute(sql)
cx_Oracle.IntegrityError: ORA-00001: 违反唯一约束条件 (EIP.ECOMMERCE_REVIEW_PIX3)
2019-07-03 17:24:59,382 - root - ERROR - utils  - 161 - JD(4298564)报错信息：数据库保存/更新失败
Traceback (most recent call last):
  File "C:/Users/hhh/Desktop/Demo/reviews/JD/jd_review.py", line 157, in save_data
    c.execute(sql)
cx_Oracle.IntegrityError: ORA-00001: 违反唯一约束条件 (EIP.ECOMMERCE_REVIEW_PIX3)
2019-07-03 17:24:59,606 - root - ERROR - utils  - 161 - JD(4298564)报错信息：数据库保存/更新失败
Traceback (most recent call last):
  File "C:/Users/hhh/Desktop/Demo/reviews/JD/jd_review.py", line 157, in save_data
    c.execute(sql)
cx_Oracle.IntegrityError: ORA-00001: 违反唯一约束条件 (EIP.ECOMMERCE_REVIEW_PIX3)
2019-07-03 17:24:59,611 - root - ERROR - utils  - 161 - JD(4298564)报错信息：数据库保存/更新失败
Traceback (most recent call last):
  File "C:/Users/hhh/Desktop/Demo/reviews/JD/jd_review.py", line 157, in save_data
    c.execute(sql)
cx_Oracle.IntegrityError: ORA-00001: 违反唯一约束条件 (EIP.ECOMMERCE_REVIEW_PIX3)
2019-07-03 17:24:59,680 - root - ERROR - utils  - 161 - JD(4298564)报错信息：数据库保存/更新失败
Traceback (most recent call last):
  File "C:/Users/hhh/Desktop/Demo/reviews/JD/jd_review.py", line 157, in save_data
    c.execute(sql)
cx_Oracle.IntegrityError: ORA-00001: 违反唯一约束条件 (EIP.ECOMMERCE_REVIEW_PIX3)
2019-07-03 17:24:59,692 - root - ERROR - utils  - 161 - JD(4298564)报错信息：数据库保存/更新失败
Traceback (most recent call last):
  File "C:/Users/hhh/Desktop/Demo/reviews/JD/jd_review.py", line 157, in save_data
    c.execute(sql)
cx_Oracle.IntegrityError: ORA-00001: 违反唯一约束条件 (EIP.ECOMMERCE_REVIEW_PIX3)
2019-07-03 17:24:59,697 - root - ERROR - utils  - 161 - JD(4298564)报错信息：数据库保存/更新失败
Traceback (most recent call last):
  File "C:/Users/hhh/Desktop/Demo/reviews/JD/jd_review.py", line 157, in save_data
    c.execute(sql)
cx_Oracle.IntegrityError: ORA-00001: 违反唯一约束条件 (EIP.ECOMMERCE_REVIEW_PIX3)
2019-07-03 17:24:59,732 - root - ERROR - utils  - 161 - JD(4298564)报错信息：数据库保存/更新失败
Traceback (most recent call last):
  File "C:/Users/hhh/Desktop/Demo/reviews/JD/jd_review.py", line 157, in save_data
    c.execute(sql)
cx_Oracle.IntegrityError: ORA-00001: 违反唯一约束条件 (EIP.ECOMMERCE_REVIEW_PIX3)
2019-07-03 17:24:59,772 - root - ERROR - utils  - 161 - JD(4298564)报错信息：数据库保存/更新失败
Traceback (most recent call last):
  File "C:/Users/hhh/Desktop/Demo/reviews/JD/jd_review.py", line 157, in save_data
    c.execute(sql)
cx_Oracle.IntegrityError: ORA-00001: 违反唯一约束条件 (EIP.ECOMMERCE_REVIEW_PIX3)
