2019-07-01 09:17:41,854 - root - ERROR - utils  - 152 - BestBuy(6349969)报错信息：保存失败
Traceback (most recent call last):
  File "C:\Users\BruceChen\Desktop\Demo\reviews\utils.py", line 161, in save_db
    c.execute(sql)
cx_Oracle.IntegrityError: ORA-00001: 违反唯一约束条件 (EIP.ECOMMERCE_REVIEW_PIX3)
2019-07-01 09:17:41,865 - root - ERROR - utils  - 152 - BestBuy(6349969)报错信息：保存失败
Traceback (most recent call last):
  File "C:\Users\BruceChen\Desktop\Demo\reviews\utils.py", line 161, in save_db
    c.execute(sql)
cx_Oracle.IntegrityError: ORA-00001: 违反唯一约束条件 (EIP.ECOMMERCE_REVIEW_PIX3)
2019-07-01 09:17:41,872 - root - ERROR - utils  - 152 - BestBuy(6349969)报错信息：保存失败
Traceback (most recent call last):
  File "C:\Users\BruceChen\Desktop\Demo\reviews\utils.py", line 161, in save_db
    c.execute(sql)
cx_Oracle.IntegrityError: ORA-00001: 违反唯一约束条件 (EIP.ECOMMERCE_REVIEW_PIX3)
2019-07-01 09:17:41,877 - root - ERROR - utils  - 152 - BestBuy(6349969)报错信息：保存失败
Traceback (most recent call last):
  File "C:\Users\BruceChen\Desktop\Demo\reviews\utils.py", line 161, in save_db
    c.execute(sql)
cx_Oracle.IntegrityError: ORA-00001: 违反唯一约束条件 (EIP.ECOMMERCE_REVIEW_PIX3)
2019-07-01 09:17:41,882 - root - ERROR - utils  - 152 - BestBuy(6349969)报错信息：保存失败
Traceback (most recent call last):
  File "C:\Users\BruceChen\Desktop\Demo\reviews\utils.py", line 161, in save_db
    c.execute(sql)
cx_Oracle.IntegrityError: ORA-00001: 违反唯一约束条件 (EIP.ECOMMERCE_REVIEW_PIX3)
2019-07-01 09:17:42,469 - root - ERROR - utils  - 152 - BestBuy(6349969)报错信息：保存失败
Traceback (most recent call last):
  File "C:\Users\BruceChen\Desktop\Demo\reviews\utils.py", line 161, in save_db
    c.execute(sql)
cx_Oracle.IntegrityError: ORA-00001: 违反唯一约束条件 (EIP.ECOMMERCE_REVIEW_PIX3)
2019-07-01 09:17:42,482 - root - ERROR - utils  - 152 - BestBuy(6349969)报错信息：保存失败
Traceback (most recent call last):
  File "C:\Users\BruceChen\Desktop\Demo\reviews\utils.py", line 161, in save_db
    c.execute(sql)
cx_Oracle.IntegrityError: ORA-00001: 违反唯一约束条件 (EIP.ECOMMERCE_REVIEW_PIX3)
