2019-07-01 11:52:15,264 - root - ERROR - utils  - 152 - JD(100002361195)报错信息：数据库保存/更新失败
Traceback (most recent call last):
  File "C:\Users\BruceChen\Desktop\Demo\reviews\JD\jd_review.py", line 162, in save_data
    c.execute(sql)
cx_Oracle.IntegrityError: ORA-00001: 违反唯一约束条件 (EIP.ECOMMERCE_REVIEW_PIX3)
2019-07-01 11:52:15,272 - root - ERROR - utils  - 152 - JD(100002361195)报错信息：数据库保存/更新失败
Traceback (most recent call last):
  File "C:\Users\BruceChen\Desktop\Demo\reviews\JD\jd_review.py", line 162, in save_data
    c.execute(sql)
cx_Oracle.IntegrityError: ORA-00001: 违反唯一约束条件 (EIP.ECOMMERCE_REVIEW_PIX3)
2019-07-01 11:52:15,279 - root - ERROR - utils  - 152 - JD(100002361195)报错信息：数据库保存/更新失败
Traceback (most recent call last):
  File "C:\Users\BruceChen\Desktop\Demo\reviews\JD\jd_review.py", line 162, in save_data
    c.execute(sql)
cx_Oracle.IntegrityError: ORA-00001: 违反唯一约束条件 (EIP.ECOMMERCE_REVIEW_PIX3)
2019-07-01 11:52:15,287 - root - ERROR - utils  - 152 - JD(100002361195)报错信息：数据库保存/更新失败
Traceback (most recent call last):
  File "C:\Users\BruceChen\Desktop\Demo\reviews\JD\jd_review.py", line 162, in save_data
    c.execute(sql)
cx_Oracle.IntegrityError: ORA-00001: 违反唯一约束条件 (EIP.ECOMMERCE_REVIEW_PIX3)
2019-07-01 11:52:15,296 - root - ERROR - utils  - 152 - JD(100002361195)报错信息：数据库保存/更新失败
Traceback (most recent call last):
  File "C:\Users\BruceChen\Desktop\Demo\reviews\JD\jd_review.py", line 162, in save_data
    c.execute(sql)
cx_Oracle.IntegrityError: ORA-00001: 违反唯一约束条件 (EIP.ECOMMERCE_REVIEW_PIX3)
2019-07-01 11:52:15,304 - root - ERROR - utils  - 152 - JD(100002361195)报错信息：数据库保存/更新失败
Traceback (most recent call last):
  File "C:\Users\BruceChen\Desktop\Demo\reviews\JD\jd_review.py", line 162, in save_data
    c.execute(sql)
cx_Oracle.IntegrityError: ORA-00001: 违反唯一约束条件 (EIP.ECOMMERCE_REVIEW_PIX3)
2019-07-01 11:52:15,309 - root - ERROR - utils  - 152 - JD(100002361195)报错信息：数据库保存/更新失败
Traceback (most recent call last):
  File "C:\Users\BruceChen\Desktop\Demo\reviews\JD\jd_review.py", line 162, in save_data
    c.execute(sql)
cx_Oracle.IntegrityError: ORA-00001: 违反唯一约束条件 (EIP.ECOMMERCE_REVIEW_PIX3)
2019-07-01 11:52:15,319 - root - ERROR - utils  - 152 - JD(100002361195)报错信息：数据库保存/更新失败
Traceback (most recent call last):
  File "C:\Users\BruceChen\Desktop\Demo\reviews\JD\jd_review.py", line 162, in save_data
    c.execute(sql)
cx_Oracle.IntegrityError: ORA-00001: 违反唯一约束条件 (EIP.ECOMMERCE_REVIEW_PIX3)
2019-07-01 11:52:15,329 - root - ERROR - utils  - 152 - JD(100002361195)报错信息：数据库保存/更新失败
Traceback (most recent call last):
  File "C:\Users\BruceChen\Desktop\Demo\reviews\JD\jd_review.py", line 162, in save_data
    c.execute(sql)
cx_Oracle.IntegrityError: ORA-00001: 违反唯一约束条件 (EIP.ECOMMERCE_REVIEW_PIX3)
2019-07-01 11:52:15,336 - root - ERROR - utils  - 152 - JD(100002361195)报错信息：数据库保存/更新失败
Traceback (most recent call last):
  File "C:\Users\BruceChen\Desktop\Demo\reviews\JD\jd_review.py", line 162, in save_data
    c.execute(sql)
cx_Oracle.IntegrityError: ORA-00001: 违反唯一约束条件 (EIP.ECOMMERCE_REVIEW_PIX3)
2019-07-01 11:52:15,344 - root - ERROR - utils  - 152 - JD(100002361195)报错信息：数据库保存/更新失败
Traceback (most recent call last):
  File "C:\Users\BruceChen\Desktop\Demo\reviews\JD\jd_review.py", line 162, in save_data
    c.execute(sql)
cx_Oracle.IntegrityError: ORA-00001: 违反唯一约束条件 (EIP.ECOMMERCE_REVIEW_PIX3)
2019-07-01 11:52:15,352 - root - ERROR - utils  - 152 - JD(100002361195)报错信息：数据库保存/更新失败
Traceback (most recent call last):
  File "C:\Users\BruceChen\Desktop\Demo\reviews\JD\jd_review.py", line 162, in save_data
    c.execute(sql)
cx_Oracle.IntegrityError: ORA-00001: 违反唯一约束条件 (EIP.ECOMMERCE_REVIEW_PIX3)
2019-07-01 11:52:15,361 - root - ERROR - utils  - 152 - JD(100002361195)报错信息：数据库保存/更新失败
Traceback (most recent call last):
  File "C:\Users\BruceChen\Desktop\Demo\reviews\JD\jd_review.py", line 162, in save_data
    c.execute(sql)
cx_Oracle.IntegrityError: ORA-00001: 违反唯一约束条件 (EIP.ECOMMERCE_REVIEW_PIX3)
2019-07-01 11:52:15,368 - root - ERROR - utils  - 152 - JD(100002361195)报错信息：数据库保存/更新失败
Traceback (most recent call last):
  File "C:\Users\BruceChen\Desktop\Demo\reviews\JD\jd_review.py", line 162, in save_data
    c.execute(sql)
cx_Oracle.IntegrityError: ORA-00001: 违反唯一约束条件 (EIP.ECOMMERCE_REVIEW_PIX3)
2019-07-01 11:52:15,374 - root - ERROR - utils  - 152 - JD(100002361195)报错信息：数据库保存/更新失败
Traceback (most recent call last):
  File "C:\Users\BruceChen\Desktop\Demo\reviews\JD\jd_review.py", line 162, in save_data
    c.execute(sql)
cx_Oracle.IntegrityError: ORA-00001: 违反唯一约束条件 (EIP.ECOMMERCE_REVIEW_PIX3)
2019-07-01 11:52:15,382 - root - ERROR - utils  - 152 - JD(100002361195)报错信息：数据库保存/更新失败
Traceback (most recent call last):
  File "C:\Users\BruceChen\Desktop\Demo\reviews\JD\jd_review.py", line 162, in save_data
    c.execute(sql)
cx_Oracle.IntegrityError: ORA-00001: 违反唯一约束条件 (EIP.ECOMMERCE_REVIEW_PIX3)
2019-07-01 11:52:15,390 - root - ERROR - utils  - 152 - JD(100002361195)报错信息：数据库保存/更新失败
Traceback (most recent call last):
  File "C:\Users\BruceChen\Desktop\Demo\reviews\JD\jd_review.py", line 162, in save_data
    c.execute(sql)
cx_Oracle.IntegrityError: ORA-00001: 违反唯一约束条件 (EIP.ECOMMERCE_REVIEW_PIX3)
2019-07-01 11:52:15,396 - root - ERROR - utils  - 152 - JD(100002361195)报错信息：数据库保存/更新失败
Traceback (most recent call last):
  File "C:\Users\BruceChen\Desktop\Demo\reviews\JD\jd_review.py", line 162, in save_data
    c.execute(sql)
cx_Oracle.IntegrityError: ORA-00001: 违反唯一约束条件 (EIP.ECOMMERCE_REVIEW_PIX3)
2019-07-01 11:52:15,405 - root - ERROR - utils  - 152 - JD(100002361195)报错信息：数据库保存/更新失败
Traceback (most recent call last):
  File "C:\Users\BruceChen\Desktop\Demo\reviews\JD\jd_review.py", line 162, in save_data
    c.execute(sql)
cx_Oracle.IntegrityError: ORA-00001: 违反唯一约束条件 (EIP.ECOMMERCE_REVIEW_PIX3)
2019-07-01 11:52:15,413 - root - ERROR - utils  - 152 - JD(100002361195)报错信息：数据库保存/更新失败
Traceback (most recent call last):
  File "C:\Users\BruceChen\Desktop\Demo\reviews\JD\jd_review.py", line 162, in save_data
    c.execute(sql)
cx_Oracle.IntegrityError: ORA-00001: 违反唯一约束条件 (EIP.ECOMMERCE_REVIEW_PIX3)
2019-07-01 11:52:15,422 - root - ERROR - utils  - 152 - JD(100002361195)报错信息：数据库保存/更新失败
Traceback (most recent call last):
  File "C:\Users\BruceChen\Desktop\Demo\reviews\JD\jd_review.py", line 162, in save_data
    c.execute(sql)
cx_Oracle.IntegrityError: ORA-00001: 违反唯一约束条件 (EIP.ECOMMERCE_REVIEW_PIX3)
2019-07-01 11:52:15,430 - root - ERROR - utils  - 152 - JD(100002361195)报错信息：数据库保存/更新失败
Traceback (most recent call last):
  File "C:\Users\BruceChen\Desktop\Demo\reviews\JD\jd_review.py", line 162, in save_data
    c.execute(sql)
cx_Oracle.IntegrityError: ORA-00001: 违反唯一约束条件 (EIP.ECOMMERCE_REVIEW_PIX3)
2019-07-01 11:52:15,440 - root - ERROR - utils  - 152 - JD(100002361195)报错信息：数据库保存/更新失败
Traceback (most recent call last):
  File "C:\Users\BruceChen\Desktop\Demo\reviews\JD\jd_review.py", line 162, in save_data
    c.execute(sql)
cx_Oracle.IntegrityError: ORA-00001: 违反唯一约束条件 (EIP.ECOMMERCE_REVIEW_PIX3)
2019-07-01 11:52:15,448 - root - ERROR - utils  - 152 - JD(100002361195)报错信息：数据库保存/更新失败
Traceback (most recent call last):
  File "C:\Users\BruceChen\Desktop\Demo\reviews\JD\jd_review.py", line 162, in save_data
    c.execute(sql)
cx_Oracle.IntegrityError: ORA-00001: 违反唯一约束条件 (EIP.ECOMMERCE_REVIEW_PIX3)
2019-07-01 11:52:15,456 - root - ERROR - utils  - 152 - JD(100002361195)报错信息：数据库保存/更新失败
Traceback (most recent call last):
  File "C:\Users\BruceChen\Desktop\Demo\reviews\JD\jd_review.py", line 162, in save_data
    c.execute(sql)
cx_Oracle.IntegrityError: ORA-00001: 违反唯一约束条件 (EIP.ECOMMERCE_REVIEW_PIX3)
2019-07-01 11:52:15,465 - root - ERROR - utils  - 152 - JD(100002361195)报错信息：数据库保存/更新失败
Traceback (most recent call last):
  File "C:\Users\BruceChen\Desktop\Demo\reviews\JD\jd_review.py", line 162, in save_data
    c.execute(sql)
cx_Oracle.IntegrityError: ORA-00001: 违反唯一约束条件 (EIP.ECOMMERCE_REVIEW_PIX3)
2019-07-01 11:52:15,475 - root - ERROR - utils  - 152 - JD(100002361195)报错信息：数据库保存/更新失败
Traceback (most recent call last):
  File "C:\Users\BruceChen\Desktop\Demo\reviews\JD\jd_review.py", line 162, in save_data
    c.execute(sql)
cx_Oracle.IntegrityError: ORA-00001: 违反唯一约束条件 (EIP.ECOMMERCE_REVIEW_PIX3)
2019-07-01 11:52:15,481 - root - ERROR - utils  - 152 - JD(100002361195)报错信息：数据库保存/更新失败
Traceback (most recent call last):
  File "C:\Users\BruceChen\Desktop\Demo\reviews\JD\jd_review.py", line 162, in save_data
    c.execute(sql)
cx_Oracle.IntegrityError: ORA-00001: 违反唯一约束条件 (EIP.ECOMMERCE_REVIEW_PIX3)
2019-07-01 11:52:15,486 - root - ERROR - utils  - 152 - JD(100002361195)报错信息：数据库保存/更新失败
Traceback (most recent call last):
  File "C:\Users\BruceChen\Desktop\Demo\reviews\JD\jd_review.py", line 162, in save_data
    c.execute(sql)
cx_Oracle.IntegrityError: ORA-00001: 违反唯一约束条件 (EIP.ECOMMERCE_REVIEW_PIX3)
2019-07-01 11:52:15,494 - root - ERROR - utils  - 152 - JD(100002361195)报错信息：数据库保存/更新失败
Traceback (most recent call last):
  File "C:\Users\BruceChen\Desktop\Demo\reviews\JD\jd_review.py", line 162, in save_data
    c.execute(sql)
cx_Oracle.IntegrityError: ORA-00001: 违反唯一约束条件 (EIP.ECOMMERCE_REVIEW_PIX3)
2019-07-01 11:52:15,505 - root - ERROR - utils  - 152 - JD(100002361195)报错信息：数据库保存/更新失败
Traceback (most recent call last):
  File "C:\Users\BruceChen\Desktop\Demo\reviews\JD\jd_review.py", line 162, in save_data
    c.execute(sql)
cx_Oracle.IntegrityError: ORA-00001: 违反唯一约束条件 (EIP.ECOMMERCE_REVIEW_PIX3)
2019-07-01 11:52:15,512 - root - ERROR - utils  - 152 - JD(100002361195)报错信息：数据库保存/更新失败
Traceback (most recent call last):
  File "C:\Users\BruceChen\Desktop\Demo\reviews\JD\jd_review.py", line 162, in save_data
    c.execute(sql)
cx_Oracle.IntegrityError: ORA-00001: 违反唯一约束条件 (EIP.ECOMMERCE_REVIEW_PIX3)
2019-07-01 11:52:15,521 - root - ERROR - utils  - 152 - JD(100002361195)报错信息：数据库保存/更新失败
Traceback (most recent call last):
  File "C:\Users\BruceChen\Desktop\Demo\reviews\JD\jd_review.py", line 162, in save_data
    c.execute(sql)
cx_Oracle.IntegrityError: ORA-00001: 违反唯一约束条件 (EIP.ECOMMERCE_REVIEW_PIX3)
2019-07-01 11:52:15,530 - root - ERROR - utils  - 152 - JD(100002361195)报错信息：数据库保存/更新失败
Traceback (most recent call last):
  File "C:\Users\BruceChen\Desktop\Demo\reviews\JD\jd_review.py", line 162, in save_data
    c.execute(sql)
cx_Oracle.IntegrityError: ORA-00001: 违反唯一约束条件 (EIP.ECOMMERCE_REVIEW_PIX3)
2019-07-01 11:52:15,538 - root - ERROR - utils  - 152 - JD(100002361195)报错信息：数据库保存/更新失败
Traceback (most recent call last):
  File "C:\Users\BruceChen\Desktop\Demo\reviews\JD\jd_review.py", line 162, in save_data
    c.execute(sql)
cx_Oracle.IntegrityError: ORA-00001: 违反唯一约束条件 (EIP.ECOMMERCE_REVIEW_PIX3)
2019-07-01 11:52:25,445 - root - ERROR - utils  - 152 - JD(100005152874)报错信息：数据库保存/更新失败
Traceback (most recent call last):
  File "C:\Users\BruceChen\Desktop\Demo\reviews\JD\jd_review.py", line 162, in save_data
    c.execute(sql)
cx_Oracle.IntegrityError: ORA-00001: 违反唯一约束条件 (EIP.ECOMMERCE_REVIEW_PIX3)
2019-07-01 11:52:25,453 - root - ERROR - utils  - 152 - JD(100005152874)报错信息：数据库保存/更新失败
Traceback (most recent call last):
  File "C:\Users\BruceChen\Desktop\Demo\reviews\JD\jd_review.py", line 162, in save_data
    c.execute(sql)
cx_Oracle.IntegrityError: ORA-00001: 违反唯一约束条件 (EIP.ECOMMERCE_REVIEW_PIX3)
2019-07-01 11:52:25,459 - root - ERROR - utils  - 152 - JD(100005152874)报错信息：数据库保存/更新失败
Traceback (most recent call last):
  File "C:\Users\BruceChen\Desktop\Demo\reviews\JD\jd_review.py", line 162, in save_data
    c.execute(sql)
cx_Oracle.IntegrityError: ORA-00001: 违反唯一约束条件 (EIP.ECOMMERCE_REVIEW_PIX3)
2019-07-01 11:52:25,465 - root - ERROR - utils  - 152 - JD(100005152874)报错信息：数据库保存/更新失败
Traceback (most recent call last):
  File "C:\Users\BruceChen\Desktop\Demo\reviews\JD\jd_review.py", line 162, in save_data
    c.execute(sql)
cx_Oracle.IntegrityError: ORA-00001: 违反唯一约束条件 (EIP.ECOMMERCE_REVIEW_PIX3)
2019-07-01 11:52:25,474 - root - ERROR - utils  - 152 - JD(100005152874)报错信息：数据库保存/更新失败
Traceback (most recent call last):
  File "C:\Users\BruceChen\Desktop\Demo\reviews\JD\jd_review.py", line 162, in save_data
    c.execute(sql)
cx_Oracle.IntegrityError: ORA-00001: 违反唯一约束条件 (EIP.ECOMMERCE_REVIEW_PIX3)
2019-07-01 11:52:25,482 - root - ERROR - utils  - 152 - JD(100005152874)报错信息：数据库保存/更新失败
Traceback (most recent call last):
  File "C:\Users\BruceChen\Desktop\Demo\reviews\JD\jd_review.py", line 162, in save_data
    c.execute(sql)
cx_Oracle.IntegrityError: ORA-00001: 违反唯一约束条件 (EIP.ECOMMERCE_REVIEW_PIX3)
2019-07-01 11:52:25,490 - root - ERROR - utils  - 152 - JD(100005152874)报错信息：数据库保存/更新失败
Traceback (most recent call last):
  File "C:\Users\BruceChen\Desktop\Demo\reviews\JD\jd_review.py", line 162, in save_data
    c.execute(sql)
cx_Oracle.IntegrityError: ORA-00001: 违反唯一约束条件 (EIP.ECOMMERCE_REVIEW_PIX3)
2019-07-01 11:52:25,499 - root - ERROR - utils  - 152 - JD(100005152874)报错信息：数据库保存/更新失败
Traceback (most recent call last):
  File "C:\Users\BruceChen\Desktop\Demo\reviews\JD\jd_review.py", line 162, in save_data
    c.execute(sql)
cx_Oracle.IntegrityError: ORA-00001: 违反唯一约束条件 (EIP.ECOMMERCE_REVIEW_PIX3)
2019-07-01 11:52:25,507 - root - ERROR - utils  - 152 - JD(100005152874)报错信息：数据库保存/更新失败
Traceback (most recent call last):
  File "C:\Users\BruceChen\Desktop\Demo\reviews\JD\jd_review.py", line 162, in save_data
    c.execute(sql)
cx_Oracle.IntegrityError: ORA-00001: 违反唯一约束条件 (EIP.ECOMMERCE_REVIEW_PIX3)
2019-07-01 11:52:25,516 - root - ERROR - utils  - 152 - JD(100005152874)报错信息：数据库保存/更新失败
Traceback (most recent call last):
  File "C:\Users\BruceChen\Desktop\Demo\reviews\JD\jd_review.py", line 162, in save_data
    c.execute(sql)
cx_Oracle.IntegrityError: ORA-00001: 违反唯一约束条件 (EIP.ECOMMERCE_REVIEW_PIX3)
2019-07-01 11:52:25,525 - root - ERROR - utils  - 152 - JD(100005152874)报错信息：数据库保存/更新失败
Traceback (most recent call last):
  File "C:\Users\BruceChen\Desktop\Demo\reviews\JD\jd_review.py", line 162, in save_data
    c.execute(sql)
cx_Oracle.IntegrityError: ORA-00001: 违反唯一约束条件 (EIP.ECOMMERCE_REVIEW_PIX3)
2019-07-01 11:52:25,532 - root - ERROR - utils  - 152 - JD(100005152874)报错信息：数据库保存/更新失败
Traceback (most recent call last):
  File "C:\Users\BruceChen\Desktop\Demo\reviews\JD\jd_review.py", line 162, in save_data
    c.execute(sql)
cx_Oracle.IntegrityError: ORA-00001: 违反唯一约束条件 (EIP.ECOMMERCE_REVIEW_PIX3)
2019-07-01 11:52:25,538 - root - ERROR - utils  - 152 - JD(100005152874)报错信息：数据库保存/更新失败
Traceback (most recent call last):
  File "C:\Users\BruceChen\Desktop\Demo\reviews\JD\jd_review.py", line 162, in save_data
    c.execute(sql)
cx_Oracle.IntegrityError: ORA-00001: 违反唯一约束条件 (EIP.ECOMMERCE_REVIEW_PIX3)
2019-07-01 11:52:36,748 - root - ERROR - utils  - 152 - JD(2245024)报错信息：数据库保存/更新失败
Traceback (most recent call last):
  File "C:\Users\BruceChen\Desktop\Demo\reviews\JD\jd_review.py", line 162, in save_data
    c.execute(sql)
cx_Oracle.IntegrityError: ORA-00001: 违反唯一约束条件 (EIP.ECOMMERCE_REVIEW_PIX3)
2019-07-01 11:52:36,759 - root - ERROR - utils  - 152 - JD(2245024)报错信息：数据库保存/更新失败
Traceback (most recent call last):
  File "C:\Users\BruceChen\Desktop\Demo\reviews\JD\jd_review.py", line 162, in save_data
    c.execute(sql)
cx_Oracle.IntegrityError: ORA-00001: 违反唯一约束条件 (EIP.ECOMMERCE_REVIEW_PIX3)
2019-07-01 11:52:36,768 - root - ERROR - utils  - 152 - JD(2245024)报错信息：数据库保存/更新失败
Traceback (most recent call last):
  File "C:\Users\BruceChen\Desktop\Demo\reviews\JD\jd_review.py", line 162, in save_data
    c.execute(sql)
cx_Oracle.IntegrityError: ORA-00001: 违反唯一约束条件 (EIP.ECOMMERCE_REVIEW_PIX3)
2019-07-01 11:52:36,776 - root - ERROR - utils  - 152 - JD(2245024)报错信息：数据库保存/更新失败
Traceback (most recent call last):
  File "C:\Users\BruceChen\Desktop\Demo\reviews\JD\jd_review.py", line 162, in save_data
    c.execute(sql)
cx_Oracle.IntegrityError: ORA-00001: 违反唯一约束条件 (EIP.ECOMMERCE_REVIEW_PIX3)
2019-07-01 11:52:36,787 - root - ERROR - utils  - 152 - JD(2245024)报错信息：数据库保存/更新失败
Traceback (most recent call last):
  File "C:\Users\BruceChen\Desktop\Demo\reviews\JD\jd_review.py", line 162, in save_data
    c.execute(sql)
cx_Oracle.IntegrityError: ORA-00001: 违反唯一约束条件 (EIP.ECOMMERCE_REVIEW_PIX3)
2019-07-01 11:52:36,805 - root - ERROR - utils  - 152 - JD(2245024)报错信息：数据库保存/更新失败
Traceback (most recent call last):
  File "C:\Users\BruceChen\Desktop\Demo\reviews\JD\jd_review.py", line 162, in save_data
    c.execute(sql)
cx_Oracle.IntegrityError: ORA-00001: 违反唯一约束条件 (EIP.ECOMMERCE_REVIEW_PIX3)
2019-07-01 11:52:36,813 - root - ERROR - utils  - 152 - JD(2245024)报错信息：数据库保存/更新失败
Traceback (most recent call last):
  File "C:\Users\BruceChen\Desktop\Demo\reviews\JD\jd_review.py", line 162, in save_data
    c.execute(sql)
cx_Oracle.IntegrityError: ORA-00001: 违反唯一约束条件 (EIP.ECOMMERCE_REVIEW_PIX3)
2019-07-01 11:52:36,821 - root - ERROR - utils  - 152 - JD(2245024)报错信息：数据库保存/更新失败
Traceback (most recent call last):
  File "C:\Users\BruceChen\Desktop\Demo\reviews\JD\jd_review.py", line 162, in save_data
    c.execute(sql)
cx_Oracle.IntegrityError: ORA-00001: 违反唯一约束条件 (EIP.ECOMMERCE_REVIEW_PIX3)
2019-07-01 11:52:36,831 - root - ERROR - utils  - 152 - JD(2245024)报错信息：数据库保存/更新失败
Traceback (most recent call last):
  File "C:\Users\BruceChen\Desktop\Demo\reviews\JD\jd_review.py", line 162, in save_data
    c.execute(sql)
cx_Oracle.IntegrityError: ORA-00001: 违反唯一约束条件 (EIP.ECOMMERCE_REVIEW_PIX3)
2019-07-01 11:52:38,841 - root - ERROR - utils  - 152 - JD(24818305875)报错信息：数据库保存/更新失败
Traceback (most recent call last):
  File "C:\Users\BruceChen\Desktop\Demo\reviews\JD\jd_review.py", line 162, in save_data
    c.execute(sql)
cx_Oracle.IntegrityError: ORA-00001: 违反唯一约束条件 (EIP.ECOMMERCE_REVIEW_PIX3)
2019-07-01 11:52:40,845 - root - ERROR - utils  - 152 - JD(8031600)报错信息：数据库保存/更新失败
Traceback (most recent call last):
  File "C:\Users\BruceChen\Desktop\Demo\reviews\JD\jd_review.py", line 162, in save_data
    c.execute(sql)
cx_Oracle.IntegrityError: ORA-00001: 违反唯一约束条件 (EIP.ECOMMERCE_REVIEW_PIX3)
2019-07-01 11:52:55,776 - root - ERROR - utils  - 152 - JD(100001470134)报错信息：数据库保存/更新失败
Traceback (most recent call last):
  File "C:\Users\BruceChen\Desktop\Demo\reviews\JD\jd_review.py", line 162, in save_data
    c.execute(sql)
cx_Oracle.IntegrityError: ORA-00001: 违反唯一约束条件 (EIP.ECOMMERCE_REVIEW_PIX3)
2019-07-01 11:52:55,783 - root - ERROR - utils  - 152 - JD(100001470134)报错信息：数据库保存/更新失败
Traceback (most recent call last):
  File "C:\Users\BruceChen\Desktop\Demo\reviews\JD\jd_review.py", line 162, in save_data
    c.execute(sql)
cx_Oracle.IntegrityError: ORA-00001: 违反唯一约束条件 (EIP.ECOMMERCE_REVIEW_PIX3)
2019-07-01 11:52:55,791 - root - ERROR - utils  - 152 - JD(100001470134)报错信息：数据库保存/更新失败
Traceback (most recent call last):
  File "C:\Users\BruceChen\Desktop\Demo\reviews\JD\jd_review.py", line 162, in save_data
    c.execute(sql)
cx_Oracle.IntegrityError: ORA-00001: 违反唯一约束条件 (EIP.ECOMMERCE_REVIEW_PIX3)
2019-07-01 11:52:55,799 - root - ERROR - utils  - 152 - JD(100001470134)报错信息：数据库保存/更新失败
Traceback (most recent call last):
  File "C:\Users\BruceChen\Desktop\Demo\reviews\JD\jd_review.py", line 162, in save_data
    c.execute(sql)
cx_Oracle.IntegrityError: ORA-00001: 违反唯一约束条件 (EIP.ECOMMERCE_REVIEW_PIX3)
2019-07-01 11:52:55,809 - root - ERROR - utils  - 152 - JD(100001470134)报错信息：数据库保存/更新失败
Traceback (most recent call last):
  File "C:\Users\BruceChen\Desktop\Demo\reviews\JD\jd_review.py", line 162, in save_data
    c.execute(sql)
cx_Oracle.IntegrityError: ORA-00001: 违反唯一约束条件 (EIP.ECOMMERCE_REVIEW_PIX3)
2019-07-01 11:52:55,817 - root - ERROR - utils  - 152 - JD(100001470134)报错信息：数据库保存/更新失败
Traceback (most recent call last):
  File "C:\Users\BruceChen\Desktop\Demo\reviews\JD\jd_review.py", line 162, in save_data
    c.execute(sql)
cx_Oracle.IntegrityError: ORA-00001: 违反唯一约束条件 (EIP.ECOMMERCE_REVIEW_PIX3)
2019-07-01 11:52:55,825 - root - ERROR - utils  - 152 - JD(100001470134)报错信息：数据库保存/更新失败
Traceback (most recent call last):
  File "C:\Users\BruceChen\Desktop\Demo\reviews\JD\jd_review.py", line 162, in save_data
    c.execute(sql)
cx_Oracle.IntegrityError: ORA-00001: 违反唯一约束条件 (EIP.ECOMMERCE_REVIEW_PIX3)
2019-07-01 11:52:55,834 - root - ERROR - utils  - 152 - JD(100001470134)报错信息：数据库保存/更新失败
Traceback (most recent call last):
  File "C:\Users\BruceChen\Desktop\Demo\reviews\JD\jd_review.py", line 162, in save_data
    c.execute(sql)
cx_Oracle.IntegrityError: ORA-00001: 违反唯一约束条件 (EIP.ECOMMERCE_REVIEW_PIX3)
2019-07-01 11:52:55,843 - root - ERROR - utils  - 152 - JD(100001470134)报错信息：数据库保存/更新失败
Traceback (most recent call last):
  File "C:\Users\BruceChen\Desktop\Demo\reviews\JD\jd_review.py", line 162, in save_data
    c.execute(sql)
cx_Oracle.IntegrityError: ORA-00001: 违反唯一约束条件 (EIP.ECOMMERCE_REVIEW_PIX3)
2019-07-01 11:52:55,851 - root - ERROR - utils  - 152 - JD(100001470134)报错信息：数据库保存/更新失败
Traceback (most recent call last):
  File "C:\Users\BruceChen\Desktop\Demo\reviews\JD\jd_review.py", line 162, in save_data
    c.execute(sql)
cx_Oracle.IntegrityError: ORA-00001: 违反唯一约束条件 (EIP.ECOMMERCE_REVIEW_PIX3)
2019-07-01 11:52:55,860 - root - ERROR - utils  - 152 - JD(100001470134)报错信息：数据库保存/更新失败
Traceback (most recent call last):
  File "C:\Users\BruceChen\Desktop\Demo\reviews\JD\jd_review.py", line 162, in save_data
    c.execute(sql)
cx_Oracle.IntegrityError: ORA-00001: 违反唯一约束条件 (EIP.ECOMMERCE_REVIEW_PIX3)
2019-07-01 11:52:55,868 - root - ERROR - utils  - 152 - JD(100001470134)报错信息：数据库保存/更新失败
Traceback (most recent call last):
  File "C:\Users\BruceChen\Desktop\Demo\reviews\JD\jd_review.py", line 162, in save_data
    c.execute(sql)
cx_Oracle.IntegrityError: ORA-00001: 违反唯一约束条件 (EIP.ECOMMERCE_REVIEW_PIX3)
2019-07-01 11:52:55,876 - root - ERROR - utils  - 152 - JD(100001470134)报错信息：数据库保存/更新失败
Traceback (most recent call last):
  File "C:\Users\BruceChen\Desktop\Demo\reviews\JD\jd_review.py", line 162, in save_data
    c.execute(sql)
cx_Oracle.IntegrityError: ORA-00001: 违反唯一约束条件 (EIP.ECOMMERCE_REVIEW_PIX3)
2019-07-01 11:52:55,885 - root - ERROR - utils  - 152 - JD(100001470134)报错信息：数据库保存/更新失败
Traceback (most recent call last):
  File "C:\Users\BruceChen\Desktop\Demo\reviews\JD\jd_review.py", line 162, in save_data
    c.execute(sql)
cx_Oracle.IntegrityError: ORA-00001: 违反唯一约束条件 (EIP.ECOMMERCE_REVIEW_PIX3)
2019-07-01 11:52:55,895 - root - ERROR - utils  - 152 - JD(100001470134)报错信息：数据库保存/更新失败
Traceback (most recent call last):
  File "C:\Users\BruceChen\Desktop\Demo\reviews\JD\jd_review.py", line 162, in save_data
    c.execute(sql)
cx_Oracle.IntegrityError: ORA-00001: 违反唯一约束条件 (EIP.ECOMMERCE_REVIEW_PIX3)
2019-07-01 11:52:55,905 - root - ERROR - utils  - 152 - JD(100001470134)报错信息：数据库保存/更新失败
Traceback (most recent call last):
  File "C:\Users\BruceChen\Desktop\Demo\reviews\JD\jd_review.py", line 162, in save_data
    c.execute(sql)
cx_Oracle.IntegrityError: ORA-00001: 违反唯一约束条件 (EIP.ECOMMERCE_REVIEW_PIX3)
2019-07-01 11:52:55,917 - root - ERROR - utils  - 152 - JD(100001470134)报错信息：数据库保存/更新失败
Traceback (most recent call last):
  File "C:\Users\BruceChen\Desktop\Demo\reviews\JD\jd_review.py", line 162, in save_data
    c.execute(sql)
cx_Oracle.IntegrityError: ORA-00001: 违反唯一约束条件 (EIP.ECOMMERCE_REVIEW_PIX3)
2019-07-01 11:52:55,925 - root - ERROR - utils  - 152 - JD(100001470134)报错信息：数据库保存/更新失败
Traceback (most recent call last):
  File "C:\Users\BruceChen\Desktop\Demo\reviews\JD\jd_review.py", line 162, in save_data
    c.execute(sql)
cx_Oracle.IntegrityError: ORA-00001: 违反唯一约束条件 (EIP.ECOMMERCE_REVIEW_PIX3)
2019-07-01 11:52:55,933 - root - ERROR - utils  - 152 - JD(100001470134)报错信息：数据库保存/更新失败
Traceback (most recent call last):
  File "C:\Users\BruceChen\Desktop\Demo\reviews\JD\jd_review.py", line 162, in save_data
    c.execute(sql)
cx_Oracle.IntegrityError: ORA-00001: 违反唯一约束条件 (EIP.ECOMMERCE_REVIEW_PIX3)
