2019-06-26 17:10:34,444 - root - ERROR - utils  - 147 - Amazon(B075JBP2P7_US)报错信息：保存失败
Traceback (most recent call last):
  File "C:\Users\BruceChen\Desktop\Demo\reviews\utils.py", line 156, in save_db
    c.execute(sql)
cx_Oracle.IntegrityError: ORA-00001: 违反唯一约束条件 (EIP.SKU_PK)
2019-06-26 17:10:34,472 - root - ERROR - utils  - 147 - Amazon(B075JBP2P7_US)报错信息：保存失败
Traceback (most recent call last):
  File "C:\Users\BruceChen\Desktop\Demo\reviews\utils.py", line 156, in save_db
    c.execute(sql)
cx_Oracle.IntegrityError: ORA-00001: 违反唯一约束条件 (EIP.ECOMMERCE_REVIEW_PK)
2019-06-26 17:10:34,478 - root - ERROR - utils  - 147 - Amazon(B075JBP2P7_US)报错信息：保存失败
Traceback (most recent call last):
  File "C:\Users\BruceChen\Desktop\Demo\reviews\utils.py", line 156, in save_db
    c.execute(sql)
cx_Oracle.IntegrityError: ORA-00001: 违反唯一约束条件 (EIP.ECOMMERCE_REVIEW_PK)
2019-06-26 17:10:34,483 - root - ERROR - utils  - 147 - Amazon(B075JBP2P7_US)报错信息：保存失败
Traceback (most recent call last):
  File "C:\Users\BruceChen\Desktop\Demo\reviews\utils.py", line 156, in save_db
    c.execute(sql)
cx_Oracle.IntegrityError: ORA-00001: 违反唯一约束条件 (EIP.ECOMMERCE_REVIEW_PK)
2019-06-26 17:10:34,488 - root - ERROR - utils  - 147 - Amazon(B075JBP2P7_US)报错信息：保存失败
Traceback (most recent call last):
  File "C:\Users\BruceChen\Desktop\Demo\reviews\utils.py", line 156, in save_db
    c.execute(sql)
cx_Oracle.IntegrityError: ORA-00001: 违反唯一约束条件 (EIP.ECOMMERCE_REVIEW_PK)
2019-06-26 17:10:34,489 - root - ERROR - utils  - 147 - Amazon(B075JBP2P7_US)报错信息：保存失败
Traceback (most recent call last):
  File "C:\Users\BruceChen\Desktop\Demo\reviews\utils.py", line 156, in save_db
    c.execute(sql)
UnicodeEncodeError: 'gbk' codec can't encode character '\xf1' in position 243: illegal multibyte sequence
2019-06-26 17:10:34,494 - root - ERROR - utils  - 147 - Amazon(B075JBP2P7_US)报错信息：保存失败
Traceback (most recent call last):
  File "C:\Users\BruceChen\Desktop\Demo\reviews\utils.py", line 156, in save_db
    c.execute(sql)
cx_Oracle.IntegrityError: ORA-00001: 违反唯一约束条件 (EIP.ECOMMERCE_REVIEW_PK)
2019-06-26 17:10:34,499 - root - ERROR - utils  - 147 - Amazon(B075JBP2P7_US)报错信息：保存失败
Traceback (most recent call last):
  File "C:\Users\BruceChen\Desktop\Demo\reviews\utils.py", line 156, in save_db
    c.execute(sql)
cx_Oracle.IntegrityError: ORA-00001: 违反唯一约束条件 (EIP.ECOMMERCE_REVIEW_PK)
2019-06-26 17:10:34,504 - root - ERROR - utils  - 147 - Amazon(B075JBP2P7_US)报错信息：保存失败
Traceback (most recent call last):
  File "C:\Users\BruceChen\Desktop\Demo\reviews\utils.py", line 156, in save_db
    c.execute(sql)
cx_Oracle.IntegrityError: ORA-00001: 违反唯一约束条件 (EIP.ECOMMERCE_REVIEW_PK)
2019-06-26 17:10:34,509 - root - ERROR - utils  - 147 - Amazon(B075JBP2P7_US)报错信息：保存失败
Traceback (most recent call last):
  File "C:\Users\BruceChen\Desktop\Demo\reviews\utils.py", line 156, in save_db
    c.execute(sql)
cx_Oracle.IntegrityError: ORA-00001: 违反唯一约束条件 (EIP.ECOMMERCE_REVIEW_PK)
2019-06-26 17:10:34,514 - root - ERROR - utils  - 147 - Amazon(B075JBP2P7_US)报错信息：保存失败
Traceback (most recent call last):
  File "C:\Users\BruceChen\Desktop\Demo\reviews\utils.py", line 156, in save_db
    c.execute(sql)
cx_Oracle.IntegrityError: ORA-00001: 违反唯一约束条件 (EIP.ECOMMERCE_REVIEW_PK)
2019-06-26 17:10:38,712 - root - ERROR - utils  - 147 - Amazon(B075JBP2P7_US)报错信息：保存失败
Traceback (most recent call last):
  File "C:\Users\BruceChen\Desktop\Demo\reviews\utils.py", line 156, in save_db
    c.execute(sql)
cx_Oracle.IntegrityError: ORA-00001: 违反唯一约束条件 (EIP.ECOMMERCE_REVIEW_PK)
2019-06-26 17:10:38,717 - root - ERROR - utils  - 147 - Amazon(B075JBP2P7_US)报错信息：保存失败
Traceback (most recent call last):
  File "C:\Users\BruceChen\Desktop\Demo\reviews\utils.py", line 156, in save_db
    c.execute(sql)
cx_Oracle.IntegrityError: ORA-00001: 违反唯一约束条件 (EIP.ECOMMERCE_REVIEW_PK)
2019-06-26 17:10:38,721 - root - ERROR - utils  - 147 - Amazon(B075JBP2P7_US)报错信息：保存失败
Traceback (most recent call last):
  File "C:\Users\BruceChen\Desktop\Demo\reviews\utils.py", line 156, in save_db
    c.execute(sql)
cx_Oracle.IntegrityError: ORA-00001: 违反唯一约束条件 (EIP.ECOMMERCE_REVIEW_PK)
2019-06-26 17:10:38,727 - root - ERROR - utils  - 147 - Amazon(B075JBP2P7_US)报错信息：保存失败
Traceback (most recent call last):
  File "C:\Users\BruceChen\Desktop\Demo\reviews\utils.py", line 156, in save_db
    c.execute(sql)
cx_Oracle.IntegrityError: ORA-00001: 违反唯一约束条件 (EIP.ECOMMERCE_REVIEW_PK)
2019-06-26 17:10:38,733 - root - ERROR - utils  - 147 - Amazon(B075JBP2P7_US)报错信息：保存失败
Traceback (most recent call last):
  File "C:\Users\BruceChen\Desktop\Demo\reviews\utils.py", line 156, in save_db
    c.execute(sql)
cx_Oracle.IntegrityError: ORA-00001: 违反唯一约束条件 (EIP.ECOMMERCE_REVIEW_PK)
2019-06-26 17:10:38,737 - root - ERROR - utils  - 147 - Amazon(B075JBP2P7_US)报错信息：保存失败
Traceback (most recent call last):
  File "C:\Users\BruceChen\Desktop\Demo\reviews\utils.py", line 156, in save_db
    c.execute(sql)
cx_Oracle.IntegrityError: ORA-00001: 违反唯一约束条件 (EIP.ECOMMERCE_REVIEW_PK)
2019-06-26 17:10:38,743 - root - ERROR - utils  - 147 - Amazon(B075JBP2P7_US)报错信息：保存失败
Traceback (most recent call last):
  File "C:\Users\BruceChen\Desktop\Demo\reviews\utils.py", line 156, in save_db
    c.execute(sql)
cx_Oracle.IntegrityError: ORA-00001: 违反唯一约束条件 (EIP.ECOMMERCE_REVIEW_PK)
2019-06-26 17:10:38,748 - root - ERROR - utils  - 147 - Amazon(B075JBP2P7_US)报错信息：保存失败
Traceback (most recent call last):
  File "C:\Users\BruceChen\Desktop\Demo\reviews\utils.py", line 156, in save_db
    c.execute(sql)
cx_Oracle.IntegrityError: ORA-00001: 违反唯一约束条件 (EIP.ECOMMERCE_REVIEW_PK)
2019-06-26 17:10:38,754 - root - ERROR - utils  - 147 - Amazon(B075JBP2P7_US)报错信息：保存失败
Traceback (most recent call last):
  File "C:\Users\BruceChen\Desktop\Demo\reviews\utils.py", line 156, in save_db
    c.execute(sql)
cx_Oracle.IntegrityError: ORA-00001: 违反唯一约束条件 (EIP.ECOMMERCE_REVIEW_PK)
2019-06-26 17:10:38,758 - root - ERROR - utils  - 147 - Amazon(B075JBP2P7_US)报错信息：保存失败
Traceback (most recent call last):
  File "C:\Users\BruceChen\Desktop\Demo\reviews\utils.py", line 156, in save_db
    c.execute(sql)
cx_Oracle.IntegrityError: ORA-00001: 违反唯一约束条件 (EIP.ECOMMERCE_REVIEW_PK)
2019-06-26 17:10:42,976 - root - ERROR - utils  - 147 - Amazon(B075JBP2P7_US)报错信息：保存失败
Traceback (most recent call last):
  File "C:\Users\BruceChen\Desktop\Demo\reviews\utils.py", line 156, in save_db
    c.execute(sql)
cx_Oracle.IntegrityError: ORA-00001: 违反唯一约束条件 (EIP.ECOMMERCE_REVIEW_PK)
2019-06-26 17:10:42,982 - root - ERROR - utils  - 147 - Amazon(B075JBP2P7_US)报错信息：保存失败
Traceback (most recent call last):
  File "C:\Users\BruceChen\Desktop\Demo\reviews\utils.py", line 156, in save_db
    c.execute(sql)
cx_Oracle.IntegrityError: ORA-00001: 违反唯一约束条件 (EIP.ECOMMERCE_REVIEW_PK)
2019-06-26 17:10:42,987 - root - ERROR - utils  - 147 - Amazon(B075JBP2P7_US)报错信息：保存失败
Traceback (most recent call last):
  File "C:\Users\BruceChen\Desktop\Demo\reviews\utils.py", line 156, in save_db
    c.execute(sql)
cx_Oracle.IntegrityError: ORA-00001: 违反唯一约束条件 (EIP.ECOMMERCE_REVIEW_PK)
2019-06-26 17:10:42,993 - root - ERROR - utils  - 147 - Amazon(B075JBP2P7_US)报错信息：保存失败
Traceback (most recent call last):
  File "C:\Users\BruceChen\Desktop\Demo\reviews\utils.py", line 156, in save_db
    c.execute(sql)
cx_Oracle.IntegrityError: ORA-00001: 违反唯一约束条件 (EIP.ECOMMERCE_REVIEW_PK)
2019-06-26 17:10:42,998 - root - ERROR - utils  - 147 - Amazon(B075JBP2P7_US)报错信息：保存失败
Traceback (most recent call last):
  File "C:\Users\BruceChen\Desktop\Demo\reviews\utils.py", line 156, in save_db
    c.execute(sql)
cx_Oracle.IntegrityError: ORA-00001: 违反唯一约束条件 (EIP.ECOMMERCE_REVIEW_PK)
2019-06-26 17:10:43,004 - root - ERROR - utils  - 147 - Amazon(B075JBP2P7_US)报错信息：保存失败
Traceback (most recent call last):
  File "C:\Users\BruceChen\Desktop\Demo\reviews\utils.py", line 156, in save_db
    c.execute(sql)
cx_Oracle.IntegrityError: ORA-00001: 违反唯一约束条件 (EIP.ECOMMERCE_REVIEW_PK)
2019-06-26 17:10:43,011 - root - ERROR - utils  - 147 - Amazon(B075JBP2P7_US)报错信息：保存失败
Traceback (most recent call last):
  File "C:\Users\BruceChen\Desktop\Demo\reviews\utils.py", line 156, in save_db
    c.execute(sql)
cx_Oracle.IntegrityError: ORA-00001: 违反唯一约束条件 (EIP.ECOMMERCE_REVIEW_PK)
2019-06-26 17:10:43,021 - root - ERROR - utils  - 147 - Amazon(B075JBP2P7_US)报错信息：保存失败
Traceback (most recent call last):
  File "C:\Users\BruceChen\Desktop\Demo\reviews\utils.py", line 156, in save_db
    c.execute(sql)
cx_Oracle.IntegrityError: ORA-00001: 违反唯一约束条件 (EIP.ECOMMERCE_REVIEW_PK)
2019-06-26 17:10:43,030 - root - ERROR - utils  - 147 - Amazon(B075JBP2P7_US)报错信息：保存失败
Traceback (most recent call last):
  File "C:\Users\BruceChen\Desktop\Demo\reviews\utils.py", line 156, in save_db
    c.execute(sql)
cx_Oracle.IntegrityError: ORA-00001: 违反唯一约束条件 (EIP.ECOMMERCE_REVIEW_PK)
2019-06-26 17:10:43,038 - root - ERROR - utils  - 147 - Amazon(B075JBP2P7_US)报错信息：保存失败
Traceback (most recent call last):
  File "C:\Users\BruceChen\Desktop\Demo\reviews\utils.py", line 156, in save_db
    c.execute(sql)
cx_Oracle.IntegrityError: ORA-00001: 违反唯一约束条件 (EIP.ECOMMERCE_REVIEW_PK)
2019-06-26 17:10:47,523 - root - ERROR - utils  - 147 - Amazon(B075JBP2P7_US)报错信息：保存失败
Traceback (most recent call last):
  File "C:\Users\BruceChen\Desktop\Demo\reviews\utils.py", line 156, in save_db
    c.execute(sql)
cx_Oracle.IntegrityError: ORA-00001: 违反唯一约束条件 (EIP.ECOMMERCE_REVIEW_PK)
2019-06-26 17:10:47,532 - root - ERROR - utils  - 147 - Amazon(B075JBP2P7_US)报错信息：保存失败
Traceback (most recent call last):
  File "C:\Users\BruceChen\Desktop\Demo\reviews\utils.py", line 156, in save_db
    c.execute(sql)
cx_Oracle.IntegrityError: ORA-00001: 违反唯一约束条件 (EIP.ECOMMERCE_REVIEW_PK)
2019-06-26 17:10:47,541 - root - ERROR - utils  - 147 - Amazon(B075JBP2P7_US)报错信息：保存失败
Traceback (most recent call last):
  File "C:\Users\BruceChen\Desktop\Demo\reviews\utils.py", line 156, in save_db
    c.execute(sql)
cx_Oracle.IntegrityError: ORA-00001: 违反唯一约束条件 (EIP.ECOMMERCE_REVIEW_PK)
2019-06-26 17:10:47,551 - root - ERROR - utils  - 147 - Amazon(B075JBP2P7_US)报错信息：保存失败
Traceback (most recent call last):
  File "C:\Users\BruceChen\Desktop\Demo\reviews\utils.py", line 156, in save_db
    c.execute(sql)
cx_Oracle.IntegrityError: ORA-00001: 违反唯一约束条件 (EIP.ECOMMERCE_REVIEW_PK)
2019-06-26 17:10:47,559 - root - ERROR - utils  - 147 - Amazon(B075JBP2P7_US)报错信息：保存失败
Traceback (most recent call last):
  File "C:\Users\BruceChen\Desktop\Demo\reviews\utils.py", line 156, in save_db
    c.execute(sql)
cx_Oracle.IntegrityError: ORA-00001: 违反唯一约束条件 (EIP.ECOMMERCE_REVIEW_PK)
2019-06-26 17:10:47,566 - root - ERROR - utils  - 147 - Amazon(B075JBP2P7_US)报错信息：保存失败
Traceback (most recent call last):
  File "C:\Users\BruceChen\Desktop\Demo\reviews\utils.py", line 156, in save_db
    c.execute(sql)
cx_Oracle.IntegrityError: ORA-00001: 违反唯一约束条件 (EIP.ECOMMERCE_REVIEW_PK)
2019-06-26 17:10:47,573 - root - ERROR - utils  - 147 - Amazon(B075JBP2P7_US)报错信息：保存失败
Traceback (most recent call last):
  File "C:\Users\BruceChen\Desktop\Demo\reviews\utils.py", line 156, in save_db
    c.execute(sql)
cx_Oracle.IntegrityError: ORA-00001: 违反唯一约束条件 (EIP.ECOMMERCE_REVIEW_PK)
2019-06-26 17:10:47,580 - root - ERROR - utils  - 147 - Amazon(B075JBP2P7_US)报错信息：保存失败
Traceback (most recent call last):
  File "C:\Users\BruceChen\Desktop\Demo\reviews\utils.py", line 156, in save_db
    c.execute(sql)
cx_Oracle.IntegrityError: ORA-00001: 违反唯一约束条件 (EIP.ECOMMERCE_REVIEW_PK)
2019-06-26 17:10:47,586 - root - ERROR - utils  - 147 - Amazon(B075JBP2P7_US)报错信息：保存失败
Traceback (most recent call last):
  File "C:\Users\BruceChen\Desktop\Demo\reviews\utils.py", line 156, in save_db
    c.execute(sql)
cx_Oracle.IntegrityError: ORA-00001: 违反唯一约束条件 (EIP.ECOMMERCE_REVIEW_PK)
2019-06-26 17:10:47,593 - root - ERROR - utils  - 147 - Amazon(B075JBP2P7_US)报错信息：保存失败
Traceback (most recent call last):
  File "C:\Users\BruceChen\Desktop\Demo\reviews\utils.py", line 156, in save_db
    c.execute(sql)
cx_Oracle.IntegrityError: ORA-00001: 违反唯一约束条件 (EIP.ECOMMERCE_REVIEW_PK)
2019-06-26 17:10:51,845 - root - ERROR - utils  - 147 - Amazon(B075JBP2P7_US)报错信息：保存失败
Traceback (most recent call last):
  File "C:\Users\BruceChen\Desktop\Demo\reviews\utils.py", line 156, in save_db
    c.execute(sql)
cx_Oracle.IntegrityError: ORA-00001: 违反唯一约束条件 (EIP.ECOMMERCE_REVIEW_PK)
2019-06-26 17:10:51,850 - root - ERROR - utils  - 147 - Amazon(B075JBP2P7_US)报错信息：保存失败
Traceback (most recent call last):
  File "C:\Users\BruceChen\Desktop\Demo\reviews\utils.py", line 156, in save_db
    c.execute(sql)
cx_Oracle.IntegrityError: ORA-00001: 违反唯一约束条件 (EIP.ECOMMERCE_REVIEW_PK)
2019-06-26 17:10:51,857 - root - ERROR - utils  - 147 - Amazon(B075JBP2P7_US)报错信息：保存失败
Traceback (most recent call last):
  File "C:\Users\BruceChen\Desktop\Demo\reviews\utils.py", line 156, in save_db
    c.execute(sql)
cx_Oracle.IntegrityError: ORA-00001: 违反唯一约束条件 (EIP.ECOMMERCE_REVIEW_PK)
2019-06-26 17:10:51,866 - root - ERROR - utils  - 147 - Amazon(B075JBP2P7_US)报错信息：保存失败
Traceback (most recent call last):
  File "C:\Users\BruceChen\Desktop\Demo\reviews\utils.py", line 156, in save_db
    c.execute(sql)
cx_Oracle.IntegrityError: ORA-00001: 违反唯一约束条件 (EIP.ECOMMERCE_REVIEW_PK)
2019-06-26 17:10:51,875 - root - ERROR - utils  - 147 - Amazon(B075JBP2P7_US)报错信息：保存失败
Traceback (most recent call last):
  File "C:\Users\BruceChen\Desktop\Demo\reviews\utils.py", line 156, in save_db
    c.execute(sql)
cx_Oracle.IntegrityError: ORA-00001: 违反唯一约束条件 (EIP.ECOMMERCE_REVIEW_PK)
2019-06-26 17:10:51,883 - root - ERROR - utils  - 147 - Amazon(B075JBP2P7_US)报错信息：保存失败
Traceback (most recent call last):
  File "C:\Users\BruceChen\Desktop\Demo\reviews\utils.py", line 156, in save_db
    c.execute(sql)
cx_Oracle.IntegrityError: ORA-00001: 违反唯一约束条件 (EIP.ECOMMERCE_REVIEW_PK)
2019-06-26 17:10:51,892 - root - ERROR - utils  - 147 - Amazon(B075JBP2P7_US)报错信息：保存失败
Traceback (most recent call last):
  File "C:\Users\BruceChen\Desktop\Demo\reviews\utils.py", line 156, in save_db
    c.execute(sql)
cx_Oracle.IntegrityError: ORA-00001: 违反唯一约束条件 (EIP.ECOMMERCE_REVIEW_PK)
2019-06-26 17:10:51,900 - root - ERROR - utils  - 147 - Amazon(B075JBP2P7_US)报错信息：保存失败
Traceback (most recent call last):
  File "C:\Users\BruceChen\Desktop\Demo\reviews\utils.py", line 156, in save_db
    c.execute(sql)
cx_Oracle.IntegrityError: ORA-00001: 违反唯一约束条件 (EIP.ECOMMERCE_REVIEW_PK)
2019-06-26 17:10:51,908 - root - ERROR - utils  - 147 - Amazon(B075JBP2P7_US)报错信息：保存失败
Traceback (most recent call last):
  File "C:\Users\BruceChen\Desktop\Demo\reviews\utils.py", line 156, in save_db
    c.execute(sql)
cx_Oracle.IntegrityError: ORA-00001: 违反唯一约束条件 (EIP.ECOMMERCE_REVIEW_PK)
2019-06-26 17:10:51,916 - root - ERROR - utils  - 147 - Amazon(B075JBP2P7_US)报错信息：保存失败
Traceback (most recent call last):
  File "C:\Users\BruceChen\Desktop\Demo\reviews\utils.py", line 156, in save_db
    c.execute(sql)
cx_Oracle.IntegrityError: ORA-00001: 违反唯一约束条件 (EIP.ECOMMERCE_REVIEW_PK)
2019-06-26 17:10:56,432 - root - ERROR - utils  - 147 - Amazon(B075JBP2P7_US)报错信息：保存失败
Traceback (most recent call last):
  File "C:\Users\BruceChen\Desktop\Demo\reviews\utils.py", line 156, in save_db
    c.execute(sql)
cx_Oracle.IntegrityError: ORA-00001: 违反唯一约束条件 (EIP.ECOMMERCE_REVIEW_PK)
2019-06-26 17:10:56,438 - root - ERROR - utils  - 147 - Amazon(B075JBP2P7_US)报错信息：保存失败
Traceback (most recent call last):
  File "C:\Users\BruceChen\Desktop\Demo\reviews\utils.py", line 156, in save_db
    c.execute(sql)
cx_Oracle.IntegrityError: ORA-00001: 违反唯一约束条件 (EIP.ECOMMERCE_REVIEW_PK)
2019-06-26 17:10:56,443 - root - ERROR - utils  - 147 - Amazon(B075JBP2P7_US)报错信息：保存失败
Traceback (most recent call last):
  File "C:\Users\BruceChen\Desktop\Demo\reviews\utils.py", line 156, in save_db
    c.execute(sql)
cx_Oracle.IntegrityError: ORA-00001: 违反唯一约束条件 (EIP.ECOMMERCE_REVIEW_PK)
2019-06-26 17:10:56,448 - root - ERROR - utils  - 147 - Amazon(B075JBP2P7_US)报错信息：保存失败
Traceback (most recent call last):
  File "C:\Users\BruceChen\Desktop\Demo\reviews\utils.py", line 156, in save_db
    c.execute(sql)
cx_Oracle.IntegrityError: ORA-00001: 违反唯一约束条件 (EIP.ECOMMERCE_REVIEW_PK)
2019-06-26 17:10:56,453 - root - ERROR - utils  - 147 - Amazon(B075JBP2P7_US)报错信息：保存失败
Traceback (most recent call last):
  File "C:\Users\BruceChen\Desktop\Demo\reviews\utils.py", line 156, in save_db
    c.execute(sql)
cx_Oracle.IntegrityError: ORA-00001: 违反唯一约束条件 (EIP.ECOMMERCE_REVIEW_PK)
2019-06-26 17:10:56,459 - root - ERROR - utils  - 147 - Amazon(B075JBP2P7_US)报错信息：保存失败
Traceback (most recent call last):
  File "C:\Users\BruceChen\Desktop\Demo\reviews\utils.py", line 156, in save_db
    c.execute(sql)
cx_Oracle.IntegrityError: ORA-00001: 违反唯一约束条件 (EIP.ECOMMERCE_REVIEW_PK)
2019-06-26 17:10:56,464 - root - ERROR - utils  - 147 - Amazon(B075JBP2P7_US)报错信息：保存失败
Traceback (most recent call last):
  File "C:\Users\BruceChen\Desktop\Demo\reviews\utils.py", line 156, in save_db
    c.execute(sql)
cx_Oracle.IntegrityError: ORA-00001: 违反唯一约束条件 (EIP.ECOMMERCE_REVIEW_PK)
2019-06-26 17:10:56,469 - root - ERROR - utils  - 147 - Amazon(B075JBP2P7_US)报错信息：保存失败
Traceback (most recent call last):
  File "C:\Users\BruceChen\Desktop\Demo\reviews\utils.py", line 156, in save_db
    c.execute(sql)
cx_Oracle.IntegrityError: ORA-00001: 违反唯一约束条件 (EIP.ECOMMERCE_REVIEW_PK)
2019-06-26 17:10:56,473 - root - ERROR - utils  - 147 - Amazon(B075JBP2P7_US)报错信息：保存失败
Traceback (most recent call last):
  File "C:\Users\BruceChen\Desktop\Demo\reviews\utils.py", line 156, in save_db
    c.execute(sql)
cx_Oracle.IntegrityError: ORA-00001: 违反唯一约束条件 (EIP.ECOMMERCE_REVIEW_PK)
2019-06-26 17:10:56,478 - root - ERROR - utils  - 147 - Amazon(B075JBP2P7_US)报错信息：保存失败
Traceback (most recent call last):
  File "C:\Users\BruceChen\Desktop\Demo\reviews\utils.py", line 156, in save_db
    c.execute(sql)
cx_Oracle.IntegrityError: ORA-00001: 违反唯一约束条件 (EIP.ECOMMERCE_REVIEW_PK)
2019-06-26 17:11:01,341 - root - ERROR - utils  - 147 - Amazon(B075JBP2P7_US)报错信息：保存失败
Traceback (most recent call last):
  File "C:\Users\BruceChen\Desktop\Demo\reviews\utils.py", line 156, in save_db
    c.execute(sql)
cx_Oracle.IntegrityError: ORA-00001: 违反唯一约束条件 (EIP.ECOMMERCE_REVIEW_PK)
2019-06-26 17:11:01,346 - root - ERROR - utils  - 147 - Amazon(B075JBP2P7_US)报错信息：保存失败
Traceback (most recent call last):
  File "C:\Users\BruceChen\Desktop\Demo\reviews\utils.py", line 156, in save_db
    c.execute(sql)
cx_Oracle.IntegrityError: ORA-00001: 违反唯一约束条件 (EIP.ECOMMERCE_REVIEW_PK)
2019-06-26 17:11:01,351 - root - ERROR - utils  - 147 - Amazon(B075JBP2P7_US)报错信息：保存失败
Traceback (most recent call last):
  File "C:\Users\BruceChen\Desktop\Demo\reviews\utils.py", line 156, in save_db
    c.execute(sql)
cx_Oracle.IntegrityError: ORA-00001: 违反唯一约束条件 (EIP.ECOMMERCE_REVIEW_PK)
2019-06-26 17:11:01,356 - root - ERROR - utils  - 147 - Amazon(B075JBP2P7_US)报错信息：保存失败
Traceback (most recent call last):
  File "C:\Users\BruceChen\Desktop\Demo\reviews\utils.py", line 156, in save_db
    c.execute(sql)
cx_Oracle.IntegrityError: ORA-00001: 违反唯一约束条件 (EIP.ECOMMERCE_REVIEW_PK)
2019-06-26 17:11:01,361 - root - ERROR - utils  - 147 - Amazon(B075JBP2P7_US)报错信息：保存失败
Traceback (most recent call last):
  File "C:\Users\BruceChen\Desktop\Demo\reviews\utils.py", line 156, in save_db
    c.execute(sql)
cx_Oracle.IntegrityError: ORA-00001: 违反唯一约束条件 (EIP.ECOMMERCE_REVIEW_PK)
2019-06-26 17:11:01,366 - root - ERROR - utils  - 147 - Amazon(B075JBP2P7_US)报错信息：保存失败
Traceback (most recent call last):
  File "C:\Users\BruceChen\Desktop\Demo\reviews\utils.py", line 156, in save_db
    c.execute(sql)
cx_Oracle.IntegrityError: ORA-00001: 违反唯一约束条件 (EIP.ECOMMERCE_REVIEW_PK)
2019-06-26 17:11:01,370 - root - ERROR - utils  - 147 - Amazon(B075JBP2P7_US)报错信息：保存失败
Traceback (most recent call last):
  File "C:\Users\BruceChen\Desktop\Demo\reviews\utils.py", line 156, in save_db
    c.execute(sql)
cx_Oracle.IntegrityError: ORA-00001: 违反唯一约束条件 (EIP.ECOMMERCE_REVIEW_PK)
2019-06-26 17:11:01,376 - root - ERROR - utils  - 147 - Amazon(B075JBP2P7_US)报错信息：保存失败
Traceback (most recent call last):
  File "C:\Users\BruceChen\Desktop\Demo\reviews\utils.py", line 156, in save_db
    c.execute(sql)
cx_Oracle.IntegrityError: ORA-00001: 违反唯一约束条件 (EIP.ECOMMERCE_REVIEW_PK)
2019-06-26 17:11:01,381 - root - ERROR - utils  - 147 - Amazon(B075JBP2P7_US)报错信息：保存失败
Traceback (most recent call last):
  File "C:\Users\BruceChen\Desktop\Demo\reviews\utils.py", line 156, in save_db
    c.execute(sql)
cx_Oracle.IntegrityError: ORA-00001: 违反唯一约束条件 (EIP.ECOMMERCE_REVIEW_PK)
2019-06-26 17:11:01,387 - root - ERROR - utils  - 147 - Amazon(B075JBP2P7_US)报错信息：保存失败
Traceback (most recent call last):
  File "C:\Users\BruceChen\Desktop\Demo\reviews\utils.py", line 156, in save_db
    c.execute(sql)
cx_Oracle.IntegrityError: ORA-00001: 违反唯一约束条件 (EIP.ECOMMERCE_REVIEW_PK)
2019-06-26 17:11:05,598 - root - ERROR - utils  - 147 - Amazon(B075JBP2P7_US)报错信息：保存失败
Traceback (most recent call last):
  File "C:\Users\BruceChen\Desktop\Demo\reviews\utils.py", line 156, in save_db
    c.execute(sql)
cx_Oracle.IntegrityError: ORA-00001: 违反唯一约束条件 (EIP.ECOMMERCE_REVIEW_PK)
2019-06-26 17:11:05,603 - root - ERROR - utils  - 147 - Amazon(B075JBP2P7_US)报错信息：保存失败
Traceback (most recent call last):
  File "C:\Users\BruceChen\Desktop\Demo\reviews\utils.py", line 156, in save_db
    c.execute(sql)
cx_Oracle.IntegrityError: ORA-00001: 违反唯一约束条件 (EIP.ECOMMERCE_REVIEW_PK)
2019-06-26 17:11:05,608 - root - ERROR - utils  - 147 - Amazon(B075JBP2P7_US)报错信息：保存失败
Traceback (most recent call last):
  File "C:\Users\BruceChen\Desktop\Demo\reviews\utils.py", line 156, in save_db
    c.execute(sql)
cx_Oracle.IntegrityError: ORA-00001: 违反唯一约束条件 (EIP.ECOMMERCE_REVIEW_PK)
2019-06-26 17:11:05,613 - root - ERROR - utils  - 147 - Amazon(B075JBP2P7_US)报错信息：保存失败
Traceback (most recent call last):
  File "C:\Users\BruceChen\Desktop\Demo\reviews\utils.py", line 156, in save_db
    c.execute(sql)
cx_Oracle.IntegrityError: ORA-00001: 违反唯一约束条件 (EIP.ECOMMERCE_REVIEW_PK)
2019-06-26 17:11:05,619 - root - ERROR - utils  - 147 - Amazon(B075JBP2P7_US)报错信息：保存失败
Traceback (most recent call last):
  File "C:\Users\BruceChen\Desktop\Demo\reviews\utils.py", line 156, in save_db
    c.execute(sql)
cx_Oracle.IntegrityError: ORA-00001: 违反唯一约束条件 (EIP.ECOMMERCE_REVIEW_PK)
2019-06-26 17:11:05,624 - root - ERROR - utils  - 147 - Amazon(B075JBP2P7_US)报错信息：保存失败
Traceback (most recent call last):
  File "C:\Users\BruceChen\Desktop\Demo\reviews\utils.py", line 156, in save_db
    c.execute(sql)
cx_Oracle.IntegrityError: ORA-00001: 违反唯一约束条件 (EIP.ECOMMERCE_REVIEW_PK)
2019-06-26 17:11:05,630 - root - ERROR - utils  - 147 - Amazon(B075JBP2P7_US)报错信息：保存失败
Traceback (most recent call last):
  File "C:\Users\BruceChen\Desktop\Demo\reviews\utils.py", line 156, in save_db
    c.execute(sql)
cx_Oracle.IntegrityError: ORA-00001: 违反唯一约束条件 (EIP.ECOMMERCE_REVIEW_PK)
2019-06-26 17:11:05,632 - root - ERROR - utils  - 147 - Amazon(B075JBP2P7_US)报错信息：保存失败
Traceback (most recent call last):
  File "C:\Users\BruceChen\Desktop\Demo\reviews\utils.py", line 156, in save_db
    c.execute(sql)
UnicodeEncodeError: 'gbk' codec can't encode character '\U0001f44e' in position 246: illegal multibyte sequence
2019-06-26 17:11:05,637 - root - ERROR - utils  - 147 - Amazon(B075JBP2P7_US)报错信息：保存失败
Traceback (most recent call last):
  File "C:\Users\BruceChen\Desktop\Demo\reviews\utils.py", line 156, in save_db
    c.execute(sql)
cx_Oracle.IntegrityError: ORA-00001: 违反唯一约束条件 (EIP.ECOMMERCE_REVIEW_PK)
2019-06-26 17:11:05,642 - root - ERROR - utils  - 147 - Amazon(B075JBP2P7_US)报错信息：保存失败
Traceback (most recent call last):
  File "C:\Users\BruceChen\Desktop\Demo\reviews\utils.py", line 156, in save_db
    c.execute(sql)
cx_Oracle.IntegrityError: ORA-00001: 违反唯一约束条件 (EIP.ECOMMERCE_REVIEW_PK)
2019-06-26 17:11:09,824 - root - ERROR - utils  - 147 - Amazon(B075JBP2P7_US)报错信息：保存失败
Traceback (most recent call last):
  File "C:\Users\BruceChen\Desktop\Demo\reviews\utils.py", line 156, in save_db
    c.execute(sql)
cx_Oracle.IntegrityError: ORA-00001: 违反唯一约束条件 (EIP.ECOMMERCE_REVIEW_PK)
2019-06-26 17:11:09,834 - root - ERROR - utils  - 147 - Amazon(B075JBP2P7_US)报错信息：保存失败
Traceback (most recent call last):
  File "C:\Users\BruceChen\Desktop\Demo\reviews\utils.py", line 156, in save_db
    c.execute(sql)
cx_Oracle.IntegrityError: ORA-00001: 违反唯一约束条件 (EIP.ECOMMERCE_REVIEW_PK)
2019-06-26 17:11:09,843 - root - ERROR - utils  - 147 - Amazon(B075JBP2P7_US)报错信息：保存失败
Traceback (most recent call last):
  File "C:\Users\BruceChen\Desktop\Demo\reviews\utils.py", line 156, in save_db
    c.execute(sql)
cx_Oracle.IntegrityError: ORA-00001: 违反唯一约束条件 (EIP.ECOMMERCE_REVIEW_PK)
2019-06-26 17:11:09,853 - root - ERROR - utils  - 147 - Amazon(B075JBP2P7_US)报错信息：保存失败
Traceback (most recent call last):
  File "C:\Users\BruceChen\Desktop\Demo\reviews\utils.py", line 156, in save_db
    c.execute(sql)
cx_Oracle.IntegrityError: ORA-00001: 违反唯一约束条件 (EIP.ECOMMERCE_REVIEW_PK)
2019-06-26 17:11:09,861 - root - ERROR - utils  - 147 - Amazon(B075JBP2P7_US)报错信息：保存失败
Traceback (most recent call last):
  File "C:\Users\BruceChen\Desktop\Demo\reviews\utils.py", line 156, in save_db
    c.execute(sql)
cx_Oracle.IntegrityError: ORA-00001: 违反唯一约束条件 (EIP.ECOMMERCE_REVIEW_PK)
2019-06-26 17:11:09,866 - root - ERROR - utils  - 147 - Amazon(B075JBP2P7_US)报错信息：保存失败
Traceback (most recent call last):
  File "C:\Users\BruceChen\Desktop\Demo\reviews\utils.py", line 156, in save_db
    c.execute(sql)
cx_Oracle.IntegrityError: ORA-00001: 违反唯一约束条件 (EIP.ECOMMERCE_REVIEW_PK)
2019-06-26 17:11:09,871 - root - ERROR - utils  - 147 - Amazon(B075JBP2P7_US)报错信息：保存失败
Traceback (most recent call last):
  File "C:\Users\BruceChen\Desktop\Demo\reviews\utils.py", line 156, in save_db
    c.execute(sql)
cx_Oracle.IntegrityError: ORA-00001: 违反唯一约束条件 (EIP.ECOMMERCE_REVIEW_PK)
2019-06-26 17:11:09,876 - root - ERROR - utils  - 147 - Amazon(B075JBP2P7_US)报错信息：保存失败
Traceback (most recent call last):
  File "C:\Users\BruceChen\Desktop\Demo\reviews\utils.py", line 156, in save_db
    c.execute(sql)
cx_Oracle.IntegrityError: ORA-00001: 违反唯一约束条件 (EIP.ECOMMERCE_REVIEW_PK)
2019-06-26 17:11:09,882 - root - ERROR - utils  - 147 - Amazon(B075JBP2P7_US)报错信息：保存失败
Traceback (most recent call last):
  File "C:\Users\BruceChen\Desktop\Demo\reviews\utils.py", line 156, in save_db
    c.execute(sql)
cx_Oracle.IntegrityError: ORA-00001: 违反唯一约束条件 (EIP.ECOMMERCE_REVIEW_PK)
2019-06-26 17:11:09,886 - root - ERROR - utils  - 147 - Amazon(B075JBP2P7_US)报错信息：保存失败
Traceback (most recent call last):
  File "C:\Users\BruceChen\Desktop\Demo\reviews\utils.py", line 156, in save_db
    c.execute(sql)
cx_Oracle.IntegrityError: ORA-00001: 违反唯一约束条件 (EIP.ECOMMERCE_REVIEW_PK)
2019-06-26 17:11:14,192 - root - ERROR - utils  - 147 - Amazon(B075JBP2P7_US)报错信息：保存失败
Traceback (most recent call last):
  File "C:\Users\BruceChen\Desktop\Demo\reviews\utils.py", line 156, in save_db
    c.execute(sql)
cx_Oracle.IntegrityError: ORA-00001: 违反唯一约束条件 (EIP.ECOMMERCE_REVIEW_PK)
2019-06-26 17:11:14,199 - root - ERROR - utils  - 147 - Amazon(B075JBP2P7_US)报错信息：保存失败
Traceback (most recent call last):
  File "C:\Users\BruceChen\Desktop\Demo\reviews\utils.py", line 156, in save_db
    c.execute(sql)
cx_Oracle.IntegrityError: ORA-00001: 违反唯一约束条件 (EIP.ECOMMERCE_REVIEW_PK)
2019-06-26 17:11:14,208 - root - ERROR - utils  - 147 - Amazon(B075JBP2P7_US)报错信息：保存失败
Traceback (most recent call last):
  File "C:\Users\BruceChen\Desktop\Demo\reviews\utils.py", line 156, in save_db
    c.execute(sql)
cx_Oracle.IntegrityError: ORA-00001: 违反唯一约束条件 (EIP.ECOMMERCE_REVIEW_PK)
2019-06-26 17:11:14,216 - root - ERROR - utils  - 147 - Amazon(B075JBP2P7_US)报错信息：保存失败
Traceback (most recent call last):
  File "C:\Users\BruceChen\Desktop\Demo\reviews\utils.py", line 156, in save_db
    c.execute(sql)
cx_Oracle.IntegrityError: ORA-00001: 违反唯一约束条件 (EIP.ECOMMERCE_REVIEW_PK)
2019-06-26 17:11:14,226 - root - ERROR - utils  - 147 - Amazon(B075JBP2P7_US)报错信息：保存失败
Traceback (most recent call last):
  File "C:\Users\BruceChen\Desktop\Demo\reviews\utils.py", line 156, in save_db
    c.execute(sql)
cx_Oracle.IntegrityError: ORA-00001: 违反唯一约束条件 (EIP.ECOMMERCE_REVIEW_PK)
2019-06-26 17:11:14,233 - root - ERROR - utils  - 147 - Amazon(B075JBP2P7_US)报错信息：保存失败
Traceback (most recent call last):
  File "C:\Users\BruceChen\Desktop\Demo\reviews\utils.py", line 156, in save_db
    c.execute(sql)
cx_Oracle.IntegrityError: ORA-00001: 违反唯一约束条件 (EIP.ECOMMERCE_REVIEW_PK)
2019-06-26 17:11:14,241 - root - ERROR - utils  - 147 - Amazon(B075JBP2P7_US)报错信息：保存失败
Traceback (most recent call last):
  File "C:\Users\BruceChen\Desktop\Demo\reviews\utils.py", line 156, in save_db
    c.execute(sql)
cx_Oracle.IntegrityError: ORA-00001: 违反唯一约束条件 (EIP.ECOMMERCE_REVIEW_PK)
2019-06-26 17:11:14,248 - root - ERROR - utils  - 147 - Amazon(B075JBP2P7_US)报错信息：保存失败
Traceback (most recent call last):
  File "C:\Users\BruceChen\Desktop\Demo\reviews\utils.py", line 156, in save_db
    c.execute(sql)
cx_Oracle.IntegrityError: ORA-00001: 违反唯一约束条件 (EIP.ECOMMERCE_REVIEW_PK)
2019-06-26 17:11:14,255 - root - ERROR - utils  - 147 - Amazon(B075JBP2P7_US)报错信息：保存失败
Traceback (most recent call last):
  File "C:\Users\BruceChen\Desktop\Demo\reviews\utils.py", line 156, in save_db
    c.execute(sql)
cx_Oracle.IntegrityError: ORA-00001: 违反唯一约束条件 (EIP.ECOMMERCE_REVIEW_PK)
2019-06-26 17:11:14,261 - root - ERROR - utils  - 147 - Amazon(B075JBP2P7_US)报错信息：保存失败
Traceback (most recent call last):
  File "C:\Users\BruceChen\Desktop\Demo\reviews\utils.py", line 156, in save_db
    c.execute(sql)
cx_Oracle.IntegrityError: ORA-00001: 违反唯一约束条件 (EIP.ECOMMERCE_REVIEW_PK)
2019-06-26 17:11:19,575 - root - ERROR - utils  - 147 - Amazon(B075JBP2P7_US)报错信息：保存失败
Traceback (most recent call last):
  File "C:\Users\BruceChen\Desktop\Demo\reviews\utils.py", line 156, in save_db
    c.execute(sql)
cx_Oracle.IntegrityError: ORA-00001: 违反唯一约束条件 (EIP.ECOMMERCE_REVIEW_PK)
2019-06-26 17:11:19,582 - root - ERROR - utils  - 147 - Amazon(B075JBP2P7_US)报错信息：保存失败
Traceback (most recent call last):
  File "C:\Users\BruceChen\Desktop\Demo\reviews\utils.py", line 156, in save_db
    c.execute(sql)
cx_Oracle.IntegrityError: ORA-00001: 违反唯一约束条件 (EIP.ECOMMERCE_REVIEW_PK)
2019-06-26 17:11:19,589 - root - ERROR - utils  - 147 - Amazon(B075JBP2P7_US)报错信息：保存失败
Traceback (most recent call last):
  File "C:\Users\BruceChen\Desktop\Demo\reviews\utils.py", line 156, in save_db
    c.execute(sql)
cx_Oracle.IntegrityError: ORA-00001: 违反唯一约束条件 (EIP.ECOMMERCE_REVIEW_PK)
2019-06-26 17:11:19,596 - root - ERROR - utils  - 147 - Amazon(B075JBP2P7_US)报错信息：保存失败
Traceback (most recent call last):
  File "C:\Users\BruceChen\Desktop\Demo\reviews\utils.py", line 156, in save_db
    c.execute(sql)
cx_Oracle.IntegrityError: ORA-00001: 违反唯一约束条件 (EIP.ECOMMERCE_REVIEW_PK)
2019-06-26 17:11:19,603 - root - ERROR - utils  - 147 - Amazon(B075JBP2P7_US)报错信息：保存失败
Traceback (most recent call last):
  File "C:\Users\BruceChen\Desktop\Demo\reviews\utils.py", line 156, in save_db
    c.execute(sql)
cx_Oracle.IntegrityError: ORA-00001: 违反唯一约束条件 (EIP.ECOMMERCE_REVIEW_PK)
2019-06-26 17:11:19,611 - root - ERROR - utils  - 147 - Amazon(B075JBP2P7_US)报错信息：保存失败
Traceback (most recent call last):
  File "C:\Users\BruceChen\Desktop\Demo\reviews\utils.py", line 156, in save_db
    c.execute(sql)
cx_Oracle.IntegrityError: ORA-00001: 违反唯一约束条件 (EIP.ECOMMERCE_REVIEW_PK)
2019-06-26 17:11:19,617 - root - ERROR - utils  - 147 - Amazon(B075JBP2P7_US)报错信息：保存失败
Traceback (most recent call last):
  File "C:\Users\BruceChen\Desktop\Demo\reviews\utils.py", line 156, in save_db
    c.execute(sql)
cx_Oracle.IntegrityError: ORA-00001: 违反唯一约束条件 (EIP.ECOMMERCE_REVIEW_PK)
2019-06-26 17:11:19,624 - root - ERROR - utils  - 147 - Amazon(B075JBP2P7_US)报错信息：保存失败
Traceback (most recent call last):
  File "C:\Users\BruceChen\Desktop\Demo\reviews\utils.py", line 156, in save_db
    c.execute(sql)
cx_Oracle.IntegrityError: ORA-00001: 违反唯一约束条件 (EIP.ECOMMERCE_REVIEW_PK)
2019-06-26 17:11:19,631 - root - ERROR - utils  - 147 - Amazon(B075JBP2P7_US)报错信息：保存失败
Traceback (most recent call last):
  File "C:\Users\BruceChen\Desktop\Demo\reviews\utils.py", line 156, in save_db
    c.execute(sql)
cx_Oracle.IntegrityError: ORA-00001: 违反唯一约束条件 (EIP.ECOMMERCE_REVIEW_PK)
2019-06-26 17:11:19,638 - root - ERROR - utils  - 147 - Amazon(B075JBP2P7_US)报错信息：保存失败
Traceback (most recent call last):
  File "C:\Users\BruceChen\Desktop\Demo\reviews\utils.py", line 156, in save_db
    c.execute(sql)
cx_Oracle.IntegrityError: ORA-00001: 违反唯一约束条件 (EIP.ECOMMERCE_REVIEW_PK)
