2019-07-01 21:19:23,203 - root - ERROR - utils  - 178 - JD(100002361195)报错信息：数据库保存/更新失败
Traceback (most recent call last):
  File "C:\Users\BruceChen\Desktop\Demo\reviews\JD\jd_review.py", line 172, in save_data
    c.execute(sql)
cx_Oracle.IntegrityError: ORA-00001: 违反唯一约束条件 (EIP.ECOMMERCE_REVIEW_PIX3)
2019-07-01 21:19:23,213 - root - ERROR - utils  - 178 - JD(100002361195)报错信息：数据库保存/更新失败
Traceback (most recent call last):
  File "C:\Users\BruceChen\Desktop\Demo\reviews\JD\jd_review.py", line 172, in save_data
    c.execute(sql)
cx_Oracle.IntegrityError: ORA-00001: 违反唯一约束条件 (EIP.ECOMMERCE_REVIEW_PIX3)
2019-07-01 21:19:23,222 - root - ERROR - utils  - 178 - JD(100002361195)报错信息：数据库保存/更新失败
Traceback (most recent call last):
  File "C:\Users\BruceChen\Desktop\Demo\reviews\JD\jd_review.py", line 172, in save_data
    c.execute(sql)
cx_Oracle.IntegrityError: ORA-00001: 违反唯一约束条件 (EIP.ECOMMERCE_REVIEW_PIX3)
2019-07-01 21:19:23,249 - root - ERROR - utils  - 178 - JD(100002361195)报错信息：数据库保存/更新失败
Traceback (most recent call last):
  File "C:\Users\BruceChen\Desktop\Demo\reviews\JD\jd_review.py", line 172, in save_data
    c.execute(sql)
cx_Oracle.IntegrityError: ORA-00001: 违反唯一约束条件 (EIP.ECOMMERCE_REVIEW_PIX3)
2019-07-01 21:19:23,275 - root - ERROR - utils  - 178 - JD(100002361195)报错信息：数据库保存/更新失败
Traceback (most recent call last):
  File "C:\Users\BruceChen\Desktop\Demo\reviews\JD\jd_review.py", line 172, in save_data
    c.execute(sql)
cx_Oracle.IntegrityError: ORA-00001: 违反唯一约束条件 (EIP.ECOMMERCE_REVIEW_PIX3)
2019-07-01 21:19:23,290 - root - ERROR - utils  - 178 - JD(100002361195)报错信息：数据库保存/更新失败
Traceback (most recent call last):
  File "C:\Users\BruceChen\Desktop\Demo\reviews\JD\jd_review.py", line 172, in save_data
    c.execute(sql)
cx_Oracle.IntegrityError: ORA-00001: 违反唯一约束条件 (EIP.ECOMMERCE_REVIEW_PIX3)
2019-07-01 21:19:23,311 - root - ERROR - utils  - 178 - JD(100002361195)报错信息：数据库保存/更新失败
Traceback (most recent call last):
  File "C:\Users\BruceChen\Desktop\Demo\reviews\JD\jd_review.py", line 172, in save_data
    c.execute(sql)
cx_Oracle.IntegrityError: ORA-00001: 违反唯一约束条件 (EIP.ECOMMERCE_REVIEW_PIX3)
2019-07-01 21:19:23,319 - root - ERROR - utils  - 178 - JD(100002361195)报错信息：数据库保存/更新失败
Traceback (most recent call last):
  File "C:\Users\BruceChen\Desktop\Demo\reviews\JD\jd_review.py", line 172, in save_data
    c.execute(sql)
cx_Oracle.IntegrityError: ORA-00001: 违反唯一约束条件 (EIP.ECOMMERCE_REVIEW_PIX3)
2019-07-01 21:19:23,326 - root - ERROR - utils  - 178 - JD(100002361195)报错信息：数据库保存/更新失败
Traceback (most recent call last):
  File "C:\Users\BruceChen\Desktop\Demo\reviews\JD\jd_review.py", line 172, in save_data
    c.execute(sql)
cx_Oracle.IntegrityError: ORA-00001: 违反唯一约束条件 (EIP.ECOMMERCE_REVIEW_PIX3)
2019-07-01 21:19:23,345 - root - ERROR - utils  - 178 - JD(100002361195)报错信息：数据库保存/更新失败
Traceback (most recent call last):
  File "C:\Users\BruceChen\Desktop\Demo\reviews\JD\jd_review.py", line 172, in save_data
    c.execute(sql)
cx_Oracle.IntegrityError: ORA-00001: 违反唯一约束条件 (EIP.ECOMMERCE_REVIEW_PIX3)
2019-07-01 21:19:23,356 - root - ERROR - utils  - 178 - JD(100002361195)报错信息：数据库保存/更新失败
Traceback (most recent call last):
  File "C:\Users\BruceChen\Desktop\Demo\reviews\JD\jd_review.py", line 172, in save_data
    c.execute(sql)
cx_Oracle.IntegrityError: ORA-00001: 违反唯一约束条件 (EIP.ECOMMERCE_REVIEW_PIX3)
2019-07-01 21:19:23,367 - root - ERROR - utils  - 178 - JD(100002361195)报错信息：数据库保存/更新失败
Traceback (most recent call last):
  File "C:\Users\BruceChen\Desktop\Demo\reviews\JD\jd_review.py", line 172, in save_data
    c.execute(sql)
cx_Oracle.IntegrityError: ORA-00001: 违反唯一约束条件 (EIP.ECOMMERCE_REVIEW_PIX3)
2019-07-01 21:19:23,383 - root - ERROR - utils  - 178 - JD(100002361195)报错信息：数据库保存/更新失败
Traceback (most recent call last):
  File "C:\Users\BruceChen\Desktop\Demo\reviews\JD\jd_review.py", line 172, in save_data
    c.execute(sql)
cx_Oracle.IntegrityError: ORA-00001: 违反唯一约束条件 (EIP.ECOMMERCE_REVIEW_PIX3)
2019-07-01 21:19:23,398 - root - ERROR - utils  - 178 - JD(100002361195)报错信息：数据库保存/更新失败
Traceback (most recent call last):
  File "C:\Users\BruceChen\Desktop\Demo\reviews\JD\jd_review.py", line 172, in save_data
    c.execute(sql)
cx_Oracle.IntegrityError: ORA-00001: 违反唯一约束条件 (EIP.ECOMMERCE_REVIEW_PIX3)
2019-07-01 21:19:23,416 - root - ERROR - utils  - 178 - JD(100002361195)报错信息：数据库保存/更新失败
Traceback (most recent call last):
  File "C:\Users\BruceChen\Desktop\Demo\reviews\JD\jd_review.py", line 172, in save_data
    c.execute(sql)
cx_Oracle.IntegrityError: ORA-00001: 违反唯一约束条件 (EIP.ECOMMERCE_REVIEW_PIX3)
2019-07-01 21:19:23,429 - root - ERROR - utils  - 178 - JD(100002361195)报错信息：数据库保存/更新失败
Traceback (most recent call last):
  File "C:\Users\BruceChen\Desktop\Demo\reviews\JD\jd_review.py", line 172, in save_data
    c.execute(sql)
cx_Oracle.IntegrityError: ORA-00001: 违反唯一约束条件 (EIP.ECOMMERCE_REVIEW_PIX3)
2019-07-01 21:19:23,444 - root - ERROR - utils  - 178 - JD(100002361195)报错信息：数据库保存/更新失败
Traceback (most recent call last):
  File "C:\Users\BruceChen\Desktop\Demo\reviews\JD\jd_review.py", line 172, in save_data
    c.execute(sql)
cx_Oracle.IntegrityError: ORA-00001: 违反唯一约束条件 (EIP.ECOMMERCE_REVIEW_PIX3)
2019-07-01 21:19:23,461 - root - ERROR - utils  - 178 - JD(100002361195)报错信息：数据库保存/更新失败
Traceback (most recent call last):
  File "C:\Users\BruceChen\Desktop\Demo\reviews\JD\jd_review.py", line 172, in save_data
    c.execute(sql)
cx_Oracle.IntegrityError: ORA-00001: 违反唯一约束条件 (EIP.ECOMMERCE_REVIEW_PIX3)
2019-07-01 21:19:23,483 - root - ERROR - utils  - 178 - JD(100002361195)报错信息：数据库保存/更新失败
Traceback (most recent call last):
  File "C:\Users\BruceChen\Desktop\Demo\reviews\JD\jd_review.py", line 172, in save_data
    c.execute(sql)
cx_Oracle.IntegrityError: ORA-00001: 违反唯一约束条件 (EIP.ECOMMERCE_REVIEW_PIX3)
2019-07-01 21:19:23,488 - root - ERROR - utils  - 178 - JD(100002361195)报错信息：数据库保存/更新失败
Traceback (most recent call last):
  File "C:\Users\BruceChen\Desktop\Demo\reviews\JD\jd_review.py", line 172, in save_data
    c.execute(sql)
cx_Oracle.IntegrityError: ORA-00001: 违反唯一约束条件 (EIP.ECOMMERCE_REVIEW_PIX3)
2019-07-01 21:19:23,507 - root - ERROR - utils  - 178 - JD(100002361195)报错信息：数据库保存/更新失败
Traceback (most recent call last):
  File "C:\Users\BruceChen\Desktop\Demo\reviews\JD\jd_review.py", line 172, in save_data
    c.execute(sql)
cx_Oracle.IntegrityError: ORA-00001: 违反唯一约束条件 (EIP.ECOMMERCE_REVIEW_PIX3)
2019-07-01 21:19:23,522 - root - ERROR - utils  - 178 - JD(100002361195)报错信息：数据库保存/更新失败
Traceback (most recent call last):
  File "C:\Users\BruceChen\Desktop\Demo\reviews\JD\jd_review.py", line 172, in save_data
    c.execute(sql)
cx_Oracle.IntegrityError: ORA-00001: 违反唯一约束条件 (EIP.ECOMMERCE_REVIEW_PIX3)
