2019-06-27 16:22:54,823 - root - ERROR - utils  - 153 - Amazon(B075JBP2P7_DE)报错信息：保存失败
Traceback (most recent call last):
  File "C:\Users\BruceChen\Desktop\Demo\reviews\utils.py", line 162, in save_db
    c.execute(sql)
cx_Oracle.IntegrityError: ORA-00001: 违反唯一约束条件 (EIP.SKU_PK)
2019-06-27 16:22:59,923 - root - ERROR - utils  - 153 - Amazon(B075JBP2P7_UK)报错信息：保存失败
Traceback (most recent call last):
  File "C:\Users\BruceChen\Desktop\Demo\reviews\utils.py", line 162, in save_db
    c.execute(sql)
cx_Oracle.IntegrityError: ORA-00001: 违反唯一约束条件 (EIP.SKU_PK)
2019-06-27 16:26:20,625 - root - ERROR - utils  - 153 - Amazon(B075YDD1P2_DE)报错信息：保存失败
Traceback (most recent call last):
  File "C:\Users\BruceChen\Desktop\Demo\reviews\utils.py", line 162, in save_db
    c.execute(sql)
cx_Oracle.IntegrityError: ORA-00001: 违反唯一约束条件 (EIP.SKU_PK)
2019-06-27 17:19:45,282 - root - ERROR - utils  - 153 - Amazon(B07G4KD8WW_UK)报错信息：保存失败
Traceback (most recent call last):
  File "C:\Users\BruceChen\Desktop\Demo\reviews\utils.py", line 162, in save_db
    c.execute(sql)
cx_Oracle.IntegrityError: ORA-00001: 违反唯一约束条件 (EIP.SKU_PK)
2019-06-27 17:22:38,985 - root - ERROR - utils  - 153 - Amazon(B0749BX1X3_UK)报错信息：保存失败
Traceback (most recent call last):
  File "C:\Users\BruceChen\Desktop\Demo\reviews\utils.py", line 162, in save_db
    c.execute(sql)
cx_Oracle.IntegrityError: ORA-00001: 违反唯一约束条件 (EIP.SKU_PK)
