2019-07-01 21:09:11,014 - root - ERROR - utils  - 178 - JD(100001470134)报错信息：数据库保存/更新失败
Traceback (most recent call last):
  File "C:\Users\BruceChen\Desktop\Demo\reviews\JD\jd_review.py", line 171, in save_data
    c.execute(sql)
cx_Oracle.DatabaseError: ORA-01830: 日期格式图片在转换整个输入字符串之前结束
2019-07-01 21:09:11,021 - root - ERROR - utils  - 178 - JD(100001470134)报错信息：数据库保存/更新失败
Traceback (most recent call last):
  File "C:\Users\BruceChen\Desktop\Demo\reviews\JD\jd_review.py", line 171, in save_data
    c.execute(sql)
cx_Oracle.DatabaseError: ORA-01830: 日期格式图片在转换整个输入字符串之前结束
2019-07-01 21:09:11,025 - root - ERROR - utils  - 178 - JD(100001470134)报错信息：数据库保存/更新失败
Traceback (most recent call last):
  File "C:\Users\BruceChen\Desktop\Demo\reviews\JD\jd_review.py", line 171, in save_data
    c.execute(sql)
cx_Oracle.DatabaseError: ORA-01830: 日期格式图片在转换整个输入字符串之前结束
2019-07-01 21:09:11,029 - root - ERROR - utils  - 178 - JD(100001470134)报错信息：数据库保存/更新失败
Traceback (most recent call last):
  File "C:\Users\BruceChen\Desktop\Demo\reviews\JD\jd_review.py", line 171, in save_data
    c.execute(sql)
cx_Oracle.DatabaseError: ORA-01830: 日期格式图片在转换整个输入字符串之前结束
2019-07-01 21:09:11,033 - root - ERROR - utils  - 178 - JD(100001470134)报错信息：数据库保存/更新失败
Traceback (most recent call last):
  File "C:\Users\BruceChen\Desktop\Demo\reviews\JD\jd_review.py", line 171, in save_data
    c.execute(sql)
cx_Oracle.DatabaseError: ORA-01830: 日期格式图片在转换整个输入字符串之前结束
2019-07-01 21:09:11,037 - root - ERROR - utils  - 178 - JD(100001470134)报错信息：数据库保存/更新失败
Traceback (most recent call last):
  File "C:\Users\BruceChen\Desktop\Demo\reviews\JD\jd_review.py", line 171, in save_data
    c.execute(sql)
cx_Oracle.DatabaseError: ORA-01830: 日期格式图片在转换整个输入字符串之前结束
2019-07-01 21:09:11,043 - root - ERROR - utils  - 178 - JD(100001470134)报错信息：数据库保存/更新失败
Traceback (most recent call last):
  File "C:\Users\BruceChen\Desktop\Demo\reviews\JD\jd_review.py", line 171, in save_data
    c.execute(sql)
cx_Oracle.DatabaseError: ORA-01830: 日期格式图片在转换整个输入字符串之前结束
2019-07-01 21:09:29,178 - root - ERROR - utils  - 178 - JD(100001667527)报错信息：数据库保存/更新失败
Traceback (most recent call last):
  File "C:\Users\BruceChen\Desktop\Demo\reviews\JD\jd_review.py", line 171, in save_data
    c.execute(sql)
cx_Oracle.DatabaseError: ORA-01830: 日期格式图片在转换整个输入字符串之前结束
2019-07-01 21:09:29,183 - root - ERROR - utils  - 178 - JD(100001667527)报错信息：数据库保存/更新失败
Traceback (most recent call last):
  File "C:\Users\BruceChen\Desktop\Demo\reviews\JD\jd_review.py", line 171, in save_data
    c.execute(sql)
cx_Oracle.DatabaseError: ORA-01830: 日期格式图片在转换整个输入字符串之前结束
2019-07-01 21:09:29,187 - root - ERROR - utils  - 178 - JD(100001667527)报错信息：数据库保存/更新失败
Traceback (most recent call last):
  File "C:\Users\BruceChen\Desktop\Demo\reviews\JD\jd_review.py", line 171, in save_data
    c.execute(sql)
cx_Oracle.DatabaseError: ORA-01830: 日期格式图片在转换整个输入字符串之前结束
2019-07-01 21:09:29,191 - root - ERROR - utils  - 178 - JD(100001667527)报错信息：数据库保存/更新失败
Traceback (most recent call last):
  File "C:\Users\BruceChen\Desktop\Demo\reviews\JD\jd_review.py", line 171, in save_data
    c.execute(sql)
cx_Oracle.DatabaseError: ORA-01830: 日期格式图片在转换整个输入字符串之前结束
2019-07-01 21:09:29,195 - root - ERROR - utils  - 178 - JD(100001667527)报错信息：数据库保存/更新失败
Traceback (most recent call last):
  File "C:\Users\BruceChen\Desktop\Demo\reviews\JD\jd_review.py", line 171, in save_data
    c.execute(sql)
cx_Oracle.DatabaseError: ORA-01830: 日期格式图片在转换整个输入字符串之前结束
2019-07-01 21:09:29,199 - root - ERROR - utils  - 178 - JD(100001667527)报错信息：数据库保存/更新失败
Traceback (most recent call last):
  File "C:\Users\BruceChen\Desktop\Demo\reviews\JD\jd_review.py", line 171, in save_data
    c.execute(sql)
cx_Oracle.DatabaseError: ORA-01830: 日期格式图片在转换整个输入字符串之前结束
2019-07-01 21:09:29,203 - root - ERROR - utils  - 178 - JD(100001667527)报错信息：数据库保存/更新失败
Traceback (most recent call last):
  File "C:\Users\BruceChen\Desktop\Demo\reviews\JD\jd_review.py", line 171, in save_data
    c.execute(sql)
cx_Oracle.DatabaseError: ORA-01830: 日期格式图片在转换整个输入字符串之前结束
2019-07-01 21:09:29,207 - root - ERROR - utils  - 178 - JD(100001667527)报错信息：数据库保存/更新失败
Traceback (most recent call last):
  File "C:\Users\BruceChen\Desktop\Demo\reviews\JD\jd_review.py", line 171, in save_data
    c.execute(sql)
cx_Oracle.DatabaseError: ORA-01830: 日期格式图片在转换整个输入字符串之前结束
2019-07-01 21:09:29,212 - root - ERROR - utils  - 178 - JD(100001667527)报错信息：数据库保存/更新失败
Traceback (most recent call last):
  File "C:\Users\BruceChen\Desktop\Demo\reviews\JD\jd_review.py", line 171, in save_data
    c.execute(sql)
cx_Oracle.DatabaseError: ORA-01830: 日期格式图片在转换整个输入字符串之前结束
2019-07-01 21:09:29,215 - root - ERROR - utils  - 178 - JD(100001667527)报错信息：数据库保存/更新失败
Traceback (most recent call last):
  File "C:\Users\BruceChen\Desktop\Demo\reviews\JD\jd_review.py", line 171, in save_data
    c.execute(sql)
cx_Oracle.DatabaseError: ORA-01830: 日期格式图片在转换整个输入字符串之前结束
2019-07-01 21:09:29,219 - root - ERROR - utils  - 178 - JD(100001667527)报错信息：数据库保存/更新失败
Traceback (most recent call last):
  File "C:\Users\BruceChen\Desktop\Demo\reviews\JD\jd_review.py", line 171, in save_data
    c.execute(sql)
cx_Oracle.DatabaseError: ORA-01830: 日期格式图片在转换整个输入字符串之前结束
2019-07-01 21:09:29,224 - root - ERROR - utils  - 178 - JD(100001667527)报错信息：数据库保存/更新失败
Traceback (most recent call last):
  File "C:\Users\BruceChen\Desktop\Demo\reviews\JD\jd_review.py", line 171, in save_data
    c.execute(sql)
cx_Oracle.DatabaseError: ORA-01830: 日期格式图片在转换整个输入字符串之前结束
2019-07-01 21:09:29,227 - root - ERROR - utils  - 178 - JD(100001667527)报错信息：数据库保存/更新失败
Traceback (most recent call last):
  File "C:\Users\BruceChen\Desktop\Demo\reviews\JD\jd_review.py", line 171, in save_data
    c.execute(sql)
cx_Oracle.DatabaseError: ORA-01830: 日期格式图片在转换整个输入字符串之前结束
2019-07-01 21:09:29,231 - root - ERROR - utils  - 178 - JD(100001667527)报错信息：数据库保存/更新失败
Traceback (most recent call last):
  File "C:\Users\BruceChen\Desktop\Demo\reviews\JD\jd_review.py", line 171, in save_data
    c.execute(sql)
cx_Oracle.DatabaseError: ORA-01830: 日期格式图片在转换整个输入字符串之前结束
2019-07-01 21:09:29,235 - root - ERROR - utils  - 178 - JD(100001667527)报错信息：数据库保存/更新失败
Traceback (most recent call last):
  File "C:\Users\BruceChen\Desktop\Demo\reviews\JD\jd_review.py", line 171, in save_data
    c.execute(sql)
cx_Oracle.DatabaseError: ORA-01830: 日期格式图片在转换整个输入字符串之前结束
2019-07-01 21:09:29,240 - root - ERROR - utils  - 178 - JD(100001667527)报错信息：数据库保存/更新失败
Traceback (most recent call last):
  File "C:\Users\BruceChen\Desktop\Demo\reviews\JD\jd_review.py", line 171, in save_data
    c.execute(sql)
cx_Oracle.DatabaseError: ORA-01830: 日期格式图片在转换整个输入字符串之前结束
2019-07-01 21:09:29,244 - root - ERROR - utils  - 178 - JD(100001667527)报错信息：数据库保存/更新失败
Traceback (most recent call last):
  File "C:\Users\BruceChen\Desktop\Demo\reviews\JD\jd_review.py", line 171, in save_data
    c.execute(sql)
cx_Oracle.DatabaseError: ORA-01830: 日期格式图片在转换整个输入字符串之前结束
2019-07-01 21:09:29,248 - root - ERROR - utils  - 178 - JD(100001667527)报错信息：数据库保存/更新失败
Traceback (most recent call last):
  File "C:\Users\BruceChen\Desktop\Demo\reviews\JD\jd_review.py", line 171, in save_data
    c.execute(sql)
cx_Oracle.DatabaseError: ORA-01830: 日期格式图片在转换整个输入字符串之前结束
2019-07-01 21:09:29,252 - root - ERROR - utils  - 178 - JD(100001667527)报错信息：数据库保存/更新失败
Traceback (most recent call last):
  File "C:\Users\BruceChen\Desktop\Demo\reviews\JD\jd_review.py", line 171, in save_data
    c.execute(sql)
cx_Oracle.DatabaseError: ORA-01830: 日期格式图片在转换整个输入字符串之前结束
2019-07-01 21:09:29,256 - root - ERROR - utils  - 178 - JD(100001667527)报错信息：数据库保存/更新失败
Traceback (most recent call last):
  File "C:\Users\BruceChen\Desktop\Demo\reviews\JD\jd_review.py", line 171, in save_data
    c.execute(sql)
cx_Oracle.DatabaseError: ORA-01830: 日期格式图片在转换整个输入字符串之前结束
2019-07-01 21:09:29,260 - root - ERROR - utils  - 178 - JD(100001667527)报错信息：数据库保存/更新失败
Traceback (most recent call last):
  File "C:\Users\BruceChen\Desktop\Demo\reviews\JD\jd_review.py", line 171, in save_data
    c.execute(sql)
cx_Oracle.DatabaseError: ORA-01830: 日期格式图片在转换整个输入字符串之前结束
2019-07-01 21:09:29,264 - root - ERROR - utils  - 178 - JD(100001667527)报错信息：数据库保存/更新失败
Traceback (most recent call last):
  File "C:\Users\BruceChen\Desktop\Demo\reviews\JD\jd_review.py", line 171, in save_data
    c.execute(sql)
cx_Oracle.DatabaseError: ORA-01830: 日期格式图片在转换整个输入字符串之前结束
2019-07-01 21:09:29,267 - root - ERROR - utils  - 178 - JD(100001667527)报错信息：数据库保存/更新失败
Traceback (most recent call last):
  File "C:\Users\BruceChen\Desktop\Demo\reviews\JD\jd_review.py", line 171, in save_data
    c.execute(sql)
cx_Oracle.DatabaseError: ORA-01830: 日期格式图片在转换整个输入字符串之前结束
2019-07-01 21:09:29,272 - root - ERROR - utils  - 178 - JD(100001667527)报错信息：数据库保存/更新失败
Traceback (most recent call last):
  File "C:\Users\BruceChen\Desktop\Demo\reviews\JD\jd_review.py", line 171, in save_data
    c.execute(sql)
cx_Oracle.DatabaseError: ORA-01830: 日期格式图片在转换整个输入字符串之前结束
2019-07-01 21:09:29,275 - root - ERROR - utils  - 178 - JD(100001667527)报错信息：数据库保存/更新失败
Traceback (most recent call last):
  File "C:\Users\BruceChen\Desktop\Demo\reviews\JD\jd_review.py", line 171, in save_data
    c.execute(sql)
cx_Oracle.DatabaseError: ORA-01830: 日期格式图片在转换整个输入字符串之前结束
2019-07-01 21:09:29,279 - root - ERROR - utils  - 178 - JD(100001667527)报错信息：数据库保存/更新失败
Traceback (most recent call last):
  File "C:\Users\BruceChen\Desktop\Demo\reviews\JD\jd_review.py", line 171, in save_data
    c.execute(sql)
cx_Oracle.DatabaseError: ORA-01830: 日期格式图片在转换整个输入字符串之前结束
2019-07-01 21:09:29,283 - root - ERROR - utils  - 178 - JD(100001667527)报错信息：数据库保存/更新失败
Traceback (most recent call last):
  File "C:\Users\BruceChen\Desktop\Demo\reviews\JD\jd_review.py", line 171, in save_data
    c.execute(sql)
cx_Oracle.DatabaseError: ORA-01830: 日期格式图片在转换整个输入字符串之前结束
2019-07-01 21:09:29,287 - root - ERROR - utils  - 178 - JD(100001667527)报错信息：数据库保存/更新失败
Traceback (most recent call last):
  File "C:\Users\BruceChen\Desktop\Demo\reviews\JD\jd_review.py", line 171, in save_data
    c.execute(sql)
cx_Oracle.DatabaseError: ORA-01830: 日期格式图片在转换整个输入字符串之前结束
2019-07-01 21:09:29,290 - root - ERROR - utils  - 178 - JD(100001667527)报错信息：数据库保存/更新失败
Traceback (most recent call last):
  File "C:\Users\BruceChen\Desktop\Demo\reviews\JD\jd_review.py", line 171, in save_data
    c.execute(sql)
cx_Oracle.DatabaseError: ORA-01830: 日期格式图片在转换整个输入字符串之前结束
2019-07-01 21:09:29,294 - root - ERROR - utils  - 178 - JD(100001667527)报错信息：数据库保存/更新失败
Traceback (most recent call last):
  File "C:\Users\BruceChen\Desktop\Demo\reviews\JD\jd_review.py", line 171, in save_data
    c.execute(sql)
cx_Oracle.DatabaseError: ORA-01830: 日期格式图片在转换整个输入字符串之前结束
2019-07-01 21:09:29,298 - root - ERROR - utils  - 178 - JD(100001667527)报错信息：数据库保存/更新失败
Traceback (most recent call last):
  File "C:\Users\BruceChen\Desktop\Demo\reviews\JD\jd_review.py", line 171, in save_data
    c.execute(sql)
cx_Oracle.DatabaseError: ORA-01830: 日期格式图片在转换整个输入字符串之前结束
2019-07-01 21:09:29,302 - root - ERROR - utils  - 178 - JD(100001667527)报错信息：数据库保存/更新失败
Traceback (most recent call last):
  File "C:\Users\BruceChen\Desktop\Demo\reviews\JD\jd_review.py", line 171, in save_data
    c.execute(sql)
cx_Oracle.DatabaseError: ORA-01830: 日期格式图片在转换整个输入字符串之前结束
2019-07-01 21:09:29,306 - root - ERROR - utils  - 178 - JD(100001667527)报错信息：数据库保存/更新失败
Traceback (most recent call last):
  File "C:\Users\BruceChen\Desktop\Demo\reviews\JD\jd_review.py", line 171, in save_data
    c.execute(sql)
cx_Oracle.DatabaseError: ORA-01830: 日期格式图片在转换整个输入字符串之前结束
2019-07-01 21:09:29,310 - root - ERROR - utils  - 178 - JD(100001667527)报错信息：数据库保存/更新失败
Traceback (most recent call last):
  File "C:\Users\BruceChen\Desktop\Demo\reviews\JD\jd_review.py", line 171, in save_data
    c.execute(sql)
cx_Oracle.DatabaseError: ORA-01830: 日期格式图片在转换整个输入字符串之前结束
2019-07-01 21:09:29,314 - root - ERROR - utils  - 178 - JD(100001667527)报错信息：数据库保存/更新失败
Traceback (most recent call last):
  File "C:\Users\BruceChen\Desktop\Demo\reviews\JD\jd_review.py", line 171, in save_data
    c.execute(sql)
cx_Oracle.DatabaseError: ORA-01830: 日期格式图片在转换整个输入字符串之前结束
2019-07-01 21:09:29,318 - root - ERROR - utils  - 178 - JD(100001667527)报错信息：数据库保存/更新失败
Traceback (most recent call last):
  File "C:\Users\BruceChen\Desktop\Demo\reviews\JD\jd_review.py", line 171, in save_data
    c.execute(sql)
cx_Oracle.DatabaseError: ORA-01830: 日期格式图片在转换整个输入字符串之前结束
2019-07-01 21:09:29,322 - root - ERROR - utils  - 178 - JD(100001667527)报错信息：数据库保存/更新失败
Traceback (most recent call last):
  File "C:\Users\BruceChen\Desktop\Demo\reviews\JD\jd_review.py", line 171, in save_data
    c.execute(sql)
cx_Oracle.DatabaseError: ORA-01830: 日期格式图片在转换整个输入字符串之前结束
2019-07-01 21:09:29,326 - root - ERROR - utils  - 178 - JD(100001667527)报错信息：数据库保存/更新失败
Traceback (most recent call last):
  File "C:\Users\BruceChen\Desktop\Demo\reviews\JD\jd_review.py", line 171, in save_data
    c.execute(sql)
cx_Oracle.DatabaseError: ORA-01830: 日期格式图片在转换整个输入字符串之前结束
2019-07-01 21:09:29,330 - root - ERROR - utils  - 178 - JD(100001667527)报错信息：数据库保存/更新失败
Traceback (most recent call last):
  File "C:\Users\BruceChen\Desktop\Demo\reviews\JD\jd_review.py", line 171, in save_data
    c.execute(sql)
cx_Oracle.DatabaseError: ORA-01830: 日期格式图片在转换整个输入字符串之前结束
2019-07-01 21:09:29,334 - root - ERROR - utils  - 178 - JD(100001667527)报错信息：数据库保存/更新失败
Traceback (most recent call last):
  File "C:\Users\BruceChen\Desktop\Demo\reviews\JD\jd_review.py", line 171, in save_data
    c.execute(sql)
cx_Oracle.DatabaseError: ORA-01830: 日期格式图片在转换整个输入字符串之前结束
2019-07-01 21:09:29,338 - root - ERROR - utils  - 178 - JD(100001667527)报错信息：数据库保存/更新失败
Traceback (most recent call last):
  File "C:\Users\BruceChen\Desktop\Demo\reviews\JD\jd_review.py", line 171, in save_data
    c.execute(sql)
cx_Oracle.DatabaseError: ORA-01830: 日期格式图片在转换整个输入字符串之前结束
2019-07-01 21:09:29,341 - root - ERROR - utils  - 178 - JD(100001667527)报错信息：数据库保存/更新失败
Traceback (most recent call last):
  File "C:\Users\BruceChen\Desktop\Demo\reviews\JD\jd_review.py", line 171, in save_data
    c.execute(sql)
cx_Oracle.DatabaseError: ORA-01830: 日期格式图片在转换整个输入字符串之前结束
2019-07-01 21:09:29,345 - root - ERROR - utils  - 178 - JD(100001667527)报错信息：数据库保存/更新失败
Traceback (most recent call last):
  File "C:\Users\BruceChen\Desktop\Demo\reviews\JD\jd_review.py", line 171, in save_data
    c.execute(sql)
cx_Oracle.DatabaseError: ORA-01830: 日期格式图片在转换整个输入字符串之前结束
2019-07-01 21:09:29,350 - root - ERROR - utils  - 178 - JD(100001667527)报错信息：数据库保存/更新失败
Traceback (most recent call last):
  File "C:\Users\BruceChen\Desktop\Demo\reviews\JD\jd_review.py", line 171, in save_data
    c.execute(sql)
cx_Oracle.DatabaseError: ORA-01830: 日期格式图片在转换整个输入字符串之前结束
2019-07-01 21:09:29,354 - root - ERROR - utils  - 178 - JD(100001667527)报错信息：数据库保存/更新失败
Traceback (most recent call last):
  File "C:\Users\BruceChen\Desktop\Demo\reviews\JD\jd_review.py", line 171, in save_data
    c.execute(sql)
cx_Oracle.DatabaseError: ORA-01830: 日期格式图片在转换整个输入字符串之前结束
2019-07-01 21:09:29,359 - root - ERROR - utils  - 178 - JD(100001667527)报错信息：数据库保存/更新失败
Traceback (most recent call last):
  File "C:\Users\BruceChen\Desktop\Demo\reviews\JD\jd_review.py", line 171, in save_data
    c.execute(sql)
cx_Oracle.DatabaseError: ORA-01830: 日期格式图片在转换整个输入字符串之前结束
2019-07-01 21:09:29,363 - root - ERROR - utils  - 178 - JD(100001667527)报错信息：数据库保存/更新失败
Traceback (most recent call last):
  File "C:\Users\BruceChen\Desktop\Demo\reviews\JD\jd_review.py", line 171, in save_data
    c.execute(sql)
cx_Oracle.DatabaseError: ORA-01830: 日期格式图片在转换整个输入字符串之前结束
2019-07-01 21:09:29,367 - root - ERROR - utils  - 178 - JD(100001667527)报错信息：数据库保存/更新失败
Traceback (most recent call last):
  File "C:\Users\BruceChen\Desktop\Demo\reviews\JD\jd_review.py", line 171, in save_data
    c.execute(sql)
cx_Oracle.DatabaseError: ORA-01830: 日期格式图片在转换整个输入字符串之前结束
2019-07-01 21:09:29,371 - root - ERROR - utils  - 178 - JD(100001667527)报错信息：数据库保存/更新失败
Traceback (most recent call last):
  File "C:\Users\BruceChen\Desktop\Demo\reviews\JD\jd_review.py", line 171, in save_data
    c.execute(sql)
cx_Oracle.DatabaseError: ORA-01830: 日期格式图片在转换整个输入字符串之前结束
2019-07-01 21:09:29,375 - root - ERROR - utils  - 178 - JD(100001667527)报错信息：数据库保存/更新失败
Traceback (most recent call last):
  File "C:\Users\BruceChen\Desktop\Demo\reviews\JD\jd_review.py", line 171, in save_data
    c.execute(sql)
cx_Oracle.DatabaseError: ORA-01830: 日期格式图片在转换整个输入字符串之前结束
2019-07-01 21:09:29,379 - root - ERROR - utils  - 178 - JD(100001667527)报错信息：数据库保存/更新失败
Traceback (most recent call last):
  File "C:\Users\BruceChen\Desktop\Demo\reviews\JD\jd_review.py", line 171, in save_data
    c.execute(sql)
cx_Oracle.DatabaseError: ORA-01830: 日期格式图片在转换整个输入字符串之前结束
2019-07-01 21:09:29,383 - root - ERROR - utils  - 178 - JD(100001667527)报错信息：数据库保存/更新失败
Traceback (most recent call last):
  File "C:\Users\BruceChen\Desktop\Demo\reviews\JD\jd_review.py", line 171, in save_data
    c.execute(sql)
cx_Oracle.DatabaseError: ORA-01830: 日期格式图片在转换整个输入字符串之前结束
2019-07-01 21:09:29,388 - root - ERROR - utils  - 178 - JD(100001667527)报错信息：数据库保存/更新失败
Traceback (most recent call last):
  File "C:\Users\BruceChen\Desktop\Demo\reviews\JD\jd_review.py", line 171, in save_data
    c.execute(sql)
cx_Oracle.DatabaseError: ORA-01830: 日期格式图片在转换整个输入字符串之前结束
2019-07-01 21:09:29,392 - root - ERROR - utils  - 178 - JD(100001667527)报错信息：数据库保存/更新失败
Traceback (most recent call last):
  File "C:\Users\BruceChen\Desktop\Demo\reviews\JD\jd_review.py", line 171, in save_data
    c.execute(sql)
cx_Oracle.DatabaseError: ORA-01830: 日期格式图片在转换整个输入字符串之前结束
2019-07-01 21:09:29,396 - root - ERROR - utils  - 178 - JD(100001667527)报错信息：数据库保存/更新失败
Traceback (most recent call last):
  File "C:\Users\BruceChen\Desktop\Demo\reviews\JD\jd_review.py", line 171, in save_data
    c.execute(sql)
cx_Oracle.DatabaseError: ORA-01830: 日期格式图片在转换整个输入字符串之前结束
2019-07-01 21:09:29,400 - root - ERROR - utils  - 178 - JD(100001667527)报错信息：数据库保存/更新失败
Traceback (most recent call last):
  File "C:\Users\BruceChen\Desktop\Demo\reviews\JD\jd_review.py", line 171, in save_data
    c.execute(sql)
cx_Oracle.DatabaseError: ORA-01830: 日期格式图片在转换整个输入字符串之前结束
2019-07-01 21:09:29,404 - root - ERROR - utils  - 178 - JD(100001667527)报错信息：数据库保存/更新失败
Traceback (most recent call last):
  File "C:\Users\BruceChen\Desktop\Demo\reviews\JD\jd_review.py", line 171, in save_data
    c.execute(sql)
cx_Oracle.DatabaseError: ORA-01830: 日期格式图片在转换整个输入字符串之前结束
2019-07-01 21:09:29,408 - root - ERROR - utils  - 178 - JD(100001667527)报错信息：数据库保存/更新失败
Traceback (most recent call last):
  File "C:\Users\BruceChen\Desktop\Demo\reviews\JD\jd_review.py", line 171, in save_data
    c.execute(sql)
cx_Oracle.DatabaseError: ORA-01830: 日期格式图片在转换整个输入字符串之前结束
2019-07-01 21:09:29,412 - root - ERROR - utils  - 178 - JD(100001667527)报错信息：数据库保存/更新失败
Traceback (most recent call last):
  File "C:\Users\BruceChen\Desktop\Demo\reviews\JD\jd_review.py", line 171, in save_data
    c.execute(sql)
cx_Oracle.DatabaseError: ORA-01830: 日期格式图片在转换整个输入字符串之前结束
2019-07-01 21:09:37,024 - root - ERROR - utils  - 178 - JD(100002361195)报错信息：数据库保存/更新失败
Traceback (most recent call last):
  File "C:\Users\BruceChen\Desktop\Demo\reviews\JD\jd_review.py", line 171, in save_data
    c.execute(sql)
cx_Oracle.DatabaseError: ORA-01830: 日期格式图片在转换整个输入字符串之前结束
2019-07-01 21:09:37,028 - root - ERROR - utils  - 178 - JD(100002361195)报错信息：数据库保存/更新失败
Traceback (most recent call last):
  File "C:\Users\BruceChen\Desktop\Demo\reviews\JD\jd_review.py", line 171, in save_data
    c.execute(sql)
cx_Oracle.DatabaseError: ORA-01830: 日期格式图片在转换整个输入字符串之前结束
2019-07-01 21:09:37,032 - root - ERROR - utils  - 178 - JD(100002361195)报错信息：数据库保存/更新失败
Traceback (most recent call last):
  File "C:\Users\BruceChen\Desktop\Demo\reviews\JD\jd_review.py", line 171, in save_data
    c.execute(sql)
cx_Oracle.DatabaseError: ORA-01830: 日期格式图片在转换整个输入字符串之前结束
2019-07-01 21:09:37,035 - root - ERROR - utils  - 178 - JD(100002361195)报错信息：数据库保存/更新失败
Traceback (most recent call last):
  File "C:\Users\BruceChen\Desktop\Demo\reviews\JD\jd_review.py", line 171, in save_data
    c.execute(sql)
cx_Oracle.DatabaseError: ORA-01830: 日期格式图片在转换整个输入字符串之前结束
2019-07-01 21:09:37,039 - root - ERROR - utils  - 178 - JD(100002361195)报错信息：数据库保存/更新失败
Traceback (most recent call last):
  File "C:\Users\BruceChen\Desktop\Demo\reviews\JD\jd_review.py", line 171, in save_data
    c.execute(sql)
cx_Oracle.DatabaseError: ORA-01830: 日期格式图片在转换整个输入字符串之前结束
2019-07-01 21:09:37,044 - root - ERROR - utils  - 178 - JD(100002361195)报错信息：数据库保存/更新失败
Traceback (most recent call last):
  File "C:\Users\BruceChen\Desktop\Demo\reviews\JD\jd_review.py", line 171, in save_data
    c.execute(sql)
cx_Oracle.DatabaseError: ORA-01830: 日期格式图片在转换整个输入字符串之前结束
2019-07-01 21:09:37,047 - root - ERROR - utils  - 178 - JD(100002361195)报错信息：数据库保存/更新失败
Traceback (most recent call last):
  File "C:\Users\BruceChen\Desktop\Demo\reviews\JD\jd_review.py", line 171, in save_data
    c.execute(sql)
cx_Oracle.DatabaseError: ORA-01830: 日期格式图片在转换整个输入字符串之前结束
2019-07-01 21:09:37,052 - root - ERROR - utils  - 178 - JD(100002361195)报错信息：数据库保存/更新失败
Traceback (most recent call last):
  File "C:\Users\BruceChen\Desktop\Demo\reviews\JD\jd_review.py", line 171, in save_data
    c.execute(sql)
cx_Oracle.DatabaseError: ORA-01830: 日期格式图片在转换整个输入字符串之前结束
2019-07-01 21:09:37,056 - root - ERROR - utils  - 178 - JD(100002361195)报错信息：数据库保存/更新失败
Traceback (most recent call last):
  File "C:\Users\BruceChen\Desktop\Demo\reviews\JD\jd_review.py", line 171, in save_data
    c.execute(sql)
cx_Oracle.DatabaseError: ORA-01830: 日期格式图片在转换整个输入字符串之前结束
2019-07-01 21:09:37,060 - root - ERROR - utils  - 178 - JD(100002361195)报错信息：数据库保存/更新失败
Traceback (most recent call last):
  File "C:\Users\BruceChen\Desktop\Demo\reviews\JD\jd_review.py", line 171, in save_data
    c.execute(sql)
cx_Oracle.DatabaseError: ORA-01830: 日期格式图片在转换整个输入字符串之前结束
2019-07-01 21:09:37,064 - root - ERROR - utils  - 178 - JD(100002361195)报错信息：数据库保存/更新失败
Traceback (most recent call last):
  File "C:\Users\BruceChen\Desktop\Demo\reviews\JD\jd_review.py", line 171, in save_data
    c.execute(sql)
cx_Oracle.DatabaseError: ORA-01830: 日期格式图片在转换整个输入字符串之前结束
2019-07-01 21:09:37,068 - root - ERROR - utils  - 178 - JD(100002361195)报错信息：数据库保存/更新失败
Traceback (most recent call last):
  File "C:\Users\BruceChen\Desktop\Demo\reviews\JD\jd_review.py", line 171, in save_data
    c.execute(sql)
cx_Oracle.DatabaseError: ORA-01830: 日期格式图片在转换整个输入字符串之前结束
2019-07-01 21:09:37,072 - root - ERROR - utils  - 178 - JD(100002361195)报错信息：数据库保存/更新失败
Traceback (most recent call last):
  File "C:\Users\BruceChen\Desktop\Demo\reviews\JD\jd_review.py", line 171, in save_data
    c.execute(sql)
cx_Oracle.DatabaseError: ORA-01830: 日期格式图片在转换整个输入字符串之前结束
2019-07-01 21:09:37,076 - root - ERROR - utils  - 178 - JD(100002361195)报错信息：数据库保存/更新失败
Traceback (most recent call last):
  File "C:\Users\BruceChen\Desktop\Demo\reviews\JD\jd_review.py", line 171, in save_data
    c.execute(sql)
cx_Oracle.DatabaseError: ORA-01830: 日期格式图片在转换整个输入字符串之前结束
