2019-07-08 11:49:08,028 - root - INFO - amazon,B07GKHYVM8共更新了0条,
2019-07-08 11:49:31,183 - root - INFO - amazon,B071S9RGB1共更新了0条,
2019-07-08 11:49:33,028 - root - INFO - amazon,B07G5RKF3W共更新了0条,
2019-07-08 11:49:34,711 - root - INFO - amazon,B01L2ZRYVE共更新了0条,
2019-07-08 11:49:36,743 - root - INFO - amazon,B00SAYCXWG共更新了0条,
2019-07-08 11:49:38,626 - root - INFO - amazon,B06XGBPW3D共更新了0条,
2019-07-08 11:49:40,519 - root - INFO - amazon,B07PWJ43MB共更新了0条,
2019-07-08 11:49:42,686 - root - INFO - amazon,B074NBSF9N共更新了0条,
2019-07-08 11:50:05,300 - root - INFO - amazon,B072DRCM1Q共更新了0条,
2019-07-08 11:50:07,123 - root - INFO - amazon,B00MTWV0RO共更新了0条,
2019-07-08 11:50:08,837 - root - INFO - amazon,B06Y3YN2C8共更新了0条,
2019-07-08 11:50:10,834 - root - INFO - amazon,B01MQWUXZS共更新了0条,
2019-07-08 11:50:13,149 - root - INFO - amazon,B0749CW8X6共更新了0条,
2019-07-08 11:50:14,685 - root - INFO - amazon,B07MCGZK3B共更新了0条,
2019-07-08 11:50:16,627 - root - INFO - amazon,B07H314BYH共更新了0条,
2019-07-08 11:50:18,932 - root - INFO - amazon,B0748K7JW6共更新了0条,
2019-07-08 11:50:20,586 - root - INFO - amazon,B075JBP2P7共更新了0条,
2019-07-08 11:50:23,077 - root - INFO - amazon,B075JBP2P7共更新了0条,
2019-07-08 11:50:24,616 - root - INFO - amazon,B075JBP2P7共更新了0条,
2019-07-08 11:50:26,542 - root - INFO - amazon,B01N3AJ0ID共更新了0条,
2019-07-08 11:50:29,278 - root - INFO - amazon,B0749BX1X3共更新了0条,
2019-07-08 11:50:31,393 - root - INFO - amazon,B0711V7BV6共更新了0条,
2019-07-08 11:50:33,645 - root - INFO - amazon,B071S9RGB1共更新了0条,
2019-07-08 11:50:35,951 - root - INFO - amazon,B06Y3YNSMJ共更新了0条,
2019-07-08 11:50:37,932 - root - INFO - amazon,B075YDD1P2共更新了0条,
2019-07-08 11:50:39,977 - root - INFO - amazon,B01G3WBCQY共更新了0条,
2019-07-08 11:50:42,207 - root - INFO - amazon,B0756Z8X82共更新了0条,
2019-07-08 11:50:44,793 - root - INFO - amazon,B0753Z4PGC共更新了0条,
2019-07-08 11:50:46,744 - root - INFO - amazon,B078WRCW35共更新了0条,
2019-07-08 11:50:48,937 - root - INFO - amazon,B00Y839YMU共更新了0条,
2019-07-08 11:52:14,952 - root - INFO - amazon,B01KJL4XNY共更新了0条,
2019-07-08 11:52:17,719 - root - INFO - amazon,B07G4KD8WW共更新了0条,
2019-07-08 11:52:17,719 - root - INFO - Amazon_end,耗时191.31936359405518秒
