2019-07-08 13:30:07,609 - root - INFO - amazon,B07GKHYVM8共更新了4条,
2019-07-08 13:30:12,487 - root - INFO - amazon,B071S9RGB1共更新了2条,
2019-07-08 13:30:14,249 - root - INFO - amazon,B07G5RKF3W共更新了4条,
2019-07-08 13:30:15,771 - root - INFO - amazon,B01L2ZRYVE共更新了0条,
2019-07-08 13:30:21,873 - root - INFO - amazon,B00SAYCXWG共更新了15条,
2019-07-08 13:30:28,677 - root - INFO - amazon,B06XGBPW3D共更新了0条,
2019-07-08 13:30:32,007 - root - INFO - amazon,B07PWJ43MB共更新了0条,
2019-07-08 13:30:40,803 - root - INFO - amazon,B074NBSF9N共更新了9条,
2019-07-08 13:31:45,884 - root - INFO - amazon,B072DRCM1Q共更新了1条,
2019-07-08 13:31:47,717 - root - INFO - amazon,B00MTWV0RO共更新了0条,
2019-07-08 13:31:49,741 - root - INFO - amazon,B06Y3YN2C8共更新了0条,
2019-07-08 13:32:33,742 - root - INFO - amazon,B01MQWUXZS共更新了22条,
2019-07-08 13:32:35,824 - root - INFO - amazon,B0749CW8X6共更新了1条,
2019-07-08 13:32:37,601 - root - INFO - amazon,B07MCGZK3B共更新了3条,
2019-07-08 13:32:39,602 - root - INFO - amazon,B07H314BYH共更新了0条,
2019-07-08 13:32:41,887 - root - INFO - amazon,B0748K7JW6共更新了3条,
2019-07-08 13:32:44,675 - root - INFO - amazon,B075JBP2P7共更新了0条,
2019-07-08 13:32:46,080 - root - INFO - amazon,B075JBP2P7共更新了0条,
2019-07-08 13:32:47,623 - root - INFO - amazon,B075JBP2P7共更新了0条,
2019-07-08 13:32:49,577 - root - INFO - amazon,B01N3AJ0ID共更新了0条,
2019-07-08 13:32:51,630 - root - INFO - amazon,B0749BX1X3共更新了0条,
2019-07-08 13:32:53,120 - root - INFO - amazon,B0711V7BV6共更新了0条,
2019-07-08 13:32:55,000 - root - INFO - amazon,B071S9RGB1共更新了0条,
2019-07-08 13:32:58,108 - root - INFO - amazon,B06Y3YNSMJ共更新了0条,
2019-07-08 13:33:00,088 - root - INFO - amazon,B075YDD1P2共更新了1条,
2019-07-08 13:33:02,599 - root - INFO - amazon,B01G3WBCQY共更新了1条,
2019-07-08 13:33:12,255 - root - INFO - amazon,B0756Z8X82共更新了9条,
2019-07-08 13:33:32,036 - root - INFO - amazon,B0753Z4PGC共更新了12条,
2019-07-08 13:33:36,560 - root - INFO - amazon,B078WRCW35共更新了6条,
2019-07-08 13:33:39,321 - root - INFO - amazon,B00Y839YMU共更新了0条,
2019-07-08 13:33:43,517 - root - INFO - amazon,B01KJL4XNY共更新了8条,
2019-07-08 13:33:45,358 - root - INFO - amazon,B07G4KD8WW共更新了6条,
2019-07-08 13:33:45,358 - root - INFO - Amazon_end,耗时222.46799755096436秒
