2019-08-29 15:40:50,694 - root - INFO - BestBuy,无url信息或传入参数格式不是列表
2019-08-29 15:40:50,694 - root - INFO - JD,无url信息或传入参数格式不是列表
2019-08-29 15:40:50,695 - root - INFO - Tmall,无url信息或传入参数格式不是列表
2019-08-29 15:40:53,141 - root - ERROR - Amazon(B01NAVANRX)报错信息：None
Traceback (most recent call last):
  File "C:\Users\hhh\Desktop\Demo\reviews\amazon\new_amazon.py", line 99, in comment_data
    c.execute(sql)
cx_Oracle.IntegrityError: ORA-00001: 违反唯一约束条件 (EIP.ECOMMERCE_REVIEW_PIX3)
2019-08-29 15:40:53,150 - root - ERROR - Amazon(B01NAVANRX)报错信息：None
Traceback (most recent call last):
  File "C:\Users\hhh\Desktop\Demo\reviews\amazon\new_amazon.py", line 99, in comment_data
    c.execute(sql)
cx_Oracle.IntegrityError: ORA-00001: 违反唯一约束条件 (EIP.ECOMMERCE_REVIEW_PIX3)
2019-08-29 15:40:53,155 - root - ERROR - Amazon(B01NAVANRX)报错信息：None
Traceback (most recent call last):
  File "C:\Users\hhh\Desktop\Demo\reviews\amazon\new_amazon.py", line 99, in comment_data
    c.execute(sql)
cx_Oracle.IntegrityError: ORA-00001: 违反唯一约束条件 (EIP.ECOMMERCE_REVIEW_PIX3)
2019-08-29 15:40:53,161 - root - ERROR - Amazon(B01NAVANRX)报错信息：None
Traceback (most recent call last):
  File "C:\Users\hhh\Desktop\Demo\reviews\amazon\new_amazon.py", line 99, in comment_data
    c.execute(sql)
cx_Oracle.IntegrityError: ORA-00001: 违反唯一约束条件 (EIP.ECOMMERCE_REVIEW_PIX3)
2019-08-29 15:40:53,164 - root - INFO - amazon,B01NAVANRX共更新了0条,
2019-08-29 15:40:55,454 - root - INFO - amazon,B07VFLZJP1共更新了0条,
2019-08-29 15:40:57,755 - root - ERROR - Amazon(B07N6NRS8Q)报错信息：None
Traceback (most recent call last):
  File "C:\Users\hhh\Desktop\Demo\reviews\amazon\new_amazon.py", line 99, in comment_data
    c.execute(sql)
cx_Oracle.IntegrityError: ORA-00001: 违反唯一约束条件 (EIP.ECOMMERCE_REVIEW_PIX3)
2019-08-29 15:40:57,762 - root - INFO - amazon,B07N6NRS8Q共更新了0条,
2019-08-29 15:40:59,218 - root - ERROR - Amazon(B07NTB3X4Q)报错信息：None
Traceback (most recent call last):
  File "C:\Users\hhh\Desktop\Demo\reviews\amazon\new_amazon.py", line 99, in comment_data
    c.execute(sql)
cx_Oracle.IntegrityError: ORA-00001: 违反唯一约束条件 (EIP.ECOMMERCE_REVIEW_PIX3)
2019-08-29 15:40:59,224 - root - ERROR - Amazon(B07NTB3X4Q)报错信息：None
Traceback (most recent call last):
  File "C:\Users\hhh\Desktop\Demo\reviews\amazon\new_amazon.py", line 99, in comment_data
    c.execute(sql)
cx_Oracle.IntegrityError: ORA-00001: 违反唯一约束条件 (EIP.ECOMMERCE_REVIEW_PIX3)
2019-08-29 15:40:59,229 - root - ERROR - Amazon(B07NTB3X4Q)报错信息：None
Traceback (most recent call last):
  File "C:\Users\hhh\Desktop\Demo\reviews\amazon\new_amazon.py", line 99, in comment_data
    c.execute(sql)
cx_Oracle.IntegrityError: ORA-00001: 违反唯一约束条件 (EIP.ECOMMERCE_REVIEW_PIX3)
2019-08-29 15:40:59,235 - root - ERROR - Amazon(B07NTB3X4Q)报错信息：None
Traceback (most recent call last):
  File "C:\Users\hhh\Desktop\Demo\reviews\amazon\new_amazon.py", line 99, in comment_data
    c.execute(sql)
cx_Oracle.IntegrityError: ORA-00001: 违反唯一约束条件 (EIP.ECOMMERCE_REVIEW_PIX3)
2019-08-29 15:40:59,241 - root - ERROR - Amazon(B07NTB3X4Q)报错信息：None
Traceback (most recent call last):
  File "C:\Users\hhh\Desktop\Demo\reviews\amazon\new_amazon.py", line 99, in comment_data
    c.execute(sql)
cx_Oracle.IntegrityError: ORA-00001: 违反唯一约束条件 (EIP.ECOMMERCE_REVIEW_PIX3)
2019-08-29 15:40:59,247 - root - ERROR - Amazon(B07NTB3X4Q)报错信息：None
Traceback (most recent call last):
  File "C:\Users\hhh\Desktop\Demo\reviews\amazon\new_amazon.py", line 99, in comment_data
    c.execute(sql)
cx_Oracle.IntegrityError: ORA-00001: 违反唯一约束条件 (EIP.ECOMMERCE_REVIEW_PIX3)
2019-08-29 15:40:59,252 - root - ERROR - Amazon(B07NTB3X4Q)报错信息：None
Traceback (most recent call last):
  File "C:\Users\hhh\Desktop\Demo\reviews\amazon\new_amazon.py", line 99, in comment_data
    c.execute(sql)
cx_Oracle.IntegrityError: ORA-00001: 违反唯一约束条件 (EIP.ECOMMERCE_REVIEW_PIX3)
2019-08-29 15:40:59,258 - root - ERROR - Amazon(B07NTB3X4Q)报错信息：None
Traceback (most recent call last):
  File "C:\Users\hhh\Desktop\Demo\reviews\amazon\new_amazon.py", line 99, in comment_data
    c.execute(sql)
cx_Oracle.IntegrityError: ORA-00001: 违反唯一约束条件 (EIP.ECOMMERCE_REVIEW_PIX3)
2019-08-29 15:40:59,264 - root - ERROR - Amazon(B07NTB3X4Q)报错信息：None
Traceback (most recent call last):
  File "C:\Users\hhh\Desktop\Demo\reviews\amazon\new_amazon.py", line 99, in comment_data
    c.execute(sql)
cx_Oracle.IntegrityError: ORA-00001: 违反唯一约束条件 (EIP.ECOMMERCE_REVIEW_PIX3)
2019-08-29 15:41:04,548 - root - ERROR - Amazon(B07NTB3X4Q)报错信息：None
Traceback (most recent call last):
  File "C:\Users\hhh\Desktop\Demo\reviews\amazon\new_amazon.py", line 99, in comment_data
    c.execute(sql)
cx_Oracle.IntegrityError: ORA-00001: 违反唯一约束条件 (EIP.ECOMMERCE_REVIEW_PIX3)
2019-08-29 15:41:04,561 - root - ERROR - Amazon(B07NTB3X4Q)报错信息：None
Traceback (most recent call last):
  File "C:\Users\hhh\Desktop\Demo\reviews\amazon\new_amazon.py", line 99, in comment_data
    c.execute(sql)
cx_Oracle.IntegrityError: ORA-00001: 违反唯一约束条件 (EIP.ECOMMERCE_REVIEW_PIX3)
2019-08-29 15:41:04,567 - root - ERROR - Amazon(B07NTB3X4Q)报错信息：None
Traceback (most recent call last):
  File "C:\Users\hhh\Desktop\Demo\reviews\amazon\new_amazon.py", line 99, in comment_data
    c.execute(sql)
cx_Oracle.IntegrityError: ORA-00001: 违反唯一约束条件 (EIP.ECOMMERCE_REVIEW_PIX3)
2019-08-29 15:41:04,570 - root - INFO - amazon,B07NTB3X4Q共更新了1条,
2019-08-29 15:41:06,264 - root - ERROR - Amazon(B07T8SSPCV)报错信息：None
Traceback (most recent call last):
  File "C:\Users\hhh\Desktop\Demo\reviews\amazon\new_amazon.py", line 99, in comment_data
    c.execute(sql)
cx_Oracle.IntegrityError: ORA-00001: 违反唯一约束条件 (EIP.ECOMMERCE_REVIEW_PIX3)
2019-08-29 15:41:06,267 - root - INFO - amazon,B07T8SSPCV共更新了0条,
2019-08-29 15:41:11,134 - root - ERROR - Amazon(B075SSLKDB)报错信息：None
Traceback (most recent call last):
  File "C:\Users\hhh\Desktop\Demo\reviews\amazon\new_amazon.py", line 99, in comment_data
    c.execute(sql)
cx_Oracle.IntegrityError: ORA-00001: 违反唯一约束条件 (EIP.ECOMMERCE_REVIEW_PIX3)
2019-08-29 15:41:11,136 - root - INFO - amazon,B075SSLKDB共更新了0条,
2019-08-29 15:41:13,527 - root - ERROR - Amazon(B07KNK8XCP)报错信息：None
Traceback (most recent call last):
  File "C:\Users\hhh\Desktop\Demo\reviews\amazon\new_amazon.py", line 99, in comment_data
    c.execute(sql)
cx_Oracle.IntegrityError: ORA-00001: 违反唯一约束条件 (EIP.ECOMMERCE_REVIEW_PIX3)
2019-08-29 15:41:13,530 - root - INFO - amazon,B07KNK8XCP共更新了0条,
2019-08-29 15:41:17,823 - root - ERROR - Amazon(B07S4HL287)报错信息：None
Traceback (most recent call last):
  File "C:\Users\hhh\Desktop\Demo\reviews\amazon\new_amazon.py", line 99, in comment_data
    c.execute(sql)
cx_Oracle.IntegrityError: ORA-00001: 违反唯一约束条件 (EIP.ECOMMERCE_REVIEW_PIX3)
2019-08-29 15:41:17,831 - root - ERROR - Amazon(B07S4HL287)报错信息：None
Traceback (most recent call last):
  File "C:\Users\hhh\Desktop\Demo\reviews\amazon\new_amazon.py", line 99, in comment_data
    c.execute(sql)
cx_Oracle.IntegrityError: ORA-00001: 违反唯一约束条件 (EIP.ECOMMERCE_REVIEW_PIX3)
2019-08-29 15:41:17,836 - root - ERROR - Amazon(B07S4HL287)报错信息：None
Traceback (most recent call last):
  File "C:\Users\hhh\Desktop\Demo\reviews\amazon\new_amazon.py", line 99, in comment_data
    c.execute(sql)
cx_Oracle.IntegrityError: ORA-00001: 违反唯一约束条件 (EIP.ECOMMERCE_REVIEW_PIX3)
2019-08-29 15:41:17,842 - root - ERROR - Amazon(B07S4HL287)报错信息：None
Traceback (most recent call last):
  File "C:\Users\hhh\Desktop\Demo\reviews\amazon\new_amazon.py", line 99, in comment_data
    c.execute(sql)
cx_Oracle.IntegrityError: ORA-00001: 违反唯一约束条件 (EIP.ECOMMERCE_REVIEW_PIX3)
2019-08-29 15:41:17,845 - root - INFO - amazon,B07S4HL287共更新了1条,
2019-08-29 15:41:24,973 - root - ERROR - Amazon(B07GZQS6YH)报错信息：None
Traceback (most recent call last):
  File "C:\Users\hhh\Desktop\Demo\reviews\amazon\new_amazon.py", line 99, in comment_data
    c.execute(sql)
cx_Oracle.IntegrityError: ORA-00001: 违反唯一约束条件 (EIP.ECOMMERCE_REVIEW_PIX3)
2019-08-29 15:41:24,978 - root - ERROR - Amazon(B07GZQS6YH)报错信息：None
Traceback (most recent call last):
  File "C:\Users\hhh\Desktop\Demo\reviews\amazon\new_amazon.py", line 99, in comment_data
    c.execute(sql)
cx_Oracle.IntegrityError: ORA-00001: 违反唯一约束条件 (EIP.ECOMMERCE_REVIEW_PIX3)
2019-08-29 15:41:24,985 - root - ERROR - Amazon(B07GZQS6YH)报错信息：None
Traceback (most recent call last):
  File "C:\Users\hhh\Desktop\Demo\reviews\amazon\new_amazon.py", line 99, in comment_data
    c.execute(sql)
cx_Oracle.IntegrityError: ORA-00001: 违反唯一约束条件 (EIP.ECOMMERCE_REVIEW_PIX3)
2019-08-29 15:41:25,004 - root - ERROR - Amazon(B07GZQS6YH)报错信息：None
Traceback (most recent call last):
  File "C:\Users\hhh\Desktop\Demo\reviews\amazon\new_amazon.py", line 99, in comment_data
    c.execute(sql)
cx_Oracle.IntegrityError: ORA-00001: 违反唯一约束条件 (EIP.ECOMMERCE_REVIEW_PIX3)
2019-08-29 15:41:25,010 - root - INFO - amazon,B07GZQS6YH共更新了0条,
2019-08-29 15:41:26,687 - root - ERROR - Amazon(B07RQQ4G1S)报错信息：None
Traceback (most recent call last):
  File "C:\Users\hhh\Desktop\Demo\reviews\amazon\new_amazon.py", line 99, in comment_data
    c.execute(sql)
cx_Oracle.IntegrityError: ORA-00001: 违反唯一约束条件 (EIP.ECOMMERCE_REVIEW_PIX3)
2019-08-29 15:41:26,689 - root - INFO - amazon,B07RQQ4G1S共更新了0条,
2019-08-29 15:41:29,194 - root - ERROR - Amazon(B07PSZ8395)报错信息：None
Traceback (most recent call last):
  File "C:\Users\hhh\Desktop\Demo\reviews\amazon\new_amazon.py", line 99, in comment_data
    c.execute(sql)
cx_Oracle.IntegrityError: ORA-00001: 违反唯一约束条件 (EIP.ECOMMERCE_REVIEW_PIX3)
2019-08-29 15:41:29,200 - root - ERROR - Amazon(B07PSZ8395)报错信息：None
Traceback (most recent call last):
  File "C:\Users\hhh\Desktop\Demo\reviews\amazon\new_amazon.py", line 99, in comment_data
    c.execute(sql)
cx_Oracle.IntegrityError: ORA-00001: 违反唯一约束条件 (EIP.ECOMMERCE_REVIEW_PIX3)
2019-08-29 15:41:29,208 - root - ERROR - Amazon(B07PSZ8395)报错信息：None
Traceback (most recent call last):
  File "C:\Users\hhh\Desktop\Demo\reviews\amazon\new_amazon.py", line 99, in comment_data
    c.execute(sql)
cx_Oracle.IntegrityError: ORA-00001: 违反唯一约束条件 (EIP.ECOMMERCE_REVIEW_PIX3)
2019-08-29 15:41:29,212 - root - ERROR - Amazon(B07PSZ8395)报错信息：None
Traceback (most recent call last):
  File "C:\Users\hhh\Desktop\Demo\reviews\amazon\new_amazon.py", line 99, in comment_data
    c.execute(sql)
cx_Oracle.IntegrityError: ORA-00001: 违反唯一约束条件 (EIP.ECOMMERCE_REVIEW_PIX3)
2019-08-29 15:41:29,215 - root - INFO - amazon,B07PSZ8395共更新了1条,
2019-08-29 15:41:37,630 - root - ERROR - Amazon(B07T6YJYPP)报错信息：None
Traceback (most recent call last):
  File "C:\Users\hhh\Desktop\Demo\reviews\amazon\new_amazon.py", line 99, in comment_data
    c.execute(sql)
cx_Oracle.IntegrityError: ORA-00001: 违反唯一约束条件 (EIP.ECOMMERCE_REVIEW_PIX3)
2019-08-29 15:41:37,635 - root - ERROR - Amazon(B07T6YJYPP)报错信息：None
Traceback (most recent call last):
  File "C:\Users\hhh\Desktop\Demo\reviews\amazon\new_amazon.py", line 99, in comment_data
    c.execute(sql)
cx_Oracle.IntegrityError: ORA-00001: 违反唯一约束条件 (EIP.ECOMMERCE_REVIEW_PIX3)
2019-08-29 15:41:37,640 - root - ERROR - Amazon(B07T6YJYPP)报错信息：None
Traceback (most recent call last):
  File "C:\Users\hhh\Desktop\Demo\reviews\amazon\new_amazon.py", line 99, in comment_data
    c.execute(sql)
cx_Oracle.IntegrityError: ORA-00001: 违反唯一约束条件 (EIP.ECOMMERCE_REVIEW_PIX3)
2019-08-29 15:41:37,646 - root - ERROR - Amazon(B07T6YJYPP)报错信息：None
Traceback (most recent call last):
  File "C:\Users\hhh\Desktop\Demo\reviews\amazon\new_amazon.py", line 99, in comment_data
    c.execute(sql)
cx_Oracle.IntegrityError: ORA-00001: 违反唯一约束条件 (EIP.ECOMMERCE_REVIEW_PIX3)
2019-08-29 15:41:37,652 - root - ERROR - Amazon(B07T6YJYPP)报错信息：None
Traceback (most recent call last):
  File "C:\Users\hhh\Desktop\Demo\reviews\amazon\new_amazon.py", line 99, in comment_data
    c.execute(sql)
cx_Oracle.IntegrityError: ORA-00001: 违反唯一约束条件 (EIP.ECOMMERCE_REVIEW_PIX3)
2019-08-29 15:41:37,658 - root - ERROR - Amazon(B07T6YJYPP)报错信息：None
Traceback (most recent call last):
  File "C:\Users\hhh\Desktop\Demo\reviews\amazon\new_amazon.py", line 99, in comment_data
    c.execute(sql)
cx_Oracle.IntegrityError: ORA-00001: 违反唯一约束条件 (EIP.ECOMMERCE_REVIEW_PIX3)
2019-08-29 15:41:37,661 - root - INFO - amazon,B07T6YJYPP共更新了0条,
2019-08-29 15:41:39,352 - root - ERROR - Amazon(B07TT4L7T5)报错信息：None
Traceback (most recent call last):
  File "C:\Users\hhh\Desktop\Demo\reviews\amazon\new_amazon.py", line 99, in comment_data
    c.execute(sql)
UnicodeEncodeError: 'gbk' codec can't encode character '\xa0' in position 289: illegal multibyte sequence
2019-08-29 15:41:45,993 - root - INFO - yodo,100000001004516643共更新了0条,
2019-08-29 15:41:46,028 - root - INFO - yodo_end,55.33206057548523
2019-08-29 15:41:48,419 - root - ERROR - Amazon(B07TT4L7T5)报错信息：None
Traceback (most recent call last):
  File "C:\Users\hhh\Desktop\Demo\reviews\amazon\new_amazon.py", line 99, in comment_data
    c.execute(sql)
cx_Oracle.IntegrityError: ORA-00001: 违反唯一约束条件 (EIP.ECOMMERCE_REVIEW_PIX3)
2019-08-29 15:41:48,425 - root - ERROR - Amazon(B07TT4L7T5)报错信息：None
Traceback (most recent call last):
  File "C:\Users\hhh\Desktop\Demo\reviews\amazon\new_amazon.py", line 99, in comment_data
    c.execute(sql)
cx_Oracle.IntegrityError: ORA-00001: 违反唯一约束条件 (EIP.ECOMMERCE_REVIEW_PIX3)
2019-08-29 15:41:48,430 - root - ERROR - Amazon(B07TT4L7T5)报错信息：None
Traceback (most recent call last):
  File "C:\Users\hhh\Desktop\Demo\reviews\amazon\new_amazon.py", line 99, in comment_data
    c.execute(sql)
cx_Oracle.IntegrityError: ORA-00001: 违反唯一约束条件 (EIP.ECOMMERCE_REVIEW_PIX3)
2019-08-29 15:41:48,437 - root - ERROR - Amazon(B07TT4L7T5)报错信息：None
Traceback (most recent call last):
  File "C:\Users\hhh\Desktop\Demo\reviews\amazon\new_amazon.py", line 99, in comment_data
    c.execute(sql)
cx_Oracle.IntegrityError: ORA-00001: 违反唯一约束条件 (EIP.ECOMMERCE_REVIEW_PIX3)
2019-08-29 15:41:48,441 - root - ERROR - Amazon(B07TT4L7T5)报错信息：None
Traceback (most recent call last):
  File "C:\Users\hhh\Desktop\Demo\reviews\amazon\new_amazon.py", line 99, in comment_data
    c.execute(sql)
cx_Oracle.IntegrityError: ORA-00001: 违反唯一约束条件 (EIP.ECOMMERCE_REVIEW_PIX3)
2019-08-29 15:41:48,446 - root - ERROR - Amazon(B07TT4L7T5)报错信息：None
Traceback (most recent call last):
  File "C:\Users\hhh\Desktop\Demo\reviews\amazon\new_amazon.py", line 99, in comment_data
    c.execute(sql)
cx_Oracle.IntegrityError: ORA-00001: 违反唯一约束条件 (EIP.ECOMMERCE_REVIEW_PIX3)
2019-08-29 15:41:48,453 - root - ERROR - Amazon(B07TT4L7T5)报错信息：None
Traceback (most recent call last):
  File "C:\Users\hhh\Desktop\Demo\reviews\amazon\new_amazon.py", line 99, in comment_data
    c.execute(sql)
cx_Oracle.IntegrityError: ORA-00001: 违反唯一约束条件 (EIP.ECOMMERCE_REVIEW_PIX3)
2019-08-29 15:41:48,458 - root - ERROR - Amazon(B07TT4L7T5)报错信息：None
Traceback (most recent call last):
  File "C:\Users\hhh\Desktop\Demo\reviews\amazon\new_amazon.py", line 99, in comment_data
    c.execute(sql)
cx_Oracle.IntegrityError: ORA-00001: 违反唯一约束条件 (EIP.ECOMMERCE_REVIEW_PIX3)
2019-08-29 15:41:48,464 - root - ERROR - Amazon(B07TT4L7T5)报错信息：None
Traceback (most recent call last):
  File "C:\Users\hhh\Desktop\Demo\reviews\amazon\new_amazon.py", line 99, in comment_data
    c.execute(sql)
cx_Oracle.IntegrityError: ORA-00001: 违反唯一约束条件 (EIP.ECOMMERCE_REVIEW_PIX3)
2019-08-29 15:41:49,953 - root - ERROR - Amazon(B07TT4L7T5)报错信息：None
Traceback (most recent call last):
  File "C:\Users\hhh\Desktop\Demo\reviews\amazon\new_amazon.py", line 99, in comment_data
    c.execute(sql)
cx_Oracle.IntegrityError: ORA-00001: 违反唯一约束条件 (EIP.ECOMMERCE_REVIEW_PIX3)
2019-08-29 15:41:49,961 - root - ERROR - Amazon(B07TT4L7T5)报错信息：None
Traceback (most recent call last):
  File "C:\Users\hhh\Desktop\Demo\reviews\amazon\new_amazon.py", line 99, in comment_data
    c.execute(sql)
cx_Oracle.IntegrityError: ORA-00001: 违反唯一约束条件 (EIP.ECOMMERCE_REVIEW_PIX3)
2019-08-29 15:41:49,966 - root - ERROR - Amazon(B07TT4L7T5)报错信息：None
Traceback (most recent call last):
  File "C:\Users\hhh\Desktop\Demo\reviews\amazon\new_amazon.py", line 99, in comment_data
    c.execute(sql)
cx_Oracle.IntegrityError: ORA-00001: 违反唯一约束条件 (EIP.ECOMMERCE_REVIEW_PIX3)
2019-08-29 15:41:49,972 - root - ERROR - Amazon(B07TT4L7T5)报错信息：None
Traceback (most recent call last):
  File "C:\Users\hhh\Desktop\Demo\reviews\amazon\new_amazon.py", line 99, in comment_data
    c.execute(sql)
cx_Oracle.IntegrityError: ORA-00001: 违反唯一约束条件 (EIP.ECOMMERCE_REVIEW_PIX3)
2019-08-29 15:41:49,978 - root - ERROR - Amazon(B07TT4L7T5)报错信息：None
Traceback (most recent call last):
  File "C:\Users\hhh\Desktop\Demo\reviews\amazon\new_amazon.py", line 99, in comment_data
    c.execute(sql)
cx_Oracle.IntegrityError: ORA-00001: 违反唯一约束条件 (EIP.ECOMMERCE_REVIEW_PIX3)
2019-08-29 15:41:49,984 - root - ERROR - Amazon(B07TT4L7T5)报错信息：None
Traceback (most recent call last):
  File "C:\Users\hhh\Desktop\Demo\reviews\amazon\new_amazon.py", line 99, in comment_data
    c.execute(sql)
cx_Oracle.IntegrityError: ORA-00001: 违反唯一约束条件 (EIP.ECOMMERCE_REVIEW_PIX3)
2019-08-29 15:41:49,989 - root - ERROR - Amazon(B07TT4L7T5)报错信息：None
Traceback (most recent call last):
  File "C:\Users\hhh\Desktop\Demo\reviews\amazon\new_amazon.py", line 99, in comment_data
    c.execute(sql)
cx_Oracle.IntegrityError: ORA-00001: 违反唯一约束条件 (EIP.ECOMMERCE_REVIEW_PIX3)
2019-08-29 15:41:49,998 - root - INFO - amazon,B07TT4L7T5共更新了10条,
2019-08-29 15:41:54,487 - root - ERROR - Amazon(B07PF8P73Y)报错信息：None
Traceback (most recent call last):
  File "C:\Users\hhh\Desktop\Demo\reviews\amazon\new_amazon.py", line 99, in comment_data
    c.execute(sql)
cx_Oracle.IntegrityError: ORA-00001: 违反唯一约束条件 (EIP.ECOMMERCE_REVIEW_PIX3)
2019-08-29 15:41:54,492 - root - ERROR - Amazon(B07PF8P73Y)报错信息：None
Traceback (most recent call last):
  File "C:\Users\hhh\Desktop\Demo\reviews\amazon\new_amazon.py", line 99, in comment_data
    c.execute(sql)
cx_Oracle.IntegrityError: ORA-00001: 违反唯一约束条件 (EIP.ECOMMERCE_REVIEW_PIX3)
2019-08-29 15:41:54,497 - root - ERROR - Amazon(B07PF8P73Y)报错信息：None
Traceback (most recent call last):
  File "C:\Users\hhh\Desktop\Demo\reviews\amazon\new_amazon.py", line 99, in comment_data
    c.execute(sql)
cx_Oracle.IntegrityError: ORA-00001: 违反唯一约束条件 (EIP.ECOMMERCE_REVIEW_PIX3)
2019-08-29 15:41:54,503 - root - ERROR - Amazon(B07PF8P73Y)报错信息：None
Traceback (most recent call last):
  File "C:\Users\hhh\Desktop\Demo\reviews\amazon\new_amazon.py", line 99, in comment_data
    c.execute(sql)
cx_Oracle.IntegrityError: ORA-00001: 违反唯一约束条件 (EIP.ECOMMERCE_REVIEW_PIX3)
2019-08-29 15:41:54,506 - root - INFO - amazon,B07PF8P73Y共更新了0条,
2019-08-29 15:41:58,600 - root - ERROR - Amazon(B07SJ45SMM)报错信息：None
Traceback (most recent call last):
  File "C:\Users\hhh\Desktop\Demo\reviews\amazon\new_amazon.py", line 99, in comment_data
    c.execute(sql)
cx_Oracle.IntegrityError: ORA-00001: 违反唯一约束条件 (EIP.ECOMMERCE_REVIEW_PIX3)
2019-08-29 15:41:58,605 - root - ERROR - Amazon(B07SJ45SMM)报错信息：None
Traceback (most recent call last):
  File "C:\Users\hhh\Desktop\Demo\reviews\amazon\new_amazon.py", line 99, in comment_data
    c.execute(sql)
cx_Oracle.IntegrityError: ORA-00001: 违反唯一约束条件 (EIP.ECOMMERCE_REVIEW_PIX3)
2019-08-29 15:41:58,611 - root - ERROR - Amazon(B07SJ45SMM)报错信息：None
Traceback (most recent call last):
  File "C:\Users\hhh\Desktop\Demo\reviews\amazon\new_amazon.py", line 99, in comment_data
    c.execute(sql)
cx_Oracle.IntegrityError: ORA-00001: 违反唯一约束条件 (EIP.ECOMMERCE_REVIEW_PIX3)
2019-08-29 15:41:58,616 - root - ERROR - Amazon(B07SJ45SMM)报错信息：None
Traceback (most recent call last):
  File "C:\Users\hhh\Desktop\Demo\reviews\amazon\new_amazon.py", line 99, in comment_data
    c.execute(sql)
cx_Oracle.IntegrityError: ORA-00001: 违反唯一约束条件 (EIP.ECOMMERCE_REVIEW_PIX3)
2019-08-29 15:41:58,622 - root - ERROR - Amazon(B07SJ45SMM)报错信息：None
Traceback (most recent call last):
  File "C:\Users\hhh\Desktop\Demo\reviews\amazon\new_amazon.py", line 99, in comment_data
    c.execute(sql)
cx_Oracle.IntegrityError: ORA-00001: 违反唯一约束条件 (EIP.ECOMMERCE_REVIEW_PIX3)
2019-08-29 15:41:58,628 - root - ERROR - Amazon(B07SJ45SMM)报错信息：None
Traceback (most recent call last):
  File "C:\Users\hhh\Desktop\Demo\reviews\amazon\new_amazon.py", line 99, in comment_data
    c.execute(sql)
cx_Oracle.IntegrityError: ORA-00001: 违反唯一约束条件 (EIP.ECOMMERCE_REVIEW_PIX3)
2019-08-29 15:41:58,634 - root - ERROR - Amazon(B07SJ45SMM)报错信息：None
Traceback (most recent call last):
  File "C:\Users\hhh\Desktop\Demo\reviews\amazon\new_amazon.py", line 99, in comment_data
    c.execute(sql)
cx_Oracle.IntegrityError: ORA-00001: 违反唯一约束条件 (EIP.ECOMMERCE_REVIEW_PIX3)
2019-08-29 15:41:58,640 - root - ERROR - Amazon(B07SJ45SMM)报错信息：None
Traceback (most recent call last):
  File "C:\Users\hhh\Desktop\Demo\reviews\amazon\new_amazon.py", line 99, in comment_data
    c.execute(sql)
cx_Oracle.IntegrityError: ORA-00001: 违反唯一约束条件 (EIP.ECOMMERCE_REVIEW_PIX3)
2019-08-29 15:41:58,645 - root - ERROR - Amazon(B07SJ45SMM)报错信息：None
Traceback (most recent call last):
  File "C:\Users\hhh\Desktop\Demo\reviews\amazon\new_amazon.py", line 99, in comment_data
    c.execute(sql)
cx_Oracle.IntegrityError: ORA-00001: 违反唯一约束条件 (EIP.ECOMMERCE_REVIEW_PIX3)
2019-08-29 15:42:00,136 - root - ERROR - Amazon(B07SJ45SMM)报错信息：None
Traceback (most recent call last):
  File "C:\Users\hhh\Desktop\Demo\reviews\amazon\new_amazon.py", line 99, in comment_data
    c.execute(sql)
cx_Oracle.IntegrityError: ORA-00001: 违反唯一约束条件 (EIP.ECOMMERCE_REVIEW_PIX3)
2019-08-29 15:42:00,143 - root - ERROR - Amazon(B07SJ45SMM)报错信息：None
Traceback (most recent call last):
  File "C:\Users\hhh\Desktop\Demo\reviews\amazon\new_amazon.py", line 99, in comment_data
    c.execute(sql)
cx_Oracle.IntegrityError: ORA-00001: 违反唯一约束条件 (EIP.ECOMMERCE_REVIEW_PIX3)
2019-08-29 15:42:00,145 - root - INFO - amazon,B07SJ45SMM共更新了1条,
2019-08-29 15:42:11,187 - root - ERROR - Amazon(B0792PG3S9)报错信息：None
Traceback (most recent call last):
  File "C:\Users\hhh\Desktop\Demo\reviews\amazon\new_amazon.py", line 99, in comment_data
    c.execute(sql)
cx_Oracle.IntegrityError: ORA-00001: 违反唯一约束条件 (EIP.ECOMMERCE_REVIEW_PIX3)
2019-08-29 15:42:11,193 - root - ERROR - Amazon(B0792PG3S9)报错信息：None
Traceback (most recent call last):
  File "C:\Users\hhh\Desktop\Demo\reviews\amazon\new_amazon.py", line 99, in comment_data
    c.execute(sql)
cx_Oracle.IntegrityError: ORA-00001: 违反唯一约束条件 (EIP.ECOMMERCE_REVIEW_PIX3)
2019-08-29 15:42:11,196 - root - INFO - amazon,B0792PG3S9共更新了4条,
2019-08-29 15:42:15,075 - root - ERROR - Amazon(B071ZF5KCM)报错信息：None
Traceback (most recent call last):
  File "C:\Users\hhh\Desktop\Demo\reviews\amazon\new_amazon.py", line 99, in comment_data
    c.execute(sql)
cx_Oracle.IntegrityError: ORA-00001: 违反唯一约束条件 (EIP.ECOMMERCE_REVIEW_PIX3)
2019-08-29 15:42:15,079 - root - ERROR - Amazon(B071ZF5KCM)报错信息：None
Traceback (most recent call last):
  File "C:\Users\hhh\Desktop\Demo\reviews\amazon\new_amazon.py", line 99, in comment_data
    c.execute(sql)
cx_Oracle.IntegrityError: ORA-00001: 违反唯一约束条件 (EIP.ECOMMERCE_REVIEW_PIX3)
2019-08-29 15:42:15,082 - root - INFO - amazon,B071ZF5KCM共更新了0条,
2019-08-29 15:42:17,030 - root - ERROR - Amazon(B0053N3NVW)报错信息：None
Traceback (most recent call last):
  File "C:\Users\hhh\Desktop\Demo\reviews\amazon\new_amazon.py", line 99, in comment_data
    c.execute(sql)
cx_Oracle.IntegrityError: ORA-00001: 违反唯一约束条件 (EIP.ECOMMERCE_REVIEW_PIX3)
2019-08-29 15:42:17,034 - root - ERROR - Amazon(B0053N3NVW)报错信息：None
Traceback (most recent call last):
  File "C:\Users\hhh\Desktop\Demo\reviews\amazon\new_amazon.py", line 99, in comment_data
    c.execute(sql)
cx_Oracle.IntegrityError: ORA-00001: 违反唯一约束条件 (EIP.ECOMMERCE_REVIEW_PIX3)
2019-08-29 15:42:17,037 - root - INFO - amazon,B0053N3NVW共更新了0条,
2019-08-29 15:42:18,528 - root - ERROR - Amazon(B016XKHLCK)报错信息：None
Traceback (most recent call last):
  File "C:\Users\hhh\Desktop\Demo\reviews\amazon\new_amazon.py", line 99, in comment_data
    c.execute(sql)
UnicodeEncodeError: 'gbk' codec can't encode character '\U0001f629' in position 334: illegal multibyte sequence
2019-08-29 15:42:18,532 - root - ERROR - Amazon(B016XKHLCK)报错信息：None
Traceback (most recent call last):
  File "C:\Users\hhh\Desktop\Demo\reviews\amazon\new_amazon.py", line 99, in comment_data
    c.execute(sql)
cx_Oracle.IntegrityError: ORA-00001: 违反唯一约束条件 (EIP.ECOMMERCE_REVIEW_PIX3)
2019-08-29 15:42:18,534 - root - INFO - amazon,B016XKHLCK共更新了0条,
2019-08-29 15:42:20,509 - root - ERROR - Amazon(B0773J6HTY)报错信息：None
Traceback (most recent call last):
  File "C:\Users\hhh\Desktop\Demo\reviews\amazon\new_amazon.py", line 99, in comment_data
    c.execute(sql)
cx_Oracle.IntegrityError: ORA-00001: 违反唯一约束条件 (EIP.ECOMMERCE_REVIEW_PIX3)
2019-08-29 15:42:20,514 - root - ERROR - Amazon(B0773J6HTY)报错信息：None
Traceback (most recent call last):
  File "C:\Users\hhh\Desktop\Demo\reviews\amazon\new_amazon.py", line 99, in comment_data
    c.execute(sql)
cx_Oracle.IntegrityError: ORA-00001: 违反唯一约束条件 (EIP.ECOMMERCE_REVIEW_PIX3)
2019-08-29 15:42:20,517 - root - INFO - amazon,B0773J6HTY共更新了0条,
2019-08-29 15:42:27,463 - root - ERROR - Amazon(B077XF3XJK)报错信息：None
Traceback (most recent call last):
  File "C:\Users\hhh\Desktop\Demo\reviews\amazon\new_amazon.py", line 99, in comment_data
    c.execute(sql)
cx_Oracle.IntegrityError: ORA-00001: 违反唯一约束条件 (EIP.ECOMMERCE_REVIEW_PIX3)
2019-08-29 15:42:27,474 - root - ERROR - Amazon(B077XF3XJK)报错信息：None
Traceback (most recent call last):
  File "C:\Users\hhh\Desktop\Demo\reviews\amazon\new_amazon.py", line 99, in comment_data
    c.execute(sql)
cx_Oracle.IntegrityError: ORA-00001: 违反唯一约束条件 (EIP.ECOMMERCE_REVIEW_PIX3)
2019-08-29 15:42:27,485 - root - ERROR - Amazon(B077XF3XJK)报错信息：None
Traceback (most recent call last):
  File "C:\Users\hhh\Desktop\Demo\reviews\amazon\new_amazon.py", line 99, in comment_data
    c.execute(sql)
cx_Oracle.IntegrityError: ORA-00001: 违反唯一约束条件 (EIP.ECOMMERCE_REVIEW_PIX3)
2019-08-29 15:42:27,494 - root - INFO - amazon,B077XF3XJK共更新了0条,
2019-08-29 15:42:34,864 - root - ERROR - Amazon(B07PZ6SL49)报错信息：None
Traceback (most recent call last):
  File "C:\Users\hhh\Desktop\Demo\reviews\amazon\new_amazon.py", line 99, in comment_data
    c.execute(sql)
cx_Oracle.IntegrityError: ORA-00001: 违反唯一约束条件 (EIP.ECOMMERCE_REVIEW_PIX3)
2019-08-29 15:42:34,868 - root - ERROR - Amazon(B07PZ6SL49)报错信息：None
Traceback (most recent call last):
  File "C:\Users\hhh\Desktop\Demo\reviews\amazon\new_amazon.py", line 99, in comment_data
    c.execute(sql)
cx_Oracle.IntegrityError: ORA-00001: 违反唯一约束条件 (EIP.ECOMMERCE_REVIEW_PIX3)
2019-08-29 15:42:34,874 - root - ERROR - Amazon(B07PZ6SL49)报错信息：None
Traceback (most recent call last):
  File "C:\Users\hhh\Desktop\Demo\reviews\amazon\new_amazon.py", line 99, in comment_data
    c.execute(sql)
cx_Oracle.IntegrityError: ORA-00001: 违反唯一约束条件 (EIP.ECOMMERCE_REVIEW_PIX3)
2019-08-29 15:42:34,880 - root - ERROR - Amazon(B07PZ6SL49)报错信息：None
Traceback (most recent call last):
  File "C:\Users\hhh\Desktop\Demo\reviews\amazon\new_amazon.py", line 99, in comment_data
    c.execute(sql)
cx_Oracle.IntegrityError: ORA-00001: 违反唯一约束条件 (EIP.ECOMMERCE_REVIEW_PIX3)
2019-08-29 15:42:34,885 - root - ERROR - Amazon(B07PZ6SL49)报错信息：None
Traceback (most recent call last):
  File "C:\Users\hhh\Desktop\Demo\reviews\amazon\new_amazon.py", line 99, in comment_data
    c.execute(sql)
cx_Oracle.IntegrityError: ORA-00001: 违反唯一约束条件 (EIP.ECOMMERCE_REVIEW_PIX3)
2019-08-29 15:42:34,897 - root - ERROR - Amazon(B07PZ6SL49)报错信息：None
Traceback (most recent call last):
  File "C:\Users\hhh\Desktop\Demo\reviews\amazon\new_amazon.py", line 99, in comment_data
    c.execute(sql)
cx_Oracle.IntegrityError: ORA-00001: 违反唯一约束条件 (EIP.ECOMMERCE_REVIEW_PIX3)
2019-08-29 15:42:34,902 - root - ERROR - Amazon(B07PZ6SL49)报错信息：None
Traceback (most recent call last):
  File "C:\Users\hhh\Desktop\Demo\reviews\amazon\new_amazon.py", line 99, in comment_data
    c.execute(sql)
cx_Oracle.IntegrityError: ORA-00001: 违反唯一约束条件 (EIP.ECOMMERCE_REVIEW_PIX3)
2019-08-29 15:42:34,908 - root - ERROR - Amazon(B07PZ6SL49)报错信息：None
Traceback (most recent call last):
  File "C:\Users\hhh\Desktop\Demo\reviews\amazon\new_amazon.py", line 99, in comment_data
    c.execute(sql)
cx_Oracle.IntegrityError: ORA-00001: 违反唯一约束条件 (EIP.ECOMMERCE_REVIEW_PIX3)
2019-08-29 15:42:34,914 - root - ERROR - Amazon(B07PZ6SL49)报错信息：None
Traceback (most recent call last):
  File "C:\Users\hhh\Desktop\Demo\reviews\amazon\new_amazon.py", line 99, in comment_data
    c.execute(sql)
cx_Oracle.IntegrityError: ORA-00001: 违反唯一约束条件 (EIP.ECOMMERCE_REVIEW_PIX3)
2019-08-29 15:42:37,347 - root - ERROR - Amazon(B07PZ6SL49)报错信息：None
Traceback (most recent call last):
  File "C:\Users\hhh\Desktop\Demo\reviews\amazon\new_amazon.py", line 99, in comment_data
    c.execute(sql)
cx_Oracle.IntegrityError: ORA-00001: 违反唯一约束条件 (EIP.ECOMMERCE_REVIEW_PIX3)
2019-08-29 15:42:37,360 - root - ERROR - Amazon(B07PZ6SL49)报错信息：None
Traceback (most recent call last):
  File "C:\Users\hhh\Desktop\Demo\reviews\amazon\new_amazon.py", line 99, in comment_data
    c.execute(sql)
cx_Oracle.IntegrityError: ORA-00001: 违反唯一约束条件 (EIP.ECOMMERCE_REVIEW_PIX3)
2019-08-29 15:42:37,363 - root - INFO - amazon,B07PZ6SL49共更新了1条,
2019-08-29 15:42:40,486 - root - ERROR - Amazon(B0792H37RZ)报错信息：None
Traceback (most recent call last):
  File "C:\Users\hhh\Desktop\Demo\reviews\amazon\new_amazon.py", line 99, in comment_data
    c.execute(sql)
cx_Oracle.IntegrityError: ORA-00001: 违反唯一约束条件 (EIP.ECOMMERCE_REVIEW_PIX3)
2019-08-29 15:42:40,491 - root - ERROR - Amazon(B0792H37RZ)报错信息：None
Traceback (most recent call last):
  File "C:\Users\hhh\Desktop\Demo\reviews\amazon\new_amazon.py", line 99, in comment_data
    c.execute(sql)
cx_Oracle.IntegrityError: ORA-00001: 违反唯一约束条件 (EIP.ECOMMERCE_REVIEW_PIX3)
2019-08-29 15:42:40,494 - root - INFO - amazon,B0792H37RZ共更新了4条,
2019-08-29 15:42:45,000 - root - ERROR - Amazon(B0787KGCM1)报错信息：None
Traceback (most recent call last):
  File "C:\Users\hhh\Desktop\Demo\reviews\amazon\new_amazon.py", line 99, in comment_data
    c.execute(sql)
cx_Oracle.IntegrityError: ORA-00001: 违反唯一约束条件 (EIP.ECOMMERCE_REVIEW_PIX3)
2019-08-29 15:42:45,006 - root - ERROR - Amazon(B0787KGCM1)报错信息：None
Traceback (most recent call last):
  File "C:\Users\hhh\Desktop\Demo\reviews\amazon\new_amazon.py", line 99, in comment_data
    c.execute(sql)
cx_Oracle.IntegrityError: ORA-00001: 违反唯一约束条件 (EIP.ECOMMERCE_REVIEW_PIX3)
2019-08-29 15:42:45,011 - root - ERROR - Amazon(B0787KGCM1)报错信息：None
Traceback (most recent call last):
  File "C:\Users\hhh\Desktop\Demo\reviews\amazon\new_amazon.py", line 99, in comment_data
    c.execute(sql)
cx_Oracle.IntegrityError: ORA-00001: 违反唯一约束条件 (EIP.ECOMMERCE_REVIEW_PIX3)
2019-08-29 15:42:45,014 - root - INFO - amazon,B0787KGCM1共更新了1条,
2019-08-29 15:42:49,212 - root - ERROR - Amazon(B074T62N9N)报错信息：None
Traceback (most recent call last):
  File "C:\Users\hhh\Desktop\Demo\reviews\amazon\new_amazon.py", line 99, in comment_data
    c.execute(sql)
cx_Oracle.IntegrityError: ORA-00001: 违反唯一约束条件 (EIP.ECOMMERCE_REVIEW_PIX3)
2019-08-29 15:42:49,214 - root - INFO - amazon,B074T62N9N共更新了0条,
2019-08-29 15:42:51,681 - root - ERROR - Amazon(B07SSRPQTP)报错信息：None
Traceback (most recent call last):
  File "C:\Users\hhh\Desktop\Demo\reviews\amazon\new_amazon.py", line 99, in comment_data
    c.execute(sql)
cx_Oracle.IntegrityError: ORA-00001: 违反唯一约束条件 (EIP.ECOMMERCE_REVIEW_PIX3)
2019-08-29 15:42:51,685 - root - ERROR - Amazon(B07SSRPQTP)报错信息：None
Traceback (most recent call last):
  File "C:\Users\hhh\Desktop\Demo\reviews\amazon\new_amazon.py", line 99, in comment_data
    c.execute(sql)
cx_Oracle.IntegrityError: ORA-00001: 违反唯一约束条件 (EIP.ECOMMERCE_REVIEW_PIX3)
2019-08-29 15:42:51,688 - root - INFO - amazon,B07SSRPQTP共更新了0条,
2019-08-29 15:43:11,482 - root - INFO - amazon,B07783CB2S共更新了0条,
2019-08-29 15:43:13,866 - root - ERROR - Amazon(B07GJNNH9D)报错信息：None
Traceback (most recent call last):
  File "C:\Users\hhh\Desktop\Demo\reviews\amazon\new_amazon.py", line 99, in comment_data
    c.execute(sql)
cx_Oracle.IntegrityError: ORA-00001: 违反唯一约束条件 (EIP.ECOMMERCE_REVIEW_PIX3)
2019-08-29 15:43:13,870 - root - INFO - amazon,B07GJNNH9D共抓取了0条,
2019-08-29 15:43:19,427 - root - ERROR - Amazon(B01N2VJRY0)报错信息：None
Traceback (most recent call last):
  File "C:\Users\hhh\Desktop\Demo\reviews\amazon\new_amazon.py", line 99, in comment_data
    c.execute(sql)
cx_Oracle.IntegrityError: ORA-00001: 违反唯一约束条件 (EIP.ECOMMERCE_REVIEW_PIX3)
2019-08-29 15:43:19,430 - root - INFO - amazon,B01N2VJRY0共抓取了0条,
2019-08-29 15:43:27,932 - root - ERROR - Amazon(B07Q9YDCNX)报错信息：None
Traceback (most recent call last):
  File "C:\Users\hhh\Desktop\Demo\reviews\amazon\new_amazon.py", line 99, in comment_data
    c.execute(sql)
cx_Oracle.IntegrityError: ORA-00001: 违反唯一约束条件 (EIP.ECOMMERCE_REVIEW_PIX3)
2019-08-29 15:43:27,934 - root - INFO - amazon,B07Q9YDCNX共更新了0条,
2019-08-29 15:43:29,376 - root - ERROR - Amazon(B07V4Y97VX)报错信息：None
Traceback (most recent call last):
  File "C:\Users\hhh\Desktop\Demo\reviews\amazon\new_amazon.py", line 99, in comment_data
    c.execute(sql)
cx_Oracle.IntegrityError: ORA-00001: 违反唯一约束条件 (EIP.ECOMMERCE_REVIEW_PIX3)
2019-08-29 15:43:29,382 - root - ERROR - Amazon(B07V4Y97VX)报错信息：None
Traceback (most recent call last):
  File "C:\Users\hhh\Desktop\Demo\reviews\amazon\new_amazon.py", line 99, in comment_data
    c.execute(sql)
cx_Oracle.IntegrityError: ORA-00001: 违反唯一约束条件 (EIP.ECOMMERCE_REVIEW_PIX3)
2019-08-29 15:43:29,385 - root - INFO - amazon,B07V4Y97VX共抓取了0条,
2019-08-29 15:43:30,948 - root - ERROR - Amazon(B07PD1YRT8)报错信息：None
Traceback (most recent call last):
  File "C:\Users\hhh\Desktop\Demo\reviews\amazon\new_amazon.py", line 99, in comment_data
    c.execute(sql)
cx_Oracle.IntegrityError: ORA-00001: 违反唯一约束条件 (EIP.ECOMMERCE_REVIEW_PIX3)
2019-08-29 15:43:30,956 - root - INFO - amazon,B07PD1YRT8共更新了0条,
2019-08-29 15:43:46,323 - root - ERROR - Amazon(B07FLVNRD2)报错信息：None
Traceback (most recent call last):
  File "C:\Users\hhh\Desktop\Demo\reviews\amazon\new_amazon.py", line 99, in comment_data
    c.execute(sql)
cx_Oracle.IntegrityError: ORA-00001: 违反唯一约束条件 (EIP.ECOMMERCE_REVIEW_PIX3)
2019-08-29 15:43:46,331 - root - INFO - amazon,B07FLVNRD2共更新了0条,
2019-08-29 15:43:51,872 - root - ERROR - Amazon(B07TZZGP3Q)报错信息：None
Traceback (most recent call last):
  File "C:\Users\hhh\Desktop\Demo\reviews\amazon\new_amazon.py", line 99, in comment_data
    c.execute(sql)
cx_Oracle.IntegrityError: ORA-00001: 违反唯一约束条件 (EIP.ECOMMERCE_REVIEW_PIX3)
2019-08-29 15:43:51,876 - root - ERROR - Amazon(B07TZZGP3Q)报错信息：None
Traceback (most recent call last):
  File "C:\Users\hhh\Desktop\Demo\reviews\amazon\new_amazon.py", line 99, in comment_data
    c.execute(sql)
cx_Oracle.IntegrityError: ORA-00001: 违反唯一约束条件 (EIP.ECOMMERCE_REVIEW_PIX3)
2019-08-29 15:43:51,880 - root - INFO - amazon,B07TZZGP3Q共更新了0条,
2019-08-29 15:44:08,122 - root - ERROR - Amazon(B07TWDKVR6)报错信息：None
Traceback (most recent call last):
  File "C:\Users\hhh\Desktop\Demo\reviews\amazon\new_amazon.py", line 99, in comment_data
    c.execute(sql)
cx_Oracle.IntegrityError: ORA-00001: 违反唯一约束条件 (EIP.ECOMMERCE_REVIEW_PIX3)
2019-08-29 15:44:08,130 - root - ERROR - Amazon(B07TWDKVR6)报错信息：None
Traceback (most recent call last):
  File "C:\Users\hhh\Desktop\Demo\reviews\amazon\new_amazon.py", line 99, in comment_data
    c.execute(sql)
cx_Oracle.IntegrityError: ORA-00001: 违反唯一约束条件 (EIP.ECOMMERCE_REVIEW_PIX3)
2019-08-29 15:44:08,136 - root - INFO - amazon,B07TWDKVR6共更新了0条,
2019-08-29 15:44:18,243 - root - ERROR - Amazon(B0762LS2YT)报错信息：None
Traceback (most recent call last):
  File "C:\Users\hhh\Desktop\Demo\reviews\amazon\new_amazon.py", line 99, in comment_data
    c.execute(sql)
cx_Oracle.IntegrityError: ORA-00001: 违反唯一约束条件 (EIP.ECOMMERCE_REVIEW_PIX3)
2019-08-29 15:44:18,253 - root - INFO - amazon,B0762LS2YT共抓取了0条,
2019-08-29 15:44:20,653 - root - ERROR - Amazon(B07V2DM4JL)报错信息：None
Traceback (most recent call last):
  File "C:\Users\hhh\Desktop\Demo\reviews\amazon\new_amazon.py", line 99, in comment_data
    c.execute(sql)
cx_Oracle.IntegrityError: ORA-00001: 违反唯一约束条件 (EIP.ECOMMERCE_REVIEW_PIX3)
2019-08-29 15:44:20,666 - root - INFO - amazon,B07V2DM4JL共更新了0条,
2019-08-29 15:44:23,330 - root - ERROR - Amazon(B07L3MMBBT)报错信息：None
Traceback (most recent call last):
  File "C:\Users\hhh\Desktop\Demo\reviews\amazon\new_amazon.py", line 99, in comment_data
    c.execute(sql)
cx_Oracle.IntegrityError: ORA-00001: 违反唯一约束条件 (EIP.ECOMMERCE_REVIEW_PIX3)
2019-08-29 15:44:23,334 - root - INFO - amazon,B07L3MMBBT共更新了0条,
2019-08-29 15:44:25,685 - root - ERROR - Amazon(B07RXPP5X1)报错信息：None
Traceback (most recent call last):
  File "C:\Users\hhh\Desktop\Demo\reviews\amazon\new_amazon.py", line 99, in comment_data
    c.execute(sql)
cx_Oracle.IntegrityError: ORA-00001: 违反唯一约束条件 (EIP.ECOMMERCE_REVIEW_PIX3)
2019-08-29 15:44:25,689 - root - INFO - amazon,B07RXPP5X1共更新了0条,
2019-08-29 15:44:32,154 - root - ERROR - Amazon(B07MX7V8XM)报错信息：None
Traceback (most recent call last):
  File "C:\Users\hhh\Desktop\Demo\reviews\amazon\new_amazon.py", line 99, in comment_data
    c.execute(sql)
cx_Oracle.IntegrityError: ORA-00001: 违反唯一约束条件 (EIP.ECOMMERCE_REVIEW_PIX3)
2019-08-29 15:44:32,160 - root - ERROR - Amazon(B07MX7V8XM)报错信息：None
Traceback (most recent call last):
  File "C:\Users\hhh\Desktop\Demo\reviews\amazon\new_amazon.py", line 99, in comment_data
    c.execute(sql)
cx_Oracle.IntegrityError: ORA-00001: 违反唯一约束条件 (EIP.ECOMMERCE_REVIEW_PIX3)
2019-08-29 15:44:32,165 - root - ERROR - Amazon(B07MX7V8XM)报错信息：None
Traceback (most recent call last):
  File "C:\Users\hhh\Desktop\Demo\reviews\amazon\new_amazon.py", line 99, in comment_data
    c.execute(sql)
cx_Oracle.IntegrityError: ORA-00001: 违反唯一约束条件 (EIP.ECOMMERCE_REVIEW_PIX3)
2019-08-29 15:44:32,171 - root - ERROR - Amazon(B07MX7V8XM)报错信息：None
Traceback (most recent call last):
  File "C:\Users\hhh\Desktop\Demo\reviews\amazon\new_amazon.py", line 99, in comment_data
    c.execute(sql)
cx_Oracle.IntegrityError: ORA-00001: 违反唯一约束条件 (EIP.ECOMMERCE_REVIEW_PIX3)
2019-08-29 15:44:32,177 - root - ERROR - Amazon(B07MX7V8XM)报错信息：None
Traceback (most recent call last):
  File "C:\Users\hhh\Desktop\Demo\reviews\amazon\new_amazon.py", line 99, in comment_data
    c.execute(sql)
cx_Oracle.IntegrityError: ORA-00001: 违反唯一约束条件 (EIP.ECOMMERCE_REVIEW_PIX3)
2019-08-29 15:44:32,183 - root - ERROR - Amazon(B07MX7V8XM)报错信息：None
Traceback (most recent call last):
  File "C:\Users\hhh\Desktop\Demo\reviews\amazon\new_amazon.py", line 99, in comment_data
    c.execute(sql)
cx_Oracle.IntegrityError: ORA-00001: 违反唯一约束条件 (EIP.ECOMMERCE_REVIEW_PIX3)
2019-08-29 15:44:32,185 - root - INFO - amazon,B07MX7V8XM共更新了0条,
2019-08-29 15:44:39,382 - root - ERROR - Amazon(B07PY391SX)报错信息：None
Traceback (most recent call last):
  File "C:\Users\hhh\Desktop\Demo\reviews\amazon\new_amazon.py", line 99, in comment_data
    c.execute(sql)
cx_Oracle.IntegrityError: ORA-00001: 违反唯一约束条件 (EIP.ECOMMERCE_REVIEW_PIX3)
2019-08-29 15:44:39,385 - root - INFO - amazon,B07PY391SX共更新了0条,
2019-08-29 15:44:40,823 - root - ERROR - Amazon(B01MYN3T6K)报错信息：None
Traceback (most recent call last):
  File "C:\Users\hhh\Desktop\Demo\reviews\amazon\new_amazon.py", line 99, in comment_data
    c.execute(sql)
cx_Oracle.IntegrityError: ORA-00001: 违反唯一约束条件 (EIP.ECOMMERCE_REVIEW_PIX3)
2019-08-29 15:44:40,825 - root - INFO - amazon,B01MYN3T6K共抓取了0条,
2019-08-29 15:44:43,458 - root - ERROR - Amazon(B07GXGDD4K)报错信息：None
Traceback (most recent call last):
  File "C:\Users\hhh\Desktop\Demo\reviews\amazon\new_amazon.py", line 99, in comment_data
    c.execute(sql)
cx_Oracle.IntegrityError: ORA-00001: 违反唯一约束条件 (EIP.ECOMMERCE_REVIEW_PIX3)
2019-08-29 15:44:43,460 - root - INFO - amazon,B07GXGDD4K共抓取了0条,
2019-08-29 15:44:43,460 - root - INFO - Amazon_end,耗时232.7673909664154秒
2019-08-29 15:44:43,461 - root - INFO - BestBuy,无url信息或传入参数格式不是列表
2019-08-29 15:44:43,461 - root - INFO - JD,无url信息或传入参数格式不是列表
2019-08-29 15:44:43,461 - root - INFO - Tmall,无url信息或传入参数格式不是列表
2019-08-29 15:44:53,848 - root - INFO - Amazon(B07VG471GQ)获取评论主标签失败
2019-08-29 15:44:53,848 - root - INFO - amazon,B07VG471GQ共更新了0条,
